{"level":"info","message":{"body":"","method":"GET","params":{},"query":{},"url":"/person"},"timestamp":"2024-05-18 00:04:05"}
{"level":"info","message":{"body":"","method":"GET","params":{},"query":{},"url":"/person"},"timestamp":"2024-05-18 00:04:06"}
{"level":"info","message":{"body":"","method":"GET","params":{},"query":{},"url":"/person"},"timestamp":"2024-05-18 00:04:06"}
{"level":"info","message":{"body":"","method":"GET","params":{},"query":{},"url":"/person"},"timestamp":"2024-05-18 00:04:06"}
{"level":"info","message":{"body":"","method":"GET","params":{},"query":{},"url":"/person"},"timestamp":"2024-05-18 00:04:06"}
{"level":"info","message":{"body":"","method":"GET","params":{},"query":{},"url":"/person"},"timestamp":"2024-05-18 00:04:06"}
{"level":"info","message":{"body":"","method":"GET","params":{},"query":{},"url":"/person"},"timestamp":"2024-05-18 00:04:06"}
{"level":"info","message":{"body":"","method":"GET","params":{},"query":{},"url":"/person"},"timestamp":"2024-05-18 00:04:06"}
{"level":"info","message":{"body":"","method":"GET","params":{},"query":{},"url":"/person/rut/17555642-8"},"timestamp":"2024-05-18 00:04:28"}
{"level":"info","message":{"body":"","method":"GET","params":{"rut":"17555642-8"},"query":{},"url":"/person/rut/17555642-8"},"timestamp":"2024-05-18 00:04:29"}
{"level":"info","message":{"body":{"email":"camilo@gmail.com","maternalLastName":"Chacon","name":"Camilo","paternalLastName":"Boggle","rut":"17555642-8"},"method":"POST","params":"","query":"","url":"/person"},"timestamp":"2024-05-18 00:04:51"}
{"level":"info","message":{"body":{"email":"camilo@gmail.com","maternalLastName":"Chacon","name":"Camilo","paternalLastName":"Boggle","rut":"17555642-8"},"method":"POST","params":"","query":"","url":"/person"},"timestamp":"2024-05-18 00:04:52"}
{"level":"info","message":{"body":"","method":"GET","params":{},"query":{},"url":"/person"},"timestamp":"2024-05-18 00:04:52"}
{"level":"info","message":{"body":"","method":"GET","params":{},"query":{},"url":"/person"},"timestamp":"2024-05-18 00:04:52"}
{"level":"info","message":{"body":"","method":"GET","params":{},"query":{},"url":"/person"},"timestamp":"2024-05-18 00:04:56"}
{"level":"info","message":{"body":"","method":"GET","params":{},"query":{},"url":"/person"},"timestamp":"2024-05-18 00:04:56"}
{"level":"info","message":{"body":"","method":"GET","params":{},"query":{},"url":"/person/rut/"},"timestamp":"2024-05-18 00:05:03"}
{"level":"error","message":{"body":"","error":"Not found","method":"GET","params":{},"query":{},"url":"/person/rut/"},"timestamp":"2024-05-18 00:05:03"}
{"level":"info","message":{"body":"","method":"GET","params":{},"query":{},"url":"/person/rut/17555642-8"},"timestamp":"2024-05-18 00:05:07"}
{"level":"info","message":{"body":"","method":"GET","params":{"rut":"17555642-8"},"query":{},"url":"/person/rut/17555642-8"},"timestamp":"2024-05-18 00:05:07"}
{"level":"info","message":{"body":"","method":"GET","params":{},"query":{},"url":"/person"},"timestamp":"2024-05-18 00:05:07"}
{"level":"info","message":{"body":"","method":"GET","params":{},"query":{},"url":"/person"},"timestamp":"2024-05-18 00:05:08"}
{"level":"info","message":{"body":"","method":"GET","params":{},"query":{},"url":"/person/rut/17555642-8"},"timestamp":"2024-05-18 00:05:14"}
{"level":"info","message":{"body":"","method":"GET","params":{"rut":"17555642-8"},"query":{},"url":"/person/rut/17555642-8"},"timestamp":"2024-05-18 00:05:14"}
{"level":"info","message":{"body":"","method":"GET","params":{},"query":{},"url":"/person"},"timestamp":"2024-05-18 00:05:14"}
{"level":"info","message":{"body":"","method":"GET","params":{},"query":{},"url":"/person"},"timestamp":"2024-05-18 00:05:14"}
{"level":"info","message":{"body":"","method":"GET","params":{},"query":{},"url":"/person"},"timestamp":"2024-05-18 00:05:14"}
{"level":"info","message":{"body":"","method":"GET","params":{},"query":{},"url":"/person"},"timestamp":"2024-05-18 00:05:14"}
{"level":"info","message":{"body":"","method":"GET","params":{},"query":{},"url":"/person"},"timestamp":"2024-05-18 00:05:21"}
{"level":"info","message":{"body":"","method":"GET","params":{},"query":{},"url":"/person"},"timestamp":"2024-05-18 00:05:21"}
{"level":"info","message":{"body":"","method":"GET","params":{},"query":{},"url":"/person"},"timestamp":"2024-05-18 00:05:21"}
{"level":"info","message":{"body":"","method":"GET","params":{},"query":{},"url":"/person"},"timestamp":"2024-05-18 00:05:21"}
{"level":"info","message":{"body":"","method":"GET","params":{},"query":{},"url":"/person"},"timestamp":"2024-05-18 00:05:21"}
{"level":"info","message":{"body":"","method":"GET","params":{},"query":{},"url":"/person"},"timestamp":"2024-05-18 00:05:21"}
{"level":"info","message":{"body":"","method":"GET","params":{},"query":{},"url":"/person"},"timestamp":"2024-05-18 00:05:21"}
{"level":"info","message":{"body":"","method":"GET","params":{},"query":{},"url":"/person"},"timestamp":"2024-05-18 00:05:21"}
{"level":"info","message":{"body":"","method":"GET","params":{},"query":{},"url":"/person/rut/17555642-8"},"timestamp":"2024-05-18 00:05:30"}
{"level":"info","message":{"body":"","method":"GET","params":{"rut":"17555642-8"},"query":{},"url":"/person/rut/17555642-8"},"timestamp":"2024-05-18 00:05:30"}
{"level":"info","message":{"body":"","method":"GET","params":{},"query":{},"url":"/person"},"timestamp":"2024-05-18 00:05:30"}
{"level":"info","message":{"body":"","method":"GET","params":{},"query":{},"url":"/person"},"timestamp":"2024-05-18 00:05:30"}
{"level":"info","message":{"body":"","method":"GET","params":{},"query":{},"url":"/person"},"timestamp":"2024-05-18 00:05:31"}
{"level":"info","message":{"body":"","method":"DELETE","params":{},"query":"","url":"/person/id/d0260c49-9184-4fe7-a76d-7c5b814ddb06"},"timestamp":"2024-05-18 00:05:31"}
{"level":"info","message":{"body":"","method":"GET","params":{},"query":{},"url":"/person"},"timestamp":"2024-05-18 00:05:31"}
{"level":"info","message":{"body":"","method":"DELETE","params":{"id":"d0260c49-9184-4fe7-a76d-7c5b814ddb06"},"query":"","url":"/person/id/d0260c49-9184-4fe7-a76d-7c5b814ddb06"},"timestamp":"2024-05-18 00:05:32"}
{"level":"info","message":{"body":"","method":"GET","params":{},"query":{},"url":"/person"},"timestamp":"2024-05-18 00:05:32"}
{"level":"info","message":{"body":"","method":"GET","params":{},"query":{},"url":"/person"},"timestamp":"2024-05-18 00:05:32"}
