
{"level":"info","message":{"body":{"email":"Katherine@gmail.com","password":"nicole12345"},"method":"POST","params":"","query":"","url":"/user/validate"},"timestamp":"2024-05-29 21:28:19"}
{"level":"info","message":{"body":{"email":"Katherine@gmail.com","password":"nicole12345"},"method":"POST","params":"","query":"","url":"/user/validate"},"timestamp":"2024-05-29 21:28:20"}
{"level":"info","message":{"body":{"email":"Katherine@gmail.com","password":"nicol12345"},"method":"POST","params":"","query":"","url":"/user/validate"},"timestamp":"2024-05-29 21:28:57"}
{"level":"info","message":{"body":{"email":"Katherine@gmail.com","password":"nicol12345"},"method":"POST","params":"","query":"","url":"/user/validate"},"timestamp":"2024-05-29 21:28:57"}
{"level":"info","message":{"body":{"email":"","password":""},"method":"POST","params":"","query":"","url":"/user/validate"},"timestamp":"2024-05-29 22:18:17"}
{"level":"error","message":{"body":{"email":"","password":""},"error":"\"email\" is not allowed to be empty","method":"POST","params":"","query":"","url":"/user/validate"},"timestamp":"2024-05-29 22:18:17"}
{"level":"info","message":{"body":{"email":"","password":""},"method":"POST","params":"","query":"","url":"/user/validate"},"timestamp":"2024-05-29 23:36:31"}
{"level":"error","message":{"body":{"email":"","password":""},"error":"\"email\" is not allowed to be empty","method":"POST","params":"","query":"","url":"/user/validate"},"timestamp":"2024-05-29 23:36:31"}
{"level":"info","message":{"body":{"email":"","password":""},"method":"POST","params":"","query":"","url":"/user/validate"},"timestamp":"2024-05-29 23:37:28"}
{"level":"error","message":{"body":{"email":"","password":""},"error":"\"email\" is not allowed to be empty","method":"POST","params":"","query":"","url":"/user/validate"},"timestamp":"2024-05-29 23:37:28"}
{"level":"info","message":{"body":{"email":"","password":""},"method":"POST","params":"","query":"","url":"/user/validate"},"timestamp":"2024-05-29 23:50:11"}
{"level":"error","message":{"body":{"email":"","password":""},"error":"\"email\" is not allowed to be empty","method":"POST","params":"","query":"","url":"/user/validate"},"timestamp":"2024-05-29 23:50:11"}
{"level":"info","message":{"body":{"email":"","password":""},"method":"POST","params":"","query":"","url":"/user/validate"},"timestamp":"2024-05-29 23:52:18"}
{"level":"error","message":{"body":{"email":"","password":""},"error":"\"email\" is not allowed to be empty","method":"POST","params":"","query":"","url":"/user/validate"},"timestamp":"2024-05-29 23:52:18"}
{"level":"info","message":{"body":{"email":"","password":""},"method":"POST","params":"","query":"","url":"/user/validate"},"timestamp":"2024-05-29 23:55:41"}
{"level":"error","message":{"body":{"email":"","password":""},"error":"\"email\" is not allowed to be empty","method":"POST","params":"","query":"","url":"/user/validate"},"timestamp":"2024-05-29 23:55:41"}
{"level":"info","message":{"body":{"email":"","password":""},"method":"POST","params":"","query":"","url":"/user/validate"},"timestamp":"2024-05-29 23:59:50"}
{"level":"error","message":{"body":{"email":"","password":""},"error":"\"email\" is not allowed to be empty","method":"POST","params":"","query":"","url":"/user/validate"},"timestamp":"2024-05-29 23:59:50"}
{"level":"info","message":{"body":{"email":"","password":""},"method":"POST","params":"","query":"","url":"/user/validate"},"timestamp":"2024-05-30 00:05:42"}
{"level":"error","message":{"body":{"email":"","password":""},"error":"\"email\" is not allowed to be empty","method":"POST","params":"","query":"","url":"/user/validate"},"timestamp":"2024-05-30 00:05:42"}
{"level":"info","message":{"body":{"email":"","password":""},"method":"POST","params":"","query":"","url":"/user/validate"},"timestamp":"2024-05-30 00:26:48"}
{"level":"error","message":{"body":{"email":"","password":""},"error":"\"email\" is not allowed to be empty","method":"POST","params":"","query":"","url":"/user/validate"},"timestamp":"2024-05-30 00:26:48"}
{"level":"info","message":{"body":{"email":"","password":""},"method":"POST","params":"","query":"","url":"/user/validate"},"timestamp":"2024-05-30 00:30:35"}
{"level":"error","message":{"body":{"email":"","password":""},"error":"\"email\" is not allowed to be empty","method":"POST","params":"","query":"","url":"/user/validate"},"timestamp":"2024-05-30 00:30:35"}
{"level":"info","message":{"body":{"email":"Katherine@gmail.com","password":"nicol12345"},"method":"POST","params":"","query":"","url":"/user/validate"},"timestamp":"2024-05-30 00:33:40"}
{"level":"info","message":{"body":{"email":"Katherine@gmail.com","password":"nicol12345"},"method":"POST","params":"","query":"","url":"/user/validate"},"timestamp":"2024-05-30 00:33:41"}
{"level":"info","message":{"body":{"email":"Katherine@gmail.com","password":"nicol12345"},"method":"POST","params":"","query":"","url":"/user/validate"},"timestamp":"2024-05-30 00:45:56"}
{"level":"info","message":{"body":{"email":"Katherine@gmail.com","password":"nicol12345"},"method":"POST","params":"","query":"","url":"/user/validate"},"timestamp":"2024-05-30 00:45:57"}
{"level":"info","message":{"body":{"email":"Katherine@gmail.com","password":"nicol12345"},"method":"POST","params":"","query":"","url":"/user/validate"},"timestamp":"2024-05-30 01:04:14"}
{"level":"info","message":{"body":{"email":"Katherine@gmail.com","password":"nicol12345"},"method":"POST","params":"","query":"","url":"/user/validate"},"timestamp":"2024-05-30 01:04:15"}
{"level":"info","message":{"body":{"email":"Katherine@gmail.com","password":"nicol12345"},"method":"POST","params":"","query":"","url":"/user/validate"},"timestamp":"2024-05-30 01:18:54"}
{"level":"info","message":{"body":{"email":"Katherine@gmail.com","password":"nicol12345"},"method":"POST","params":"","query":"","url":"/user/validate"},"timestamp":"2024-05-30 01:18:55"}

{"level":"info","message":{"body":{"email":"","password":""},"method":"POST","params":"","query":"","url":"/user/validate"},"timestamp":"2024-05-29 20:34:19"}
{"level":"error","message":{"body":{"email":"","password":""},"error":"\"email\" is not allowed to be empty","method":"POST","params":"","query":"","url":"/user/validate"},"timestamp":"2024-05-29 20:34:19"}
{"level":"info","message":{"body":{"email":"Katherine@gmail.com","password":"nicol12345"},"method":"POST","params":"","query":"","url":"/user/validate"},"timestamp":"2024-05-29 20:35:41"}
{"level":"info","message":{"body":{"email":"Katherine@gmail.com","password":"nicol12345"},"method":"POST","params":"","query":"","url":"/user/validate"},"timestamp":"2024-05-29 20:35:42"}
{"level":"info","message":{"body":{"email":"Katherine@gmail.com","password":"nicol12345"},"method":"POST","params":"","query":"","url":"/user/validate"},"timestamp":"2024-05-29 20:36:12"}
{"level":"info","message":{"body":{"email":"Katherine@gmail.com","password":"nicol12345"},"method":"POST","params":"","query":"","url":"/user/validate"},"timestamp":"2024-05-29 20:36:13"}
{"level":"info","message":{"body":"","method":"GET","params":{},"query":{},"url":"/person"},"timestamp":"2024-05-29 20:36:13"}
{"level":"info","message":{"body":"","method":"GET","params":{},"query":{},"url":"/person"},"timestamp":"2024-05-29 20:36:13"}
{"level":"info","message":{"body":"","method":"GET","params":{},"query":{},"url":"/person"},"timestamp":"2024-05-29 20:36:13"}
{"level":"info","message":{"body":"","method":"GET","params":{},"query":{},"url":"/person"},"timestamp":"2024-05-29 20:36:13"}
{"level":"info","message":{"body":"","method":"GET","params":{},"query":{},"url":"/person"},"timestamp":"2024-05-29 20:36:13"}
{"level":"info","message":{"body":"","method":"GET","params":{},"query":{},"url":"/person"},"timestamp":"2024-05-29 20:36:13"}
{"level":"info","message":{"body":"","method":"GET","params":{},"query":{},"url":"/person"},"timestamp":"2024-05-29 20:36:13"}
{"level":"info","message":{"body":"","method":"GET","params":{},"query":{},"url":"/person"},"timestamp":"2024-05-29 20:36:14"}
{"level":"info","message":{"body":"","method":"GET","params":{},"query":{},"url":"/profile/"},"timestamp":"2024-05-29 20:59:31"}
{"level":"info","message":{"body":"","method":"GET","params":{},"query":{},"url":"/profile/"},"timestamp":"2024-05-29 20:59:32"}
{"level":"info","message":{"body":"","method":"GET","params":{},"query":{},"url":"/profile/id/498af297-ce80-4bae-abc2-d3a795a542bd"},"timestamp":"2024-05-29 21:00:59"}
{"level":"info","message":{"body":"","method":"GET","params":{"id":"498af297-ce80-4bae-abc2-d3a795a542bd"},"query":{},"url":"/profile/id/498af297-ce80-4bae-abc2-d3a795a542bd"},"timestamp":"2024-05-29 21:01:00"}
{"level":"info","message":{"body":"","method":"GET","params":{},"query":{},"url":"/profile/id_person/06f9530e-67de-41d9-a693-0e67ab347fc2"},"timestamp":"2024-05-29 21:01:07"}
{"level":"info","message":{"body":"","method":"GET","params":{"id_person":"06f9530e-67de-41d9-a693-0e67ab347fc2"},"query":{},"url":"/profile/id_person/06f9530e-67de-41d9-a693-0e67ab347fc2"},"timestamp":"2024-05-29 21:01:08"}
{"level":"info","message":{"body":"","method":"GET","params":{},"query":{},"url":"/profile/"},"timestamp":"2024-05-29 21:35:41"}
{"level":"info","message":{"body":"","method":"GET","params":{},"query":{},"url":"/profile/"},"timestamp":"2024-05-29 21:35:42"}
{"level":"info","message":{"body":"","method":"GET","params":{},"query":{},"url":"/person"},"timestamp":"2024-05-29 21:42:50"}
{"level":"info","message":{"body":"","method":"GET","params":{},"query":{},"url":"/person"},"timestamp":"2024-05-29 21:42:51"}
{"level":"info","message":{"body":"","method":"GET","params":{},"query":{},"url":"/person"},"timestamp":"2024-05-29 21:42:51"}
{"level":"info","message":{"body":"","method":"GET","params":{},"query":{},"url":"/person"},"timestamp":"2024-05-29 21:42:51"}
{"level":"info","message":{"body":"","method":"GET","params":{},"query":{},"url":"/person"},"timestamp":"2024-05-29 21:52:17"}
{"level":"info","message":{"body":"","method":"GET","params":{},"query":{},"url":"/person"},"timestamp":"2024-05-29 21:52:18"}
{"level":"info","message":{"body":"","method":"GET","params":{},"query":{},"url":"/person"},"timestamp":"2024-05-29 21:52:18"}
{"level":"info","message":{"body":"","method":"GET","params":{},"query":{},"url":"/person"},"timestamp":"2024-05-29 21:52:18"}
{"level":"info","message":{"body":"","method":"GET","params":{},"query":{},"url":"/person/rut/"},"timestamp":"2024-05-29 22:08:05"}
{"level":"error","message":{"body":"","error":"Not found","method":"GET","params":{},"query":{},"url":"/person/rut/"},"timestamp":"2024-05-29 22:08:05"}
{"level":"info","message":{"body":"","method":"GET","params":{},"query":{},"url":"/person/rut/"},"timestamp":"2024-05-29 22:08:11"}
{"level":"error","message":{"body":"","error":"Not found","method":"GET","params":{},"query":{},"url":"/person/rut/"},"timestamp":"2024-05-29 22:08:11"}
{"level":"info","message":{"body":"","method":"GET","params":{},"query":{},"url":"/person/rut/"},"timestamp":"2024-05-29 22:09:04"}
{"level":"error","message":{"body":"","error":"Not found","method":"GET","params":{},"query":{},"url":"/person/rut/"},"timestamp":"2024-05-29 22:09:04"}
{"level":"info","message":{"body":"","method":"GET","params":{},"query":{},"url":"/person/rut/"},"timestamp":"2024-05-29 22:09:05"}
{"level":"error","message":{"body":"","error":"Not found","method":"GET","params":{},"query":{},"url":"/person/rut/"},"timestamp":"2024-05-29 22:09:05"}
{"level":"info","message":{"body":"","method":"GET","params":{},"query":{},"url":"/person/rut/"},"timestamp":"2024-05-29 22:10:34"}
{"level":"error","message":{"body":"","error":"Not found","method":"GET","params":{},"query":{},"url":"/person/rut/"},"timestamp":"2024-05-29 22:10:34"}
{"level":"info","message":{"body":"","method":"GET","params":{},"query":{},"url":"/person/rut/"},"timestamp":"2024-05-29 22:10:37"}
{"level":"error","message":{"body":"","error":"Not found","method":"GET","params":{},"query":{},"url":"/person/rut/"},"timestamp":"2024-05-29 22:10:37"}
{"level":"info","message":{"body":"","method":"GET","params":{},"query":{},"url":"/person/rut/"},"timestamp":"2024-05-29 22:15:37"}
{"level":"error","message":{"body":"","error":"Not found","method":"GET","params":{},"query":{},"url":"/person/rut/"},"timestamp":"2024-05-29 22:15:37"}
{"level":"info","message":{"body":"","method":"GET","params":{},"query":{},"url":"/person/rut/"},"timestamp":"2024-05-29 22:42:20"}
{"level":"error","message":{"body":"","error":"Not found","method":"GET","params":{},"query":{},"url":"/person/rut/"},"timestamp":"2024-05-29 22:42:20"}
{"level":"info","message":{"body":"","method":"GET","params":{},"query":{},"url":"/person/rut/"},"timestamp":"2024-05-29 22:44:36"}
{"level":"error","message":{"body":"","error":"Not found","method":"GET","params":{},"query":{},"url":"/person/rut/"},"timestamp":"2024-05-29 22:44:36"}
{"level":"info","message":{"body":{"email":"Katherine@gmail.com","password":"nicole12345"},"method":"POST","params":"","query":"","url":"/user/validate"},"timestamp":"2024-05-29 22:44:58"}
{"level":"info","message":{"body":{"email":"Katherine@gmail.com","password":"nicole12345"},"method":"POST","params":"","query":"","url":"/user/validate"},"timestamp":"2024-05-29 22:44:58"}
{"level":"info","message":{"body":{"email":"Katherine@gmail.com","password":"nicol12345"},"method":"POST","params":"","query":"","url":"/user/validate"},"timestamp":"2024-05-29 22:45:25"}
{"level":"info","message":{"body":{"email":"Katherine@gmail.com","password":"nicol12345"},"method":"POST","params":"","query":"","url":"/user/validate"},"timestamp":"2024-05-29 22:45:25"}
{"level":"info","message":{"body":"","method":"GET","params":{},"query":{},"url":"/profile"},"timestamp":"2024-05-29 22:45:25"}
{"level":"info","message":{"body":"","method":"GET","params":{},"query":{},"url":"/profile"},"timestamp":"2024-05-29 22:45:26"}
{"level":"info","message":{"body":"","method":"GET","params":{},"query":{},"url":"/profile"},"timestamp":"2024-05-29 22:45:26"}
{"level":"info","message":{"body":"","method":"GET","params":{},"query":{},"url":"/profile"},"timestamp":"2024-05-29 22:45:26"}
{"level":"info","message":{"body":"","method":"GET","params":{},"query":{},"url":"/profile"},"timestamp":"2024-05-29 22:45:26"}
{"level":"info","message":{"body":"","method":"GET","params":{},"query":{},"url":"/profile"},"timestamp":"2024-05-29 22:45:26"}
{"level":"info","message":{"body":"","method":"GET","params":{},"query":{},"url":"/profile"},"timestamp":"2024-05-29 22:45:26"}
{"level":"info","message":{"body":"","method":"GET","params":{},"query":{},"url":"/profile"},"timestamp":"2024-05-29 22:45:26"}
{"level":"info","message":{"body":"","method":"GET","params":{},"query":{},"url":"/profile/id/5b588e2e-eb9c-471b-b264-4ebdd6e68984"},"timestamp":"2024-05-29 22:45:59"}
{"level":"info","message":{"body":"","method":"GET","params":{"id":"5b588e2e-eb9c-471b-b264-4ebdd6e68984"},"query":{},"url":"/profile/id/5b588e2e-eb9c-471b-b264-4ebdd6e68984"},"timestamp":"2024-05-29 22:46:00"}
{"level":"info","message":{"body":"","method":"GET","params":{},"query":{},"url":"/profile"},"timestamp":"2024-05-29 22:46:00"}
{"level":"info","message":{"body":"","method":"GET","params":{},"query":{},"url":"/profile"},"timestamp":"2024-05-29 22:46:00"}
{"level":"info","message":{"body":"","method":"GET","params":{},"query":{},"url":"/profile"},"timestamp":"2024-05-29 22:46:17"}
{"level":"info","message":{"body":"","method":"GET","params":{},"query":{},"url":"/profile"},"timestamp":"2024-05-29 22:46:17"}
{"level":"info","message":{"body":"","method":"GET","params":{},"query":{},"url":"/profile/id/498af297-ce80-4bae-abc2-d3a795a542bd"},"timestamp":"2024-05-29 22:46:37"}
{"level":"info","message":{"body":"","method":"GET","params":{"id":"498af297-ce80-4bae-abc2-d3a795a542bd"},"query":{},"url":"/profile/id/498af297-ce80-4bae-abc2-d3a795a542bd"},"timestamp":"2024-05-29 22:46:38"}
{"level":"info","message":{"body":"","method":"GET","params":{},"query":{},"url":"/profile"},"timestamp":"2024-05-29 22:46:38"}
{"level":"info","message":{"body":"","method":"GET","params":{},"query":{},"url":"/profile"},"timestamp":"2024-05-29 22:46:38"}
{"level":"info","message":{"body":"","method":"GET","params":{},"query":{},"url":"/profile"},"timestamp":"2024-05-29 22:47:27"}
{"level":"info","message":{"body":"","method":"GET","params":{},"query":{},"url":"/profile"},"timestamp":"2024-05-29 22:47:27"}
{"level":"info","message":{"body":"","method":"GET","params":{},"query":{},"url":"/profile/id/5b588e2e-eb9c-471b-b264-4ebdd6e68984"},"timestamp":"2024-05-29 22:47:46"}
{"level":"info","message":{"body":"","method":"GET","params":{"id":"5b588e2e-eb9c-471b-b264-4ebdd6e68984"},"query":{},"url":"/profile/id/5b588e2e-eb9c-471b-b264-4ebdd6e68984"},"timestamp":"2024-05-29 22:47:47"}
{"level":"info","message":{"body":"","method":"GET","params":{},"query":{},"url":"/profile"},"timestamp":"2024-05-29 22:47:47"}
{"level":"info","message":{"body":"","method":"GET","params":{},"query":{},"url":"/profile"},"timestamp":"2024-05-29 22:47:47"}
{"level":"info","message":{"body":"","method":"GET","params":{},"query":{},"url":"/profile/id/5b588e2e-eb9c-471b-b264-4ebdd6e68984"},"timestamp":"2024-05-29 22:48:39"}
{"level":"info","message":{"body":"","method":"GET","params":{},"query":{},"url":"/profile"},"timestamp":"2024-05-29 22:48:39"}
{"level":"info","message":{"body":"","method":"GET","params":{"id":"5b588e2e-eb9c-471b-b264-4ebdd6e68984"},"query":{},"url":"/profile/id/5b588e2e-eb9c-471b-b264-4ebdd6e68984"},"timestamp":"2024-05-29 22:48:39"}
{"level":"info","message":{"body":"","method":"GET","params":{},"query":{},"url":"/profile"},"timestamp":"2024-05-29 22:48:40"}
{"level":"info","message":{"body":"","method":"GET","params":{},"query":{},"url":"/profile"},"timestamp":"2024-05-29 22:48:40"}
{"level":"info","message":{"body":"","method":"GET","params":{},"query":{},"url":"/profile"},"timestamp":"2024-05-29 22:48:40"}
{"level":"info","message":{"body":"","method":"DELETE","params":{},"query":"","url":"/profile/id/5b588e2e-eb9c-471b-b264-4ebdd6e68984"},"timestamp":"2024-05-29 22:48:44"}
{"level":"info","message":{"body":"","method":"GET","params":{},"query":{},"url":"/profile"},"timestamp":"2024-05-29 22:48:44"}
{"level":"info","message":{"body":"","method":"DELETE","params":{"id":"5b588e2e-eb9c-471b-b264-4ebdd6e68984"},"query":"","url":"/profile/id/5b588e2e-eb9c-471b-b264-4ebdd6e68984"},"timestamp":"2024-05-29 22:48:44"}
{"level":"info","message":{"body":"","method":"GET","params":{},"query":{},"url":"/profile"},"timestamp":"2024-05-29 22:48:44"}
{"level":"info","message":{"body":"","method":"GET","params":{},"query":{},"url":"/profile"},"timestamp":"2024-05-29 22:48:44"}
{"level":"info","message":{"body":"","method":"GET","params":{},"query":{},"url":"/profile"},"timestamp":"2024-05-29 22:48:44"}
{"level":"info","message":{"body":{"email":"Katherine@gmail.com","password":"nicol12345"},"method":"POST","params":"","query":"","url":"/user/validate"},"timestamp":"2024-05-29 22:49:14"}
{"level":"info","message":{"body":{"email":"Katherine@gmail.com","password":"nicol12345"},"method":"POST","params":"","query":"","url":"/user/validate"},"timestamp":"2024-05-29 22:49:15"}
{"level":"info","message":{"body":"","method":"GET","params":{},"query":{},"url":"/profile"},"timestamp":"2024-05-29 22:49:15"}
{"level":"info","message":{"body":"","method":"GET","params":{},"query":{},"url":"/profile"},"timestamp":"2024-05-29 22:49:15"}
{"level":"info","message":{"body":"","method":"GET","params":{},"query":{},"url":"/profile"},"timestamp":"2024-05-29 22:49:15"}
{"level":"info","message":{"body":"","method":"GET","params":{},"query":{},"url":"/profile"},"timestamp":"2024-05-29 22:49:15"}
{"level":"info","message":{"body":"","method":"GET","params":{},"query":{},"url":"/profile"},"timestamp":"2024-05-29 22:49:15"}
{"level":"info","message":{"body":"","method":"GET","params":{},"query":{},"url":"/profile"},"timestamp":"2024-05-29 22:49:15"}
{"level":"info","message":{"body":"","method":"GET","params":{},"query":{},"url":"/profile"},"timestamp":"2024-05-29 22:49:15"}
{"level":"info","message":{"body":"","method":"GET","params":{},"query":{},"url":"/profile"},"timestamp":"2024-05-29 22:49:16"}
{"level":"info","message":{"body":"","method":"GET","params":{},"query":{},"url":"/profile/id/5b588e2e-eb9c-471b-b264-4ebdd6e68984"},"timestamp":"2024-05-29 22:49:26"}
{"level":"info","message":{"body":"","method":"GET","params":{"id":"5b588e2e-eb9c-471b-b264-4ebdd6e68984"},"query":{},"url":"/profile/id/5b588e2e-eb9c-471b-b264-4ebdd6e68984"},"timestamp":"2024-05-29 22:49:27"}
{"level":"info","message":{"body":"","method":"GET","params":{},"query":{},"url":"/profile"},"timestamp":"2024-05-29 22:49:27"}
{"level":"info","message":{"body":"","method":"GET","params":{},"query":{},"url":"/profile"},"timestamp":"2024-05-29 22:49:27"}
{"level":"info","message":{"body":"","method":"GET","params":{},"query":{},"url":"/profile"},"timestamp":"2024-05-29 22:49:57"}
{"level":"info","message":{"body":"","method":"GET","params":{},"query":{},"url":"/profile"},"timestamp":"2024-05-29 22:49:58"}
{"level":"info","message":{"body":"","method":"GET","params":{},"query":{},"url":"/profile"},"timestamp":"2024-05-29 22:49:58"}
{"level":"info","message":{"body":"","method":"GET","params":{},"query":{},"url":"/profile"},"timestamp":"2024-05-29 22:49:58"}
{"level":"info","message":{"body":"","method":"GET","params":{},"query":{},"url":"/profile"},"timestamp":"2024-05-29 23:01:22"}
{"level":"info","message":{"body":"","method":"GET","params":{},"query":{},"url":"/profile"},"timestamp":"2024-05-29 23:01:22"}
{"level":"info","message":{"body":"","method":"GET","params":{},"query":{},"url":"/profile"},"timestamp":"2024-05-29 23:01:22"}
{"level":"info","message":{"body":"","method":"GET","params":{},"query":{},"url":"/profile"},"timestamp":"2024-05-29 23:01:23"}
{"level":"info","message":{"body":{"email":"Katherine@gmail.com","password":"nicol12345"},"method":"POST","params":"","query":"","url":"/user/validate"},"timestamp":"2024-05-29 23:08:32"}
{"level":"info","message":{"body":{"email":"Katherine@gmail.com","password":"nicol12345"},"method":"POST","params":"","query":"","url":"/user/validate"},"timestamp":"2024-05-29 23:08:33"}
{"level":"info","message":{"body":{"email":"Katherine@gmail.com","password":"nicol12345"},"method":"POST","params":"","query":"","url":"/user/validate"},"timestamp":"2024-05-29 23:08:41"}
{"level":"info","message":{"body":{"email":"Katherine@gmail.com","password":"nicol12345"},"method":"POST","params":"","query":"","url":"/user/validate"},"timestamp":"2024-05-29 23:08:41"}
{"level":"info","message":{"body":"","method":"GET","params":{},"query":{},"url":"/profile"},"timestamp":"2024-05-29 23:08:41"}
{"level":"info","message":{"body":"","method":"GET","params":{},"query":{},"url":"/profile"},"timestamp":"2024-05-29 23:08:41"}
{"level":"info","message":{"body":"","method":"GET","params":{},"query":{},"url":"/profile"},"timestamp":"2024-05-29 23:08:41"}
{"level":"info","message":{"body":"","method":"GET","params":{},"query":{},"url":"/profile"},"timestamp":"2024-05-29 23:08:42"}
{"level":"info","message":{"body":"","method":"GET","params":{},"query":{},"url":"/profile"},"timestamp":"2024-05-29 23:08:42"}
{"level":"info","message":{"body":"","method":"GET","params":{},"query":{},"url":"/profile"},"timestamp":"2024-05-29 23:08:42"}
{"level":"info","message":{"body":"","method":"GET","params":{},"query":{},"url":"/profile"},"timestamp":"2024-05-29 23:08:42"}
{"level":"info","message":{"body":"","method":"GET","params":{},"query":{},"url":"/profile"},"timestamp":"2024-05-29 23:08:42"}
{"level":"info","message":{"body":"","method":"GET","params":{},"query":{},"url":"/profile"},"timestamp":"2024-05-29 23:16:51"}
{"level":"info","message":{"body":"","method":"GET","params":{},"query":{},"url":"/profile"},"timestamp":"2024-05-29 23:16:52"}
{"level":"info","message":{"body":"","method":"GET","params":{},"query":{},"url":"/profile"},"timestamp":"2024-05-29 23:16:52"}
{"level":"info","message":{"body":"","method":"GET","params":{},"query":{},"url":"/profile"},"timestamp":"2024-05-29 23:16:52"}
{"level":"info","message":{"body":"","method":"GET","params":{},"query":{},"url":"/profile"},"timestamp":"2024-05-29 23:16:53"}
{"level":"info","message":{"body":"","method":"GET","params":{},"query":{},"url":"/profile"},"timestamp":"2024-05-29 23:16:54"}
{"level":"info","message":{"body":"","method":"GET","params":{},"query":{},"url":"/profile"},"timestamp":"2024-05-29 23:16:54"}
{"level":"info","message":{"body":"","method":"GET","params":{},"query":{},"url":"/profile"},"timestamp":"2024-05-29 23:16:54"}
{"level":"info","message":{"body":"","method":"GET","params":{},"query":{},"url":"/profile"},"timestamp":"2024-05-29 23:16:54"}
{"level":"info","message":{"body":"","method":"GET","params":{},"query":{},"url":"/profile"},"timestamp":"2024-05-29 23:16:54"}
{"level":"info","message":{"body":"","method":"GET","params":{},"query":{},"url":"/profile"},"timestamp":"2024-05-29 23:16:54"}
{"level":"info","message":{"body":"","method":"GET","params":{},"query":{},"url":"/profile"},"timestamp":"2024-05-29 23:16:54"}
{"level":"info","message":{"body":"","method":"GET","params":{},"query":{},"url":"/profile/id/"},"timestamp":"2024-05-29 23:21:21"}
{"level":"error","message":{"body":"","error":"Not found","method":"GET","params":{},"query":{},"url":"/profile/id/"},"timestamp":"2024-05-29 23:21:21"}
{"level":"info","message":{"body":"","method":"GET","params":{},"query":{},"url":"/profile/id/"},"timestamp":"2024-05-29 23:22:20"}
{"level":"error","message":{"body":"","error":"Not found","method":"GET","params":{},"query":{},"url":"/profile/id/"},"timestamp":"2024-05-29 23:22:20"}
{"level":"info","message":{"body":"","method":"GET","params":{},"query":{},"url":"/profile/id/"},"timestamp":"2024-05-29 23:22:26"}
{"level":"error","message":{"body":"","error":"Not found","method":"GET","params":{},"query":{},"url":"/profile/id/"},"timestamp":"2024-05-29 23:22:26"}
{"level":"info","message":{"body":"","method":"GET","params":{},"query":{},"url":"/profile/"},"timestamp":"2024-05-29 23:22:43"}
{"level":"info","message":{"body":"","method":"GET","params":{},"query":{},"url":"/profile/"},"timestamp":"2024-05-29 23:22:44"}
{"level":"info","message":{"body":"","method":"GET","params":{},"query":{},"url":"/profile/id/"},"timestamp":"2024-05-29 23:22:52"}
{"level":"error","message":{"body":"","error":"Not found","method":"GET","params":{},"query":{},"url":"/profile/id/"},"timestamp":"2024-05-29 23:22:52"}
{"level":"info","message":{"body":"","method":"GET","params":{},"query":{},"url":"/profile/id/"},"timestamp":"2024-05-29 23:22:53"}
{"level":"error","message":{"body":"","error":"Not found","method":"GET","params":{},"query":{},"url":"/profile/id/"},"timestamp":"2024-05-29 23:22:53"}
{"level":"info","message":{"body":"","method":"GET","params":{},"query":{},"url":"/profile/id/"},"timestamp":"2024-05-29 23:22:55"}
{"level":"error","message":{"body":"","error":"Not found","method":"GET","params":{},"query":{},"url":"/profile/id/"},"timestamp":"2024-05-29 23:22:55"}
{"level":"info","message":{"body":"","method":"GET","params":{},"query":{},"url":"/profile/id/5b588e2e-eb9c-471b-b264-4ebdd6e68984"},"timestamp":"2024-05-29 23:23:06"}
{"level":"info","message":{"body":"","method":"GET","params":{"id":"5b588e2e-eb9c-471b-b264-4ebdd6e68984"},"query":{},"url":"/profile/id/5b588e2e-eb9c-471b-b264-4ebdd6e68984"},"timestamp":"2024-05-29 23:23:07"}
{"level":"info","message":{"body":"","method":"GET","params":{},"query":{},"url":"/profile"},"timestamp":"2024-05-29 23:23:07"}
{"level":"info","message":{"body":"","method":"GET","params":{},"query":{},"url":"/profile"},"timestamp":"2024-05-29 23:23:07"}
{"level":"info","message":{"body":"","method":"GET","params":{},"query":{},"url":"/profile/id/"},"timestamp":"2024-05-29 23:23:22"}
{"level":"error","message":{"body":"","error":"Not found","method":"GET","params":{},"query":{},"url":"/profile/id/"},"timestamp":"2024-05-29 23:23:22"}
{"level":"info","message":{"body":"","method":"GET","params":{},"query":{},"url":"/profile/id/5b588e2e-eb9c-471b-b264-4ebdd6e68984"},"timestamp":"2024-05-29 23:23:32"}
{"level":"info","message":{"body":"","method":"GET","params":{"id":"5b588e2e-eb9c-471b-b264-4ebdd6e68984"},"query":{},"url":"/profile/id/5b588e2e-eb9c-471b-b264-4ebdd6e68984"},"timestamp":"2024-05-29 23:23:33"}
{"level":"info","message":{"body":"","method":"GET","params":{},"query":{},"url":"/profile"},"timestamp":"2024-05-29 23:23:33"}
{"level":"info","message":{"body":"","method":"GET","params":{},"query":{},"url":"/profile"},"timestamp":"2024-05-29 23:23:33"}
{"level":"info","message":{"body":"","method":"GET","params":{},"query":{},"url":"/profile"},"timestamp":"2024-05-29 23:25:55"}
{"level":"info","message":{"body":"","method":"GET","params":{},"query":{},"url":"/profile"},"timestamp":"2024-05-29 23:25:56"}
{"level":"info","message":{"body":"","method":"GET","params":{},"query":{},"url":"/profile"},"timestamp":"2024-05-29 23:25:56"}
{"level":"info","message":{"body":"","method":"GET","params":{},"query":{},"url":"/profile"},"timestamp":"2024-05-29 23:25:56"}
{"level":"info","message":{"body":"","method":"GET","params":{},"query":{},"url":"/profile"},"timestamp":"2024-05-29 23:25:58"}
{"level":"info","message":{"body":"","method":"GET","params":{},"query":{},"url":"/profile"},"timestamp":"2024-05-29 23:25:58"}
{"level":"info","message":{"body":"","method":"GET","params":{},"query":{},"url":"/profile/id/5b588e2e-eb9c-471b-b264-4ebdd6e68984"},"timestamp":"2024-05-29 23:26:02"}
{"level":"info","message":{"body":"","method":"GET","params":{"id":"5b588e2e-eb9c-471b-b264-4ebdd6e68984"},"query":{},"url":"/profile/id/5b588e2e-eb9c-471b-b264-4ebdd6e68984"},"timestamp":"2024-05-29 23:26:02"}
{"level":"info","message":{"body":"","method":"GET","params":{},"query":{},"url":"/profile"},"timestamp":"2024-05-29 23:26:02"}
{"level":"info","message":{"body":"","method":"GET","params":{},"query":{},"url":"/profile"},"timestamp":"2024-05-29 23:26:02"}
{"level":"info","message":{"body":"","method":"PUT","params":{},"query":"","url":"/profile/id/5b588e2e-eb9c-471b-b264-4ebdd6e68984"},"timestamp":"2024-05-29 23:26:19"}
{"level":"info","message":{"body":"","method":"PUT","params":{"id":"5b588e2e-eb9c-471b-b264-4ebdd6e68984"},"query":"","url":"/profile/id/5b588e2e-eb9c-471b-b264-4ebdd6e68984"},"timestamp":"2024-05-29 23:26:20"}
{"level":"info","message":{"body":"","method":"GET","params":{},"query":{},"url":"/profile"},"timestamp":"2024-05-29 23:26:20"}
{"level":"info","message":{"body":"","method":"GET","params":{},"query":{},"url":"/profile"},"timestamp":"2024-05-29 23:26:20"}
{"level":"info","message":{"body":"","method":"GET","params":{},"query":{},"url":"/profile"},"timestamp":"2024-05-29 23:26:27"}
{"level":"info","message":{"body":"","method":"GET","params":{},"query":{},"url":"/profile"},"timestamp":"2024-05-29 23:26:27"}
{"level":"info","message":{"body":"","method":"GET","params":{},"query":{},"url":"/profile/id/5b588e2e-eb9c-471b-b264-4ebdd6e68984"},"timestamp":"2024-05-29 23:26:32"}
{"level":"info","message":{"body":"","method":"GET","params":{"id":"5b588e2e-eb9c-471b-b264-4ebdd6e68984"},"query":{},"url":"/profile/id/5b588e2e-eb9c-471b-b264-4ebdd6e68984"},"timestamp":"2024-05-29 23:26:32"}
{"level":"info","message":{"body":"","method":"GET","params":{},"query":{},"url":"/profile"},"timestamp":"2024-05-29 23:26:32"}
{"level":"info","message":{"body":"","method":"GET","params":{},"query":{},"url":"/profile"},"timestamp":"2024-05-29 23:26:32"}
{"level":"info","message":{"body":"","method":"PUT","params":{},"query":"","url":"/profile/id/5b588e2e-eb9c-471b-b264-4ebdd6e68984"},"timestamp":"2024-05-29 23:27:32"}
{"level":"info","message":{"body":"","method":"PUT","params":{"id":"5b588e2e-eb9c-471b-b264-4ebdd6e68984"},"query":"","url":"/profile/id/5b588e2e-eb9c-471b-b264-4ebdd6e68984"},"timestamp":"2024-05-29 23:27:32"}
{"level":"info","message":{"body":"","method":"GET","params":{},"query":{},"url":"/profile"},"timestamp":"2024-05-29 23:27:32"}
{"level":"info","message":{"body":"","method":"GET","params":{},"query":{},"url":"/profile"},"timestamp":"2024-05-29 23:27:33"}
{"level":"info","message":{"body":"","method":"GET","params":{},"query":{},"url":"/profile"},"timestamp":"2024-05-29 23:27:42"}
{"level":"info","message":{"body":"","method":"GET","params":{},"query":{},"url":"/profile"},"timestamp":"2024-05-29 23:27:42"}
{"level":"info","message":{"body":"","method":"GET","params":{},"query":{},"url":"/profile/id/"},"timestamp":"2024-05-29 23:27:45"}
{"level":"error","message":{"body":"","error":"Not found","method":"GET","params":{},"query":{},"url":"/profile/id/"},"timestamp":"2024-05-29 23:27:45"}
{"level":"info","message":{"body":"","method":"GET","params":{},"query":{},"url":"/profile"},"timestamp":"2024-05-29 23:28:11"}
{"level":"info","message":{"body":"","method":"GET","params":{},"query":{},"url":"/profile"},"timestamp":"2024-05-29 23:28:12"}
{"level":"info","message":{"body":"","method":"GET","params":{},"query":{},"url":"/profile/id/5b588e2e-eb9c-471b-b264-4ebdd6e68984"},"timestamp":"2024-05-29 23:28:17"}
{"level":"info","message":{"body":"","method":"GET","params":{"id":"5b588e2e-eb9c-471b-b264-4ebdd6e68984"},"query":{},"url":"/profile/id/5b588e2e-eb9c-471b-b264-4ebdd6e68984"},"timestamp":"2024-05-29 23:28:17"}
{"level":"info","message":{"body":"","method":"GET","params":{},"query":{},"url":"/profile"},"timestamp":"2024-05-29 23:28:17"}
{"level":"info","message":{"body":"","method":"GET","params":{},"query":{},"url":"/profile"},"timestamp":"2024-05-29 23:28:17"}
{"level":"info","message":{"body":"","method":"GET","params":{},"query":{},"url":"/profile/id/"},"timestamp":"2024-05-29 23:28:34"}
{"level":"error","message":{"body":"","error":"Not found","method":"GET","params":{},"query":{},"url":"/profile/id/"},"timestamp":"2024-05-29 23:28:34"}
{"level":"info","message":{"body":"","method":"GET","params":{},"query":{},"url":"/profile"},"timestamp":"2024-05-29 23:28:51"}
{"level":"info","message":{"body":"","method":"GET","params":{},"query":{},"url":"/profile"},"timestamp":"2024-05-29 23:28:52"}
{"level":"info","message":{"body":"","method":"GET","params":{},"query":{},"url":"/profile/id/5b588e2e-eb9c-471b-b264-4ebdd6e68984"},"timestamp":"2024-05-29 23:28:56"}
{"level":"info","message":{"body":"","method":"GET","params":{"id":"5b588e2e-eb9c-471b-b264-4ebdd6e68984"},"query":{},"url":"/profile/id/5b588e2e-eb9c-471b-b264-4ebdd6e68984"},"timestamp":"2024-05-29 23:28:56"}
{"level":"info","message":{"body":"","method":"GET","params":{},"query":{},"url":"/profile"},"timestamp":"2024-05-29 23:28:56"}
{"level":"info","message":{"body":"","method":"GET","params":{},"query":{},"url":"/profile"},"timestamp":"2024-05-29 23:28:56"}
{"level":"info","message":{"body":"","method":"GET","params":{},"query":{},"url":"/profile/id/5b588e2e-eb9c-471b-b264-4ebdd6e6898"},"timestamp":"2024-05-29 23:29:13"}
{"level":"error","message":{"body":"","error":"\"id\" must be a valid GUID","method":"GET","params":{},"query":{},"url":"/profile/id/5b588e2e-eb9c-471b-b264-4ebdd6e6898"},"timestamp":"2024-05-29 23:29:13"}
{"level":"info","message":{"body":"","method":"GET","params":{},"query":{},"url":"/profile/id/"},"timestamp":"2024-05-29 23:29:16"}
{"level":"error","message":{"body":"","error":"Not found","method":"GET","params":{},"query":{},"url":"/profile/id/"},"timestamp":"2024-05-29 23:29:16"}
{"level":"info","message":{"body":"","method":"GET","params":{},"query":{},"url":"/profile"},"timestamp":"2024-05-29 23:29:16"}
{"level":"info","message":{"body":"","method":"GET","params":{},"query":{},"url":"/profile"},"timestamp":"2024-05-29 23:29:16"}
{"level":"info","message":{"body":"","method":"GET","params":{},"query":{},"url":"/profile"},"timestamp":"2024-05-29 23:29:27"}
{"level":"info","message":{"body":"","method":"GET","params":{},"query":{},"url":"/profile"},"timestamp":"2024-05-29 23:29:28"}
{"level":"info","message":{"body":"","method":"GET","params":{},"query":{},"url":"/profile"},"timestamp":"2024-05-29 23:29:28"}
{"level":"info","message":{"body":"","method":"GET","params":{},"query":{},"url":"/profile"},"timestamp":"2024-05-29 23:29:28"}
{"level":"info","message":{"body":"","method":"GET","params":{},"query":{},"url":"/profile"},"timestamp":"2024-05-29 23:29:28"}
{"level":"info","message":{"body":"","method":"GET","params":{},"query":{},"url":"/profile"},"timestamp":"2024-05-29 23:29:28"}
{"level":"info","message":{"body":"","method":"GET","params":{},"query":{},"url":"/profile"},"timestamp":"2024-05-29 23:29:28"}
{"level":"info","message":{"body":"","method":"GET","params":{},"query":{},"url":"/profile"},"timestamp":"2024-05-29 23:29:28"}
{"level":"info","message":{"body":{"email":"Katherine@gmail.com","password":"nicol12345"},"method":"POST","params":"","query":"","url":"/user/validate"},"timestamp":"2024-05-29 23:51:02"}
{"level":"info","message":{"body":{"email":"Katherine@gmail.com","password":"nicol12345"},"method":"POST","params":"","query":"","url":"/user/validate"},"timestamp":"2024-05-29 23:51:03"}
{"level":"info","message":{"body":{"email":"Katherine@gmail.com","password":"nicol12345"},"method":"POST","params":"","query":"","url":"/user/validate"},"timestamp":"2024-05-29 23:57:46"}
{"level":"info","message":{"body":{"email":"Katherine@gmail.com","password":"nicol12345"},"method":"POST","params":"","query":"","url":"/user/validate"},"timestamp":"2024-05-29 23:57:47"}
{"level":"info","message":{"body":{"email":"felipe@gmail.com","maternalLastName":"Acevedo","name":"Felipe","password":"felipe123","paternalLastName":"Acevedo","rut":"18866543-k"},"method":"POST","params":"","query":"","url":"/user"},"timestamp":"2024-05-29 23:58:41"}
{"level":"info","message":{"body":{"email":"felipe@gmail.com","maternalLastName":"Acevedo","name":"Felipe","password":"felipe123","paternalLastName":"Acevedo","rut":"18866543-k"},"method":"POST","params":"","query":"","url":"/user"},"timestamp":"2024-05-29 23:58:42"}
{"level":"info","message":{"body":{"email":"felipe@gmail.com","maternalLastName":"Acevedo","name":"Felipe","password":"felipe123","paternalLastName":"Acevedo","rut":"18866543-k"},"method":"POST","params":"","query":"","url":"/user"},"timestamp":"2024-05-30 00:03:27"}
{"level":"info","message":{"body":{"email":"felipe@gmail.com","maternalLastName":"Acevedo","name":"Felipe","password":"felipe123","paternalLastName":"Acevedo","rut":"18866543-k"},"method":"POST","params":"","query":"","url":"/user"},"timestamp":"2024-05-30 00:03:28"}
{"level":"info","message":{"body":{"email":"felipe@gmail.com","password":"felipe123"},"method":"POST","params":"","query":"","url":"/user/validate"},"timestamp":"2024-05-30 00:03:38"}
{"level":"info","message":{"body":{"email":"felipe@gmail.com","password":"felipe123"},"method":"POST","params":"","query":"","url":"/user/validate"},"timestamp":"2024-05-30 00:03:38"}
{"level":"info","message":{"body":{"email":"Katherine@gmail.com","password":"nicol12345"},"method":"POST","params":"","query":"","url":"/user/validate"},"timestamp":"2024-05-30 00:03:52"}
{"level":"info","message":{"body":{"email":"Katherine@gmail.com","password":"nicol12345"},"method":"POST","params":"","query":"","url":"/user/validate"},"timestamp":"2024-05-30 00:03:53"}
{"level":"info","message":{"body":{"email":"Katherine@gmail.com","password":"nicol12345"},"method":"POST","params":"","query":"","url":"/user/validate"},"timestamp":"2024-05-30 00:04:09"}
{"level":"info","message":{"body":{"email":"Katherine@gmail.com","password":"nicol12345"},"method":"POST","params":"","query":"","url":"/user/validate"},"timestamp":"2024-05-30 00:04:10"}
{"level":"info","message":{"body":{"email":"Katherine@gmail.com","password":"nicol12345"},"method":"POST","params":"","query":"","url":"/user/validate"},"timestamp":"2024-05-30 00:16:40"}
{"level":"info","message":{"body":{"email":"Katherine@gmail.com","password":"nicol12345"},"method":"POST","params":"","query":"","url":"/user/validate"},"timestamp":"2024-05-30 00:16:41"}
{"level":"info","message":{"body":"","method":"GET","params":{},"query":{},"url":"/person"},"timestamp":"2024-05-30 00:16:41"}
{"level":"info","message":{"body":"","method":"GET","params":{},"query":{},"url":"/person"},"timestamp":"2024-05-30 00:16:41"}
{"level":"info","message":{"body":"","method":"GET","params":{},"query":{},"url":"/person"},"timestamp":"2024-05-30 00:16:41"}
{"level":"info","message":{"body":"","method":"GET","params":{},"query":{},"url":"/person"},"timestamp":"2024-05-30 00:16:41"}
{"level":"info","message":{"body":"","method":"GET","params":{},"query":{},"url":"/person"},"timestamp":"2024-05-30 00:16:41"}
{"level":"info","message":{"body":"","method":"GET","params":{},"query":{},"url":"/person"},"timestamp":"2024-05-30 00:16:42"}
{"level":"info","message":{"body":"","method":"GET","params":{},"query":{},"url":"/person"},"timestamp":"2024-05-30 00:16:42"}
{"level":"info","message":{"body":"","method":"GET","params":{},"query":{},"url":"/person"},"timestamp":"2024-05-30 00:16:42"}
{"level":"info","message":{"body":{"email":"felipe@gmail.com","maternalLastName":"Acevedo","name":"Felipe","password":"felipe123","paternalLastName":"Acevedo","rut":"18866543-k"},"method":"POST","params":"","query":"","url":"/user"},"timestamp":"2024-05-30 00:18:28"}
{"level":"info","message":{"body":{"email":"felipe@gmail.com","maternalLastName":"Acevedo","name":"Felipe","password":"felipe123","paternalLastName":"Acevedo","rut":"18866543-k"},"method":"POST","params":"","query":"","url":"/user"},"timestamp":"2024-05-30 00:18:28"}
{"level":"info","message":{"body":{"email":"felipe@gmail.com","password":"felipe123"},"method":"POST","params":"","query":"","url":"/user/validate"},"timestamp":"2024-05-30 00:18:38"}
{"level":"info","message":{"body":{"email":"felipe@gmail.com","password":"felipe123"},"method":"POST","params":"","query":"","url":"/user/validate"},"timestamp":"2024-05-30 00:18:38"}
{"level":"info","message":{"body":{"email":"felipe@gmail.com","password":"felipe123"},"method":"POST","params":"","query":"","url":"/user/validate"},"timestamp":"2024-05-30 00:19:03"}
{"level":"info","message":{"body":{"email":"felipe@gmail.com","password":"felipe123"},"method":"POST","params":"","query":"","url":"/user/validate"},"timestamp":"2024-05-30 00:19:04"}
{"level":"info","message":{"body":"","method":"GET","params":{},"query":{},"url":"/person"},"timestamp":"2024-05-30 00:19:04"}
{"level":"info","message":{"body":"","method":"GET","params":{},"query":{},"url":"/person"},"timestamp":"2024-05-30 00:19:04"}
{"level":"info","message":{"body":"","method":"GET","params":{},"query":{},"url":"/person"},"timestamp":"2024-05-30 00:19:04"}
{"level":"info","message":{"body":"","method":"GET","params":{},"query":{},"url":"/person"},"timestamp":"2024-05-30 00:19:04"}
{"level":"info","message":{"body":"","method":"GET","params":{},"query":{},"url":"/person"},"timestamp":"2024-05-30 00:19:04"}
{"level":"info","message":{"body":"","method":"GET","params":{},"query":{},"url":"/person"},"timestamp":"2024-05-30 00:19:04"}
{"level":"info","message":{"body":"","method":"GET","params":{},"query":{},"url":"/person"},"timestamp":"2024-05-30 00:19:04"}
{"level":"info","message":{"body":"","method":"GET","params":{},"query":{},"url":"/person"},"timestamp":"2024-05-30 00:19:04"}
{"level":"info","message":{"body":{"email":"felipe@gmail.com","maternalLastName":"Acevedo","name":"Felipe","password":"felipe123","paternalLastName":"Acevedo","rut":"18866543-k"},"method":"POST","params":"","query":"","url":"/user"},"timestamp":"2024-05-30 00:28:37"}
{"level":"info","message":{"body":{"email":"felipe@gmail.com","maternalLastName":"Acevedo","name":"Felipe","password":"felipe123","paternalLastName":"Acevedo","rut":"18866543-k"},"method":"POST","params":"","query":"","url":"/user"},"timestamp":"2024-05-30 00:28:38"}
{"level":"info","message":{"body":{"email":"felipe@gmail.com","password":"felipe123"},"method":"POST","params":"","query":"","url":"/user/validate"},"timestamp":"2024-05-30 00:28:48"}
{"level":"info","message":{"body":{"email":"felipe@gmail.com","password":"felipe123"},"method":"POST","params":"","query":"","url":"/user/validate"},"timestamp":"2024-05-30 00:28:49"}
{"level":"info","message":{"body":{"email":"Katherine@gmail.com","password":"nicol12345"},"method":"POST","params":"","query":"","url":"/user/validate"},"timestamp":"2024-05-30 00:28:55"}
{"level":"info","message":{"body":{"email":"Katherine@gmail.com","password":"nicol12345"},"method":"POST","params":"","query":"","url":"/user/validate"},"timestamp":"2024-05-30 00:28:55"}
{"level":"info","message":{"body":"","method":"GET","params":{},"query":{},"url":"/user"},"timestamp":"2024-05-30 00:28:55"}
{"level":"info","message":{"body":"","method":"GET","params":{},"query":{},"url":"/user"},"timestamp":"2024-05-30 00:28:55"}
{"level":"info","message":{"body":"","method":"GET","params":{},"query":{},"url":"/user"},"timestamp":"2024-05-30 00:28:55"}
{"level":"info","message":{"body":"","method":"GET","params":{},"query":{},"url":"/user"},"timestamp":"2024-05-30 00:28:55"}
{"level":"info","message":{"body":"","method":"GET","params":{},"query":{},"url":"/user"},"timestamp":"2024-05-30 00:28:55"}
{"level":"info","message":{"body":"","method":"GET","params":{},"query":{},"url":"/user"},"timestamp":"2024-05-30 00:28:55"}
{"level":"info","message":{"body":"","method":"GET","params":{},"query":{},"url":"/user"},"timestamp":"2024-05-30 00:28:55"}
{"level":"info","message":{"body":"","method":"GET","params":{},"query":{},"url":"/user"},"timestamp":"2024-05-30 00:28:56"}
{"level":"info","message":{"body":{"email":"felipe@gmail.com","password":"felipe123"},"method":"POST","params":"","query":"","url":"/user/validate"},"timestamp":"2024-05-30 00:30:09"}
{"level":"info","message":{"body":{"email":"felipe@gmail.com","password":"felipe123"},"method":"POST","params":"","query":"","url":"/user/validate"},"timestamp":"2024-05-30 00:30:10"}
{"level":"info","message":{"body":"","method":"GET","params":{},"query":{},"url":"/user"},"timestamp":"2024-05-30 00:30:10"}
{"level":"info","message":{"body":"","method":"GET","params":{},"query":{},"url":"/user"},"timestamp":"2024-05-30 00:30:10"}
{"level":"info","message":{"body":"","method":"GET","params":{},"query":{},"url":"/user"},"timestamp":"2024-05-30 00:30:10"}
{"level":"info","message":{"body":"","method":"GET","params":{},"query":{},"url":"/user"},"timestamp":"2024-05-30 00:30:10"}
{"level":"info","message":{"body":"","method":"GET","params":{},"query":{},"url":"/user"},"timestamp":"2024-05-30 00:30:10"}
{"level":"info","message":{"body":"","method":"GET","params":{},"query":{},"url":"/user"},"timestamp":"2024-05-30 00:30:10"}
{"level":"info","message":{"body":"","method":"GET","params":{},"query":{},"url":"/user"},"timestamp":"2024-05-30 00:30:10"}
{"level":"info","message":{"body":"","method":"GET","params":{},"query":{},"url":"/user"},"timestamp":"2024-05-30 00:30:11"}
{"level":"info","message":{"body":{"email":"felipe@gmail.com","password":"felipe123"},"method":"POST","params":"","query":"","url":"/user/validate"},"timestamp":"2024-05-30 00:32:54"}
{"level":"info","message":{"body":{"email":"felipe@gmail.com","password":"felipe123"},"method":"POST","params":"","query":"","url":"/user/validate"},"timestamp":"2024-05-30 00:32:55"}
{"level":"info","message":{"body":"","method":"GET","params":{},"query":{},"url":"/user"},"timestamp":"2024-05-30 00:32:55"}
{"level":"info","message":{"body":"","method":"GET","params":{},"query":{},"url":"/user"},"timestamp":"2024-05-30 00:32:55"}
{"level":"info","message":{"body":"","method":"GET","params":{},"query":{},"url":"/user"},"timestamp":"2024-05-30 00:32:55"}
{"level":"info","message":{"body":"","method":"GET","params":{},"query":{},"url":"/user"},"timestamp":"2024-05-30 00:32:56"}
{"level":"info","message":{"body":"","method":"GET","params":{},"query":{},"url":"/user"},"timestamp":"2024-05-30 00:32:56"}
{"level":"info","message":{"body":"","method":"GET","params":{},"query":{},"url":"/user"},"timestamp":"2024-05-30 00:32:56"}
{"level":"info","message":{"body":"","method":"GET","params":{},"query":{},"url":"/user"},"timestamp":"2024-05-30 00:32:56"}
{"level":"info","message":{"body":"","method":"GET","params":{},"query":{},"url":"/user"},"timestamp":"2024-05-30 00:32:56"}
{"level":"info","message":{"body":"","method":"PUT","params":{},"query":"","url":"/user/update"},"timestamp":"2024-05-30 00:33:29"}
{"level":"info","message":{"body":"","method":"PUT","params":{},"query":"","url":"/user/update"},"timestamp":"2024-05-30 00:33:29"}
{"level":"info","message":{"body":"","method":"GET","params":{},"query":{},"url":"/user"},"timestamp":"2024-05-30 00:33:30"}
{"level":"info","message":{"body":"","method":"GET","params":{},"query":{},"url":"/user"},"timestamp":"2024-05-30 00:33:30"}
{"level":"info","message":{"body":"","method":"GET","params":{},"query":{},"url":"/user/id/7bd4c2a3-0202-4a45-8653-9e6fc9da17b8"},"timestamp":"2024-05-30 00:33:32"}
{"level":"info","message":{"body":"","method":"GET","params":{"id":"7bd4c2a3-0202-4a45-8653-9e6fc9da17b8"},"query":{},"url":"/user/id/7bd4c2a3-0202-4a45-8653-9e6fc9da17b8"},"timestamp":"2024-05-30 00:33:32"}
{"level":"info","message":{"body":"","method":"GET","params":{},"query":{},"url":"/user"},"timestamp":"2024-05-30 00:33:32"}
{"level":"info","message":{"body":"","method":"GET","params":{},"query":{},"url":"/user"},"timestamp":"2024-05-30 00:33:32"}
{"level":"info","message":{"body":"","method":"GET","params":{},"query":{},"url":"/user/id/7bd4c2a3-0202-4a45-8653-9e6fc9da17b8"},"timestamp":"2024-05-30 00:33:44"}
{"level":"info","message":{"body":"","method":"GET","params":{"id":"7bd4c2a3-0202-4a45-8653-9e6fc9da17b8"},"query":{},"url":"/user/id/7bd4c2a3-0202-4a45-8653-9e6fc9da17b8"},"timestamp":"2024-05-30 00:33:45"}
{"level":"info","message":{"body":"","method":"GET","params":{},"query":{},"url":"/user"},"timestamp":"2024-05-30 00:33:45"}
{"level":"info","message":{"body":"","method":"GET","params":{},"query":{},"url":"/user"},"timestamp":"2024-05-30 00:33:45"}
{"level":"info","message":{"body":{"email":"Katherine@gmail.com","password":"nicol12345"},"method":"POST","params":"","query":"","url":"/user/validate"},"timestamp":"2024-05-30 00:34:01"}
{"level":"info","message":{"body":{"email":"Katherine@gmail.com","password":"nicol12345"},"method":"POST","params":"","query":"","url":"/user/validate"},"timestamp":"2024-05-30 00:34:01"}
{"level":"info","message":{"body":"","method":"GET","params":{},"query":{},"url":"/user"},"timestamp":"2024-05-30 00:34:01"}
{"level":"info","message":{"body":"","method":"GET","params":{},"query":{},"url":"/user"},"timestamp":"2024-05-30 00:34:02"}
{"level":"info","message":{"body":"","method":"GET","params":{},"query":{},"url":"/user"},"timestamp":"2024-05-30 00:34:02"}
{"level":"info","message":{"body":"","method":"GET","params":{},"query":{},"url":"/user"},"timestamp":"2024-05-30 00:34:02"}
{"level":"info","message":{"body":"","method":"GET","params":{},"query":{},"url":"/user"},"timestamp":"2024-05-30 00:34:02"}
{"level":"info","message":{"body":"","method":"GET","params":{},"query":{},"url":"/user"},"timestamp":"2024-05-30 00:34:02"}
{"level":"info","message":{"body":"","method":"GET","params":{},"query":{},"url":"/user"},"timestamp":"2024-05-30 00:34:02"}
{"level":"info","message":{"body":"","method":"GET","params":{},"query":{},"url":"/user"},"timestamp":"2024-05-30 00:34:02"}
{"level":"info","message":{"body":{"email":"Katherine@gmail.com","password":"nicol12345"},"method":"POST","params":"","query":"","url":"/user/validate"},"timestamp":"2024-05-30 00:34:03"}
{"level":"info","message":{"body":{"email":"Katherine@gmail.com","password":"nicol12345"},"method":"POST","params":"","query":"","url":"/user/validate"},"timestamp":"2024-05-30 00:34:03"}
{"level":"info","message":{"body":"","method":"GET","params":{},"query":{},"url":"/user"},"timestamp":"2024-05-30 00:34:03"}
{"level":"info","message":{"body":"","method":"GET","params":{},"query":{},"url":"/user"},"timestamp":"2024-05-30 00:34:03"}
{"level":"info","message":{"body":"","method":"GET","params":{},"query":{},"url":"/user"},"timestamp":"2024-05-30 00:34:03"}
{"level":"info","message":{"body":"","method":"GET","params":{},"query":{},"url":"/user"},"timestamp":"2024-05-30 00:34:04"}
{"level":"info","message":{"body":"","method":"GET","params":{},"query":{},"url":"/user"},"timestamp":"2024-05-30 00:34:04"}
{"level":"info","message":{"body":"","method":"GET","params":{},"query":{},"url":"/user"},"timestamp":"2024-05-30 00:34:04"}
{"level":"info","message":{"body":"","method":"GET","params":{},"query":{},"url":"/user"},"timestamp":"2024-05-30 00:34:04"}
{"level":"info","message":{"body":"","method":"GET","params":{},"query":{},"url":"/user"},"timestamp":"2024-05-30 00:34:04"}
{"level":"info","message":{"body":{"email":"Katherine@gmail.com","password":"nicol12345"},"method":"POST","params":"","query":"","url":"/user/validate"},"timestamp":"2024-05-30 00:34:05"}
{"level":"info","message":{"body":{"email":"Katherine@gmail.com","password":"nicol12345"},"method":"POST","params":"","query":"","url":"/user/validate"},"timestamp":"2024-05-30 00:34:05"}
{"level":"info","message":{"body":"","method":"GET","params":{},"query":{},"url":"/user"},"timestamp":"2024-05-30 00:34:05"}
{"level":"info","message":{"body":"","method":"GET","params":{},"query":{},"url":"/user"},"timestamp":"2024-05-30 00:34:05"}
{"level":"info","message":{"body":"","method":"GET","params":{},"query":{},"url":"/user"},"timestamp":"2024-05-30 00:34:05"}
{"level":"info","message":{"body":"","method":"GET","params":{},"query":{},"url":"/user"},"timestamp":"2024-05-30 00:34:05"}
{"level":"info","message":{"body":"","method":"GET","params":{},"query":{},"url":"/user"},"timestamp":"2024-05-30 00:34:05"}
{"level":"info","message":{"body":"","method":"GET","params":{},"query":{},"url":"/user"},"timestamp":"2024-05-30 00:34:05"}
{"level":"info","message":{"body":"","method":"GET","params":{},"query":{},"url":"/user"},"timestamp":"2024-05-30 00:34:05"}
{"level":"info","message":{"body":"","method":"GET","params":{},"query":{},"url":"/user"},"timestamp":"2024-05-30 00:34:05"}
{"level":"info","message":{"body":{"email":"Katherine@gmail.com","password":"nicol12345"},"method":"POST","params":"","query":"","url":"/user/validate"},"timestamp":"2024-05-30 00:35:24"}
{"level":"info","message":{"body":{"email":"Katherine@gmail.com","password":"nicol12345"},"method":"POST","params":"","query":"","url":"/user/validate"},"timestamp":"2024-05-30 00:35:24"}
{"level":"info","message":{"body":"","method":"GET","params":{},"query":{},"url":"/user"},"timestamp":"2024-05-30 00:35:24"}
{"level":"info","message":{"body":"","method":"GET","params":{},"query":{},"url":"/user"},"timestamp":"2024-05-30 00:35:25"}
{"level":"info","message":{"body":"","method":"GET","params":{},"query":{},"url":"/user"},"timestamp":"2024-05-30 00:35:25"}
{"level":"info","message":{"body":"","method":"GET","params":{},"query":{},"url":"/user"},"timestamp":"2024-05-30 00:35:25"}
{"level":"info","message":{"body":"","method":"GET","params":{},"query":{},"url":"/user"},"timestamp":"2024-05-30 00:35:25"}
{"level":"info","message":{"body":"","method":"GET","params":{},"query":{},"url":"/user"},"timestamp":"2024-05-30 00:35:25"}
{"level":"info","message":{"body":"","method":"GET","params":{},"query":{},"url":"/user"},"timestamp":"2024-05-30 00:35:25"}
{"level":"info","message":{"body":"","method":"GET","params":{},"query":{},"url":"/user"},"timestamp":"2024-05-30 00:35:25"}
{"level":"info","message":{"body":{"email":"Katherine@gmail.com","password":"nicol12345"},"method":"POST","params":"","query":"","url":"/user/validate"},"timestamp":"2024-05-30 00:35:38"}
{"level":"info","message":{"body":{"email":"Katherine@gmail.com","password":"nicol12345"},"method":"POST","params":"","query":"","url":"/user/validate"},"timestamp":"2024-05-30 00:35:39"}
{"level":"info","message":{"body":"","method":"GET","params":{},"query":{},"url":"/user"},"timestamp":"2024-05-30 00:35:39"}
{"level":"info","message":{"body":"","method":"GET","params":{},"query":{},"url":"/user"},"timestamp":"2024-05-30 00:35:39"}
{"level":"info","message":{"body":"","method":"GET","params":{},"query":{},"url":"/user"},"timestamp":"2024-05-30 00:35:39"}
{"level":"info","message":{"body":"","method":"GET","params":{},"query":{},"url":"/user"},"timestamp":"2024-05-30 00:35:39"}
{"level":"info","message":{"body":"","method":"GET","params":{},"query":{},"url":"/user"},"timestamp":"2024-05-30 00:35:39"}
{"level":"info","message":{"body":"","method":"GET","params":{},"query":{},"url":"/user"},"timestamp":"2024-05-30 00:35:40"}
{"level":"info","message":{"body":"","method":"GET","params":{},"query":{},"url":"/user"},"timestamp":"2024-05-30 00:35:40"}
{"level":"info","message":{"body":"","method":"GET","params":{},"query":{},"url":"/user"},"timestamp":"2024-05-30 00:35:40"}
{"level":"info","message":{"body":{"email":"Katherine@gmail.com","password":"nicol12345"},"method":"POST","params":"","query":"","url":"/user/validate"},"timestamp":"2024-05-30 00:35:55"}
{"level":"info","message":{"body":{"email":"Katherine@gmail.com","password":"nicol12345"},"method":"POST","params":"","query":"","url":"/user/validate"},"timestamp":"2024-05-30 00:35:55"}
{"level":"info","message":{"body":"","method":"GET","params":{},"query":{},"url":"/user"},"timestamp":"2024-05-30 00:35:55"}
{"level":"info","message":{"body":"","method":"GET","params":{},"query":{},"url":"/user"},"timestamp":"2024-05-30 00:35:55"}
{"level":"info","message":{"body":"","method":"GET","params":{},"query":{},"url":"/user"},"timestamp":"2024-05-30 00:35:55"}
{"level":"info","message":{"body":"","method":"GET","params":{},"query":{},"url":"/user"},"timestamp":"2024-05-30 00:35:56"}
{"level":"info","message":{"body":"","method":"GET","params":{},"query":{},"url":"/user"},"timestamp":"2024-05-30 00:35:56"}
{"level":"info","message":{"body":"","method":"GET","params":{},"query":{},"url":"/user"},"timestamp":"2024-05-30 00:35:56"}
{"level":"info","message":{"body":"","method":"GET","params":{},"query":{},"url":"/user"},"timestamp":"2024-05-30 00:35:56"}
{"level":"info","message":{"body":"","method":"GET","params":{},"query":{},"url":"/user"},"timestamp":"2024-05-30 00:35:56"}
{"level":"info","message":{"body":{"email":"Katherine@gmail.com","password":"nicol12345"},"method":"POST","params":"","query":"","url":"/user/validate"},"timestamp":"2024-05-30 00:35:57"}
{"level":"info","message":{"body":{"email":"Katherine@gmail.com","password":"nicol12345"},"method":"POST","params":"","query":"","url":"/user/validate"},"timestamp":"2024-05-30 00:35:57"}
{"level":"info","message":{"body":"","method":"GET","params":{},"query":{},"url":"/user"},"timestamp":"2024-05-30 00:35:57"}
{"level":"info","message":{"body":"","method":"GET","params":{},"query":{},"url":"/user"},"timestamp":"2024-05-30 00:35:58"}
{"level":"info","message":{"body":"","method":"GET","params":{},"query":{},"url":"/user"},"timestamp":"2024-05-30 00:35:58"}
{"level":"info","message":{"body":"","method":"GET","params":{},"query":{},"url":"/user"},"timestamp":"2024-05-30 00:35:58"}
{"level":"info","message":{"body":"","method":"GET","params":{},"query":{},"url":"/user"},"timestamp":"2024-05-30 00:35:58"}
{"level":"info","message":{"body":"","method":"GET","params":{},"query":{},"url":"/user"},"timestamp":"2024-05-30 00:35:58"}
{"level":"info","message":{"body":"","method":"GET","params":{},"query":{},"url":"/user"},"timestamp":"2024-05-30 00:35:58"}
{"level":"info","message":{"body":"","method":"GET","params":{},"query":{},"url":"/user"},"timestamp":"2024-05-30 00:35:58"}
{"level":"info","message":{"body":{"email":"Katherine@gmail.com","password":"nicol12345"},"method":"POST","params":"","query":"","url":"/user/validate"},"timestamp":"2024-05-30 00:36:12"}
{"level":"info","message":{"body":{"email":"Katherine@gmail.com","password":"nicol12345"},"method":"POST","params":"","query":"","url":"/user/validate"},"timestamp":"2024-05-30 00:36:12"}
{"level":"info","message":{"body":"","method":"GET","params":{},"query":{},"url":"/user"},"timestamp":"2024-05-30 00:36:12"}
{"level":"info","message":{"body":"","method":"GET","params":{},"query":{},"url":"/user"},"timestamp":"2024-05-30 00:36:12"}
{"level":"info","message":{"body":"","method":"GET","params":{},"query":{},"url":"/user"},"timestamp":"2024-05-30 00:36:12"}
{"level":"info","message":{"body":"","method":"GET","params":{},"query":{},"url":"/profile"},"timestamp":"2024-05-30 00:36:13"}
{"level":"info","message":{"body":"","method":"GET","params":{},"query":{},"url":"/user"},"timestamp":"2024-05-30 00:36:13"}
{"level":"info","message":{"body":"","method":"GET","params":{},"query":{},"url":"/user"},"timestamp":"2024-05-30 00:36:13"}
{"level":"info","message":{"body":"","method":"GET","params":{},"query":{},"url":"/user"},"timestamp":"2024-05-30 00:36:13"}
{"level":"info","message":{"body":"","method":"GET","params":{},"query":{},"url":"/user"},"timestamp":"2024-05-30 00:36:13"}
{"level":"info","message":{"body":"","method":"GET","params":{},"query":{},"url":"/user"},"timestamp":"2024-05-30 00:36:13"}
{"level":"info","message":{"body":"","method":"GET","params":{},"query":{},"url":"/profile"},"timestamp":"2024-05-30 00:36:13"}
{"level":"info","message":{"body":"","method":"GET","params":{},"query":{},"url":"/profile"},"timestamp":"2024-05-30 00:36:13"}
{"level":"info","message":{"body":"","method":"GET","params":{},"query":{},"url":"/profile"},"timestamp":"2024-05-30 00:36:13"}
{"level":"info","message":{"body":"","method":"GET","params":{},"query":{},"url":"/profile"},"timestamp":"2024-05-30 00:36:13"}
{"level":"info","message":{"body":"","method":"GET","params":{},"query":{},"url":"/profile"},"timestamp":"2024-05-30 00:36:14"}
{"level":"info","message":{"body":"","method":"GET","params":{},"query":{},"url":"/profile"},"timestamp":"2024-05-30 00:36:14"}
{"level":"info","message":{"body":"","method":"GET","params":{},"query":{},"url":"/profile"},"timestamp":"2024-05-30 00:36:14"}
{"level":"info","message":{"body":"","method":"GET","params":{},"query":{},"url":"/profile/id/498af297-ce80-4bae-abc2-d3a795a542bd"},"timestamp":"2024-05-30 00:36:22"}
{"level":"info","message":{"body":"","method":"GET","params":{"id":"498af297-ce80-4bae-abc2-d3a795a542bd"},"query":{},"url":"/profile/id/498af297-ce80-4bae-abc2-d3a795a542bd"},"timestamp":"2024-05-30 00:36:22"}
{"level":"info","message":{"body":"","method":"GET","params":{},"query":{},"url":"/profile"},"timestamp":"2024-05-30 00:36:22"}
{"level":"info","message":{"body":"","method":"GET","params":{},"query":{},"url":"/profile"},"timestamp":"2024-05-30 00:36:22"}
{"level":"info","message":{"body":"","method":"GET","params":{},"query":{},"url":"/profile"},"timestamp":"2024-05-30 00:36:23"}
{"level":"info","message":{"body":"","method":"GET","params":{},"query":{},"url":"/profile"},"timestamp":"2024-05-30 00:36:23"}
{"level":"info","message":{"body":{"email":"Katherine@gmail.com","password":"nicol12345"},"method":"POST","params":"","query":"","url":"/user/validate"},"timestamp":"2024-05-30 00:37:57"}
{"level":"info","message":{"body":{"email":"Katherine@gmail.com","password":"nicol12345"},"method":"POST","params":"","query":"","url":"/user/validate"},"timestamp":"2024-05-30 00:37:58"}
{"level":"info","message":{"body":"","method":"GET","params":{},"query":{},"url":"/profile"},"timestamp":"2024-05-30 00:37:58"}
{"level":"info","message":{"body":"","method":"GET","params":{},"query":{},"url":"/user"},"timestamp":"2024-05-30 00:37:58"}
{"level":"info","message":{"body":"","method":"GET","params":{},"query":{},"url":"/profile"},"timestamp":"2024-05-30 00:37:58"}
{"level":"info","message":{"body":"","method":"GET","params":{},"query":{},"url":"/profile"},"timestamp":"2024-05-30 00:37:58"}
{"level":"info","message":{"body":"","method":"GET","params":{},"query":{},"url":"/profile"},"timestamp":"2024-05-30 00:37:58"}
{"level":"info","message":{"body":"","method":"GET","params":{},"query":{},"url":"/profile"},"timestamp":"2024-05-30 00:37:58"}
{"level":"info","message":{"body":"","method":"GET","params":{},"query":{},"url":"/profile"},"timestamp":"2024-05-30 00:37:58"}
{"level":"info","message":{"body":"","method":"GET","params":{},"query":{},"url":"/profile"},"timestamp":"2024-05-30 00:37:58"}
{"level":"info","message":{"body":"","method":"GET","params":{},"query":{},"url":"/profile"},"timestamp":"2024-05-30 00:37:59"}
{"level":"info","message":{"body":"","method":"GET","params":{},"query":{},"url":"/user"},"timestamp":"2024-05-30 00:37:59"}
{"level":"info","message":{"body":"","method":"GET","params":{},"query":{},"url":"/user"},"timestamp":"2024-05-30 00:37:59"}
{"level":"info","message":{"body":"","method":"GET","params":{},"query":{},"url":"/user"},"timestamp":"2024-05-30 00:37:59"}
{"level":"info","message":{"body":"","method":"GET","params":{},"query":{},"url":"/user"},"timestamp":"2024-05-30 00:37:59"}
{"level":"info","message":{"body":"","method":"GET","params":{},"query":{},"url":"/user"},"timestamp":"2024-05-30 00:37:59"}
{"level":"info","message":{"body":"","method":"GET","params":{},"query":{},"url":"/user"},"timestamp":"2024-05-30 00:37:59"}
{"level":"info","message":{"body":"","method":"GET","params":{},"query":{},"url":"/user"},"timestamp":"2024-05-30 00:37:59"}
{"level":"info","message":{"body":"","method":"GET","params":{},"query":{},"url":"/user/id/7bd4c2a3-0202-4a45-8653-9e6fc9da17b8"},"timestamp":"2024-05-30 00:38:05"}
{"level":"info","message":{"body":"","method":"GET","params":{"id":"7bd4c2a3-0202-4a45-8653-9e6fc9da17b8"},"query":{},"url":"/user/id/7bd4c2a3-0202-4a45-8653-9e6fc9da17b8"},"timestamp":"2024-05-30 00:38:05"}
{"level":"info","message":{"body":"","method":"GET","params":{},"query":{},"url":"/user"},"timestamp":"2024-05-30 00:38:05"}
{"level":"info","message":{"body":"","method":"GET","params":{},"query":{},"url":"/user"},"timestamp":"2024-05-30 00:38:05"}
{"level":"info","message":{"body":{"email":"Katherine@gmail.com","password":"nicol12345"},"method":"POST","params":"","query":"","url":"/user/validate"},"timestamp":"2024-05-30 00:38:10"}
{"level":"info","message":{"body":{"email":"Katherine@gmail.com","password":"nicol12345"},"method":"POST","params":"","query":"","url":"/user/validate"},"timestamp":"2024-05-30 00:38:11"}
{"level":"info","message":{"body":"","method":"GET","params":{},"query":{},"url":"/user"},"timestamp":"2024-05-30 00:38:11"}
{"level":"info","message":{"body":"","method":"GET","params":{},"query":{},"url":"/user"},"timestamp":"2024-05-30 00:38:11"}
{"level":"info","message":{"body":"","method":"GET","params":{},"query":{},"url":"/user"},"timestamp":"2024-05-30 00:38:11"}
{"level":"info","message":{"body":"","method":"GET","params":{},"query":{},"url":"/user"},"timestamp":"2024-05-30 00:38:11"}
{"level":"info","message":{"body":"","method":"GET","params":{},"query":{},"url":"/user"},"timestamp":"2024-05-30 00:38:11"}
{"level":"info","message":{"body":"","method":"GET","params":{},"query":{},"url":"/user"},"timestamp":"2024-05-30 00:38:11"}
{"level":"info","message":{"body":"","method":"GET","params":{},"query":{},"url":"/user"},"timestamp":"2024-05-30 00:38:11"}
{"level":"info","message":{"body":"","method":"GET","params":{},"query":{},"url":"/user"},"timestamp":"2024-05-30 00:38:11"}
{"level":"info","message":{"body":{"email":"Katherine@gmail.com","password":"nicol12345"},"method":"POST","params":"","query":"","url":"/user/validate"},"timestamp":"2024-05-30 00:38:13"}
{"level":"info","message":{"body":{"email":"Katherine@gmail.com","password":"nicol12345"},"method":"POST","params":"","query":"","url":"/user/validate"},"timestamp":"2024-05-30 00:38:13"}
{"level":"info","message":{"body":"","method":"GET","params":{},"query":{},"url":"/user"},"timestamp":"2024-05-30 00:38:13"}
{"level":"info","message":{"body":"","method":"GET","params":{},"query":{},"url":"/user"},"timestamp":"2024-05-30 00:38:13"}
{"level":"info","message":{"body":"","method":"GET","params":{},"query":{},"url":"/user"},"timestamp":"2024-05-30 00:38:13"}
{"level":"info","message":{"body":"","method":"GET","params":{},"query":{},"url":"/user"},"timestamp":"2024-05-30 00:38:13"}
{"level":"info","message":{"body":"","method":"GET","params":{},"query":{},"url":"/user"},"timestamp":"2024-05-30 00:38:13"}
{"level":"info","message":{"body":"","method":"GET","params":{},"query":{},"url":"/user"},"timestamp":"2024-05-30 00:38:14"}
{"level":"info","message":{"body":"","method":"GET","params":{},"query":{},"url":"/user"},"timestamp":"2024-05-30 00:38:14"}
{"level":"info","message":{"body":"","method":"GET","params":{},"query":{},"url":"/user"},"timestamp":"2024-05-30 00:38:14"}
{"level":"info","message":{"body":{"email":"Katherine@gmail.com","password":"nicol12345"},"method":"POST","params":"","query":"","url":"/user/validate"},"timestamp":"2024-05-30 00:38:15"}
{"level":"info","message":{"body":{"email":"Katherine@gmail.com","password":"nicol12345"},"method":"POST","params":"","query":"","url":"/user/validate"},"timestamp":"2024-05-30 00:38:15"}
{"level":"info","message":{"body":"","method":"GET","params":{},"query":{},"url":"/user"},"timestamp":"2024-05-30 00:38:15"}
{"level":"info","message":{"body":"","method":"GET","params":{},"query":{},"url":"/user"},"timestamp":"2024-05-30 00:38:15"}
{"level":"info","message":{"body":"","method":"GET","params":{},"query":{},"url":"/user"},"timestamp":"2024-05-30 00:38:15"}
{"level":"info","message":{"body":"","method":"GET","params":{},"query":{},"url":"/user"},"timestamp":"2024-05-30 00:38:15"}
{"level":"info","message":{"body":"","method":"GET","params":{},"query":{},"url":"/user"},"timestamp":"2024-05-30 00:38:15"}
{"level":"info","message":{"body":"","method":"GET","params":{},"query":{},"url":"/user"},"timestamp":"2024-05-30 00:38:15"}
{"level":"info","message":{"body":"","method":"GET","params":{},"query":{},"url":"/user"},"timestamp":"2024-05-30 00:38:15"}
{"level":"info","message":{"body":"","method":"GET","params":{},"query":{},"url":"/user"},"timestamp":"2024-05-30 00:38:15"}
{"level":"info","message":{"body":{"email":"Katherine@gmail.com","password":"nicol12345"},"method":"POST","params":"","query":"","url":"/user/validate"},"timestamp":"2024-05-30 00:38:19"}
{"level":"info","message":{"body":{"email":"Katherine@gmail.com","password":"nicol12345"},"method":"POST","params":"","query":"","url":"/user/validate"},"timestamp":"2024-05-30 00:38:19"}
{"level":"info","message":{"body":"","method":"GET","params":{},"query":{},"url":"/user"},"timestamp":"2024-05-30 00:38:19"}
{"level":"info","message":{"body":"","method":"GET","params":{},"query":{},"url":"/user"},"timestamp":"2024-05-30 00:38:19"}
{"level":"info","message":{"body":"","method":"GET","params":{},"query":{},"url":"/user"},"timestamp":"2024-05-30 00:38:19"}
{"level":"info","message":{"body":"","method":"GET","params":{},"query":{},"url":"/user"},"timestamp":"2024-05-30 00:38:19"}
{"level":"info","message":{"body":"","method":"GET","params":{},"query":{},"url":"/user"},"timestamp":"2024-05-30 00:38:19"}
{"level":"info","message":{"body":"","method":"GET","params":{},"query":{},"url":"/user"},"timestamp":"2024-05-30 00:38:20"}
{"level":"info","message":{"body":"","method":"GET","params":{},"query":{},"url":"/user"},"timestamp":"2024-05-30 00:38:20"}
{"level":"info","message":{"body":"","method":"GET","params":{},"query":{},"url":"/user"},"timestamp":"2024-05-30 00:38:20"}
{"level":"info","message":{"body":{"email":"Katherine@gmail.com","password":"nicol12345"},"method":"POST","params":"","query":"","url":"/user/validate"},"timestamp":"2024-05-30 00:39:31"}
{"level":"info","message":{"body":{"email":"Katherine@gmail.com","password":"nicol12345"},"method":"POST","params":"","query":"","url":"/user/validate"},"timestamp":"2024-05-30 00:39:32"}
{"level":"info","message":{"body":"","method":"GET","params":{},"query":{},"url":"/user"},"timestamp":"2024-05-30 00:39:32"}
{"level":"info","message":{"body":"","method":"GET","params":{},"query":{},"url":"/user"},"timestamp":"2024-05-30 00:39:32"}
{"level":"info","message":{"body":"","method":"GET","params":{},"query":{},"url":"/user"},"timestamp":"2024-05-30 00:39:32"}
{"level":"info","message":{"body":"","method":"GET","params":{},"query":{},"url":"/user"},"timestamp":"2024-05-30 00:39:32"}
{"level":"info","message":{"body":"","method":"GET","params":{},"query":{},"url":"/user"},"timestamp":"2024-05-30 00:39:32"}
{"level":"info","message":{"body":"","method":"GET","params":{},"query":{},"url":"/user"},"timestamp":"2024-05-30 00:39:32"}
{"level":"info","message":{"body":"","method":"GET","params":{},"query":{},"url":"/user"},"timestamp":"2024-05-30 00:39:32"}
{"level":"info","message":{"body":"","method":"GET","params":{},"query":{},"url":"/user"},"timestamp":"2024-05-30 00:39:32"}
{"level":"info","message":{"body":{"email":"Katherine@gmail.com","password":"nicol12345"},"method":"POST","params":"","query":"","url":"/user/validate"},"timestamp":"2024-05-30 00:39:34"}
{"level":"info","message":{"body":{"email":"Katherine@gmail.com","password":"nicol12345"},"method":"POST","params":"","query":"","url":"/user/validate"},"timestamp":"2024-05-30 00:39:34"}
{"level":"info","message":{"body":"","method":"GET","params":{},"query":{},"url":"/user"},"timestamp":"2024-05-30 00:39:34"}
{"level":"info","message":{"body":"","method":"GET","params":{},"query":{},"url":"/user"},"timestamp":"2024-05-30 00:39:34"}
{"level":"info","message":{"body":"","method":"GET","params":{},"query":{},"url":"/user"},"timestamp":"2024-05-30 00:39:34"}
{"level":"info","message":{"body":"","method":"GET","params":{},"query":{},"url":"/user"},"timestamp":"2024-05-30 00:39:34"}
{"level":"info","message":{"body":"","method":"GET","params":{},"query":{},"url":"/user"},"timestamp":"2024-05-30 00:39:34"}
{"level":"info","message":{"body":"","method":"GET","params":{},"query":{},"url":"/user"},"timestamp":"2024-05-30 00:39:34"}
{"level":"info","message":{"body":"","method":"GET","params":{},"query":{},"url":"/user"},"timestamp":"2024-05-30 00:39:34"}
{"level":"info","message":{"body":"","method":"GET","params":{},"query":{},"url":"/user"},"timestamp":"2024-05-30 00:39:34"}
{"level":"info","message":{"body":{"email":"Katherine@gmail.com","password":"nicol12345"},"method":"POST","params":"","query":"","url":"/user/validate"},"timestamp":"2024-05-30 00:39:37"}
{"level":"info","message":{"body":{"email":"Katherine@gmail.com","password":"nicol12345"},"method":"POST","params":"","query":"","url":"/user/validate"},"timestamp":"2024-05-30 00:39:37"}
{"level":"info","message":{"body":"","method":"GET","params":{},"query":{},"url":"/user"},"timestamp":"2024-05-30 00:39:37"}
{"level":"info","message":{"body":"","method":"GET","params":{},"query":{},"url":"/user"},"timestamp":"2024-05-30 00:39:37"}
{"level":"info","message":{"body":"","method":"GET","params":{},"query":{},"url":"/user"},"timestamp":"2024-05-30 00:39:37"}
{"level":"info","message":{"body":"","method":"GET","params":{},"query":{},"url":"/user"},"timestamp":"2024-05-30 00:39:38"}
{"level":"info","message":{"body":"","method":"GET","params":{},"query":{},"url":"/user"},"timestamp":"2024-05-30 00:39:38"}
{"level":"info","message":{"body":"","method":"GET","params":{},"query":{},"url":"/user"},"timestamp":"2024-05-30 00:39:38"}
{"level":"info","message":{"body":"","method":"GET","params":{},"query":{},"url":"/user"},"timestamp":"2024-05-30 00:39:38"}
{"level":"info","message":{"body":"","method":"GET","params":{},"query":{},"url":"/user"},"timestamp":"2024-05-30 00:39:38"}
{"level":"info","message":{"body":{"email":"Katherine@gmail.com","password":"nicol12345"},"method":"POST","params":"","query":"","url":"/user/validate"},"timestamp":"2024-05-30 00:39:40"}
{"level":"info","message":{"body":{"email":"Katherine@gmail.com","password":"nicol12345"},"method":"POST","params":"","query":"","url":"/user/validate"},"timestamp":"2024-05-30 00:39:40"}
{"level":"info","message":{"body":"","method":"GET","params":{},"query":{},"url":"/user"},"timestamp":"2024-05-30 00:39:40"}
{"level":"info","message":{"body":"","method":"GET","params":{},"query":{},"url":"/user"},"timestamp":"2024-05-30 00:39:40"}
{"level":"info","message":{"body":"","method":"GET","params":{},"query":{},"url":"/user"},"timestamp":"2024-05-30 00:39:40"}
{"level":"info","message":{"body":"","method":"GET","params":{},"query":{},"url":"/user"},"timestamp":"2024-05-30 00:39:40"}
{"level":"info","message":{"body":"","method":"GET","params":{},"query":{},"url":"/user"},"timestamp":"2024-05-30 00:39:40"}
{"level":"info","message":{"body":"","method":"GET","params":{},"query":{},"url":"/user"},"timestamp":"2024-05-30 00:39:41"}
{"level":"info","message":{"body":"","method":"GET","params":{},"query":{},"url":"/user"},"timestamp":"2024-05-30 00:39:41"}
{"level":"info","message":{"body":"","method":"GET","params":{},"query":{},"url":"/user"},"timestamp":"2024-05-30 00:39:41"}
{"level":"info","message":{"body":{"email":"Katherine@gmail.com","password":"nicol12345"},"method":"POST","params":"","query":"","url":"/user/validate"},"timestamp":"2024-05-30 00:39:44"}
{"level":"info","message":{"body":{"email":"Katherine@gmail.com","password":"nicol12345"},"method":"POST","params":"","query":"","url":"/user/validate"},"timestamp":"2024-05-30 00:39:44"}
{"level":"info","message":{"body":"","method":"GET","params":{},"query":{},"url":"/user"},"timestamp":"2024-05-30 00:39:44"}
{"level":"info","message":{"body":"","method":"GET","params":{},"query":{},"url":"/user"},"timestamp":"2024-05-30 00:39:44"}
{"level":"info","message":{"body":"","method":"GET","params":{},"query":{},"url":"/user"},"timestamp":"2024-05-30 00:39:44"}
{"level":"info","message":{"body":"","method":"GET","params":{},"query":{},"url":"/user"},"timestamp":"2024-05-30 00:39:44"}
{"level":"info","message":{"body":"","method":"GET","params":{},"query":{},"url":"/user"},"timestamp":"2024-05-30 00:39:44"}
{"level":"info","message":{"body":"","method":"GET","params":{},"query":{},"url":"/user"},"timestamp":"2024-05-30 00:39:44"}
{"level":"info","message":{"body":"","method":"GET","params":{},"query":{},"url":"/user"},"timestamp":"2024-05-30 00:39:44"}
{"level":"info","message":{"body":"","method":"GET","params":{},"query":{},"url":"/user"},"timestamp":"2024-05-30 00:39:44"}
{"level":"info","message":{"body":{"email":"Katherine@gmail.com","password":"nicol12345"},"method":"POST","params":"","query":"","url":"/user/validate"},"timestamp":"2024-05-30 00:39:46"}
{"level":"info","message":{"body":{"email":"Katherine@gmail.com","password":"nicol12345"},"method":"POST","params":"","query":"","url":"/user/validate"},"timestamp":"2024-05-30 00:39:46"}
{"level":"info","message":{"body":"","method":"GET","params":{},"query":{},"url":"/user"},"timestamp":"2024-05-30 00:39:46"}
{"level":"info","message":{"body":"","method":"GET","params":{},"query":{},"url":"/user"},"timestamp":"2024-05-30 00:39:46"}
{"level":"info","message":{"body":"","method":"GET","params":{},"query":{},"url":"/user"},"timestamp":"2024-05-30 00:39:46"}
{"level":"info","message":{"body":"","method":"GET","params":{},"query":{},"url":"/user"},"timestamp":"2024-05-30 00:39:46"}
{"level":"info","message":{"body":"","method":"GET","params":{},"query":{},"url":"/user"},"timestamp":"2024-05-30 00:39:46"}
{"level":"info","message":{"body":"","method":"GET","params":{},"query":{},"url":"/user"},"timestamp":"2024-05-30 00:39:46"}
{"level":"info","message":{"body":"","method":"GET","params":{},"query":{},"url":"/user"},"timestamp":"2024-05-30 00:39:46"}
{"level":"info","message":{"body":"","method":"GET","params":{},"query":{},"url":"/user"},"timestamp":"2024-05-30 00:39:46"}
{"level":"info","message":{"body":{"email":"Katherine@gmail.com","password":"nicol12345"},"method":"POST","params":"","query":"","url":"/user/validate"},"timestamp":"2024-05-30 00:39:47"}
{"level":"info","message":{"body":{"email":"Katherine@gmail.com","password":"nicol12345"},"method":"POST","params":"","query":"","url":"/user/validate"},"timestamp":"2024-05-30 00:39:47"}
{"level":"info","message":{"body":"","method":"GET","params":{},"query":{},"url":"/user"},"timestamp":"2024-05-30 00:39:47"}
{"level":"info","message":{"body":"","method":"GET","params":{},"query":{},"url":"/user"},"timestamp":"2024-05-30 00:39:48"}
{"level":"info","message":{"body":"","method":"GET","params":{},"query":{},"url":"/user"},"timestamp":"2024-05-30 00:39:48"}
{"level":"info","message":{"body":"","method":"GET","params":{},"query":{},"url":"/user"},"timestamp":"2024-05-30 00:39:48"}
{"level":"info","message":{"body":"","method":"GET","params":{},"query":{},"url":"/user"},"timestamp":"2024-05-30 00:39:48"}
{"level":"info","message":{"body":"","method":"GET","params":{},"query":{},"url":"/user"},"timestamp":"2024-05-30 00:39:48"}
{"level":"info","message":{"body":"","method":"GET","params":{},"query":{},"url":"/user"},"timestamp":"2024-05-30 00:39:48"}
{"level":"info","message":{"body":"","method":"GET","params":{},"query":{},"url":"/user"},"timestamp":"2024-05-30 00:39:48"}

