{"level":"info","message":{"body":{"email":"Katherine@gmail.com","password":"nicol12345"},"method":"POST","params":"","query":"","url":"/user/validate"},"timestamp":"2024-05-31 20:26:36"}
{"level":"info","message":{"body":{"email":"Katherine@gmail.com","password":"nicol12345"},"method":"POST","params":"","query":"","url":"/user/validate"},"timestamp":"2024-05-31 20:26:37"}
{"level":"info","message":{"body":{"email":"Katherine@gmail.com","password":"nicol12345"},"method":"POST","params":"","query":"","url":"/user/validate"},"timestamp":"2024-05-31 20:30:18"}
{"level":"info","message":{"body":{"email":"Katherine@gmail.com","password":"nicol12345"},"method":"POST","params":"","query":"","url":"/user/validate"},"timestamp":"2024-05-31 20:30:19"}
{"level":"info","message":{"body":{"email":"Katherine@gmail.com","password":"nicol12345"},"method":"POST","params":"","query":"","url":"/user/validate"},"timestamp":"2024-05-31 20:50:01"}
{"level":"info","message":{"body":{"email":"Katherine@gmail.com","password":"nicol12345"},"method":"POST","params":"","query":"","url":"/user/validate"},"timestamp":"2024-05-31 20:50:02"}
{"level":"info","message":{"body":{"email":"Katherine@gmail.com","password":"nicol12345"},"method":"POST","params":"","query":"","url":"/user/validate"},"timestamp":"2024-05-31 20:50:25"}
{"level":"info","message":{"body":{"email":"Katherine@gmail.com","password":"nicol12345"},"method":"POST","params":"","query":"","url":"/user/validate"},"timestamp":"2024-05-31 20:50:26"}
{"level":"info","message":{"body":"","method":"GET","params":{},"query":{},"url":"/profile"},"timestamp":"2024-05-31 20:50:26"}
{"level":"info","message":{"body":"","method":"GET","params":{},"query":{},"url":"/profile"},"timestamp":"2024-05-31 20:50:26"}
{"level":"info","message":{"body":"","method":"GET","params":{},"query":{},"url":"/profile"},"timestamp":"2024-05-31 20:50:26"}
{"level":"info","message":{"body":"","method":"GET","params":{},"query":{},"url":"/profile"},"timestamp":"2024-05-31 20:50:26"}
{"level":"info","message":{"body":"","method":"GET","params":{},"query":{},"url":"/profile"},"timestamp":"2024-05-31 20:50:26"}
{"level":"info","message":{"body":"","method":"GET","params":{},"query":{},"url":"/profile"},"timestamp":"2024-05-31 20:50:27"}
{"level":"info","message":{"body":"","method":"GET","params":{},"query":{},"url":"/profile"},"timestamp":"2024-05-31 20:50:27"}
{"level":"info","message":{"body":"","method":"GET","params":{},"query":{},"url":"/profile"},"timestamp":"2024-05-31 20:50:27"}
{"level":"info","message":{"body":"","method":"GET","params":{},"query":{},"url":"/profile"},"timestamp":"2024-05-31 21:04:45"}
{"level":"info","message":{"body":"","method":"GET","params":{},"query":{},"url":"/profile"},"timestamp":"2024-05-31 21:04:46"}
{"level":"info","message":{"body":"","method":"GET","params":{},"query":{},"url":"/profile"},"timestamp":"2024-05-31 21:04:46"}
{"level":"info","message":{"body":"","method":"GET","params":{},"query":{},"url":"/profile"},"timestamp":"2024-05-31 21:04:46"}
{"level":"info","message":{"body":"","method":"GET","params":{},"query":{},"url":"/profile"},"timestamp":"2024-05-31 21:05:05"}
{"level":"info","message":{"body":"","method":"GET","params":{},"query":{},"url":"/profile"},"timestamp":"2024-05-31 21:05:05"}
{"level":"info","message":{"body":"","method":"GET","params":{},"query":{},"url":"/profile"},"timestamp":"2024-05-31 21:05:05"}
{"level":"info","message":{"body":"","method":"GET","params":{},"query":{},"url":"/profile"},"timestamp":"2024-05-31 21:05:05"}
{"level":"info","message":{"body":"","method":"GET","params":{},"query":{},"url":"/profile"},"timestamp":"2024-05-31 21:05:07"}
{"level":"info","message":{"body":"","method":"GET","params":{},"query":{},"url":"/profile"},"timestamp":"2024-05-31 21:05:07"}
{"level":"info","message":{"body":"","method":"GET","params":{},"query":{},"url":"/profile"},"timestamp":"2024-05-31 21:05:07"}
{"level":"info","message":{"body":"","method":"GET","params":{},"query":{},"url":"/profile"},"timestamp":"2024-05-31 21:05:08"}
{"level":"info","message":{"body":"","method":"GET","params":{},"query":{},"url":"/profile/id/"},"timestamp":"2024-05-31 21:05:12"}
{"level":"error","message":{"body":"","error":"Not found","method":"GET","params":{},"query":{},"url":"/profile/id/"},"timestamp":"2024-05-31 21:05:12"}
{"level":"info","message":{"body":"","method":"GET","params":{},"query":{},"url":"/profile/id/"},"timestamp":"2024-05-31 21:05:30"}
{"level":"error","message":{"body":"","error":"Not found","method":"GET","params":{},"query":{},"url":"/profile/id/"},"timestamp":"2024-05-31 21:05:30"}
{"level":"info","message":{"body":"","method":"GET","params":{},"query":{},"url":"/profile/id/"},"timestamp":"2024-05-31 21:05:32"}
{"level":"error","message":{"body":"","error":"Not found","method":"GET","params":{},"query":{},"url":"/profile/id/"},"timestamp":"2024-05-31 21:05:32"}
{"level":"info","message":{"body":"","method":"GET","params":{},"query":{},"url":"/profile/id/"},"timestamp":"2024-05-31 21:05:55"}
{"level":"error","message":{"body":"","error":"Not found","method":"GET","params":{},"query":{},"url":"/profile/id/"},"timestamp":"2024-05-31 21:05:55"}
{"level":"info","message":{"body":"","method":"GET","params":{},"query":{},"url":"/profile"},"timestamp":"2024-05-31 21:06:04"}
{"level":"info","message":{"body":"","method":"GET","params":{},"query":{},"url":"/profile"},"timestamp":"2024-05-31 21:06:05"}
{"level":"info","message":{"body":"","method":"GET","params":{},"query":{},"url":"/profile"},"timestamp":"2024-05-31 21:06:13"}
{"level":"info","message":{"body":"","method":"GET","params":{},"query":{},"url":"/profile"},"timestamp":"2024-05-31 21:06:13"}
{"level":"info","message":{"body":"","method":"GET","params":{},"query":{},"url":"/profile"},"timestamp":"2024-05-31 21:13:56"}
{"level":"info","message":{"body":"","method":"GET","params":{},"query":{},"url":"/profile"},"timestamp":"2024-05-31 21:13:56"}
{"level":"info","message":{"body":"","method":"GET","params":{},"query":{},"url":"/profile"},"timestamp":"2024-05-31 21:15:32"}
{"level":"info","message":{"body":"","method":"GET","params":{},"query":{},"url":"/profile"},"timestamp":"2024-05-31 21:15:33"}
{"level":"info","message":{"body":"","method":"GET","params":{},"query":{},"url":"/profile"},"timestamp":"2024-05-31 21:15:39"}
{"level":"info","message":{"body":"","method":"GET","params":{},"query":{},"url":"/profile"},"timestamp":"2024-05-31 21:15:40"}
{"level":"info","message":{"body":"","method":"GET","params":{},"query":{},"url":"/profile"},"timestamp":"2024-05-31 21:16:02"}
{"level":"info","message":{"body":"","method":"GET","params":{},"query":{},"url":"/profile"},"timestamp":"2024-05-31 21:16:03"}
{"level":"info","message":{"body":"","method":"GET","params":{},"query":{},"url":"/profile"},"timestamp":"2024-05-31 21:16:16"}
{"level":"info","message":{"body":"","method":"GET","params":{},"query":{},"url":"/profile"},"timestamp":"2024-05-31 21:16:17"}
{"level":"info","message":{"body":"","method":"GET","params":{},"query":{},"url":"/profile"},"timestamp":"2024-05-31 21:17:27"}
{"level":"info","message":{"body":"","method":"GET","params":{},"query":{},"url":"/profile"},"timestamp":"2024-05-31 21:17:28"}
{"level":"info","message":{"body":"","method":"GET","params":{},"query":{},"url":"/profile"},"timestamp":"2024-05-31 21:19:31"}
{"level":"info","message":{"body":"","method":"GET","params":{},"query":{},"url":"/profile"},"timestamp":"2024-05-31 21:19:32"}
{"level":"info","message":{"body":"","method":"GET","params":{},"query":{},"url":"/profile"},"timestamp":"2024-05-31 21:20:28"}
{"level":"info","message":{"body":"","method":"GET","params":{},"query":{},"url":"/profile"},"timestamp":"2024-05-31 21:20:29"}
{"level":"info","message":{"body":"","method":"GET","params":{},"query":{},"url":"/profile"},"timestamp":"2024-05-31 21:24:24"}
{"level":"info","message":{"body":"","method":"GET","params":{},"query":{},"url":"/profile"},"timestamp":"2024-05-31 21:24:25"}
{"level":"info","message":{"body":"","method":"GET","params":{},"query":{},"url":"/profile"},"timestamp":"2024-05-31 21:24:39"}
{"level":"info","message":{"body":"","method":"GET","params":{},"query":{},"url":"/profile"},"timestamp":"2024-05-31 21:24:39"}
{"level":"info","message":{"body":"","method":"GET","params":{},"query":{},"url":"/profile"},"timestamp":"2024-05-31 21:27:03"}
{"level":"info","message":{"body":"","method":"GET","params":{},"query":{},"url":"/profile"},"timestamp":"2024-05-31 21:27:03"}
{"level":"info","message":{"body":"","method":"GET","params":{},"query":{},"url":"/profile"},"timestamp":"2024-05-31 21:27:13"}
{"level":"info","message":{"body":"","method":"GET","params":{},"query":{},"url":"/profile"},"timestamp":"2024-05-31 21:27:13"}
{"level":"info","message":{"body":"","method":"GET","params":{},"query":{},"url":"/profile"},"timestamp":"2024-05-31 21:30:48"}
{"level":"info","message":{"body":"","method":"GET","params":{},"query":{},"url":"/profile"},"timestamp":"2024-05-31 21:30:48"}
{"level":"info","message":{"body":"","method":"GET","params":{},"query":{},"url":"/profile"},"timestamp":"2024-05-31 21:31:00"}
{"level":"info","message":{"body":"","method":"GET","params":{},"query":{},"url":"/profile"},"timestamp":"2024-05-31 21:31:01"}
{"level":"info","message":{"body":"","method":"GET","params":{},"query":{},"url":"/profile"},"timestamp":"2024-05-31 21:31:18"}
{"level":"info","message":{"body":"","method":"GET","params":{},"query":{},"url":"/profile"},"timestamp":"2024-05-31 21:31:18"}
{"level":"info","message":{"body":"","method":"GET","params":{},"query":{},"url":"/profile"},"timestamp":"2024-05-31 21:31:45"}
{"level":"info","message":{"body":"","method":"GET","params":{},"query":{},"url":"/profile"},"timestamp":"2024-05-31 21:31:46"}
{"level":"info","message":{"body":"","method":"GET","params":{},"query":{},"url":"/profile"},"timestamp":"2024-05-31 21:32:09"}
{"level":"info","message":{"body":"","method":"GET","params":{},"query":{},"url":"/profile"},"timestamp":"2024-05-31 21:32:10"}
{"level":"info","message":{"body":"","method":"GET","params":{},"query":{},"url":"/profile"},"timestamp":"2024-05-31 21:33:03"}
{"level":"info","message":{"body":"","method":"GET","params":{},"query":{},"url":"/profile"},"timestamp":"2024-05-31 21:33:04"}
{"level":"info","message":{"body":{"email":"Katherine@gmail.com","password":"nicol12345"},"method":"POST","params":"","query":"","url":"/user/validate"},"timestamp":"2024-05-31 21:45:16"}
{"level":"info","message":{"body":{"email":"Katherine@gmail.com","password":"nicol12345"},"method":"POST","params":"","query":"","url":"/user/validate"},"timestamp":"2024-05-31 21:45:17"}
{"level":"info","message":{"body":"","method":"GET","params":{},"query":{},"url":"/profile"},"timestamp":"2024-05-31 21:45:17"}
{"level":"info","message":{"body":"","method":"GET","params":{},"query":{},"url":"/profile"},"timestamp":"2024-05-31 21:45:17"}
{"level":"info","message":{"body":"","method":"GET","params":{},"query":{},"url":"/profile"},"timestamp":"2024-05-31 21:45:17"}
{"level":"info","message":{"body":"","method":"GET","params":{},"query":{},"url":"/profile"},"timestamp":"2024-05-31 21:45:17"}
{"level":"info","message":{"body":"","method":"GET","params":{},"query":{},"url":"/profile"},"timestamp":"2024-05-31 21:45:17"}
{"level":"info","message":{"body":"","method":"GET","params":{},"query":{},"url":"/profile"},"timestamp":"2024-05-31 21:45:18"}
{"level":"info","message":{"body":"","method":"GET","params":{},"query":{},"url":"/profile"},"timestamp":"2024-05-31 21:45:18"}
{"level":"info","message":{"body":"","method":"GET","params":{},"query":{},"url":"/profile"},"timestamp":"2024-05-31 21:45:18"}
{"level":"info","message":{"body":"","method":"GET","params":{},"query":{},"url":"/profile"},"timestamp":"2024-05-31 21:45:45"}
{"level":"info","message":{"body":"","method":"GET","params":{},"query":{},"url":"/profile"},"timestamp":"2024-05-31 21:45:45"}
{"level":"info","message":{"body":"","method":"GET","params":{},"query":{},"url":"/profile"},"timestamp":"2024-05-31 21:45:45"}
{"level":"info","message":{"body":"","method":"GET","params":{},"query":{},"url":"/profile"},"timestamp":"2024-05-31 21:45:46"}
{"level":"info","message":{"body":"","method":"GET","params":{},"query":{},"url":"/profile"},"timestamp":"2024-05-31 21:45:47"}
{"level":"info","message":{"body":"","method":"GET","params":{},"query":{},"url":"/profile"},"timestamp":"2024-05-31 21:45:47"}
{"level":"info","message":{"body":"","method":"GET","params":{},"query":{},"url":"/profile"},"timestamp":"2024-05-31 21:45:47"}
{"level":"info","message":{"body":"","method":"GET","params":{},"query":{},"url":"/profile"},"timestamp":"2024-05-31 21:45:48"}
{"level":"info","message":{"body":"","method":"GET","params":{},"query":{},"url":"/profile"},"timestamp":"2024-05-31 21:45:52"}
{"level":"info","message":{"body":"","method":"GET","params":{},"query":{},"url":"/profile"},"timestamp":"2024-05-31 21:45:52"}
{"level":"info","message":{"body":"","method":"GET","params":{},"query":{},"url":"/profile"},"timestamp":"2024-05-31 21:45:52"}
{"level":"info","message":{"body":"","method":"GET","params":{},"query":{},"url":"/profile"},"timestamp":"2024-05-31 21:45:52"}
{"level":"info","message":{"body":"","method":"GET","params":{},"query":{},"url":"/profile"},"timestamp":"2024-05-31 21:46:06"}
{"level":"info","message":{"body":"","method":"GET","params":{},"query":{},"url":"/profile"},"timestamp":"2024-05-31 21:46:07"}
{"level":"info","message":{"body":"","method":"GET","params":{},"query":{},"url":"/profile"},"timestamp":"2024-05-31 21:46:07"}
{"level":"info","message":{"body":"","method":"GET","params":{},"query":{},"url":"/profile"},"timestamp":"2024-05-31 21:46:07"}
{"level":"info","message":{"body":"","method":"GET","params":{},"query":{},"url":"/profile"},"timestamp":"2024-05-31 21:46:16"}
{"level":"info","message":{"body":"","method":"GET","params":{},"query":{},"url":"/profile"},"timestamp":"2024-05-31 21:46:17"}
{"level":"info","message":{"body":"","method":"GET","params":{},"query":{},"url":"/profile"},"timestamp":"2024-05-31 21:46:17"}
{"level":"info","message":{"body":"","method":"GET","params":{},"query":{},"url":"/profile"},"timestamp":"2024-05-31 21:46:17"}
{"level":"info","message":{"body":"","method":"GET","params":{},"query":{},"url":"/profile"},"timestamp":"2024-05-31 21:46:44"}
{"level":"info","message":{"body":"","method":"GET","params":{},"query":{},"url":"/profile"},"timestamp":"2024-05-31 21:46:45"}
{"level":"info","message":{"body":"","method":"GET","params":{},"query":{},"url":"/profile"},"timestamp":"2024-05-31 21:46:45"}
{"level":"info","message":{"body":"","method":"GET","params":{},"query":{},"url":"/profile"},"timestamp":"2024-05-31 21:46:45"}
{"level":"info","message":{"body":"","method":"GET","params":{},"query":{},"url":"/profile"},"timestamp":"2024-05-31 21:47:17"}
{"level":"info","message":{"body":"","method":"GET","params":{},"query":{},"url":"/profile"},"timestamp":"2024-05-31 21:47:18"}
{"level":"info","message":{"body":"","method":"GET","params":{},"query":{},"url":"/profile"},"timestamp":"2024-05-31 21:47:18"}
{"level":"info","message":{"body":"","method":"GET","params":{},"query":{},"url":"/profile"},"timestamp":"2024-05-31 21:47:18"}
{"level":"info","message":{"body":"","method":"GET","params":{},"query":{},"url":"/profile"},"timestamp":"2024-05-31 21:47:21"}
{"level":"info","message":{"body":"","method":"GET","params":{},"query":{},"url":"/profile"},"timestamp":"2024-05-31 21:47:21"}
{"level":"info","message":{"body":"","method":"GET","params":{},"query":{},"url":"/profile"},"timestamp":"2024-05-31 21:47:21"}
{"level":"info","message":{"body":"","method":"GET","params":{},"query":{},"url":"/profile"},"timestamp":"2024-05-31 21:47:22"}
{"level":"info","message":{"body":"","method":"GET","params":{},"query":{},"url":"/profile"},"timestamp":"2024-05-31 21:47:42"}
{"level":"info","message":{"body":"","method":"GET","params":{},"query":{},"url":"/profile"},"timestamp":"2024-05-31 21:47:43"}
{"level":"info","message":{"body":"","method":"GET","params":{},"query":{},"url":"/profile"},"timestamp":"2024-05-31 21:47:43"}
{"level":"info","message":{"body":"","method":"GET","params":{},"query":{},"url":"/profile"},"timestamp":"2024-05-31 21:47:43"}
{"level":"info","message":{"body":"","method":"GET","params":{},"query":{},"url":"/profile"},"timestamp":"2024-05-31 21:47:45"}
{"level":"info","message":{"body":"","method":"GET","params":{},"query":{},"url":"/profile"},"timestamp":"2024-05-31 21:47:45"}
{"level":"info","message":{"body":"","method":"GET","params":{},"query":{},"url":"/profile"},"timestamp":"2024-05-31 21:47:45"}
{"level":"info","message":{"body":"","method":"GET","params":{},"query":{},"url":"/profile"},"timestamp":"2024-05-31 21:47:45"}
{"level":"info","message":{"body":"","method":"GET","params":{},"query":{},"url":"/profile"},"timestamp":"2024-05-31 21:48:39"}
{"level":"info","message":{"body":"","method":"GET","params":{},"query":{},"url":"/profile"},"timestamp":"2024-05-31 21:48:40"}
{"level":"info","message":{"body":"","method":"GET","params":{},"query":{},"url":"/profile"},"timestamp":"2024-05-31 21:48:40"}
{"level":"info","message":{"body":"","method":"GET","params":{},"query":{},"url":"/profile"},"timestamp":"2024-05-31 21:48:40"}
{"level":"info","message":{"body":"","method":"GET","params":{},"query":{},"url":"/profile"},"timestamp":"2024-05-31 21:54:27"}
{"level":"info","message":{"body":"","method":"GET","params":{},"query":{},"url":"/profile"},"timestamp":"2024-05-31 21:54:27"}
{"level":"info","message":{"body":"","method":"GET","params":{},"query":{},"url":"/profile"},"timestamp":"2024-05-31 21:54:27"}
{"level":"info","message":{"body":"","method":"GET","params":{},"query":{},"url":"/profile"},"timestamp":"2024-05-31 21:54:27"}
{"level":"info","message":{"body":"","method":"GET","params":{},"query":{},"url":"/profile"},"timestamp":"2024-05-31 21:54:27"}
{"level":"info","message":{"body":"","method":"GET","params":{},"query":{},"url":"/profile"},"timestamp":"2024-05-31 21:54:28"}
{"level":"info","message":{"body":"","method":"GET","params":{},"query":{},"url":"/profile"},"timestamp":"2024-05-31 21:54:28"}
{"level":"info","message":{"body":"","method":"GET","params":{},"query":{},"url":"/profile"},"timestamp":"2024-05-31 21:54:28"}
{"level":"info","message":{"body":"","method":"GET","params":{},"query":{},"url":"/profile"},"timestamp":"2024-05-31 21:54:46"}
{"level":"info","message":{"body":"","method":"GET","params":{},"query":{},"url":"/profile"},"timestamp":"2024-05-31 21:54:46"}
{"level":"info","message":{"body":"","method":"GET","params":{},"query":{},"url":"/profile"},"timestamp":"2024-05-31 21:54:46"}
{"level":"info","message":{"body":"","method":"GET","params":{},"query":{},"url":"/profile"},"timestamp":"2024-05-31 21:54:47"}
{"level":"info","message":{"body":"","method":"GET","params":{},"query":{},"url":"/profile"},"timestamp":"2024-05-31 21:55:33"}
{"level":"info","message":{"body":"","method":"GET","params":{},"query":{},"url":"/profile"},"timestamp":"2024-05-31 21:55:34"}
{"level":"info","message":{"body":"","method":"GET","params":{},"query":{},"url":"/profile"},"timestamp":"2024-05-31 21:55:34"}
{"level":"info","message":{"body":"","method":"GET","params":{},"query":{},"url":"/profile"},"timestamp":"2024-05-31 21:55:34"}
{"level":"info","message":{"body":"","method":"GET","params":{},"query":{},"url":"/profile"},"timestamp":"2024-05-31 21:56:04"}
{"level":"info","message":{"body":"","method":"GET","params":{},"query":{},"url":"/profile"},"timestamp":"2024-05-31 21:56:04"}
{"level":"info","message":{"body":"","method":"GET","params":{},"query":{},"url":"/profile"},"timestamp":"2024-05-31 21:56:04"}
{"level":"info","message":{"body":"","method":"GET","params":{},"query":{},"url":"/profile"},"timestamp":"2024-05-31 21:56:04"}
{"level":"info","message":{"body":"","method":"GET","params":{},"query":{},"url":"/profile"},"timestamp":"2024-05-31 21:56:18"}
{"level":"info","message":{"body":"","method":"GET","params":{},"query":{},"url":"/profile"},"timestamp":"2024-05-31 21:56:19"}
{"level":"info","message":{"body":"","method":"GET","params":{},"query":{},"url":"/profile"},"timestamp":"2024-05-31 21:56:19"}
{"level":"info","message":{"body":"","method":"GET","params":{},"query":{},"url":"/profile"},"timestamp":"2024-05-31 21:56:19"}
{"level":"info","message":{"body":"","method":"GET","params":{},"query":{},"url":"/profile"},"timestamp":"2024-05-31 21:56:24"}
{"level":"info","message":{"body":"","method":"GET","params":{},"query":{},"url":"/profile"},"timestamp":"2024-05-31 21:56:25"}
{"level":"info","message":{"body":"","method":"GET","params":{},"query":{},"url":"/profile"},"timestamp":"2024-05-31 21:56:25"}
{"level":"info","message":{"body":"","method":"GET","params":{},"query":{},"url":"/profile"},"timestamp":"2024-05-31 21:56:25"}
{"level":"info","message":{"body":"","method":"GET","params":{},"query":{},"url":"/profile"},"timestamp":"2024-05-31 21:57:05"}
{"level":"info","message":{"body":"","method":"GET","params":{},"query":{},"url":"/profile"},"timestamp":"2024-05-31 21:57:05"}
{"level":"info","message":{"body":"","method":"GET","params":{},"query":{},"url":"/profile"},"timestamp":"2024-05-31 21:57:05"}
{"level":"info","message":{"body":"","method":"GET","params":{},"query":{},"url":"/profile"},"timestamp":"2024-05-31 21:57:05"}
{"level":"info","message":{"body":"","method":"GET","params":{},"query":{},"url":"/profile"},"timestamp":"2024-05-31 21:57:27"}
{"level":"info","message":{"body":"","method":"GET","params":{},"query":{},"url":"/profile"},"timestamp":"2024-05-31 21:57:28"}
{"level":"info","message":{"body":"","method":"GET","params":{},"query":{},"url":"/profile"},"timestamp":"2024-05-31 21:57:28"}
{"level":"info","message":{"body":"","method":"GET","params":{},"query":{},"url":"/profile"},"timestamp":"2024-05-31 21:57:28"}
{"level":"info","message":{"body":"","method":"GET","params":{},"query":{},"url":"/profile"},"timestamp":"2024-05-31 22:01:27"}
{"level":"info","message":{"body":"","method":"GET","params":{},"query":{},"url":"/profile"},"timestamp":"2024-05-31 22:01:28"}
{"level":"info","message":{"body":"","method":"GET","params":{},"query":{},"url":"/profile"},"timestamp":"2024-05-31 22:01:28"}
{"level":"info","message":{"body":"","method":"GET","params":{},"query":{},"url":"/profile"},"timestamp":"2024-05-31 22:01:28"}
{"level":"info","message":{"body":"","method":"GET","params":{},"query":{},"url":"/profile"},"timestamp":"2024-05-31 22:01:37"}
{"level":"info","message":{"body":"","method":"GET","params":{},"query":{},"url":"/profile"},"timestamp":"2024-05-31 22:01:37"}
{"level":"info","message":{"body":"","method":"GET","params":{},"query":{},"url":"/profile"},"timestamp":"2024-05-31 22:01:37"}
{"level":"info","message":{"body":"","method":"GET","params":{},"query":{},"url":"/profile"},"timestamp":"2024-05-31 22:01:37"}
{"level":"info","message":{"body":"","method":"GET","params":{},"query":{},"url":"/profile"},"timestamp":"2024-05-31 22:01:42"}
{"level":"info","message":{"body":"","method":"GET","params":{},"query":{},"url":"/profile"},"timestamp":"2024-05-31 22:01:42"}
{"level":"info","message":{"body":"","method":"GET","params":{},"query":{},"url":"/profile"},"timestamp":"2024-05-31 22:01:42"}
{"level":"info","message":{"body":"","method":"GET","params":{},"query":{},"url":"/profile"},"timestamp":"2024-05-31 22:01:42"}
{"level":"info","message":{"body":"","method":"GET","params":{},"query":{},"url":"/profile"},"timestamp":"2024-05-31 22:02:34"}
{"level":"info","message":{"body":"","method":"GET","params":{},"query":{},"url":"/profile"},"timestamp":"2024-05-31 22:02:35"}
{"level":"info","message":{"body":"","method":"GET","params":{},"query":{},"url":"/profile"},"timestamp":"2024-05-31 22:02:35"}
{"level":"info","message":{"body":"","method":"GET","params":{},"query":{},"url":"/profile"},"timestamp":"2024-05-31 22:02:35"}
{"level":"info","message":{"body":"","method":"GET","params":{},"query":{},"url":"/profile"},"timestamp":"2024-05-31 22:03:02"}
{"level":"info","message":{"body":"","method":"GET","params":{},"query":{},"url":"/profile"},"timestamp":"2024-05-31 22:03:02"}
{"level":"info","message":{"body":"","method":"GET","params":{},"query":{},"url":"/profile"},"timestamp":"2024-05-31 22:03:02"}
{"level":"info","message":{"body":"","method":"GET","params":{},"query":{},"url":"/profile"},"timestamp":"2024-05-31 22:03:03"}
{"level":"info","message":{"body":"","method":"GET","params":{},"query":{},"url":"/profile"},"timestamp":"2024-05-31 22:03:18"}
{"level":"info","message":{"body":"","method":"GET","params":{},"query":{},"url":"/profile"},"timestamp":"2024-05-31 22:03:19"}
{"level":"info","message":{"body":"","method":"GET","params":{},"query":{},"url":"/profile"},"timestamp":"2024-05-31 22:03:19"}
{"level":"info","message":{"body":"","method":"GET","params":{},"query":{},"url":"/profile"},"timestamp":"2024-05-31 22:03:19"}
{"level":"info","message":{"body":"","method":"GET","params":{},"query":{},"url":"/profile"},"timestamp":"2024-05-31 22:04:38"}
{"level":"info","message":{"body":"","method":"GET","params":{},"query":{},"url":"/profile"},"timestamp":"2024-05-31 22:04:39"}
{"level":"info","message":{"body":"","method":"GET","params":{},"query":{},"url":"/profile"},"timestamp":"2024-05-31 22:04:39"}
{"level":"info","message":{"body":"","method":"GET","params":{},"query":{},"url":"/profile"},"timestamp":"2024-05-31 22:04:39"}
{"level":"info","message":{"body":"","method":"GET","params":{},"query":{},"url":"/profile"},"timestamp":"2024-05-31 22:05:01"}
{"level":"info","message":{"body":"","method":"GET","params":{},"query":{},"url":"/profile"},"timestamp":"2024-05-31 22:05:02"}
{"level":"info","message":{"body":"","method":"GET","params":{},"query":{},"url":"/profile"},"timestamp":"2024-05-31 22:05:02"}
{"level":"info","message":{"body":"","method":"GET","params":{},"query":{},"url":"/profile"},"timestamp":"2024-05-31 22:05:02"}
{"level":"info","message":{"body":"","method":"GET","params":{},"query":{},"url":"/profile"},"timestamp":"2024-05-31 22:06:13"}
{"level":"info","message":{"body":"","method":"GET","params":{},"query":{},"url":"/profile"},"timestamp":"2024-05-31 22:06:14"}
{"level":"info","message":{"body":"","method":"GET","params":{},"query":{},"url":"/profile"},"timestamp":"2024-05-31 22:06:14"}
{"level":"info","message":{"body":"","method":"GET","params":{},"query":{},"url":"/profile"},"timestamp":"2024-05-31 22:06:14"}
{"level":"info","message":{"body":"","method":"GET","params":{},"query":{},"url":"/profile"},"timestamp":"2024-05-31 22:06:17"}
{"level":"info","message":{"body":"","method":"GET","params":{},"query":{},"url":"/profile"},"timestamp":"2024-05-31 22:06:17"}
{"level":"info","message":{"body":"","method":"GET","params":{},"query":{},"url":"/profile"},"timestamp":"2024-05-31 22:06:17"}
{"level":"info","message":{"body":"","method":"GET","params":{},"query":{},"url":"/profile"},"timestamp":"2024-05-31 22:06:18"}
{"level":"info","message":{"body":"","method":"GET","params":{},"query":{},"url":"/profile"},"timestamp":"2024-05-31 22:06:21"}
{"level":"info","message":{"body":"","method":"GET","params":{},"query":{},"url":"/profile"},"timestamp":"2024-05-31 22:06:21"}
{"level":"info","message":{"body":"","method":"GET","params":{},"query":{},"url":"/profile"},"timestamp":"2024-05-31 22:06:21"}
{"level":"info","message":{"body":"","method":"GET","params":{},"query":{},"url":"/profile"},"timestamp":"2024-05-31 22:06:21"}
{"level":"info","message":{"body":"","method":"GET","params":{},"query":{},"url":"/profile"},"timestamp":"2024-05-31 22:10:09"}
{"level":"info","message":{"body":"","method":"GET","params":{},"query":{},"url":"/profile"},"timestamp":"2024-05-31 22:10:10"}
{"level":"info","message":{"body":"","method":"GET","params":{},"query":{},"url":"/profile"},"timestamp":"2024-05-31 22:10:10"}
{"level":"info","message":{"body":"","method":"GET","params":{},"query":{},"url":"/profile"},"timestamp":"2024-05-31 22:10:10"}
{"level":"info","message":{"body":"","method":"GET","params":{},"query":{},"url":"/profile"},"timestamp":"2024-05-31 22:10:10"}
{"level":"info","message":{"body":"","method":"GET","params":{},"query":{},"url":"/profile"},"timestamp":"2024-05-31 22:10:11"}
{"level":"info","message":{"body":"","method":"GET","params":{},"query":{},"url":"/profile"},"timestamp":"2024-05-31 22:10:11"}
{"level":"info","message":{"body":"","method":"GET","params":{},"query":{},"url":"/profile"},"timestamp":"2024-05-31 22:10:11"}
{"level":"info","message":{"body":"","method":"GET","params":{},"query":{},"url":"/profile"},"timestamp":"2024-05-31 22:10:18"}
{"level":"info","message":{"body":"","method":"GET","params":{},"query":{},"url":"/profile"},"timestamp":"2024-05-31 22:10:18"}
{"level":"info","message":{"body":"","method":"GET","params":{},"query":{},"url":"/profile"},"timestamp":"2024-05-31 22:10:18"}
{"level":"info","message":{"body":"","method":"GET","params":{},"query":{},"url":"/profile"},"timestamp":"2024-05-31 22:10:18"}
{"level":"info","message":{"body":"","method":"GET","params":{},"query":{},"url":"/profile"},"timestamp":"2024-05-31 22:10:22"}
{"level":"info","message":{"body":"","method":"GET","params":{},"query":{},"url":"/profile"},"timestamp":"2024-05-31 22:10:22"}
{"level":"info","message":{"body":"","method":"GET","params":{},"query":{},"url":"/profile"},"timestamp":"2024-05-31 22:10:22"}
{"level":"info","message":{"body":"","method":"GET","params":{},"query":{},"url":"/profile"},"timestamp":"2024-05-31 22:10:22"}
{"level":"info","message":{"body":"","method":"GET","params":{},"query":{},"url":"/profile"},"timestamp":"2024-05-31 22:10:25"}
{"level":"info","message":{"body":"","method":"GET","params":{},"query":{},"url":"/profile"},"timestamp":"2024-05-31 22:10:26"}
{"level":"info","message":{"body":"","method":"GET","params":{},"query":{},"url":"/profile"},"timestamp":"2024-05-31 22:10:26"}
{"level":"info","message":{"body":"","method":"GET","params":{},"query":{},"url":"/profile"},"timestamp":"2024-05-31 22:10:26"}
{"level":"info","message":{"body":"","method":"GET","params":{},"query":{},"url":"/profile"},"timestamp":"2024-05-31 22:10:30"}
{"level":"info","message":{"body":"","method":"GET","params":{},"query":{},"url":"/profile"},"timestamp":"2024-05-31 22:10:30"}
{"level":"info","message":{"body":"","method":"GET","params":{},"query":{},"url":"/profile"},"timestamp":"2024-05-31 22:10:30"}
{"level":"info","message":{"body":"","method":"GET","params":{},"query":{},"url":"/profile"},"timestamp":"2024-05-31 22:10:30"}
{"level":"info","message":{"body":"","method":"GET","params":{},"query":{},"url":"/profile"},"timestamp":"2024-05-31 22:12:09"}
{"level":"info","message":{"body":"","method":"GET","params":{},"query":{},"url":"/profile"},"timestamp":"2024-05-31 22:12:10"}
{"level":"info","message":{"body":"","method":"GET","params":{},"query":{},"url":"/profile"},"timestamp":"2024-05-31 22:12:10"}
{"level":"info","message":{"body":"","method":"GET","params":{},"query":{},"url":"/profile"},"timestamp":"2024-05-31 22:12:10"}
{"level":"info","message":{"body":"","method":"GET","params":{},"query":{},"url":"/profile"},"timestamp":"2024-05-31 22:13:46"}
{"level":"info","message":{"body":"","method":"GET","params":{},"query":{},"url":"/profile"},"timestamp":"2024-05-31 22:13:46"}
{"level":"info","message":{"body":"","method":"GET","params":{},"query":{},"url":"/profile"},"timestamp":"2024-05-31 22:13:46"}
{"level":"info","message":{"body":"","method":"GET","params":{},"query":{},"url":"/profile"},"timestamp":"2024-05-31 22:13:47"}
{"level":"info","message":{"body":"","method":"GET","params":{},"query":{},"url":"/profile"},"timestamp":"2024-05-31 22:27:41"}
{"level":"info","message":{"body":"","method":"GET","params":{},"query":{},"url":"/profile"},"timestamp":"2024-05-31 22:27:42"}
{"level":"info","message":{"body":"","method":"GET","params":{},"query":{},"url":"/profile"},"timestamp":"2024-05-31 22:27:42"}
{"level":"info","message":{"body":"","method":"GET","params":{},"query":{},"url":"/profile"},"timestamp":"2024-05-31 22:27:42"}
{"level":"info","message":{"body":"","method":"PUT","params":{},"query":"","url":"/user/update"},"timestamp":"2024-05-31 22:33:29"}
{"level":"error","message":{"body":"","error":"\"personId\" is not allowed to be empty","method":"PUT","params":{},"query":"","url":"/user/update"},"timestamp":"2024-05-31 22:33:29"}
{"level":"info","message":{"body":"","method":"PUT","params":{},"query":"","url":"/profile/id/"},"timestamp":"2024-05-31 22:33:29"}
{"level":"error","message":{"body":"","error":"Not found","method":"PUT","params":{},"query":"","url":"/profile/id/"},"timestamp":"2024-05-31 22:33:29"}
{"level":"info","message":{"body":"","method":"PUT","params":{},"query":"","url":"/profile/id/"},"timestamp":"2024-05-31 22:33:32"}
{"level":"error","message":{"body":"","error":"Not found","method":"PUT","params":{},"query":"","url":"/profile/id/"},"timestamp":"2024-05-31 22:33:32"}
{"level":"info","message":{"body":"","method":"PUT","params":{},"query":"","url":"/user/update"},"timestamp":"2024-05-31 22:33:32"}
{"level":"error","message":{"body":"","error":"\"personId\" is not allowed to be empty","method":"PUT","params":{},"query":"","url":"/user/update"},"timestamp":"2024-05-31 22:33:32"}
{"level":"info","message":{"body":"","method":"PUT","params":{},"query":"","url":"/profile/id/"},"timestamp":"2024-05-31 22:33:33"}
{"level":"error","message":{"body":"","error":"Not found","method":"PUT","params":{},"query":"","url":"/profile/id/"},"timestamp":"2024-05-31 22:33:33"}
{"level":"info","message":{"body":"","method":"PUT","params":{},"query":"","url":"/user/update"},"timestamp":"2024-05-31 22:33:33"}
{"level":"error","message":{"body":"","error":"\"personId\" is not allowed to be empty","method":"PUT","params":{},"query":"","url":"/user/update"},"timestamp":"2024-05-31 22:33:33"}
{"level":"info","message":{"body":{"email":"Katherine@gmail.com","password":"nicol12345"},"method":"POST","params":"","query":"","url":"/user/validate"},"timestamp":"2024-05-31 22:34:15"}
{"level":"info","message":{"body":{"email":"Katherine@gmail.com","password":"nicol12345"},"method":"POST","params":"","query":"","url":"/user/validate"},"timestamp":"2024-05-31 22:34:16"}
{"level":"info","message":{"body":"","method":"GET","params":{},"query":{},"url":"/profile"},"timestamp":"2024-05-31 22:34:16"}
{"level":"info","message":{"body":"","method":"GET","params":{},"query":{},"url":"/profile"},"timestamp":"2024-05-31 22:34:16"}
{"level":"info","message":{"body":"","method":"GET","params":{},"query":{},"url":"/profile"},"timestamp":"2024-05-31 22:34:16"}
{"level":"info","message":{"body":"","method":"GET","params":{},"query":{},"url":"/profile"},"timestamp":"2024-05-31 22:34:16"}
{"level":"info","message":{"body":"","method":"GET","params":{},"query":{},"url":"/profile"},"timestamp":"2024-05-31 22:34:16"}
{"level":"info","message":{"body":"","method":"GET","params":{},"query":{},"url":"/profile"},"timestamp":"2024-05-31 22:34:16"}
{"level":"info","message":{"body":"","method":"GET","params":{},"query":{},"url":"/profile"},"timestamp":"2024-05-31 22:34:16"}
{"level":"info","message":{"body":"","method":"GET","params":{},"query":{},"url":"/profile"},"timestamp":"2024-05-31 22:34:16"}
{"level":"info","message":{"body":"","method":"GET","params":{},"query":{},"url":"/profile"},"timestamp":"2024-05-31 22:37:47"}
{"level":"info","message":{"body":"","method":"GET","params":{},"query":{},"url":"/profile"},"timestamp":"2024-05-31 22:37:48"}
{"level":"info","message":{"body":"","method":"GET","params":{},"query":{},"url":"/profile"},"timestamp":"2024-05-31 22:37:48"}
{"level":"info","message":{"body":"","method":"GET","params":{},"query":{},"url":"/profile"},"timestamp":"2024-05-31 22:37:48"}
{"level":"info","message":{"body":"","method":"GET","params":{},"query":{},"url":"/profile"},"timestamp":"2024-05-31 22:37:56"}
{"level":"info","message":{"body":"","method":"GET","params":{},"query":{},"url":"/profile"},"timestamp":"2024-05-31 22:37:56"}
{"level":"info","message":{"body":"","method":"GET","params":{},"query":{},"url":"/profile"},"timestamp":"2024-05-31 22:37:56"}
{"level":"info","message":{"body":"","method":"GET","params":{},"query":{},"url":"/profile"},"timestamp":"2024-05-31 22:37:56"}
{"level":"info","message":{"body":"","method":"GET","params":{},"query":{},"url":"/profile"},"timestamp":"2024-05-31 22:39:16"}
{"level":"info","message":{"body":"","method":"GET","params":{},"query":{},"url":"/profile"},"timestamp":"2024-05-31 22:39:17"}
{"level":"info","message":{"body":"","method":"GET","params":{},"query":{},"url":"/profile"},"timestamp":"2024-05-31 22:39:17"}
{"level":"info","message":{"body":"","method":"GET","params":{},"query":{},"url":"/profile"},"timestamp":"2024-05-31 22:39:17"}
{"level":"info","message":{"body":"","method":"GET","params":{},"query":{},"url":"/profile"},"timestamp":"2024-05-31 22:39:29"}
{"level":"info","message":{"body":"","method":"GET","params":{},"query":{},"url":"/profile"},"timestamp":"2024-05-31 22:39:30"}
{"level":"info","message":{"body":"","method":"GET","params":{},"query":{},"url":"/profile"},"timestamp":"2024-05-31 22:39:30"}
{"level":"info","message":{"body":"","method":"GET","params":{},"query":{},"url":"/profile"},"timestamp":"2024-05-31 22:39:30"}
{"level":"info","message":{"body":"","method":"GET","params":{},"query":{},"url":"/profile"},"timestamp":"2024-05-31 22:41:33"}
{"level":"info","message":{"body":"","method":"GET","params":{},"query":{},"url":"/profile"},"timestamp":"2024-05-31 22:41:34"}
{"level":"info","message":{"body":"","method":"GET","params":{},"query":{},"url":"/profile"},"timestamp":"2024-05-31 22:41:34"}
{"level":"info","message":{"body":"","method":"GET","params":{},"query":{},"url":"/profile"},"timestamp":"2024-05-31 22:41:34"}
{"level":"info","message":{"body":"","method":"GET","params":{},"query":{},"url":"/profile"},"timestamp":"2024-05-31 22:42:17"}
{"level":"info","message":{"body":"","method":"GET","params":{},"query":{},"url":"/profile"},"timestamp":"2024-05-31 22:42:18"}
{"level":"info","message":{"body":"","method":"GET","params":{},"query":{},"url":"/profile"},"timestamp":"2024-05-31 22:42:18"}
{"level":"info","message":{"body":"","method":"GET","params":{},"query":{},"url":"/profile"},"timestamp":"2024-05-31 22:42:18"}
{"level":"info","message":{"body":"","method":"GET","params":{},"query":{},"url":"/profile"},"timestamp":"2024-05-31 22:42:24"}
{"level":"info","message":{"body":"","method":"GET","params":{},"query":{},"url":"/profile"},"timestamp":"2024-05-31 22:42:24"}
{"level":"info","message":{"body":"","method":"GET","params":{},"query":{},"url":"/profile"},"timestamp":"2024-05-31 22:42:24"}
{"level":"info","message":{"body":"","method":"GET","params":{},"query":{},"url":"/profile"},"timestamp":"2024-05-31 22:42:24"}
{"level":"info","message":{"body":"","method":"GET","params":{},"query":{},"url":"/profile"},"timestamp":"2024-05-31 22:43:38"}
{"level":"info","message":{"body":"","method":"GET","params":{},"query":{},"url":"/profile"},"timestamp":"2024-05-31 22:43:38"}
{"level":"info","message":{"body":"","method":"GET","params":{},"query":{},"url":"/profile"},"timestamp":"2024-05-31 22:43:38"}
{"level":"info","message":{"body":"","method":"GET","params":{},"query":{},"url":"/profile"},"timestamp":"2024-05-31 22:43:39"}
{"level":"info","message":{"body":"","method":"GET","params":{},"query":{},"url":"/profile"},"timestamp":"2024-05-31 22:44:22"}
{"level":"info","message":{"body":"","method":"GET","params":{},"query":{},"url":"/profile"},"timestamp":"2024-05-31 22:44:22"}
{"level":"info","message":{"body":"","method":"GET","params":{},"query":{},"url":"/profile"},"timestamp":"2024-05-31 22:44:22"}
{"level":"info","message":{"body":"","method":"GET","params":{},"query":{},"url":"/profile"},"timestamp":"2024-05-31 22:44:23"}
{"level":"info","message":{"body":"","method":"GET","params":{},"query":{},"url":"/profile"},"timestamp":"2024-05-31 22:44:43"}
{"level":"info","message":{"body":"","method":"GET","params":{},"query":{},"url":"/profile"},"timestamp":"2024-05-31 22:44:44"}
{"level":"info","message":{"body":"","method":"GET","params":{},"query":{},"url":"/profile"},"timestamp":"2024-05-31 22:44:44"}
{"level":"info","message":{"body":"","method":"GET","params":{},"query":{},"url":"/profile"},"timestamp":"2024-05-31 22:44:44"}
{"level":"info","message":{"body":"","method":"GET","params":{},"query":{},"url":"/profile"},"timestamp":"2024-05-31 22:44:58"}
{"level":"info","message":{"body":"","method":"GET","params":{},"query":{},"url":"/profile"},"timestamp":"2024-05-31 22:44:59"}
{"level":"info","message":{"body":"","method":"GET","params":{},"query":{},"url":"/profile"},"timestamp":"2024-05-31 22:44:59"}
{"level":"info","message":{"body":"","method":"GET","params":{},"query":{},"url":"/profile"},"timestamp":"2024-05-31 22:44:59"}
{"level":"info","message":{"body":"","method":"GET","params":{},"query":{},"url":"/profile"},"timestamp":"2024-05-31 22:45:25"}
{"level":"info","message":{"body":"","method":"GET","params":{},"query":{},"url":"/profile"},"timestamp":"2024-05-31 22:45:26"}
{"level":"info","message":{"body":"","method":"GET","params":{},"query":{},"url":"/profile"},"timestamp":"2024-05-31 22:45:26"}
{"level":"info","message":{"body":"","method":"GET","params":{},"query":{},"url":"/profile"},"timestamp":"2024-05-31 22:45:26"}
{"level":"info","message":{"body":"","method":"GET","params":{},"query":{},"url":"/profile"},"timestamp":"2024-05-31 22:45:45"}
{"level":"info","message":{"body":"","method":"GET","params":{},"query":{},"url":"/profile"},"timestamp":"2024-05-31 22:45:46"}
{"level":"info","message":{"body":"","method":"GET","params":{},"query":{},"url":"/profile"},"timestamp":"2024-05-31 22:45:46"}
{"level":"info","message":{"body":"","method":"GET","params":{},"query":{},"url":"/profile"},"timestamp":"2024-05-31 22:45:46"}
{"level":"info","message":{"body":"","method":"GET","params":{},"query":{},"url":"/profile"},"timestamp":"2024-05-31 22:49:36"}
{"level":"info","message":{"body":"","method":"GET","params":{},"query":{},"url":"/profile"},"timestamp":"2024-05-31 22:49:37"}
{"level":"info","message":{"body":"","method":"GET","params":{},"query":{},"url":"/profile"},"timestamp":"2024-05-31 22:49:37"}
{"level":"info","message":{"body":"","method":"GET","params":{},"query":{},"url":"/profile"},"timestamp":"2024-05-31 22:49:37"}
{"level":"info","message":{"body":"","method":"GET","params":{},"query":{},"url":"/profile"},"timestamp":"2024-05-31 22:50:18"}
{"level":"info","message":{"body":"","method":"GET","params":{},"query":{},"url":"/profile"},"timestamp":"2024-05-31 22:50:19"}
{"level":"info","message":{"body":"","method":"GET","params":{},"query":{},"url":"/profile"},"timestamp":"2024-05-31 22:50:19"}
{"level":"info","message":{"body":"","method":"GET","params":{},"query":{},"url":"/profile"},"timestamp":"2024-05-31 22:50:19"}
{"level":"info","message":{"body":"","method":"GET","params":{},"query":{},"url":"/profile"},"timestamp":"2024-05-31 22:50:42"}
{"level":"info","message":{"body":"","method":"GET","params":{},"query":{},"url":"/profile"},"timestamp":"2024-05-31 22:50:43"}
{"level":"info","message":{"body":"","method":"GET","params":{},"query":{},"url":"/profile"},"timestamp":"2024-05-31 22:50:43"}
{"level":"info","message":{"body":"","method":"GET","params":{},"query":{},"url":"/profile"},"timestamp":"2024-05-31 22:50:43"}
{"level":"info","message":{"body":"","method":"GET","params":{},"query":{},"url":"/profile"},"timestamp":"2024-05-31 22:51:03"}
{"level":"info","message":{"body":"","method":"GET","params":{},"query":{},"url":"/profile"},"timestamp":"2024-05-31 22:51:04"}
{"level":"info","message":{"body":"","method":"GET","params":{},"query":{},"url":"/profile"},"timestamp":"2024-05-31 22:51:04"}
{"level":"info","message":{"body":"","method":"GET","params":{},"query":{},"url":"/profile"},"timestamp":"2024-05-31 22:51:04"}
{"level":"info","message":{"body":"","method":"GET","params":{},"query":{},"url":"/profile"},"timestamp":"2024-05-31 22:51:09"}
{"level":"info","message":{"body":"","method":"GET","params":{},"query":{},"url":"/profile"},"timestamp":"2024-05-31 22:51:09"}
{"level":"info","message":{"body":"","method":"GET","params":{},"query":{},"url":"/profile"},"timestamp":"2024-05-31 22:51:09"}
{"level":"info","message":{"body":"","method":"GET","params":{},"query":{},"url":"/profile"},"timestamp":"2024-05-31 22:51:09"}
{"level":"info","message":{"body":"","method":"GET","params":{},"query":{},"url":"/profile"},"timestamp":"2024-05-31 22:51:17"}
{"level":"info","message":{"body":"","method":"GET","params":{},"query":{},"url":"/profile"},"timestamp":"2024-05-31 22:51:17"}
{"level":"info","message":{"body":"","method":"GET","params":{},"query":{},"url":"/profile"},"timestamp":"2024-05-31 22:51:17"}
{"level":"info","message":{"body":"","method":"GET","params":{},"query":{},"url":"/profile"},"timestamp":"2024-05-31 22:51:17"}
{"level":"info","message":{"body":"","method":"GET","params":{},"query":{},"url":"/profile"},"timestamp":"2024-05-31 22:52:59"}
{"level":"info","message":{"body":"","method":"GET","params":{},"query":{},"url":"/profile"},"timestamp":"2024-05-31 22:53:00"}
{"level":"info","message":{"body":"","method":"GET","params":{},"query":{},"url":"/profile"},"timestamp":"2024-05-31 22:53:00"}
{"level":"info","message":{"body":"","method":"GET","params":{},"query":{},"url":"/profile"},"timestamp":"2024-05-31 22:53:00"}
{"level":"info","message":{"body":"","method":"GET","params":{},"query":{},"url":"/profile"},"timestamp":"2024-05-31 22:55:13"}
{"level":"info","message":{"body":"","method":"GET","params":{},"query":{},"url":"/profile"},"timestamp":"2024-05-31 22:55:14"}
{"level":"info","message":{"body":"","method":"GET","params":{},"query":{},"url":"/profile"},"timestamp":"2024-05-31 22:55:14"}
{"level":"info","message":{"body":"","method":"GET","params":{},"query":{},"url":"/profile"},"timestamp":"2024-05-31 22:55:14"}
{"level":"info","message":{"body":"","method":"GET","params":{},"query":{},"url":"/profile"},"timestamp":"2024-05-31 22:55:52"}
{"level":"info","message":{"body":"","method":"GET","params":{},"query":{},"url":"/profile"},"timestamp":"2024-05-31 22:55:52"}
{"level":"info","message":{"body":"","method":"GET","params":{},"query":{},"url":"/profile"},"timestamp":"2024-05-31 22:55:52"}
{"level":"info","message":{"body":"","method":"GET","params":{},"query":{},"url":"/profile"},"timestamp":"2024-05-31 22:55:52"}
{"level":"info","message":{"body":"","method":"GET","params":{},"query":{},"url":"/profile"},"timestamp":"2024-05-31 22:55:57"}
{"level":"info","message":{"body":"","method":"GET","params":{},"query":{},"url":"/profile"},"timestamp":"2024-05-31 22:55:57"}
{"level":"info","message":{"body":"","method":"GET","params":{},"query":{},"url":"/profile"},"timestamp":"2024-05-31 22:55:57"}
{"level":"info","message":{"body":"","method":"GET","params":{},"query":{},"url":"/profile"},"timestamp":"2024-05-31 22:55:57"}
{"level":"info","message":{"body":"","method":"GET","params":{},"query":{},"url":"/profile"},"timestamp":"2024-05-31 22:56:21"}
{"level":"info","message":{"body":"","method":"GET","params":{},"query":{},"url":"/profile"},"timestamp":"2024-05-31 22:56:21"}
{"level":"info","message":{"body":"","method":"GET","params":{},"query":{},"url":"/profile"},"timestamp":"2024-05-31 22:56:21"}
{"level":"info","message":{"body":"","method":"GET","params":{},"query":{},"url":"/profile"},"timestamp":"2024-05-31 22:56:22"}
{"level":"info","message":{"body":"","method":"GET","params":{},"query":{},"url":"/profile"},"timestamp":"2024-05-31 22:56:29"}
{"level":"info","message":{"body":"","method":"GET","params":{},"query":{},"url":"/profile"},"timestamp":"2024-05-31 22:56:29"}
{"level":"info","message":{"body":"","method":"GET","params":{},"query":{},"url":"/profile"},"timestamp":"2024-05-31 22:56:29"}
{"level":"info","message":{"body":"","method":"GET","params":{},"query":{},"url":"/profile"},"timestamp":"2024-05-31 22:56:29"}
{"level":"info","message":{"body":"","method":"GET","params":{},"query":{},"url":"/profile"},"timestamp":"2024-05-31 22:59:06"}
{"level":"info","message":{"body":"","method":"GET","params":{},"query":{},"url":"/profile"},"timestamp":"2024-05-31 22:59:07"}
{"level":"info","message":{"body":"","method":"GET","params":{},"query":{},"url":"/profile"},"timestamp":"2024-05-31 22:59:07"}
{"level":"info","message":{"body":"","method":"GET","params":{},"query":{},"url":"/profile"},"timestamp":"2024-05-31 22:59:07"}
{"level":"info","message":{"body":"","method":"GET","params":{},"query":{},"url":"/profile"},"timestamp":"2024-05-31 23:06:02"}
{"level":"info","message":{"body":"","method":"GET","params":{},"query":{},"url":"/profile"},"timestamp":"2024-05-31 23:06:03"}
{"level":"info","message":{"body":"","method":"GET","params":{},"query":{},"url":"/profile"},"timestamp":"2024-05-31 23:06:03"}
{"level":"info","message":{"body":"","method":"GET","params":{},"query":{},"url":"/profile"},"timestamp":"2024-05-31 23:06:03"}
{"level":"info","message":{"body":"","method":"GET","params":{},"query":{},"url":"/profile"},"timestamp":"2024-05-31 23:07:15"}
{"level":"info","message":{"body":"","method":"GET","params":{},"query":{},"url":"/profile"},"timestamp":"2024-05-31 23:07:16"}
{"level":"info","message":{"body":"","method":"GET","params":{},"query":{},"url":"/profile"},"timestamp":"2024-05-31 23:07:16"}
{"level":"info","message":{"body":"","method":"GET","params":{},"query":{},"url":"/profile"},"timestamp":"2024-05-31 23:07:16"}
{"level":"info","message":{"body":"","method":"GET","params":{},"query":{},"url":"/profile"},"timestamp":"2024-05-31 23:07:16"}
{"level":"info","message":{"body":"","method":"GET","params":{},"query":{},"url":"/profile"},"timestamp":"2024-05-31 23:07:16"}
{"level":"info","message":{"body":"","method":"GET","params":{},"query":{},"url":"/profile"},"timestamp":"2024-05-31 23:07:16"}
{"level":"info","message":{"body":"","method":"GET","params":{},"query":{},"url":"/profile"},"timestamp":"2024-05-31 23:07:16"}
{"level":"info","message":{"body":"","method":"GET","params":{},"query":{},"url":"/profile"},"timestamp":"2024-05-31 23:11:18"}
{"level":"info","message":{"body":"","method":"GET","params":{},"query":{},"url":"/profile"},"timestamp":"2024-05-31 23:11:19"}
{"level":"info","message":{"body":"","method":"GET","params":{},"query":{},"url":"/profile"},"timestamp":"2024-05-31 23:11:19"}
{"level":"info","message":{"body":"","method":"GET","params":{},"query":{},"url":"/profile"},"timestamp":"2024-05-31 23:11:19"}
{"level":"info","message":{"body":"","method":"GET","params":{},"query":{},"url":"/profile"},"timestamp":"2024-05-31 23:14:35"}
{"level":"info","message":{"body":"","method":"GET","params":{},"query":{},"url":"/profile"},"timestamp":"2024-05-31 23:14:36"}
{"level":"info","message":{"body":"","method":"GET","params":{},"query":{},"url":"/profile"},"timestamp":"2024-05-31 23:14:36"}
{"level":"info","message":{"body":"","method":"GET","params":{},"query":{},"url":"/profile"},"timestamp":"2024-05-31 23:14:36"}
{"level":"info","message":{"body":"","method":"GET","params":{},"query":{},"url":"/profile"},"timestamp":"2024-05-31 23:14:47"}
{"level":"info","message":{"body":"","method":"GET","params":{},"query":{},"url":"/profile"},"timestamp":"2024-05-31 23:14:48"}
{"level":"info","message":{"body":"","method":"GET","params":{},"query":{},"url":"/profile"},"timestamp":"2024-05-31 23:14:48"}
{"level":"info","message":{"body":"","method":"GET","params":{},"query":{},"url":"/profile"},"timestamp":"2024-05-31 23:14:48"}
{"level":"info","message":{"body":"","method":"GET","params":{},"query":{},"url":"/profile"},"timestamp":"2024-05-31 23:14:57"}
{"level":"info","message":{"body":"","method":"GET","params":{},"query":{},"url":"/profile"},"timestamp":"2024-05-31 23:14:57"}
{"level":"info","message":{"body":"","method":"GET","params":{},"query":{},"url":"/profile"},"timestamp":"2024-05-31 23:14:57"}
{"level":"info","message":{"body":"","method":"GET","params":{},"query":{},"url":"/profile"},"timestamp":"2024-05-31 23:14:58"}
{"level":"info","message":{"body":"","method":"GET","params":{},"query":{},"url":"/profile"},"timestamp":"2024-05-31 23:15:05"}
{"level":"info","message":{"body":"","method":"GET","params":{},"query":{},"url":"/profile"},"timestamp":"2024-05-31 23:15:06"}
{"level":"info","message":{"body":"","method":"GET","params":{},"query":{},"url":"/profile"},"timestamp":"2024-05-31 23:15:06"}
{"level":"info","message":{"body":"","method":"GET","params":{},"query":{},"url":"/profile"},"timestamp":"2024-05-31 23:15:06"}
{"level":"info","message":{"body":"","method":"GET","params":{},"query":{},"url":"/profile"},"timestamp":"2024-05-31 23:15:14"}
{"level":"info","message":{"body":"","method":"GET","params":{},"query":{},"url":"/profile"},"timestamp":"2024-05-31 23:15:15"}
{"level":"info","message":{"body":"","method":"GET","params":{},"query":{},"url":"/profile"},"timestamp":"2024-05-31 23:15:15"}
{"level":"info","message":{"body":"","method":"GET","params":{},"query":{},"url":"/profile"},"timestamp":"2024-05-31 23:15:15"}
{"level":"info","message":{"body":"","method":"GET","params":{},"query":{},"url":"/profile"},"timestamp":"2024-05-31 23:19:33"}
{"level":"info","message":{"body":"","method":"GET","params":{},"query":{},"url":"/profile"},"timestamp":"2024-05-31 23:19:34"}
{"level":"info","message":{"body":"","method":"GET","params":{},"query":{},"url":"/profile"},"timestamp":"2024-05-31 23:19:34"}
{"level":"info","message":{"body":"","method":"GET","params":{},"query":{},"url":"/profile"},"timestamp":"2024-05-31 23:19:34"}
{"level":"info","message":{"body":"","method":"GET","params":{},"query":{},"url":"/profile"},"timestamp":"2024-05-31 23:19:41"}
{"level":"info","message":{"body":"","method":"GET","params":{},"query":{},"url":"/profile"},"timestamp":"2024-05-31 23:19:41"}
{"level":"info","message":{"body":"","method":"GET","params":{},"query":{},"url":"/profile"},"timestamp":"2024-05-31 23:19:41"}
{"level":"info","message":{"body":"","method":"GET","params":{},"query":{},"url":"/profile"},"timestamp":"2024-05-31 23:19:41"}
{"level":"info","message":{"body":"","method":"GET","params":{},"query":{},"url":"/profile"},"timestamp":"2024-05-31 23:22:22"}
{"level":"info","message":{"body":"","method":"GET","params":{},"query":{},"url":"/profile"},"timestamp":"2024-05-31 23:22:23"}
{"level":"info","message":{"body":"","method":"GET","params":{},"query":{},"url":"/profile"},"timestamp":"2024-05-31 23:22:23"}
{"level":"info","message":{"body":"","method":"GET","params":{},"query":{},"url":"/profile"},"timestamp":"2024-05-31 23:22:23"}
{"level":"info","message":{"body":"","method":"GET","params":{},"query":{},"url":"/profile"},"timestamp":"2024-05-31 23:23:28"}
{"level":"info","message":{"body":"","method":"GET","params":{},"query":{},"url":"/profile"},"timestamp":"2024-05-31 23:23:28"}
{"level":"info","message":{"body":"","method":"GET","params":{},"query":{},"url":"/profile"},"timestamp":"2024-05-31 23:23:28"}
{"level":"info","message":{"body":"","method":"GET","params":{},"query":{},"url":"/profile"},"timestamp":"2024-05-31 23:23:28"}
