
{"level":"info","message":{"body":{"email":"nicole@gmail.com","password":"niko1234"},"method":"POST","params":"","query":"","url":"/user/validate"},"timestamp":"2024-06-04 20:10:42"}
{"level":"info","message":{"body":{"email":"nicole@gmail.com","password":"niko1234"},"method":"POST","params":"","query":"","url":"/user/validate"},"timestamp":"2024-06-04 20:10:42"}
{"level":"info","message":{"body":{"email":"nicole@gmail.com","password":"niko1234"},"method":"POST","params":"","query":"","url":"/user/validate"},"timestamp":"2024-06-04 20:32:27"}
{"level":"info","message":{"body":{"email":"nicole@gmail.com","password":"niko1234"},"method":"POST","params":"","query":"","url":"/user/validate"},"timestamp":"2024-06-04 20:32:27"}
{"level":"info","message":{"body":"","method":"GET","params":{},"query":{},"url":"/profile/id_person/78fc515c-c837-49dd-9b15-bb1ea9b916ea"},"timestamp":"2024-06-04 20:55:58"}
{"level":"info","message":{"body":"","method":"GET","params":{},"query":{},"url":"/profile"},"timestamp":"2024-06-04 20:55:58"}
{"level":"info","message":{"body":"","method":"GET","params":{"id_person":"78fc515c-c837-49dd-9b15-bb1ea9b916ea"},"query":{},"url":"/profile/id_person/78fc515c-c837-49dd-9b15-bb1ea9b916ea"},"timestamp":"2024-06-04 20:55:59"}
{"level":"info","message":{"body":"","method":"GET","params":{},"query":{},"url":"/profile"},"timestamp":"2024-06-04 20:55:59"}
{"level":"info","message":{"body":"","method":"GET","params":{},"query":{},"url":"/profile"},"timestamp":"2024-06-04 20:55:59"}
{"level":"info","message":{"body":"","method":"GET","params":{},"query":{},"url":"/profile/id_person/78fc515c-c837-49dd-9b15-bb1ea9b916ea"},"timestamp":"2024-06-04 20:55:59"}
{"level":"info","message":{"body":"","method":"GET","params":{"id_person":"78fc515c-c837-49dd-9b15-bb1ea9b916ea"},"query":{},"url":"/profile/id_person/78fc515c-c837-49dd-9b15-bb1ea9b916ea"},"timestamp":"2024-06-04 20:55:59"}
{"level":"info","message":{"body":"","method":"GET","params":{},"query":{},"url":"/profile"},"timestamp":"2024-06-04 20:55:59"}
{"level":"info","message":{"body":"","method":"GET","params":{},"query":{},"url":"/profile"},"timestamp":"2024-06-04 20:55:59"}
{"level":"info","message":{"body":"","method":"GET","params":{},"query":{},"url":"/profile"},"timestamp":"2024-06-04 20:55:59"}
{"level":"info","message":{"body":"","method":"GET","params":{},"query":{},"url":"/profile"},"timestamp":"2024-06-04 20:55:59"}
{"level":"info","message":{"body":"","method":"GET","params":{},"query":{},"url":"/profile"},"timestamp":"2024-06-04 20:56:00"}
{"level":"info","message":{"body":"","method":"GET","params":{},"query":{},"url":"/profile/id_person/78fc515c-c837-49dd-9b15-bb1ea9b916ea"},"timestamp":"2024-06-04 21:19:16"}
{"level":"info","message":{"body":"","method":"GET","params":{},"query":{},"url":"/profile"},"timestamp":"2024-06-04 21:19:16"}
{"level":"info","message":{"body":"","method":"GET","params":{"id_person":"78fc515c-c837-49dd-9b15-bb1ea9b916ea"},"query":{},"url":"/profile/id_person/78fc515c-c837-49dd-9b15-bb1ea9b916ea"},"timestamp":"2024-06-04 21:19:17"}
{"level":"info","message":{"body":"","method":"GET","params":{},"query":{},"url":"/profile"},"timestamp":"2024-06-04 21:19:17"}
{"level":"info","message":{"body":"","method":"GET","params":{},"query":{},"url":"/profile/id_person/78fc515c-c837-49dd-9b15-bb1ea9b916ea"},"timestamp":"2024-06-04 21:19:17"}
{"level":"info","message":{"body":"","method":"GET","params":{},"query":{},"url":"/profile"},"timestamp":"2024-06-04 21:19:17"}
{"level":"info","message":{"body":"","method":"GET","params":{"id_person":"78fc515c-c837-49dd-9b15-bb1ea9b916ea"},"query":{},"url":"/profile/id_person/78fc515c-c837-49dd-9b15-bb1ea9b916ea"},"timestamp":"2024-06-04 21:19:17"}
{"level":"info","message":{"body":"","method":"GET","params":{},"query":{},"url":"/profile"},"timestamp":"2024-06-04 21:19:17"}
{"level":"info","message":{"body":"","method":"GET","params":{},"query":{},"url":"/profile/id_person/78fc515c-c837-49dd-9b15-bb1ea9b916ea"},"timestamp":"2024-06-04 23:08:23"}
{"level":"info","message":{"body":"","method":"GET","params":{},"query":{},"url":"/profile"},"timestamp":"2024-06-04 23:08:23"}
{"level":"info","message":{"body":"","method":"GET","params":{"id_person":"78fc515c-c837-49dd-9b15-bb1ea9b916ea"},"query":{},"url":"/profile/id_person/78fc515c-c837-49dd-9b15-bb1ea9b916ea"},"timestamp":"2024-06-04 23:08:23"}
{"level":"info","message":{"body":"","method":"GET","params":{},"query":{},"url":"/profile"},"timestamp":"2024-06-04 23:08:23"}
{"level":"info","message":{"body":"","method":"GET","params":{},"query":{},"url":"/profile/id_person/78fc515c-c837-49dd-9b15-bb1ea9b916ea"},"timestamp":"2024-06-04 23:08:23"}
{"level":"info","message":{"body":"","method":"GET","params":{},"query":{},"url":"/profile"},"timestamp":"2024-06-04 23:08:23"}
{"level":"info","message":{"body":"","method":"GET","params":{"id_person":"78fc515c-c837-49dd-9b15-bb1ea9b916ea"},"query":{},"url":"/profile/id_person/78fc515c-c837-49dd-9b15-bb1ea9b916ea"},"timestamp":"2024-06-04 23:08:23"}
{"level":"info","message":{"body":"","method":"GET","params":{},"query":{},"url":"/profile"},"timestamp":"2024-06-04 23:08:24"}
{"level":"info","message":{"body":"","method":"GET","params":{},"query":{},"url":"/topic/"},"timestamp":"2024-06-04 21:33:53"}
{"level":"info","message":{"body":"","method":"GET","params":{},"query":{},"url":"/topic/"},"timestamp":"2024-06-04 21:33:54"}
{"level":"info","message":{"body":"","method":"GET","params":{},"query":{},"url":"/categoryInterest/id/ae789f63-c621-4a47-9c9a-394ae69b704b"},"timestamp":"2024-06-04 21:47:28"}
{"level":"info","message":{"body":"","method":"GET","params":{"id":"ae789f63-c621-4a47-9c9a-394ae69b704b"},"query":{},"url":"/categoryInterest/id/ae789f63-c621-4a47-9c9a-394ae69b704b"},"timestamp":"2024-06-04 21:47:28"}

