{"level":"info","message":{"body":"","method":"GET","params":{},"query":{},"url":"/user/"},"timestamp":"2024-05-21 22:19:00"}
{"level":"info","message":{"body":"","method":"GET","params":{},"query":{},"url":"/user/"},"timestamp":"2024-05-21 22:19:00"}
{"level":"info","message":{"body":"","method":"GET","params":{},"query":{},"url":"/image/"},"timestamp":"2024-05-21 22:19:12"}
{"level":"error","message":{"body":"","error":"Not found","method":"GET","params":{},"query":{},"url":"/image/"},"timestamp":"2024-05-21 22:19:12"}
{"level":"info","message":{"body":"","method":"GET","params":{},"query":{},"url":"/image/search"},"timestamp":"2024-05-21 22:20:05"}
{"level":"error","message":{"body":"","error":"relation \"image\" does not exist","method":"GET","params":{},"query":{},"url":"/image/search"},"timestamp":"2024-05-21 22:20:06"}
{"level":"info","message":{"body":"","method":"GET","params":{},"query":{},"url":"/image/search"},"timestamp":"2024-05-21 22:21:34"}
{"level":"info","message":{"body":"","method":"GET","params":{},"query":{},"url":"/image/search"},"timestamp":"2024-05-21 22:21:34"}
{"level":"info","message":{"body":"","method":"GET","params":{},"query":{},"url":"/8b755326-e542-4541-a17b-26b5b379edef.jpg"},"timestamp":"2024-05-21 22:21:49"}
{"level":"error","message":{"body":"","error":"Not found","method":"GET","params":{},"query":{},"url":"/8b755326-e542-4541-a17b-26b5b379edef.jpg"},"timestamp":"2024-05-21 22:21:49"}
{"level":"info","message":{"body":"","method":"GET","params":{},"query":{},"url":"/favicon.ico"},"timestamp":"2024-05-21 22:21:49"}
{"level":"error","message":{"body":"","error":"Not found","method":"GET","params":{},"query":{},"url":"/favicon.ico"},"timestamp":"2024-05-21 22:21:49"}
{"level":"info","message":{"body":"","method":"GET","params":{},"query":{},"url":"/8b755326-e542-4541-a17b-26b5b379edef.jpg"},"timestamp":"2024-05-21 22:21:56"}
{"level":"error","message":{"body":"","error":"Not found","method":"GET","params":{},"query":{},"url":"/8b755326-e542-4541-a17b-26b5b379edef.jpg"},"timestamp":"2024-05-21 22:21:56"}
{"level":"info","message":{"body":"","method":"GET","params":{},"query":{},"url":"/favicon.ico"},"timestamp":"2024-05-21 22:21:56"}
{"level":"error","message":{"body":"","error":"Not found","method":"GET","params":{},"query":{},"url":"/favicon.ico"},"timestamp":"2024-05-21 22:21:56"}
{"level":"info","message":{"body":"","method":"GET","params":{},"query":{},"url":"/625016f5-44e2-46ad-80d6-6cc751211131.jpg"},"timestamp":"2024-05-21 22:23:21"}
{"level":"error","message":{"body":"","error":"Not found","method":"GET","params":{},"query":{},"url":"/625016f5-44e2-46ad-80d6-6cc751211131.jpg"},"timestamp":"2024-05-21 22:23:21"}
{"level":"info","message":{"body":"","method":"GET","params":{},"query":{},"url":"/favicon.ico"},"timestamp":"2024-05-21 22:23:21"}
{"level":"error","message":{"body":"","error":"Not found","method":"GET","params":{},"query":{},"url":"/favicon.ico"},"timestamp":"2024-05-21 22:23:21"}
{"level":"info","message":{"body":"","method":"GET","params":{},"query":{},"url":"/image/id/625016f5-44e2-46ad-80d6-6cc751211131"},"timestamp":"2024-05-21 22:28:31"}
{"level":"info","message":{"body":"","method":"GET","params":{"id":"625016f5-44e2-46ad-80d6-6cc751211131"},"query":{},"url":"/image/id/625016f5-44e2-46ad-80d6-6cc751211131"},"timestamp":"2024-05-21 22:28:32"}
{"level":"info","message":{"body":"","method":"DELETE","params":{},"query":"","url":"/image/id/625016f5-44e2-46ad-80d6-6cc751211131"},"timestamp":"2024-05-21 22:29:07"}
{"level":"error","message":{"body":"","error":"relation \"articles\" does not exist","method":"DELETE","params":{},"query":"","url":"/image/id/625016f5-44e2-46ad-80d6-6cc751211131"},"timestamp":"2024-05-21 22:29:08"}
{"level":"info","message":{"body":"","method":"DELETE","params":{},"query":"","url":"/image/id/625016f5-44e2-46ad-80d6-6cc751211131"},"timestamp":"2024-05-21 22:32:43"}
{"level":"error","message":{"body":"","error":"ENOENT: no such file or directory, unlink 'C:\\Users\\esteb\\OneDrive\\Documentos\\Workspace\\findamate-app\\api\\public\\uploads\\625016f5-44e2-46ad-80d6-6cc751211131.jpg'","method":"DELETE","params":{},"query":"","url":"/image/id/625016f5-44e2-46ad-80d6-6cc751211131"},"timestamp":"2024-05-21 22:32:43"}
{"level":"info","message":{"body":"","method":"GET","params":{},"query":{},"url":"/625016f5-44e2-46ad-80d6-6cc751211131.jpg"},"timestamp":"2024-05-21 22:45:59"}
{"level":"error","message":{"body":"","error":"Not found","method":"GET","params":{},"query":{},"url":"/625016f5-44e2-46ad-80d6-6cc751211131.jpg"},"timestamp":"2024-05-21 22:45:59"}
{"level":"info","message":{"body":"","method":"GET","params":{},"query":{},"url":"/favicon.ico"},"timestamp":"2024-05-21 22:45:59"}
{"level":"error","message":{"body":"","error":"Not found","method":"GET","params":{},"query":{},"url":"/favicon.ico"},"timestamp":"2024-05-21 22:45:59"}
{"level":"info","message":{"body":"","method":"GET","params":{},"query":{},"url":"/public/uploads/625016f5-44e2-46ad-80d6-6cc751211131.jpg"},"timestamp":"2024-05-21 22:46:08"}
{"level":"error","message":{"body":"","error":"Not found","method":"GET","params":{},"query":{},"url":"/public/uploads/625016f5-44e2-46ad-80d6-6cc751211131.jpg"},"timestamp":"2024-05-21 22:46:08"}
{"level":"info","message":{"body":"","method":"GET","params":{},"query":{},"url":"/favicon.ico"},"timestamp":"2024-05-21 22:46:08"}
{"level":"error","message":{"body":"","error":"Not found","method":"GET","params":{},"query":{},"url":"/favicon.ico"},"timestamp":"2024-05-21 22:46:08"}
{"level":"info","message":{"body":"","method":"GET","params":{},"query":{},"url":"/public/uploads/"},"timestamp":"2024-05-21 22:46:46"}
{"level":"error","message":{"body":"","error":"Not found","method":"GET","params":{},"query":{},"url":"/public/uploads/"},"timestamp":"2024-05-21 22:46:46"}
{"level":"info","message":{"body":"","method":"GET","params":{},"query":{},"url":"/favicon.ico"},"timestamp":"2024-05-21 22:46:46"}
{"level":"error","message":{"body":"","error":"Not found","method":"GET","params":{},"query":{},"url":"/favicon.ico"},"timestamp":"2024-05-21 22:46:46"}
{"level":"info","message":{"body":"","method":"GET","params":{},"query":{},"url":"/image/public/uploads/"},"timestamp":"2024-05-21 22:46:54"}
{"level":"error","message":{"body":"","error":"Not found","method":"GET","params":{},"query":{},"url":"/image/public/uploads/"},"timestamp":"2024-05-21 22:46:54"}
{"level":"info","message":{"body":"","method":"GET","params":{},"query":{},"url":"/favicon.ico"},"timestamp":"2024-05-21 22:46:54"}
{"level":"error","message":{"body":"","error":"Not found","method":"GET","params":{},"query":{},"url":"/favicon.ico"},"timestamp":"2024-05-21 22:46:54"}
{"level":"info","message":{"body":"","method":"GET","params":{},"query":{},"url":"/controller/public/uploads/"},"timestamp":"2024-05-21 22:46:59"}
{"level":"error","message":{"body":"","error":"Not found","method":"GET","params":{},"query":{},"url":"/controller/public/uploads/"},"timestamp":"2024-05-21 22:46:59"}
{"level":"info","message":{"body":"","method":"GET","params":{},"query":{},"url":"/favicon.ico"},"timestamp":"2024-05-21 22:46:59"}
{"level":"error","message":{"body":"","error":"Not found","method":"GET","params":{},"query":{},"url":"/favicon.ico"},"timestamp":"2024-05-21 22:46:59"}
{"level":"info","message":{"body":{},"method":"POST","params":"","query":"","url":"/image"},"timestamp":"2024-05-21 22:49:17"}
{"level":"info","message":{"body":{},"method":"POST","params":"","query":"","url":"/image"},"timestamp":"2024-05-21 22:49:18"}
{"level":"info","message":{"body":"","method":"GET","params":{},"query":{},"url":"/public/uploads/625016f5-44e2-46ad-80d6-6cc751211131.jpg"},"timestamp":"2024-05-21 22:50:04"}
{"level":"error","message":{"body":"","error":"Not found","method":"GET","params":{},"query":{},"url":"/public/uploads/625016f5-44e2-46ad-80d6-6cc751211131.jpg"},"timestamp":"2024-05-21 22:50:04"}
{"level":"info","message":{"body":"","method":"GET","params":{},"query":{},"url":"/favicon.ico"},"timestamp":"2024-05-21 22:50:04"}
{"level":"error","message":{"body":"","error":"Not found","method":"GET","params":{},"query":{},"url":"/favicon.ico"},"timestamp":"2024-05-21 22:50:04"}
{"level":"info","message":{"body":"","method":"GET","params":{},"query":{},"url":"/625016f5-44e2-46ad-80d6-6cc751211131.jpg"},"timestamp":"2024-05-21 22:50:23"}
{"level":"error","message":{"body":"","error":"Not found","method":"GET","params":{},"query":{},"url":"/625016f5-44e2-46ad-80d6-6cc751211131.jpg"},"timestamp":"2024-05-21 22:50:23"}
{"level":"info","message":{"body":"","method":"GET","params":{},"query":{},"url":"/favicon.ico"},"timestamp":"2024-05-21 22:50:23"}
{"level":"error","message":{"body":"","error":"Not found","method":"GET","params":{},"query":{},"url":"/favicon.ico"},"timestamp":"2024-05-21 22:50:23"}
{"level":"info","message":{"body":"","method":"GET","params":{},"query":{},"url":"/image/search"},"timestamp":"2024-05-21 22:51:02"}
{"level":"info","message":{"body":"","method":"GET","params":{},"query":{},"url":"/image/search"},"timestamp":"2024-05-21 22:51:03"}
{"level":"info","message":{"body":{},"method":"POST","params":"","query":"","url":"/image"},"timestamp":"2024-05-21 22:57:09"}
{"level":"error","message":{"body":{},"error":"relation \"app.images\" does not exist","method":"POST","params":"","query":"","url":"/image"},"timestamp":"2024-05-21 22:57:10"}
{"level":"info","message":{"body":{},"method":"POST","params":"","query":"","url":"/image"},"timestamp":"2024-05-21 22:57:55"}
{"level":"info","message":{"body":{},"method":"POST","params":"","query":"","url":"/image"},"timestamp":"2024-05-21 22:57:56"}
{"level":"info","message":{"body":{},"method":"POST","params":"","query":"","url":"/image"},"timestamp":"2024-05-21 23:05:38"}
{"level":"error","message":{"body":{},"error":"relation \"image\" does not exist","method":"POST","params":"","query":"","url":"/image"},"timestamp":"2024-05-21 23:05:39"}
{"level":"info","message":{"body":{},"method":"POST","params":"","query":"","url":"/image"},"timestamp":"2024-05-21 23:08:43"}
{"level":"info","message":{"body":{},"method":"POST","params":"","query":"","url":"/image"},"timestamp":"2024-05-21 23:08:43"}
{"level":"info","message":{"body":{},"method":"POST","params":"","query":"","url":"/image"},"timestamp":"2024-05-21 23:11:08"}
{"level":"info","message":{"body":{},"method":"POST","params":"","query":"","url":"/image"},"timestamp":"2024-05-21 23:11:09"}
{"level":"info","message":{"body":"","method":"GET","params":{},"query":{},"url":"/image/search"},"timestamp":"2024-05-21 23:11:39"}
{"level":"info","message":{"body":"","method":"GET","params":{},"query":{},"url":"/image/search"},"timestamp":"2024-05-21 23:11:40"}
{"level":"info","message":{"body":"","method":"GET","params":{},"query":{},"url":"/c1cc9cf5-4f52-4869-923e-e824d3c3da73.jpg"},"timestamp":"2024-05-21 23:11:59"}
{"level":"error","message":{"body":"","error":"Not found","method":"GET","params":{},"query":{},"url":"/c1cc9cf5-4f52-4869-923e-e824d3c3da73.jpg"},"timestamp":"2024-05-21 23:11:59"}
{"level":"info","message":{"body":"","method":"GET","params":{},"query":{},"url":"/favicon.ico"},"timestamp":"2024-05-21 23:11:59"}
{"level":"error","message":{"body":"","error":"Not found","method":"GET","params":{},"query":{},"url":"/favicon.ico"},"timestamp":"2024-05-21 23:11:59"}
{"level":"info","message":{"body":"","method":"GET","params":{},"query":{},"url":"/uploads/c1cc9cf5-4f52-4869-923e-e824d3c3da73.jpg"},"timestamp":"2024-05-21 23:12:11"}
{"level":"error","message":{"body":"","error":"Not found","method":"GET","params":{},"query":{},"url":"/uploads/c1cc9cf5-4f52-4869-923e-e824d3c3da73.jpg"},"timestamp":"2024-05-21 23:12:11"}
{"level":"info","message":{"body":"","method":"GET","params":{},"query":{},"url":"/favicon.ico"},"timestamp":"2024-05-21 23:12:11"}
{"level":"error","message":{"body":"","error":"Not found","method":"GET","params":{},"query":{},"url":"/favicon.ico"},"timestamp":"2024-05-21 23:12:11"}
{"level":"info","message":{"body":"","method":"GET","params":{},"query":{},"url":"/uploads/c1cc9cf5-4f52-4869-923e-e824d3c3da73.jpg"},"timestamp":"2024-05-21 23:13:20"}
{"level":"error","message":{"body":"","error":"Not found","method":"GET","params":{},"query":{},"url":"/uploads/c1cc9cf5-4f52-4869-923e-e824d3c3da73.jpg"},"timestamp":"2024-05-21 23:13:20"}
{"level":"info","message":{"body":"","method":"GET","params":{},"query":{},"url":"/favicon.ico"},"timestamp":"2024-05-21 23:13:20"}
{"level":"error","message":{"body":"","error":"Not found","method":"GET","params":{},"query":{},"url":"/favicon.ico"},"timestamp":"2024-05-21 23:13:20"}
{"level":"info","message":{"body":"","method":"GET","params":{},"query":{},"url":"/favicon.ico"},"timestamp":"2024-05-21 23:19:09"}
{"level":"error","message":{"body":"","error":"Not found","method":"GET","params":{},"query":{},"url":"/favicon.ico"},"timestamp":"2024-05-21 23:19:09"}
{"level":"info","message":{"body":"","method":"GET","params":{},"query":{},"url":"/image/id/c1cc9cf5-4f52-4869-923e-e824d3c3da73"},"timestamp":"2024-05-21 23:20:58"}
{"level":"info","message":{"body":"","method":"GET","params":{"id":"c1cc9cf5-4f52-4869-923e-e824d3c3da73"},"query":{},"url":"/image/id/c1cc9cf5-4f52-4869-923e-e824d3c3da73"},"timestamp":"2024-05-21 23:20:59"}
{"level":"info","message":{"body":"","method":"DELETE","params":{},"query":"","url":"/image/id/c1cc9cf5-4f52-4869-923e-e824d3c3da73"},"timestamp":"2024-05-21 23:21:27"}
{"level":"info","message":{"body":"","method":"DELETE","params":{"id":"c1cc9cf5-4f52-4869-923e-e824d3c3da73"},"query":"","url":"/image/id/c1cc9cf5-4f52-4869-923e-e824d3c3da73"},"timestamp":"2024-05-21 23:21:27"}
{"level":"info","message":{"body":"","method":"GET","params":{},"query":{},"url":"/uploads/c1cc9cf5-4f52-4869-923e-e824d3c3da73.jpg"},"timestamp":"2024-05-21 23:21:34"}
{"level":"error","message":{"body":"","error":"Not found","method":"GET","params":{},"query":{},"url":"/uploads/c1cc9cf5-4f52-4869-923e-e824d3c3da73.jpg"},"timestamp":"2024-05-21 23:21:34"}
{"level":"info","message":{"body":"","method":"GET","params":{},"query":{},"url":"/favicon.ico"},"timestamp":"2024-05-21 23:21:34"}
{"level":"error","message":{"body":"","error":"Not found","method":"GET","params":{},"query":{},"url":"/favicon.ico"},"timestamp":"2024-05-21 23:21:34"}
{"level":"info","message":{"body":{"description":"Grupo dedicado a la preparación para los exámenes finales de matemáticas.","name":"Grupo de Estudio Matemáticas","type":"Académico"},"method":"POST","params":"","query":"","url":"/study-group/"},"timestamp":"2024-05-21 23:52:17"}
{"level":"error","message":{"body":{"description":"Grupo dedicado a la preparación para los exámenes finales de matemáticas.","name":"Grupo de Estudio Matemáticas","type":"Académico"},"error":"there is no unique or exclusion constraint matching the ON CONFLICT specification","method":"POST","params":"","query":"","url":"/study-group/"},"timestamp":"2024-05-21 23:52:18"}
{"level":"info","message":{"body":{"description":"Grupo dedicado a la preparación para los exámenes finales de matemáticas.","name":"Grupo de Estudio Matemáticas","type":"Académico"},"method":"POST","params":"","query":"","url":"/study-group/"},"timestamp":"2024-05-21 23:52:46"}
{"level":"info","message":{"body":{"description":"Grupo dedicado a la preparación para los exámenes finales de matemáticas.","name":"Grupo de Estudio Matemáticas","type":"Académico"},"method":"POST","params":"","query":"","url":"/study-group/"},"timestamp":"2024-05-21 23:52:47"}
{"level":"info","message":{"body":{"description":"Un grupo para discutir y analizar novelas contemporáneas.","name":"Club de Lectura de Novelas","type":"Literario"},"method":"POST","params":"","query":"","url":"/study-group/"},"timestamp":"2024-05-21 23:53:16"}
{"level":"info","message":{"body":{"description":"Un grupo para discutir y analizar novelas contemporáneas.","name":"Club de Lectura de Novelas","type":"Literario"},"method":"POST","params":"","query":"","url":"/study-group/"},"timestamp":"2024-05-21 23:53:17"}
{"level":"info","message":{"body":{"description":"Sesiones de estudio y práctica de programación en Python para principiantes.","name":"Taller de Programación en Python","type":"Tecnología"},"method":"POST","params":"","query":"","url":"/study-group/"},"timestamp":"2024-05-21 23:53:27"}
{"level":"info","message":{"body":{"description":"Sesiones de estudio y práctica de programación en Python para principiantes.","name":"Taller de Programación en Python","type":"Tecnología"},"method":"POST","params":"","query":"","url":"/study-group/"},"timestamp":"2024-05-21 23:53:27"}
{"level":"info","message":{"body":"","method":"GET","params":{},"query":{},"url":"/study-group/id/0c16293d-4b1f-4dbc-a53e-63881d164b38"},"timestamp":"2024-05-21 23:53:57"}
{"level":"info","message":{"body":"","method":"GET","params":{"id":"0c16293d-4b1f-4dbc-a53e-63881d164b38"},"query":{},"url":"/study-group/id/0c16293d-4b1f-4dbc-a53e-63881d164b38"},"timestamp":"2024-05-21 23:53:57"}
{"level":"info","message":{"body":"","method":"GET","params":{},"query":{},"url":"/study-group/"},"timestamp":"2024-05-21 23:54:11"}
{"level":"info","message":{"body":"","method":"GET","params":{},"query":{},"url":"/study-group/"},"timestamp":"2024-05-21 23:54:12"}
{"level":"info","message":{"body":"","method":"GET","params":{},"query":{},"url":"/study-group/id/0c16293d-4b1f-4dbc-a53e-63881d164b38"},"timestamp":"2024-05-21 23:54:52"}
{"level":"info","message":{"body":"","method":"GET","params":{"id":"0c16293d-4b1f-4dbc-a53e-63881d164b38"},"query":{},"url":"/study-group/id/0c16293d-4b1f-4dbc-a53e-63881d164b38"},"timestamp":"2024-05-21 23:54:53"}
{"level":"info","message":{"body":"","method":"DELETE","params":{},"query":"","url":"/study-group/id/4ed4c232-836f-47d6-bc0f-f6debc4d7648"},"timestamp":"2024-05-21 23:55:14"}
{"level":"info","message":{"body":"","method":"DELETE","params":{"id":"4ed4c232-836f-47d6-bc0f-f6debc4d7648"},"query":"","url":"/study-group/id/4ed4c232-836f-47d6-bc0f-f6debc4d7648"},"timestamp":"2024-05-21 23:55:15"}
{"level":"info","message":{"body":"","method":"DELETE","params":{},"query":"","url":"/study-group/id/4ed4c232-836f-47d6-bc0f-f6debc4d7648"},"timestamp":"2024-05-21 23:55:46"}
{"level":"info","message":{"body":"","method":"DELETE","params":{"id":"4ed4c232-836f-47d6-bc0f-f6debc4d7648"},"query":"","url":"/study-group/id/4ed4c232-836f-47d6-bc0f-f6debc4d7648"},"timestamp":"2024-05-21 23:55:47"}
{"level":"info","message":{"body":"","method":"DELETE","params":{},"query":"","url":"/study-group/id/4ed4c232-836f-47d6-bc0f-f6debc4d7648"},"timestamp":"2024-05-21 23:57:07"}
{"level":"info","message":{"body":"","method":"DELETE","params":{"id":"4ed4c232-836f-47d6-bc0f-f6debc4d7648"},"query":"","url":"/study-group/id/4ed4c232-836f-47d6-bc0f-f6debc4d7648"},"timestamp":"2024-05-21 23:57:08"}
{"level":"info","message":{"body":"","method":"DELETE","params":{},"query":"","url":"/study-group/id/4ed4c232-836f-47d6-bc0f-f6debc4d7648"},"timestamp":"2024-05-21 23:57:35"}
{"level":"info","message":{"body":"","method":"DELETE","params":{"id":"4ed4c232-836f-47d6-bc0f-f6debc4d7648"},"query":"","url":"/study-group/id/4ed4c232-836f-47d6-bc0f-f6debc4d7648"},"timestamp":"2024-05-21 23:57:36"}
{"level":"info","message":{"body":"","method":"DELETE","params":{},"query":"","url":"/study-group/id/4ed4c232-836f-47d6-bc0f-f6debc4d7648"},"timestamp":"2024-05-21 23:57:56"}
{"level":"info","message":{"body":"","method":"DELETE","params":{"id":"4ed4c232-836f-47d6-bc0f-f6debc4d7648"},"query":"","url":"/study-group/id/4ed4c232-836f-47d6-bc0f-f6debc4d7648"},"timestamp":"2024-05-21 23:57:57"}
{"level":"info","message":{"body":"","method":"DELETE","params":{},"query":"","url":"/study-group/id/4ed4c232-836f-47d6-bc0f-f6debc4d7648"},"timestamp":"2024-05-21 23:59:12"}
{"level":"info","message":{"body":"","method":"DELETE","params":{"id":"4ed4c232-836f-47d6-bc0f-f6debc4d7648"},"query":"","url":"/study-group/id/4ed4c232-836f-47d6-bc0f-f6debc4d7648"},"timestamp":"2024-05-21 23:59:12"}
{"level":"info","message":{"body":"","method":"DELETE","params":{},"query":"","url":"/study-group/id/4ed4c232-836f-47d6-bc0f-f6debc4d7648"},"timestamp":"2024-05-22 00:00:00"}
{"level":"info","message":{"body":"","method":"DELETE","params":{"id":"4ed4c232-836f-47d6-bc0f-f6debc4d7648"},"query":"","url":"/study-group/id/4ed4c232-836f-47d6-bc0f-f6debc4d7648"},"timestamp":"2024-05-22 00:00:00"}
{"level":"info","message":{"body":"","method":"DELETE","params":{},"query":"","url":"/study-group/id/4ed4c232-836f-47d6-bc0f-f6debc4d7648"},"timestamp":"2024-05-22 00:01:28"}
{"level":"info","message":{"body":"","method":"DELETE","params":{"id":"4ed4c232-836f-47d6-bc0f-f6debc4d7648"},"query":"","url":"/study-group/id/4ed4c232-836f-47d6-bc0f-f6debc4d7648"},"timestamp":"2024-05-22 00:01:29"}
{"level":"info","message":{"body":"","method":"DELETE","params":{},"query":"","url":"/study-group/id/4ed4c232-836f-47d6-bc0f-f6debc4d7648"},"timestamp":"2024-05-22 00:03:11"}
{"level":"info","message":{"body":"","method":"DELETE","params":{"id":"4ed4c232-836f-47d6-bc0f-f6debc4d7648"},"query":"","url":"/study-group/id/4ed4c232-836f-47d6-bc0f-f6debc4d7648"},"timestamp":"2024-05-22 00:03:12"}
{"level":"info","message":{"body":"","method":"GET","params":{},"query":{},"url":"/study-group/"},"timestamp":"2024-05-22 00:04:43"}
{"level":"info","message":{"body":"","method":"GET","params":{},"query":{},"url":"/study-group/"},"timestamp":"2024-05-22 00:04:44"}
{"level":"info","message":{"body":"","method":"DELETE","params":{},"query":"","url":"/study-group/id/4ed4c232-836f-47d6-bc0f-f6debc4d7648"},"timestamp":"2024-05-22 00:04:51"}
{"level":"info","message":{"body":"","method":"DELETE","params":{"id":"4ed4c232-836f-47d6-bc0f-f6debc4d7648"},"query":"","url":"/study-group/id/4ed4c232-836f-47d6-bc0f-f6debc4d7648"},"timestamp":"2024-05-22 00:04:51"}
{"level":"info","message":{"body":"","method":"DELETE","params":{},"query":"","url":"/study-group/id/4ed4c232-836f-47d6-bc0f-f6debc4d7648"},"timestamp":"2024-05-22 00:06:37"}
{"level":"info","message":{"body":"","method":"DELETE","params":{"id":"4ed4c232-836f-47d6-bc0f-f6debc4d7648"},"query":"","url":"/study-group/id/4ed4c232-836f-47d6-bc0f-f6debc4d7648"},"timestamp":"2024-05-22 00:06:37"}
{"level":"info","message":{"body":"","method":"DELETE","params":{},"query":"","url":"/study-group/id/4ed4c232-836f-47d6-bc0f-f6debc4d7648"},"timestamp":"2024-05-22 00:09:07"}
{"level":"info","message":{"body":"","method":"DELETE","params":{"id":"4ed4c232-836f-47d6-bc0f-f6debc4d7648"},"query":"","url":"/study-group/id/4ed4c232-836f-47d6-bc0f-f6debc4d7648"},"timestamp":"2024-05-22 00:09:07"}
{"level":"info","message":{"body":"","method":"GET","params":{},"query":{},"url":"/image/search"},"timestamp":"2024-05-22 00:15:47"}
{"level":"info","message":{"body":"","method":"GET","params":{},"query":{},"url":"/image/search"},"timestamp":"2024-05-22 00:15:47"}
{"level":"info","message":{"body":{},"method":"POST","params":"","query":"","url":"/image"},"timestamp":"2024-05-22 00:15:59"}
{"level":"info","message":{"body":{},"method":"POST","params":"","query":"","url":"/image"},"timestamp":"2024-05-22 00:16:00"}
{"level":"info","message":{"body":"","method":"GET","params":{},"query":{},"url":"/favicon.ico"},"timestamp":"2024-05-22 00:16:15"}
{"level":"error","message":{"body":"","error":"Not found","method":"GET","params":{},"query":{},"url":"/favicon.ico"},"timestamp":"2024-05-22 00:16:15"}
{"level":"info","message":{"body":"","method":"GET","params":{},"query":{},"url":"/image/search"},"timestamp":"2024-05-22 00:16:49"}
{"level":"info","message":{"body":"","method":"GET","params":{},"query":{},"url":"/image/search"},"timestamp":"2024-05-22 00:16:50"}
{"level":"info","message":{"body":"","method":"GET","params":{},"query":{},"url":"/image/id/860a6d60-d9af-4b89-83cc-a37c0fb558a2"},"timestamp":"2024-05-22 00:16:59"}
{"level":"info","message":{"body":"","method":"GET","params":{"id":"860a6d60-d9af-4b89-83cc-a37c0fb558a2"},"query":{},"url":"/image/id/860a6d60-d9af-4b89-83cc-a37c0fb558a2"},"timestamp":"2024-05-22 00:17:00"}
{"level":"info","message":{"body":"","method":"DELETE","params":{},"query":"","url":"/image/id/860a6d60-d9af-4b89-83cc-a37c0fb558a2"},"timestamp":"2024-05-22 00:17:14"}
{"level":"info","message":{"body":"","method":"DELETE","params":{"id":"860a6d60-d9af-4b89-83cc-a37c0fb558a2"},"query":"","url":"/image/id/860a6d60-d9af-4b89-83cc-a37c0fb558a2"},"timestamp":"2024-05-22 00:17:15"}
{"level":"info","message":{"body":"","method":"GET","params":{},"query":{},"url":"/uploads/860a6d60-d9af-4b89-83cc-a37c0fb558a2.jpg"},"timestamp":"2024-05-22 00:17:24"}
{"level":"error","message":{"body":"","error":"Not found","method":"GET","params":{},"query":{},"url":"/uploads/860a6d60-d9af-4b89-83cc-a37c0fb558a2.jpg"},"timestamp":"2024-05-22 00:17:24"}
{"level":"info","message":{"body":"","method":"GET","params":{},"query":{},"url":"/favicon.ico"},"timestamp":"2024-05-22 00:17:24"}
{"level":"error","message":{"body":"","error":"Not found","method":"GET","params":{},"query":{},"url":"/favicon.ico"},"timestamp":"2024-05-22 00:17:24"}
{"level":"info","message":{"body":"","method":"GET","params":{},"query":{},"url":"/study-group/"},"timestamp":"2024-05-22 00:17:53"}
{"level":"info","message":{"body":"","method":"GET","params":{},"query":{},"url":"/study-group/"},"timestamp":"2024-05-22 00:17:54"}
{"level":"info","message":{"body":"","method":"GET","params":{},"query":{},"url":"/study-group/id/0c16293d-4b1f-4dbc-a53e-63881d164b38"},"timestamp":"2024-05-22 00:18:00"}
{"level":"info","message":{"body":"","method":"GET","params":{"id":"0c16293d-4b1f-4dbc-a53e-63881d164b38"},"query":{},"url":"/study-group/id/0c16293d-4b1f-4dbc-a53e-63881d164b38"},"timestamp":"2024-05-22 00:18:00"}
{"level":"info","message":{"body":{"description":"Grupo dedicado a mejorar las habilidades de conversación en inglés a través de prácticas semanales.","name":"Grupo de Conversación en Inglés","type":"Idiomas"},"method":"POST","params":"","query":"","url":"/study-group/"},"timestamp":"2024-05-22 00:18:13"}
{"level":"info","message":{"body":{"description":"Grupo dedicado a mejorar las habilidades de conversación en inglés a través de prácticas semanales.","name":"Grupo de Conversación en Inglés","type":"Idiomas"},"method":"POST","params":"","query":"","url":"/study-group/"},"timestamp":"2024-05-22 00:18:14"}
{"level":"info","message":{"body":{"description":"Grupo dedicado a mejorar las habilidades de conversación en inglés a través de prácticas semanales.","name":"Grupo de Conversación en Inglés","type":"Idiomas"},"method":"POST","params":"","query":"","url":"/study-group/"},"timestamp":"2024-05-22 00:18:26"}
{"level":"info","message":{"body":{"description":"Grupo dedicado a mejorar las habilidades de conversación en inglés a través de prácticas semanales.","name":"Grupo de Conversación en Inglés","type":"Idiomas"},"method":"POST","params":"","query":"","url":"/study-group/"},"timestamp":"2024-05-22 00:18:26"}
{"level":"info","message":{"body":{"description":"Grupo dedicado a mejorar las habilidades de conversación en inglés a través de prácticas semanales.","name":"Grupo de Conversación en Inglés","type":"Idiomas"},"method":"POST","params":"","query":"","url":"/study-group/"},"timestamp":"2024-05-22 00:19:16"}
{"level":"info","message":{"body":{"description":"Grupo dedicado a mejorar las habilidades de conversación en inglés a través de prácticas semanales.","name":"Grupo de Conversación en Inglés","type":"Idiomas"},"method":"POST","params":"","query":"","url":"/study-group/"},"timestamp":"2024-05-22 00:19:16"}
{"level":"info","message":{"body":"","method":"DELETE","params":{},"query":"","url":"/study-group/id/b86c73e3-887f-49ef-8cc6-3a1704699555"},"timestamp":"2024-05-22 00:19:46"}
{"level":"info","message":{"body":"","method":"DELETE","params":{"id":"b86c73e3-887f-49ef-8cc6-3a1704699555"},"query":"","url":"/study-group/id/b86c73e3-887f-49ef-8cc6-3a1704699555"},"timestamp":"2024-05-22 00:19:47"}
