{"level":"info","message":{"body":{"email":"Katherine@gmail.com","password":"nicol12345"},"method":"POST","params":"","query":"","url":"/user/validate"},"timestamp":"2024-05-30 21:04:41"}
{"level":"info","message":{"body":{"email":"Katherine@gmail.com","password":"nicol12345"},"method":"POST","params":"","query":"","url":"/user/validate"},"timestamp":"2024-05-30 21:04:42"}
{"level":"info","message":{"body":"","method":"GET","params":{},"query":{},"url":"/user"},"timestamp":"2024-05-30 21:04:42"}
{"level":"info","message":{"body":"","method":"GET","params":{},"query":{},"url":"/user"},"timestamp":"2024-05-30 21:04:43"}
{"level":"info","message":{"body":"","method":"GET","params":{},"query":{},"url":"/user"},"timestamp":"2024-05-30 21:04:43"}
{"level":"info","message":{"body":"","method":"GET","params":{},"query":{},"url":"/user"},"timestamp":"2024-05-30 21:04:43"}
{"level":"info","message":{"body":"","method":"GET","params":{},"query":{},"url":"/user"},"timestamp":"2024-05-30 21:04:43"}
{"level":"info","message":{"body":"","method":"GET","params":{},"query":{},"url":"/user"},"timestamp":"2024-05-30 21:04:43"}
{"level":"info","message":{"body":"","method":"GET","params":{},"query":{},"url":"/user"},"timestamp":"2024-05-30 21:04:43"}
{"level":"info","message":{"body":"","method":"GET","params":{},"query":{},"url":"/user"},"timestamp":"2024-05-30 21:04:43"}
{"level":"info","message":{"body":{"email":"Katherine@gmail.com","password":"nicol12345"},"method":"POST","params":"","query":"","url":"/user/validate"},"timestamp":"2024-05-30 21:06:03"}
{"level":"info","message":{"body":{"email":"Katherine@gmail.com","password":"nicol12345"},"method":"POST","params":"","query":"","url":"/user/validate"},"timestamp":"2024-05-30 21:06:04"}
{"level":"info","message":{"body":"","method":"GET","params":{},"query":{},"url":"/user"},"timestamp":"2024-05-30 21:06:04"}
{"level":"info","message":{"body":"","method":"GET","params":{},"query":{},"url":"/user"},"timestamp":"2024-05-30 21:06:04"}
{"level":"info","message":{"body":"","method":"GET","params":{},"query":{},"url":"/user"},"timestamp":"2024-05-30 21:06:04"}
{"level":"info","message":{"body":"","method":"GET","params":{},"query":{},"url":"/user"},"timestamp":"2024-05-30 21:06:04"}
{"level":"info","message":{"body":"","method":"GET","params":{},"query":{},"url":"/user"},"timestamp":"2024-05-30 21:06:04"}
{"level":"info","message":{"body":"","method":"GET","params":{},"query":{},"url":"/user"},"timestamp":"2024-05-30 21:06:04"}
{"level":"info","message":{"body":"","method":"GET","params":{},"query":{},"url":"/user"},"timestamp":"2024-05-30 21:06:04"}
{"level":"info","message":{"body":"","method":"GET","params":{},"query":{},"url":"/user"},"timestamp":"2024-05-30 21:06:04"}
{"level":"info","message":{"body":{"email":"","maternalLastName":"","name":"","password":"","paternalLastName":"","rut":""},"method":"POST","params":"","query":"","url":"/user"},"timestamp":"2024-05-30 21:12:46"}
{"level":"error","message":{"body":{"email":"","maternalLastName":"","name":"","password":"","paternalLastName":"","rut":""},"error":"\"rut\" is not allowed to be empty","method":"POST","params":"","query":"","url":"/user"},"timestamp":"2024-05-30 21:12:46"}
{"level":"info","message":{"body":{"email":"cristian@gmail.com","maternalLastName":"Kunstman","name":"Cristian","password":"cristian123","paternalLastName":"Romero","rut":"15444786-3"},"method":"POST","params":"","query":"","url":"/user"},"timestamp":"2024-05-30 21:14:41"}
{"level":"info","message":{"body":{"email":"cristian@gmail.com","maternalLastName":"Kunstman","name":"Cristian","password":"cristian123","paternalLastName":"Romero","rut":"15444786-3"},"method":"POST","params":"","query":"","url":"/user"},"timestamp":"2024-05-30 21:14:41"}
{"level":"info","message":{"body":{"email":"cristian@gmail.com","password":"cristian123"},"method":"POST","params":"","query":"","url":"/user/validate"},"timestamp":"2024-05-30 21:16:04"}
{"level":"info","message":{"body":{"email":"cristian@gmail.com","password":"cristian123"},"method":"POST","params":"","query":"","url":"/user/validate"},"timestamp":"2024-05-30 21:16:05"}
{"level":"info","message":{"body":"","method":"GET","params":{},"query":{},"url":"/user"},"timestamp":"2024-05-30 21:16:05"}
{"level":"info","message":{"body":"","method":"GET","params":{},"query":{},"url":"/user"},"timestamp":"2024-05-30 21:16:05"}
{"level":"info","message":{"body":"","method":"GET","params":{},"query":{},"url":"/user"},"timestamp":"2024-05-30 21:16:05"}
{"level":"info","message":{"body":"","method":"GET","params":{},"query":{},"url":"/user"},"timestamp":"2024-05-30 21:16:05"}
{"level":"info","message":{"body":"","method":"GET","params":{},"query":{},"url":"/user"},"timestamp":"2024-05-30 21:16:05"}
{"level":"info","message":{"body":"","method":"GET","params":{},"query":{},"url":"/user"},"timestamp":"2024-05-30 21:16:05"}
{"level":"info","message":{"body":"","method":"GET","params":{},"query":{},"url":"/user"},"timestamp":"2024-05-30 21:16:05"}
{"level":"info","message":{"body":"","method":"GET","params":{},"query":{},"url":"/user"},"timestamp":"2024-05-30 21:16:06"}
{"level":"info","message":{"body":"","method":"GET","params":{},"query":{},"url":"/user/id/44922346-86e6-481c-8fd3-a0ac950b0be8"},"timestamp":"2024-05-30 21:16:20"}
{"level":"info","message":{"body":"","method":"GET","params":{"id":"44922346-86e6-481c-8fd3-a0ac950b0be8"},"query":{},"url":"/user/id/44922346-86e6-481c-8fd3-a0ac950b0be8"},"timestamp":"2024-05-30 21:16:21"}
{"level":"info","message":{"body":"","method":"GET","params":{},"query":{},"url":"/user"},"timestamp":"2024-05-30 21:16:21"}
{"level":"info","message":{"body":"","method":"GET","params":{},"query":{},"url":"/user"},"timestamp":"2024-05-30 21:16:21"}
{"level":"info","message":{"body":"","method":"GET","params":{},"query":{},"url":"/user/id/44922346-86e6-481c-8fd3-a0ac950b0be8"},"timestamp":"2024-05-30 21:16:27"}
{"level":"info","message":{"body":"","method":"GET","params":{"id":"44922346-86e6-481c-8fd3-a0ac950b0be8"},"query":{},"url":"/user/id/44922346-86e6-481c-8fd3-a0ac950b0be8"},"timestamp":"2024-05-30 21:16:28"}
{"level":"info","message":{"body":"","method":"GET","params":{},"query":{},"url":"/user"},"timestamp":"2024-05-30 21:16:28"}
{"level":"info","message":{"body":"","method":"GET","params":{},"query":{},"url":"/user"},"timestamp":"2024-05-30 21:16:28"}
{"level":"info","message":{"body":"","method":"GET","params":{},"query":{},"url":"/user/id/44922346-86e6-481c-8fd3-a0ac950b0be8"},"timestamp":"2024-05-30 21:16:32"}
{"level":"info","message":{"body":"","method":"GET","params":{"id":"44922346-86e6-481c-8fd3-a0ac950b0be8"},"query":{},"url":"/user/id/44922346-86e6-481c-8fd3-a0ac950b0be8"},"timestamp":"2024-05-30 21:16:32"}
{"level":"info","message":{"body":"","method":"GET","params":{},"query":{},"url":"/user"},"timestamp":"2024-05-30 21:16:32"}
{"level":"info","message":{"body":"","method":"GET","params":{},"query":{},"url":"/user"},"timestamp":"2024-05-30 21:16:33"}
{"level":"info","message":{"body":"","method":"GET","params":{},"query":{},"url":"/user/id/44922346-86e6-481c-8fd3-a0ac950b0be8"},"timestamp":"2024-05-30 21:17:03"}
{"level":"info","message":{"body":"","method":"GET","params":{"id":"44922346-86e6-481c-8fd3-a0ac950b0be8"},"query":{},"url":"/user/id/44922346-86e6-481c-8fd3-a0ac950b0be8"},"timestamp":"2024-05-30 21:17:04"}
{"level":"info","message":{"body":"","method":"GET","params":{},"query":{},"url":"/user"},"timestamp":"2024-05-30 21:17:04"}
{"level":"info","message":{"body":"","method":"GET","params":{},"query":{},"url":"/user"},"timestamp":"2024-05-30 21:17:04"}
{"level":"info","message":{"body":{"email":"cristian@gmail.com","password":"cristian123"},"method":"POST","params":"","query":"","url":"/user/validate"},"timestamp":"2024-05-30 21:18:17"}
{"level":"info","message":{"body":{"email":"cristian@gmail.com","password":"cristian123"},"method":"POST","params":"","query":"","url":"/user/validate"},"timestamp":"2024-05-30 21:18:18"}
{"level":"info","message":{"body":"","method":"GET","params":{},"query":{},"url":"/user"},"timestamp":"2024-05-30 21:18:18"}
{"level":"info","message":{"body":"","method":"GET","params":{},"query":{},"url":"/user"},"timestamp":"2024-05-30 21:18:18"}
{"level":"info","message":{"body":"","method":"GET","params":{},"query":{},"url":"/user"},"timestamp":"2024-05-30 21:18:18"}
{"level":"info","message":{"body":"","method":"GET","params":{},"query":{},"url":"/user"},"timestamp":"2024-05-30 21:18:19"}
{"level":"info","message":{"body":"","method":"GET","params":{},"query":{},"url":"/user"},"timestamp":"2024-05-30 21:18:19"}
{"level":"info","message":{"body":"","method":"GET","params":{},"query":{},"url":"/user"},"timestamp":"2024-05-30 21:18:19"}
{"level":"info","message":{"body":"","method":"GET","params":{},"query":{},"url":"/user"},"timestamp":"2024-05-30 21:18:19"}
{"level":"info","message":{"body":"","method":"GET","params":{},"query":{},"url":"/user"},"timestamp":"2024-05-30 21:18:19"}
{"level":"info","message":{"body":{"email":"cristian@gmail.com","password":"cristian123"},"method":"POST","params":"","query":"","url":"/user/validate"},"timestamp":"2024-05-30 21:18:50"}
{"level":"info","message":{"body":{"email":"cristian@gmail.com","password":"cristian123"},"method":"POST","params":"","query":"","url":"/user/validate"},"timestamp":"2024-05-30 21:18:51"}
{"level":"info","message":{"body":"","method":"GET","params":{},"query":{},"url":"/user"},"timestamp":"2024-05-30 21:18:51"}
{"level":"info","message":{"body":"","method":"GET","params":{},"query":{},"url":"/user"},"timestamp":"2024-05-30 21:18:51"}
{"level":"info","message":{"body":"","method":"GET","params":{},"query":{},"url":"/user"},"timestamp":"2024-05-30 21:18:51"}
{"level":"info","message":{"body":"","method":"GET","params":{},"query":{},"url":"/user"},"timestamp":"2024-05-30 21:18:51"}
{"level":"info","message":{"body":"","method":"GET","params":{},"query":{},"url":"/user"},"timestamp":"2024-05-30 21:18:51"}
{"level":"info","message":{"body":"","method":"GET","params":{},"query":{},"url":"/user"},"timestamp":"2024-05-30 21:18:52"}
{"level":"info","message":{"body":"","method":"GET","params":{},"query":{},"url":"/user"},"timestamp":"2024-05-30 21:18:52"}
{"level":"info","message":{"body":"","method":"GET","params":{},"query":{},"url":"/user"},"timestamp":"2024-05-30 21:18:52"}
{"level":"info","message":{"body":{"email":"cristian@gmail.com","password":"cristian123"},"method":"POST","params":"","query":"","url":"/user/validate"},"timestamp":"2024-05-30 21:20:28"}
{"level":"info","message":{"body":{"email":"cristian@gmail.com","password":"cristian123"},"method":"POST","params":"","query":"","url":"/user/validate"},"timestamp":"2024-05-30 21:20:29"}
{"level":"info","message":{"body":"","method":"GET","params":{},"query":{},"url":"/user"},"timestamp":"2024-05-30 21:20:29"}
{"level":"info","message":{"body":"","method":"GET","params":{},"query":{},"url":"/user"},"timestamp":"2024-05-30 21:20:29"}
{"level":"info","message":{"body":"","method":"GET","params":{},"query":{},"url":"/user"},"timestamp":"2024-05-30 21:20:29"}
{"level":"info","message":{"body":"","method":"GET","params":{},"query":{},"url":"/user"},"timestamp":"2024-05-30 21:20:29"}
{"level":"info","message":{"body":"","method":"GET","params":{},"query":{},"url":"/user"},"timestamp":"2024-05-30 21:20:29"}
{"level":"info","message":{"body":"","method":"GET","params":{},"query":{},"url":"/user"},"timestamp":"2024-05-30 21:20:29"}
{"level":"info","message":{"body":"","method":"GET","params":{},"query":{},"url":"/user"},"timestamp":"2024-05-30 21:20:29"}
{"level":"info","message":{"body":"","method":"GET","params":{},"query":{},"url":"/user"},"timestamp":"2024-05-30 21:20:29"}
{"level":"info","message":{"body":{"email":"cristian@gmail.com","password":"cristian123"},"method":"POST","params":"","query":"","url":"/user/validate"},"timestamp":"2024-05-30 21:20:52"}
{"level":"info","message":{"body":{"email":"cristian@gmail.com","password":"cristian123"},"method":"POST","params":"","query":"","url":"/user/validate"},"timestamp":"2024-05-30 21:20:53"}
{"level":"info","message":{"body":"","method":"GET","params":{},"query":{},"url":"/user"},"timestamp":"2024-05-30 21:20:53"}
{"level":"info","message":{"body":"","method":"GET","params":{},"query":{},"url":"/user"},"timestamp":"2024-05-30 21:20:53"}
{"level":"info","message":{"body":"","method":"GET","params":{},"query":{},"url":"/user"},"timestamp":"2024-05-30 21:20:53"}
{"level":"info","message":{"body":"","method":"GET","params":{},"query":{},"url":"/user"},"timestamp":"2024-05-30 21:20:54"}
{"level":"info","message":{"body":"","method":"GET","params":{},"query":{},"url":"/user"},"timestamp":"2024-05-30 21:20:54"}
{"level":"info","message":{"body":"","method":"GET","params":{},"query":{},"url":"/user"},"timestamp":"2024-05-30 21:20:54"}
{"level":"info","message":{"body":"","method":"GET","params":{},"query":{},"url":"/user"},"timestamp":"2024-05-30 21:20:54"}
{"level":"info","message":{"body":"","method":"GET","params":{},"query":{},"url":"/user"},"timestamp":"2024-05-30 21:20:54"}
{"level":"info","message":{"body":{"email":"cristian@gmail.com","password":"cristian123"},"method":"POST","params":"","query":"","url":"/user/validate"},"timestamp":"2024-05-30 21:22:57"}
{"level":"info","message":{"body":{"email":"cristian@gmail.com","password":"cristian123"},"method":"POST","params":"","query":"","url":"/user/validate"},"timestamp":"2024-05-30 21:22:58"}
{"level":"info","message":{"body":"","method":"GET","params":{},"query":{},"url":"/user"},"timestamp":"2024-05-30 21:22:58"}
{"level":"info","message":{"body":"","method":"GET","params":{},"query":{},"url":"/person"},"timestamp":"2024-05-30 21:22:58"}
{"level":"info","message":{"body":"","method":"GET","params":{},"query":{},"url":"/user"},"timestamp":"2024-05-30 21:22:58"}
{"level":"info","message":{"body":"","method":"GET","params":{},"query":{},"url":"/user"},"timestamp":"2024-05-30 21:22:58"}
{"level":"info","message":{"body":"","method":"GET","params":{},"query":{},"url":"/user"},"timestamp":"2024-05-30 21:22:58"}
{"level":"info","message":{"body":"","method":"GET","params":{},"query":{},"url":"/user"},"timestamp":"2024-05-30 21:22:58"}
{"level":"info","message":{"body":"","method":"GET","params":{},"query":{},"url":"/user"},"timestamp":"2024-05-30 21:22:58"}
{"level":"info","message":{"body":"","method":"GET","params":{},"query":{},"url":"/user"},"timestamp":"2024-05-30 21:22:58"}
{"level":"info","message":{"body":"","method":"GET","params":{},"query":{},"url":"/user"},"timestamp":"2024-05-30 21:22:58"}
{"level":"info","message":{"body":"","method":"GET","params":{},"query":{},"url":"/person"},"timestamp":"2024-05-30 21:22:58"}
{"level":"info","message":{"body":"","method":"GET","params":{},"query":{},"url":"/person"},"timestamp":"2024-05-30 21:22:58"}
{"level":"info","message":{"body":"","method":"GET","params":{},"query":{},"url":"/person"},"timestamp":"2024-05-30 21:22:59"}
{"level":"info","message":{"body":"","method":"GET","params":{},"query":{},"url":"/person"},"timestamp":"2024-05-30 21:22:59"}
{"level":"info","message":{"body":"","method":"GET","params":{},"query":{},"url":"/person"},"timestamp":"2024-05-30 21:22:59"}
{"level":"info","message":{"body":"","method":"GET","params":{},"query":{},"url":"/person"},"timestamp":"2024-05-30 21:22:59"}
{"level":"info","message":{"body":"","method":"GET","params":{},"query":{},"url":"/person"},"timestamp":"2024-05-30 21:22:59"}
{"level":"info","message":{"body":{"email":"cristian@gmail.com","password":"cristian123"},"method":"POST","params":"","query":"","url":"/user/validate"},"timestamp":"2024-05-30 21:23:52"}
{"level":"info","message":{"body":{"email":"cristian@gmail.com","password":"cristian123"},"method":"POST","params":"","query":"","url":"/user/validate"},"timestamp":"2024-05-30 21:23:52"}
{"level":"info","message":{"body":"","method":"GET","params":{},"query":{},"url":"/user"},"timestamp":"2024-05-30 21:23:52"}
{"level":"info","message":{"body":"","method":"GET","params":{},"query":{},"url":"/person"},"timestamp":"2024-05-30 21:23:52"}
{"level":"info","message":{"body":"","method":"GET","params":{},"query":{},"url":"/user"},"timestamp":"2024-05-30 21:23:53"}
{"level":"info","message":{"body":"","method":"GET","params":{},"query":{},"url":"/user"},"timestamp":"2024-05-30 21:23:53"}
{"level":"info","message":{"body":"","method":"GET","params":{},"query":{},"url":"/user"},"timestamp":"2024-05-30 21:23:53"}
{"level":"info","message":{"body":"","method":"GET","params":{},"query":{},"url":"/user"},"timestamp":"2024-05-30 21:23:53"}
{"level":"info","message":{"body":"","method":"GET","params":{},"query":{},"url":"/user"},"timestamp":"2024-05-30 21:23:53"}
{"level":"info","message":{"body":"","method":"GET","params":{},"query":{},"url":"/user"},"timestamp":"2024-05-30 21:23:53"}
{"level":"info","message":{"body":"","method":"GET","params":{},"query":{},"url":"/user"},"timestamp":"2024-05-30 21:23:53"}
{"level":"info","message":{"body":"","method":"GET","params":{},"query":{},"url":"/person"},"timestamp":"2024-05-30 21:23:53"}
{"level":"info","message":{"body":"","method":"GET","params":{},"query":{},"url":"/person"},"timestamp":"2024-05-30 21:23:53"}
{"level":"info","message":{"body":"","method":"GET","params":{},"query":{},"url":"/person"},"timestamp":"2024-05-30 21:23:53"}
{"level":"info","message":{"body":"","method":"GET","params":{},"query":{},"url":"/person"},"timestamp":"2024-05-30 21:23:53"}
{"level":"info","message":{"body":"","method":"GET","params":{},"query":{},"url":"/person"},"timestamp":"2024-05-30 21:23:53"}
{"level":"info","message":{"body":"","method":"GET","params":{},"query":{},"url":"/person"},"timestamp":"2024-05-30 21:23:53"}
{"level":"info","message":{"body":"","method":"GET","params":{},"query":{},"url":"/person"},"timestamp":"2024-05-30 21:23:54"}
{"level":"info","message":{"body":{"email":"cristian@gmail.com","password":"cristian123"},"method":"POST","params":"","query":"","url":"/user/validate"},"timestamp":"2024-05-30 21:24:27"}
{"level":"info","message":{"body":{"email":"cristian@gmail.com","password":"cristian123"},"method":"POST","params":"","query":"","url":"/user/validate"},"timestamp":"2024-05-30 21:24:28"}
{"level":"info","message":{"body":"","method":"GET","params":{},"query":{},"url":"/person"},"timestamp":"2024-05-30 21:24:28"}
{"level":"info","message":{"body":"","method":"GET","params":{},"query":{},"url":"/user"},"timestamp":"2024-05-30 21:24:28"}
{"level":"info","message":{"body":"","method":"GET","params":{},"query":{},"url":"/person"},"timestamp":"2024-05-30 21:24:28"}
{"level":"info","message":{"body":"","method":"GET","params":{},"query":{},"url":"/person"},"timestamp":"2024-05-30 21:24:28"}
{"level":"info","message":{"body":"","method":"GET","params":{},"query":{},"url":"/person"},"timestamp":"2024-05-30 21:24:28"}
{"level":"info","message":{"body":"","method":"GET","params":{},"query":{},"url":"/person"},"timestamp":"2024-05-30 21:24:28"}
{"level":"info","message":{"body":"","method":"GET","params":{},"query":{},"url":"/person"},"timestamp":"2024-05-30 21:24:29"}
{"level":"info","message":{"body":"","method":"GET","params":{},"query":{},"url":"/person"},"timestamp":"2024-05-30 21:24:29"}
{"level":"info","message":{"body":"","method":"GET","params":{},"query":{},"url":"/person"},"timestamp":"2024-05-30 21:24:29"}
{"level":"info","message":{"body":"","method":"GET","params":{},"query":{},"url":"/user"},"timestamp":"2024-05-30 21:24:29"}
{"level":"info","message":{"body":"","method":"GET","params":{},"query":{},"url":"/user"},"timestamp":"2024-05-30 21:24:29"}
{"level":"info","message":{"body":"","method":"GET","params":{},"query":{},"url":"/user"},"timestamp":"2024-05-30 21:24:29"}
{"level":"info","message":{"body":"","method":"GET","params":{},"query":{},"url":"/user"},"timestamp":"2024-05-30 21:24:29"}
{"level":"info","message":{"body":"","method":"GET","params":{},"query":{},"url":"/user"},"timestamp":"2024-05-30 21:24:29"}
{"level":"info","message":{"body":"","method":"GET","params":{},"query":{},"url":"/user"},"timestamp":"2024-05-30 21:24:29"}
{"level":"info","message":{"body":"","method":"GET","params":{},"query":{},"url":"/user"},"timestamp":"2024-05-30 21:24:29"}
{"level":"info","message":{"body":{"email":"cristian@gmail.com","password":"cristian123"},"method":"POST","params":"","query":"","url":"/user/validate"},"timestamp":"2024-05-30 21:24:52"}
{"level":"info","message":{"body":{"email":"cristian@gmail.com","password":"cristian123"},"method":"POST","params":"","query":"","url":"/user/validate"},"timestamp":"2024-05-30 21:24:53"}
{"level":"info","message":{"body":"","method":"GET","params":{},"query":{},"url":"/user"},"timestamp":"2024-05-30 21:24:53"}
{"level":"info","message":{"body":"","method":"GET","params":{},"query":{},"url":"/user"},"timestamp":"2024-05-30 21:24:53"}
{"level":"info","message":{"body":"","method":"GET","params":{},"query":{},"url":"/user"},"timestamp":"2024-05-30 21:24:53"}
{"level":"info","message":{"body":"","method":"GET","params":{},"query":{},"url":"/user"},"timestamp":"2024-05-30 21:24:54"}
{"level":"info","message":{"body":"","method":"GET","params":{},"query":{},"url":"/user"},"timestamp":"2024-05-30 21:24:54"}
{"level":"info","message":{"body":"","method":"GET","params":{},"query":{},"url":"/user"},"timestamp":"2024-05-30 21:24:54"}
{"level":"info","message":{"body":"","method":"GET","params":{},"query":{},"url":"/user"},"timestamp":"2024-05-30 21:24:54"}
{"level":"info","message":{"body":"","method":"GET","params":{},"query":{},"url":"/user"},"timestamp":"2024-05-30 21:24:54"}
{"level":"info","message":{"body":{"email":"cristian@gmail.com","password":"cristian123"},"method":"POST","params":"","query":"","url":"/user/validate"},"timestamp":"2024-05-30 21:25:30"}
{"level":"info","message":{"body":{"email":"cristian@gmail.com","password":"cristian123"},"method":"POST","params":"","query":"","url":"/user/validate"},"timestamp":"2024-05-30 21:25:31"}
{"level":"info","message":{"body":"","method":"GET","params":{},"query":{},"url":"/user"},"timestamp":"2024-05-30 21:25:31"}
{"level":"info","message":{"body":"","method":"GET","params":{},"query":{},"url":"/user"},"timestamp":"2024-05-30 21:25:31"}
{"level":"info","message":{"body":"","method":"GET","params":{},"query":{},"url":"/user"},"timestamp":"2024-05-30 21:25:31"}
{"level":"info","message":{"body":"","method":"GET","params":{},"query":{},"url":"/user"},"timestamp":"2024-05-30 21:25:31"}
{"level":"info","message":{"body":"","method":"GET","params":{},"query":{},"url":"/user"},"timestamp":"2024-05-30 21:25:31"}
{"level":"info","message":{"body":"","method":"GET","params":{},"query":{},"url":"/user"},"timestamp":"2024-05-30 21:25:31"}
{"level":"info","message":{"body":"","method":"GET","params":{},"query":{},"url":"/user"},"timestamp":"2024-05-30 21:25:31"}
{"level":"info","message":{"body":"","method":"GET","params":{},"query":{},"url":"/user"},"timestamp":"2024-05-30 21:25:31"}
{"level":"info","message":{"body":{"email":"cristian@gmail.com","password":"cristian123"},"method":"POST","params":"","query":"","url":"/user/validate"},"timestamp":"2024-05-30 21:26:22"}
{"level":"info","message":{"body":{"email":"cristian@gmail.com","password":"cristian123"},"method":"POST","params":"","query":"","url":"/user/validate"},"timestamp":"2024-05-30 21:26:23"}
{"level":"info","message":{"body":"","method":"GET","params":{},"query":{},"url":"/user"},"timestamp":"2024-05-30 21:26:23"}
{"level":"info","message":{"body":"","method":"GET","params":{},"query":{},"url":"/person"},"timestamp":"2024-05-30 21:26:23"}
{"level":"info","message":{"body":"","method":"GET","params":{},"query":{},"url":"/user"},"timestamp":"2024-05-30 21:26:23"}
{"level":"info","message":{"body":"","method":"GET","params":{},"query":{},"url":"/user"},"timestamp":"2024-05-30 21:26:23"}
{"level":"info","message":{"body":"","method":"GET","params":{},"query":{},"url":"/user"},"timestamp":"2024-05-30 21:26:23"}
{"level":"info","message":{"body":"","method":"GET","params":{},"query":{},"url":"/user"},"timestamp":"2024-05-30 21:26:23"}
{"level":"info","message":{"body":"","method":"GET","params":{},"query":{},"url":"/user"},"timestamp":"2024-05-30 21:26:23"}
{"level":"info","message":{"body":"","method":"GET","params":{},"query":{},"url":"/user"},"timestamp":"2024-05-30 21:26:23"}
{"level":"info","message":{"body":"","method":"GET","params":{},"query":{},"url":"/user"},"timestamp":"2024-05-30 21:26:23"}
{"level":"info","message":{"body":"","method":"GET","params":{},"query":{},"url":"/person"},"timestamp":"2024-05-30 21:26:23"}
{"level":"info","message":{"body":"","method":"GET","params":{},"query":{},"url":"/person"},"timestamp":"2024-05-30 21:26:23"}
{"level":"info","message":{"body":"","method":"GET","params":{},"query":{},"url":"/person"},"timestamp":"2024-05-30 21:26:23"}
{"level":"info","message":{"body":"","method":"GET","params":{},"query":{},"url":"/person"},"timestamp":"2024-05-30 21:26:23"}
{"level":"info","message":{"body":"","method":"GET","params":{},"query":{},"url":"/person"},"timestamp":"2024-05-30 21:26:24"}
{"level":"info","message":{"body":"","method":"GET","params":{},"query":{},"url":"/person"},"timestamp":"2024-05-30 21:26:24"}
{"level":"info","message":{"body":"","method":"GET","params":{},"query":{},"url":"/person"},"timestamp":"2024-05-30 21:26:24"}
{"level":"info","message":{"body":"","method":"GET","params":{},"query":{},"url":"/person/rut/"},"timestamp":"2024-05-30 21:26:26"}
{"level":"error","message":{"body":"","error":"Not found","method":"GET","params":{},"query":{},"url":"/person/rut/"},"timestamp":"2024-05-30 21:26:26"}
{"level":"info","message":{"body":"","method":"GET","params":{},"query":{},"url":"/person/rut/12345678-k"},"timestamp":"2024-05-30 21:26:28"}
{"level":"info","message":{"body":"","method":"GET","params":{"rut":"12345678-k"},"query":{},"url":"/person/rut/12345678-k"},"timestamp":"2024-05-30 21:26:28"}
{"level":"info","message":{"body":"","method":"GET","params":{},"query":{},"url":"/person"},"timestamp":"2024-05-30 21:26:28"}
{"level":"info","message":{"body":"","method":"GET","params":{},"query":{},"url":"/person"},"timestamp":"2024-05-30 21:26:28"}
{"level":"info","message":{"body":"","method":"GET","params":{},"query":{},"url":"/person"},"timestamp":"2024-05-30 21:26:31"}
{"level":"info","message":{"body":"","method":"GET","params":{},"query":{},"url":"/person"},"timestamp":"2024-05-30 21:26:32"}
{"level":"info","message":{"body":{"email":"cristian@gmail.com","password":"cristian123"},"method":"POST","params":"","query":"","url":"/user/validate"},"timestamp":"2024-05-30 21:27:15"}
{"level":"info","message":{"body":{"email":"cristian@gmail.com","password":"cristian123"},"method":"POST","params":"","query":"","url":"/user/validate"},"timestamp":"2024-05-30 21:27:16"}
{"level":"info","message":{"body":"","method":"GET","params":{},"query":{},"url":"/person"},"timestamp":"2024-05-30 21:27:16"}
{"level":"info","message":{"body":"","method":"GET","params":{},"query":{},"url":"/user"},"timestamp":"2024-05-30 21:27:16"}
{"level":"info","message":{"body":"","method":"GET","params":{},"query":{},"url":"/person"},"timestamp":"2024-05-30 21:27:16"}
{"level":"info","message":{"body":"","method":"GET","params":{},"query":{},"url":"/person"},"timestamp":"2024-05-30 21:27:16"}
{"level":"info","message":{"body":"","method":"GET","params":{},"query":{},"url":"/person"},"timestamp":"2024-05-30 21:27:16"}
{"level":"info","message":{"body":"","method":"GET","params":{},"query":{},"url":"/person"},"timestamp":"2024-05-30 21:27:16"}
{"level":"info","message":{"body":"","method":"GET","params":{},"query":{},"url":"/person"},"timestamp":"2024-05-30 21:27:16"}
{"level":"info","message":{"body":"","method":"GET","params":{},"query":{},"url":"/person"},"timestamp":"2024-05-30 21:27:16"}
{"level":"info","message":{"body":"","method":"GET","params":{},"query":{},"url":"/person"},"timestamp":"2024-05-30 21:27:16"}
{"level":"info","message":{"body":"","method":"GET","params":{},"query":{},"url":"/user"},"timestamp":"2024-05-30 21:27:16"}
{"level":"info","message":{"body":"","method":"GET","params":{},"query":{},"url":"/user"},"timestamp":"2024-05-30 21:27:16"}
{"level":"info","message":{"body":"","method":"GET","params":{},"query":{},"url":"/user"},"timestamp":"2024-05-30 21:27:17"}
{"level":"info","message":{"body":"","method":"GET","params":{},"query":{},"url":"/user"},"timestamp":"2024-05-30 21:27:17"}
{"level":"info","message":{"body":"","method":"GET","params":{},"query":{},"url":"/user"},"timestamp":"2024-05-30 21:27:17"}
{"level":"info","message":{"body":"","method":"GET","params":{},"query":{},"url":"/user"},"timestamp":"2024-05-30 21:27:17"}
{"level":"info","message":{"body":"","method":"GET","params":{},"query":{},"url":"/user"},"timestamp":"2024-05-30 21:27:17"}
{"level":"info","message":{"body":{"email":"","password":""},"method":"POST","params":"","query":"","url":"/user/validate"},"timestamp":"2024-05-30 21:27:24"}
{"level":"error","message":{"body":{"email":"","password":""},"error":"\"email\" is not allowed to be empty","method":"POST","params":"","query":"","url":"/user/validate"},"timestamp":"2024-05-30 21:27:24"}
{"level":"info","message":{"body":{"email":"cristian@gmail.com","password":"cristian123"},"method":"POST","params":"","query":"","url":"/user/validate"},"timestamp":"2024-05-30 21:27:40"}
{"level":"info","message":{"body":{"email":"cristian@gmail.com","password":"cristian123"},"method":"POST","params":"","query":"","url":"/user/validate"},"timestamp":"2024-05-30 21:27:41"}
{"level":"info","message":{"body":"","method":"GET","params":{},"query":{},"url":"/user"},"timestamp":"2024-05-30 21:27:41"}
{"level":"info","message":{"body":"","method":"GET","params":{},"query":{},"url":"/user"},"timestamp":"2024-05-30 21:27:41"}
{"level":"info","message":{"body":"","method":"GET","params":{},"query":{},"url":"/user"},"timestamp":"2024-05-30 21:27:41"}
{"level":"info","message":{"body":"","method":"GET","params":{},"query":{},"url":"/user"},"timestamp":"2024-05-30 21:27:41"}
{"level":"info","message":{"body":"","method":"GET","params":{},"query":{},"url":"/user"},"timestamp":"2024-05-30 21:27:41"}
{"level":"info","message":{"body":"","method":"GET","params":{},"query":{},"url":"/user"},"timestamp":"2024-05-30 21:27:42"}
{"level":"info","message":{"body":"","method":"GET","params":{},"query":{},"url":"/user"},"timestamp":"2024-05-30 21:27:42"}
{"level":"info","message":{"body":"","method":"GET","params":{},"query":{},"url":"/user"},"timestamp":"2024-05-30 21:27:42"}
{"level":"info","message":{"body":"","method":"GET","params":{},"query":{},"url":"/user/id/44922346-86e6-481c-8fd3-a0ac950b0be8"},"timestamp":"2024-05-30 21:28:05"}
{"level":"info","message":{"body":"","method":"GET","params":{"id":"44922346-86e6-481c-8fd3-a0ac950b0be8"},"query":{},"url":"/user/id/44922346-86e6-481c-8fd3-a0ac950b0be8"},"timestamp":"2024-05-30 21:28:06"}
{"level":"info","message":{"body":"","method":"GET","params":{},"query":{},"url":"/user"},"timestamp":"2024-05-30 21:28:06"}
{"level":"info","message":{"body":"","method":"GET","params":{},"query":{},"url":"/user"},"timestamp":"2024-05-30 21:28:06"}
{"level":"info","message":{"body":{"email":"cristian@gmail.com","password":"cristian123"},"method":"POST","params":"","query":"","url":"/user/validate"},"timestamp":"2024-05-30 21:28:31"}
{"level":"info","message":{"body":{"email":"cristian@gmail.com","password":"cristian123"},"method":"POST","params":"","query":"","url":"/user/validate"},"timestamp":"2024-05-30 21:28:32"}
{"level":"info","message":{"body":"","method":"GET","params":{},"query":{},"url":"/person"},"timestamp":"2024-05-30 21:28:32"}
{"level":"info","message":{"body":"","method":"GET","params":{},"query":{},"url":"/person"},"timestamp":"2024-05-30 21:28:32"}
{"level":"info","message":{"body":"","method":"GET","params":{},"query":{},"url":"/person"},"timestamp":"2024-05-30 21:28:32"}
{"level":"info","message":{"body":"","method":"GET","params":{},"query":{},"url":"/person"},"timestamp":"2024-05-30 21:28:32"}
{"level":"info","message":{"body":"","method":"GET","params":{},"query":{},"url":"/person"},"timestamp":"2024-05-30 21:28:32"}
{"level":"info","message":{"body":"","method":"GET","params":{},"query":{},"url":"/person"},"timestamp":"2024-05-30 21:28:32"}
{"level":"info","message":{"body":"","method":"GET","params":{},"query":{},"url":"/person"},"timestamp":"2024-05-30 21:28:32"}
{"level":"info","message":{"body":"","method":"GET","params":{},"query":{},"url":"/person"},"timestamp":"2024-05-30 21:28:33"}
{"level":"info","message":{"body":{"email":"cristian@gmail.com","password":"cristian@gmail.com"},"method":"POST","params":"","query":"","url":"/user/validate"},"timestamp":"2024-05-30 21:28:49"}
{"level":"info","message":{"body":{"email":"cristian@gmail.com","password":"cristian@gmail.com"},"method":"POST","params":"","query":"","url":"/user/validate"},"timestamp":"2024-05-30 21:28:49"}
{"level":"info","message":{"body":{"email":"cristian@gmail.com","password":"cristian123"},"method":"POST","params":"","query":"","url":"/user/validate"},"timestamp":"2024-05-30 21:28:54"}
{"level":"info","message":{"body":{"email":"cristian@gmail.com","password":"cristian123"},"method":"POST","params":"","query":"","url":"/user/validate"},"timestamp":"2024-05-30 21:28:55"}
{"level":"info","message":{"body":"","method":"GET","params":{},"query":{},"url":"/user"},"timestamp":"2024-05-30 21:28:55"}
{"level":"info","message":{"body":"","method":"GET","params":{},"query":{},"url":"/user"},"timestamp":"2024-05-30 21:28:55"}
{"level":"info","message":{"body":"","method":"GET","params":{},"query":{},"url":"/user"},"timestamp":"2024-05-30 21:28:55"}
{"level":"info","message":{"body":"","method":"GET","params":{},"query":{},"url":"/user"},"timestamp":"2024-05-30 21:28:55"}
{"level":"info","message":{"body":"","method":"GET","params":{},"query":{},"url":"/user"},"timestamp":"2024-05-30 21:28:55"}
{"level":"info","message":{"body":"","method":"GET","params":{},"query":{},"url":"/user"},"timestamp":"2024-05-30 21:28:55"}
{"level":"info","message":{"body":"","method":"GET","params":{},"query":{},"url":"/user"},"timestamp":"2024-05-30 21:28:55"}
{"level":"info","message":{"body":"","method":"GET","params":{},"query":{},"url":"/user"},"timestamp":"2024-05-30 21:28:55"}
{"level":"info","message":{"body":{"email":"cristian@gmail.com","password":"cristian123"},"method":"POST","params":"","query":"","url":"/user/validate"},"timestamp":"2024-05-30 21:29:11"}
{"level":"info","message":{"body":{"email":"cristian@gmail.com","password":"cristian123"},"method":"POST","params":"","query":"","url":"/user/validate"},"timestamp":"2024-05-30 21:29:11"}
{"level":"info","message":{"body":"","method":"GET","params":{},"query":{},"url":"/user"},"timestamp":"2024-05-30 21:29:11"}
{"level":"info","message":{"body":"","method":"GET","params":{},"query":{},"url":"/user"},"timestamp":"2024-05-30 21:29:12"}
{"level":"info","message":{"body":"","method":"GET","params":{},"query":{},"url":"/user"},"timestamp":"2024-05-30 21:29:12"}
{"level":"info","message":{"body":"","method":"GET","params":{},"query":{},"url":"/user"},"timestamp":"2024-05-30 21:29:12"}
{"level":"info","message":{"body":"","method":"GET","params":{},"query":{},"url":"/user"},"timestamp":"2024-05-30 21:29:12"}
{"level":"info","message":{"body":"","method":"GET","params":{},"query":{},"url":"/user"},"timestamp":"2024-05-30 21:29:12"}
{"level":"info","message":{"body":"","method":"GET","params":{},"query":{},"url":"/user"},"timestamp":"2024-05-30 21:29:12"}
{"level":"info","message":{"body":"","method":"GET","params":{},"query":{},"url":"/user"},"timestamp":"2024-05-30 21:29:12"}
{"level":"info","message":{"body":{"email":"cristian@gmail.com","password":"cristian123"},"method":"POST","params":"","query":"","url":"/user/validate"},"timestamp":"2024-05-30 21:34:13"}
{"level":"info","message":{"body":{"email":"cristian@gmail.com","password":"cristian123"},"method":"POST","params":"","query":"","url":"/user/validate"},"timestamp":"2024-05-30 21:34:14"}
{"level":"info","message":{"body":"","method":"GET","params":{},"query":{},"url":"/profile"},"timestamp":"2024-05-30 21:34:14"}
{"level":"info","message":{"body":"","method":"GET","params":{},"query":{},"url":"/profile"},"timestamp":"2024-05-30 21:34:14"}
{"level":"info","message":{"body":"","method":"GET","params":{},"query":{},"url":"/profile"},"timestamp":"2024-05-30 21:34:14"}
{"level":"info","message":{"body":"","method":"GET","params":{},"query":{},"url":"/profile"},"timestamp":"2024-05-30 21:34:14"}
{"level":"info","message":{"body":"","method":"GET","params":{},"query":{},"url":"/profile"},"timestamp":"2024-05-30 21:34:14"}
{"level":"info","message":{"body":"","method":"GET","params":{},"query":{},"url":"/profile"},"timestamp":"2024-05-30 21:34:14"}
{"level":"info","message":{"body":"","method":"GET","params":{},"query":{},"url":"/profile"},"timestamp":"2024-05-30 21:34:14"}
{"level":"info","message":{"body":"","method":"GET","params":{},"query":{},"url":"/profile"},"timestamp":"2024-05-30 21:34:14"}
{"level":"info","message":{"body":"","method":"GET","params":{},"query":{},"url":"/categoryInterest/"},"timestamp":"2024-05-30 21:39:09"}
{"level":"info","message":{"body":"","method":"GET","params":{},"query":{},"url":"/categoryInterest/"},"timestamp":"2024-05-30 21:39:09"}
{"level":"info","message":{"body":"","method":"GET","params":{},"query":{},"url":"/profile/id/5b588e2e-eb9c-471b-b264-4ebdd6e68984"},"timestamp":"2024-05-30 21:43:01"}
{"level":"info","message":{"body":"","method":"GET","params":{"id":"5b588e2e-eb9c-471b-b264-4ebdd6e68984"},"query":{},"url":"/profile/id/5b588e2e-eb9c-471b-b264-4ebdd6e68984"},"timestamp":"2024-05-30 21:43:02"}
{"level":"info","message":{"body":"","method":"GET","params":{},"query":{},"url":"/profile"},"timestamp":"2024-05-30 21:43:02"}
{"level":"info","message":{"body":"","method":"GET","params":{},"query":{},"url":"/profile"},"timestamp":"2024-05-30 21:43:02"}
{"level":"info","message":{"body":{"email":"cristian@gmail.com","password":"cristian123"},"method":"POST","params":"","query":"","url":"/user/validate"},"timestamp":"2024-05-30 21:52:50"}
{"level":"info","message":{"body":{"email":"cristian@gmail.com","password":"cristian123"},"method":"POST","params":"","query":"","url":"/user/validate"},"timestamp":"2024-05-30 21:52:50"}
{"level":"info","message":{"body":"","method":"GET","params":{},"query":{},"url":"/profile"},"timestamp":"2024-05-30 21:52:50"}
{"level":"info","message":{"body":"","method":"GET","params":{},"query":{},"url":"/profile"},"timestamp":"2024-05-30 21:52:50"}
{"level":"info","message":{"body":"","method":"GET","params":{},"query":{},"url":"/profile"},"timestamp":"2024-05-30 21:52:50"}
{"level":"info","message":{"body":"","method":"GET","params":{},"query":{},"url":"/profile"},"timestamp":"2024-05-30 21:52:51"}
{"level":"info","message":{"body":"","method":"GET","params":{},"query":{},"url":"/profile"},"timestamp":"2024-05-30 21:52:51"}
{"level":"info","message":{"body":"","method":"GET","params":{},"query":{},"url":"/profile"},"timestamp":"2024-05-30 21:52:51"}
{"level":"info","message":{"body":"","method":"GET","params":{},"query":{},"url":"/profile"},"timestamp":"2024-05-30 21:52:51"}
{"level":"info","message":{"body":"","method":"GET","params":{},"query":{},"url":"/profile"},"timestamp":"2024-05-30 21:52:51"}
{"level":"info","message":{"body":"","method":"GET","params":{},"query":{},"url":"/profile"},"timestamp":"2024-05-30 21:56:03"}
{"level":"info","message":{"body":"","method":"GET","params":{},"query":{},"url":"/profile"},"timestamp":"2024-05-30 21:56:04"}
{"level":"info","message":{"body":"","method":"GET","params":{},"query":{},"url":"/profile"},"timestamp":"2024-05-30 21:56:04"}
{"level":"info","message":{"body":"","method":"GET","params":{},"query":{},"url":"/profile"},"timestamp":"2024-05-30 21:56:04"}
{"level":"info","message":{"body":"","method":"GET","params":{},"query":{},"url":"/profile"},"timestamp":"2024-05-30 22:00:26"}
{"level":"info","message":{"body":"","method":"GET","params":{},"query":{},"url":"/profile"},"timestamp":"2024-05-30 22:00:27"}
{"level":"info","message":{"body":"","method":"GET","params":{},"query":{},"url":"/profile"},"timestamp":"2024-05-30 22:00:27"}
{"level":"info","message":{"body":"","method":"GET","params":{},"query":{},"url":"/profile"},"timestamp":"2024-05-30 22:00:27"}
{"level":"info","message":{"body":"","method":"GET","params":{},"query":{},"url":"/profile"},"timestamp":"2024-05-30 22:00:27"}
{"level":"info","message":{"body":"","method":"GET","params":{},"query":{},"url":"/profile"},"timestamp":"2024-05-30 22:00:27"}
{"level":"info","message":{"body":"","method":"GET","params":{},"query":{},"url":"/profile"},"timestamp":"2024-05-30 22:00:27"}
{"level":"info","message":{"body":"","method":"GET","params":{},"query":{},"url":"/profile"},"timestamp":"2024-05-30 22:00:27"}
{"level":"info","message":{"body":"","method":"GET","params":{},"query":{},"url":"/profile"},"timestamp":"2024-05-30 22:06:43"}
{"level":"info","message":{"body":"","method":"GET","params":{},"query":{},"url":"/profile"},"timestamp":"2024-05-30 22:06:44"}
{"level":"info","message":{"body":"","method":"GET","params":{},"query":{},"url":"/profile"},"timestamp":"2024-05-30 22:06:44"}
{"level":"info","message":{"body":"","method":"GET","params":{},"query":{},"url":"/profile"},"timestamp":"2024-05-30 22:06:44"}
{"level":"info","message":{"body":"","method":"GET","params":{},"query":{},"url":"/profile"},"timestamp":"2024-05-30 22:06:44"}
{"level":"info","message":{"body":"","method":"GET","params":{},"query":{},"url":"/profile"},"timestamp":"2024-05-30 22:06:45"}
{"level":"info","message":{"body":"","method":"GET","params":{},"query":{},"url":"/profile"},"timestamp":"2024-05-30 22:06:45"}
{"level":"info","message":{"body":"","method":"GET","params":{},"query":{},"url":"/profile"},"timestamp":"2024-05-30 22:06:45"}
{"level":"info","message":{"body":"","method":"GET","params":{},"query":{},"url":"/profile"},"timestamp":"2024-05-30 22:28:30"}
{"level":"info","message":{"body":"","method":"GET","params":{},"query":{},"url":"/profile"},"timestamp":"2024-05-30 22:28:30"}
{"level":"info","message":{"body":"","method":"GET","params":{},"query":{},"url":"/profile"},"timestamp":"2024-05-30 22:28:30"}
{"level":"info","message":{"body":"","method":"GET","params":{},"query":{},"url":"/profile"},"timestamp":"2024-05-30 22:28:31"}
{"level":"info","message":{"body":"","method":"GET","params":{},"query":{},"url":"/profile"},"timestamp":"2024-05-30 22:28:31"}
{"level":"info","message":{"body":"","method":"GET","params":{},"query":{},"url":"/profile"},"timestamp":"2024-05-30 22:28:31"}
{"level":"info","message":{"body":"","method":"GET","params":{},"query":{},"url":"/profile"},"timestamp":"2024-05-30 22:28:31"}
{"level":"info","message":{"body":"","method":"GET","params":{},"query":{},"url":"/profile"},"timestamp":"2024-05-30 22:28:31"}
{"level":"info","message":{"body":{"email":"cristian@gmail.com","password":"cristian123"},"method":"POST","params":"","query":"","url":"/user/validate"},"timestamp":"2024-05-30 22:28:57"}
{"level":"info","message":{"body":{"email":"cristian@gmail.com","password":"cristian123"},"method":"POST","params":"","query":"","url":"/user/validate"},"timestamp":"2024-05-30 22:28:58"}
{"level":"info","message":{"body":"","method":"GET","params":{},"query":{},"url":"/profile"},"timestamp":"2024-05-30 22:28:58"}
{"level":"info","message":{"body":"","method":"GET","params":{},"query":{},"url":"/profile"},"timestamp":"2024-05-30 22:28:58"}
{"level":"info","message":{"body":"","method":"GET","params":{},"query":{},"url":"/profile"},"timestamp":"2024-05-30 22:28:58"}
{"level":"info","message":{"body":"","method":"GET","params":{},"query":{},"url":"/profile"},"timestamp":"2024-05-30 22:28:58"}
{"level":"info","message":{"body":"","method":"GET","params":{},"query":{},"url":"/profile"},"timestamp":"2024-05-30 22:28:58"}
{"level":"info","message":{"body":"","method":"GET","params":{},"query":{},"url":"/profile"},"timestamp":"2024-05-30 22:28:58"}
{"level":"info","message":{"body":"","method":"GET","params":{},"query":{},"url":"/profile"},"timestamp":"2024-05-30 22:28:58"}
{"level":"info","message":{"body":"","method":"GET","params":{},"query":{},"url":"/profile"},"timestamp":"2024-05-30 22:28:58"}
{"level":"info","message":{"body":"","method":"GET","params":{},"query":{},"url":"/profile/id/498af297-ce80-4bae-abc2-d3a795a542bd"},"timestamp":"2024-05-30 22:30:14"}
{"level":"info","message":{"body":"","method":"GET","params":{"id":"498af297-ce80-4bae-abc2-d3a795a542bd"},"query":{},"url":"/profile/id/498af297-ce80-4bae-abc2-d3a795a542bd"},"timestamp":"2024-05-30 22:30:15"}
{"level":"info","message":{"body":"","method":"GET","params":{},"query":{},"url":"/profile"},"timestamp":"2024-05-30 22:30:15"}
{"level":"info","message":{"body":"","method":"GET","params":{},"query":{},"url":"/profile"},"timestamp":"2024-05-30 22:30:15"}
{"level":"info","message":{"body":"","method":"GET","params":{},"query":{},"url":"/profile/id/498af297-ce80-4bae-abc2-d3a795a542bd"},"timestamp":"2024-05-30 22:31:31"}
{"level":"info","message":{"body":"","method":"GET","params":{"id":"498af297-ce80-4bae-abc2-d3a795a542bd"},"query":{},"url":"/profile/id/498af297-ce80-4bae-abc2-d3a795a542bd"},"timestamp":"2024-05-30 22:31:32"}
{"level":"info","message":{"body":"","method":"GET","params":{},"query":{},"url":"/profile"},"timestamp":"2024-05-30 22:34:33"}
{"level":"info","message":{"body":"","method":"GET","params":{},"query":{},"url":"/profile"},"timestamp":"2024-05-30 22:34:33"}
{"level":"info","message":{"body":"","method":"GET","params":{},"query":{},"url":"/profile/id/498af297-ce80-4bae-abc2-d3a795a542bd"},"timestamp":"2024-05-30 22:34:34"}
{"level":"info","message":{"body":"","method":"GET","params":{"id":"498af297-ce80-4bae-abc2-d3a795a542bd"},"query":{},"url":"/profile/id/498af297-ce80-4bae-abc2-d3a795a542bd"},"timestamp":"2024-05-30 22:34:34"}
{"level":"info","message":{"body":"","method":"GET","params":{},"query":{},"url":"/profile"},"timestamp":"2024-05-30 22:34:34"}
{"level":"info","message":{"body":"","method":"GET","params":{},"query":{},"url":"/profile"},"timestamp":"2024-05-30 22:34:34"}
{"level":"info","message":{"body":"","method":"GET","params":{},"query":{},"url":"/profile"},"timestamp":"2024-05-30 22:39:05"}
{"level":"info","message":{"body":"","method":"GET","params":{},"query":{},"url":"/profile"},"timestamp":"2024-05-30 22:39:05"}
{"level":"info","message":{"body":"","method":"GET","params":{},"query":{},"url":"/profile"},"timestamp":"2024-05-30 22:39:05"}
{"level":"info","message":{"body":"","method":"GET","params":{},"query":{},"url":"/profile"},"timestamp":"2024-05-30 22:39:06"}
{"level":"info","message":{"body":{"email":"cristian@gmail.com","password":"cristian123"},"method":"POST","params":"","query":"","url":"/user/validate"},"timestamp":"2024-05-30 22:39:12"}
{"level":"info","message":{"body":{"email":"cristian@gmail.com","password":"cristian123"},"method":"POST","params":"","query":"","url":"/user/validate"},"timestamp":"2024-05-30 22:39:12"}
{"level":"info","message":{"body":"","method":"GET","params":{},"query":{},"url":"/profile"},"timestamp":"2024-05-30 22:39:12"}
{"level":"info","message":{"body":"","method":"GET","params":{},"query":{},"url":"/profile"},"timestamp":"2024-05-30 22:39:12"}
{"level":"info","message":{"body":"","method":"GET","params":{},"query":{},"url":"/profile"},"timestamp":"2024-05-30 22:39:12"}
{"level":"info","message":{"body":"","method":"GET","params":{},"query":{},"url":"/profile"},"timestamp":"2024-05-30 22:39:12"}
{"level":"info","message":{"body":"","method":"GET","params":{},"query":{},"url":"/profile"},"timestamp":"2024-05-30 22:39:12"}
{"level":"info","message":{"body":"","method":"GET","params":{},"query":{},"url":"/profile"},"timestamp":"2024-05-30 22:39:13"}
{"level":"info","message":{"body":"","method":"GET","params":{},"query":{},"url":"/profile"},"timestamp":"2024-05-30 22:39:13"}
{"level":"info","message":{"body":"","method":"GET","params":{},"query":{},"url":"/profile"},"timestamp":"2024-05-30 22:39:13"}
{"level":"info","message":{"body":"","method":"GET","params":{},"query":{},"url":"/profile/id/498af297-ce80-4bae-abc2-d3a795a542bd"},"timestamp":"2024-05-30 22:39:17"}
{"level":"info","message":{"body":"","method":"GET","params":{"id":"498af297-ce80-4bae-abc2-d3a795a542bd"},"query":{},"url":"/profile/id/498af297-ce80-4bae-abc2-d3a795a542bd"},"timestamp":"2024-05-30 22:39:17"}
{"level":"info","message":{"body":"","method":"GET","params":{},"query":{},"url":"/profile"},"timestamp":"2024-05-30 22:39:17"}
{"level":"info","message":{"body":"","method":"GET","params":{},"query":{},"url":"/profile"},"timestamp":"2024-05-30 22:39:17"}
{"level":"info","message":{"body":"","method":"GET","params":{},"query":{},"url":"/profile"},"timestamp":"2024-05-30 22:45:38"}
{"level":"info","message":{"body":"","method":"GET","params":{},"query":{},"url":"/profile"},"timestamp":"2024-05-30 22:45:39"}
{"level":"info","message":{"body":"","method":"GET","params":{},"query":{},"url":"/profile"},"timestamp":"2024-05-30 22:45:39"}
{"level":"info","message":{"body":"","method":"GET","params":{},"query":{},"url":"/profile"},"timestamp":"2024-05-30 22:45:39"}
{"level":"info","message":{"body":"","method":"GET","params":{},"query":{},"url":"/profile"},"timestamp":"2024-05-30 22:52:43"}
{"level":"info","message":{"body":"","method":"GET","params":{},"query":{},"url":"/profile"},"timestamp":"2024-05-30 22:52:43"}
{"level":"info","message":{"body":"","method":"GET","params":{},"query":{},"url":"/profile"},"timestamp":"2024-05-30 22:52:43"}
{"level":"info","message":{"body":"","method":"GET","params":{},"query":{},"url":"/profile"},"timestamp":"2024-05-30 22:52:43"}
{"level":"info","message":{"body":"","method":"GET","params":{},"query":{},"url":"/profile/id/498af297-ce80-4bae-abc2-d3a795a542bd"},"timestamp":"2024-05-30 22:53:10"}
{"level":"info","message":{"body":"","method":"GET","params":{"id":"498af297-ce80-4bae-abc2-d3a795a542bd"},"query":{},"url":"/profile/id/498af297-ce80-4bae-abc2-d3a795a542bd"},"timestamp":"2024-05-30 22:53:11"}
{"level":"info","message":{"body":"","method":"GET","params":{},"query":{},"url":"/profile"},"timestamp":"2024-05-30 22:53:11"}
{"level":"info","message":{"body":"","method":"GET","params":{},"query":{},"url":"/profile"},"timestamp":"2024-05-30 22:53:11"}
{"level":"info","message":{"body":{"email":"cristian@gmail.com","password":"cristian123"},"method":"POST","params":"","query":"","url":"/user/validate"},"timestamp":"2024-05-30 22:54:08"}
{"level":"info","message":{"body":{"email":"cristian@gmail.com","password":"cristian123"},"method":"POST","params":"","query":"","url":"/user/validate"},"timestamp":"2024-05-30 22:54:09"}
{"level":"info","message":{"body":"","method":"GET","params":{},"query":{},"url":"/profile"},"timestamp":"2024-05-30 22:54:09"}
{"level":"info","message":{"body":"","method":"GET","params":{},"query":{},"url":"/profile"},"timestamp":"2024-05-30 22:54:09"}
{"level":"info","message":{"body":"","method":"GET","params":{},"query":{},"url":"/profile"},"timestamp":"2024-05-30 22:54:09"}
{"level":"info","message":{"body":"","method":"GET","params":{},"query":{},"url":"/profile"},"timestamp":"2024-05-30 22:54:09"}
{"level":"info","message":{"body":"","method":"GET","params":{},"query":{},"url":"/profile"},"timestamp":"2024-05-30 22:54:09"}
{"level":"info","message":{"body":"","method":"GET","params":{},"query":{},"url":"/profile"},"timestamp":"2024-05-30 22:54:09"}
{"level":"info","message":{"body":"","method":"GET","params":{},"query":{},"url":"/profile"},"timestamp":"2024-05-30 22:54:09"}
{"level":"info","message":{"body":"","method":"GET","params":{},"query":{},"url":"/profile"},"timestamp":"2024-05-30 22:54:10"}
{"level":"info","message":{"body":"","method":"GET","params":{},"query":{},"url":"/profile"},"timestamp":"2024-05-30 22:54:54"}
{"level":"info","message":{"body":"","method":"GET","params":{},"query":{},"url":"/profile"},"timestamp":"2024-05-30 22:54:55"}
{"level":"info","message":{"body":"","method":"GET","params":{},"query":{},"url":"/profile"},"timestamp":"2024-05-30 22:54:55"}
{"level":"info","message":{"body":"","method":"GET","params":{},"query":{},"url":"/profile"},"timestamp":"2024-05-30 22:54:55"}
{"level":"info","message":{"body":"","method":"GET","params":{},"query":{},"url":"/profile/id/498af297-ce80-4bae-abc2-d3a795a542bd"},"timestamp":"2024-05-30 22:55:05"}
{"level":"info","message":{"body":"","method":"GET","params":{"id":"498af297-ce80-4bae-abc2-d3a795a542bd"},"query":{},"url":"/profile/id/498af297-ce80-4bae-abc2-d3a795a542bd"},"timestamp":"2024-05-30 22:55:05"}
{"level":"info","message":{"body":"","method":"GET","params":{},"query":{},"url":"/profile"},"timestamp":"2024-05-30 22:55:05"}
{"level":"info","message":{"body":"","method":"GET","params":{},"query":{},"url":"/profile"},"timestamp":"2024-05-30 22:55:05"}
{"level":"info","message":{"body":"","method":"PUT","params":{},"query":"","url":"/profile/id/498af297-ce80-4bae-abc2-d3a795a542bd"},"timestamp":"2024-05-30 22:55:27"}
{"level":"info","message":{"body":{"email":"","maternalLastName":"","name":"","paternalLastName":"","rut":""},"method":"POST","params":"","query":"","url":"/person"},"timestamp":"2024-05-30 22:55:27"}
{"level":"error","message":{"body":{"email":"","maternalLastName":"","name":"","paternalLastName":"","rut":""},"error":"\"rut\" is not allowed to be empty","method":"POST","params":"","query":"","url":"/person"},"timestamp":"2024-05-30 22:55:27"}
{"level":"info","message":{"body":"","method":"PUT","params":{},"query":"","url":"/user/update"},"timestamp":"2024-05-30 22:55:27"}
{"level":"error","message":{"body":"","error":"\"personId\" is not allowed to be empty","method":"PUT","params":{},"query":"","url":"/user/update"},"timestamp":"2024-05-30 22:55:27"}
{"level":"info","message":{"body":"","method":"PUT","params":{"id":"498af297-ce80-4bae-abc2-d3a795a542bd"},"query":"","url":"/profile/id/498af297-ce80-4bae-abc2-d3a795a542bd"},"timestamp":"2024-05-30 22:55:27"}
{"level":"info","message":{"body":"","method":"GET","params":{},"query":{},"url":"/profile"},"timestamp":"2024-05-30 22:55:27"}
{"level":"info","message":{"body":"","method":"GET","params":{},"query":{},"url":"/profile"},"timestamp":"2024-05-30 22:55:28"}
{"level":"info","message":{"body":{"email":"juan@example.com","password":"juan123"},"method":"POST","params":"","query":"","url":"/user/validate"},"timestamp":"2024-05-30 22:55:59"}
{"level":"info","message":{"body":{"email":"juan@example.com","password":"juan123"},"method":"POST","params":"","query":"","url":"/user/validate"},"timestamp":"2024-05-30 22:56:00"}
{"level":"info","message":{"body":{"email":"juan@example.com","password":"juan123"},"method":"POST","params":"","query":"","url":"/user/validate"},"timestamp":"2024-05-30 22:56:27"}
{"level":"info","message":{"body":{"email":"juan@example.com","password":"juan123"},"method":"POST","params":"","query":"","url":"/user/validate"},"timestamp":"2024-05-30 22:56:27"}
{"level":"info","message":{"body":{"email":"cristian@gmail.com","password":"cristian123"},"method":"POST","params":"","query":"","url":"/user/validate"},"timestamp":"2024-05-30 22:56:35"}
{"level":"info","message":{"body":{"email":"cristian@gmail.com","password":"cristian123"},"method":"POST","params":"","query":"","url":"/user/validate"},"timestamp":"2024-05-30 22:56:35"}
{"level":"info","message":{"body":"","method":"GET","params":{},"query":{},"url":"/profile"},"timestamp":"2024-05-30 22:56:35"}
{"level":"info","message":{"body":"","method":"GET","params":{},"query":{},"url":"/profile"},"timestamp":"2024-05-30 22:56:35"}
{"level":"info","message":{"body":"","method":"GET","params":{},"query":{},"url":"/profile"},"timestamp":"2024-05-30 22:56:35"}
{"level":"info","message":{"body":"","method":"GET","params":{},"query":{},"url":"/profile"},"timestamp":"2024-05-30 22:56:36"}
{"level":"info","message":{"body":"","method":"GET","params":{},"query":{},"url":"/profile"},"timestamp":"2024-05-30 22:56:36"}
{"level":"info","message":{"body":"","method":"GET","params":{},"query":{},"url":"/profile"},"timestamp":"2024-05-30 22:56:36"}
{"level":"info","message":{"body":"","method":"GET","params":{},"query":{},"url":"/profile"},"timestamp":"2024-05-30 22:56:36"}
{"level":"info","message":{"body":"","method":"GET","params":{},"query":{},"url":"/profile"},"timestamp":"2024-05-30 22:56:36"}
{"level":"info","message":{"body":"","method":"GET","params":{},"query":{},"url":"/profile"},"timestamp":"2024-05-30 23:01:08"}
{"level":"info","message":{"body":"","method":"GET","params":{},"query":{},"url":"/profile"},"timestamp":"2024-05-30 23:01:08"}
{"level":"info","message":{"body":"","method":"GET","params":{},"query":{},"url":"/profile"},"timestamp":"2024-05-30 23:01:08"}
{"level":"info","message":{"body":"","method":"GET","params":{},"query":{},"url":"/profile"},"timestamp":"2024-05-30 23:01:09"}
{"level":"info","message":{"body":"","method":"GET","params":{},"query":{},"url":"/profile"},"timestamp":"2024-05-30 23:01:09"}
{"level":"info","message":{"body":"","method":"GET","params":{},"query":{},"url":"/profile"},"timestamp":"2024-05-30 23:01:09"}
{"level":"info","message":{"body":"","method":"GET","params":{},"query":{},"url":"/profile"},"timestamp":"2024-05-30 23:01:09"}
{"level":"info","message":{"body":"","method":"GET","params":{},"query":{},"url":"/profile"},"timestamp":"2024-05-30 23:01:09"}
{"level":"info","message":{"body":"","method":"PUT","params":{},"query":"","url":"/profile/id/498af297-ce80-4bae-abc2-d3a795a542bd"},"timestamp":"2024-05-30 23:21:14"}
{"level":"error","message":{"body":"","error":"bind message supplies 7 parameters, but prepared statement \"\" requires 6","method":"PUT","params":{},"query":"","url":"/profile/id/498af297-ce80-4bae-abc2-d3a795a542bd"},"timestamp":"2024-05-30 23:21:15"}
{"level":"info","message":{"body":"","method":"PUT","params":{},"query":"","url":"/profile/id/498af297-ce80-4bae-abc2-d3a795a542bd"},"timestamp":"2024-05-30 23:23:30"}
{"level":"error","message":{"body":"","error":"invalid input syntax for type uuid: \"Nueva descripcin\"","method":"PUT","params":{},"query":"","url":"/profile/id/498af297-ce80-4bae-abc2-d3a795a542bd"},"timestamp":"2024-05-30 23:23:31"}
{"level":"info","message":{"body":"","method":"PUT","params":{},"query":"","url":"/profile/id/498af297-ce80-4bae-abc2-d3a795a542bd"},"timestamp":"2024-05-30 23:30:48"}
{"level":"info","message":{"body":"","method":"PUT","params":{"id":"498af297-ce80-4bae-abc2-d3a795a542bd"},"query":"","url":"/profile/id/498af297-ce80-4bae-abc2-d3a795a542bd"},"timestamp":"2024-05-30 23:30:48"}
{"level":"info","message":{"body":"","method":"PUT","params":{},"query":"","url":"/profile/id/498af297-ce80-4bae-abc2-d3a795a542bd"},"timestamp":"2024-05-30 23:33:56"}
{"level":"error","message":{"body":"","error":"column \"id_person\" does not exist","method":"PUT","params":{},"query":"","url":"/profile/id/498af297-ce80-4bae-abc2-d3a795a542bd"},"timestamp":"2024-05-30 23:33:57"}
{"level":"info","message":{"body":"","method":"PUT","params":{},"query":"","url":"/profile/id/498af297-ce80-4bae-abc2-d3a795a542bd"},"timestamp":"2024-05-30 23:35:05"}
{"level":"info","message":{"body":"","method":"PUT","params":{"id":"498af297-ce80-4bae-abc2-d3a795a542bd"},"query":"","url":"/profile/id/498af297-ce80-4bae-abc2-d3a795a542bd"},"timestamp":"2024-05-30 23:35:06"}
{"level":"info","message":{"body":"","method":"PUT","params":{},"query":"","url":"/profile/id/498af297-ce80-4bae-abc2-d3a795a542bd"},"timestamp":"2024-05-30 23:36:04"}
{"level":"info","message":{"body":"","method":"PUT","params":{"id":"498af297-ce80-4bae-abc2-d3a795a542bd"},"query":"","url":"/profile/id/498af297-ce80-4bae-abc2-d3a795a542bd"},"timestamp":"2024-05-30 23:36:05"}
{"level":"info","message":{"body":"","method":"PUT","params":{},"query":"","url":"/profile/id/498af297-ce80-4bae-abc2-d3a795a542bd"},"timestamp":"2024-05-30 23:37:11"}
{"level":"info","message":{"body":"","method":"PUT","params":{"id":"498af297-ce80-4bae-abc2-d3a795a542bd"},"query":"","url":"/profile/id/498af297-ce80-4bae-abc2-d3a795a542bd"},"timestamp":"2024-05-30 23:37:11"}
{"level":"error","message":{"body":"","error":"Expected double-quoted property name in JSON at position 93","method":"PUT","params":{},"query":"","url":"/profile/id/498af297-ce80-4bae-abc2-d3a795a542bd"},"timestamp":"2024-05-30 23:37:26"}
{"level":"info","message":{"body":"","method":"PUT","params":{},"query":"","url":"/profile/id/498af297-ce80-4bae-abc2-d3a795a542bd"},"timestamp":"2024-05-30 23:37:29"}
{"level":"error","message":{"body":"","error":"null value in column \"maternal_lastname\" of relation \"person\" violates not-null constraint","method":"PUT","params":{},"query":"","url":"/profile/id/498af297-ce80-4bae-abc2-d3a795a542bd"},"timestamp":"2024-05-30 23:37:30"}
{"level":"info","message":{"body":"","method":"PUT","params":{},"query":"","url":"/profile/id/498af297-ce80-4bae-abc2-d3a795a542bd"},"timestamp":"2024-05-30 23:37:56"}
{"level":"info","message":{"body":"","method":"PUT","params":{"id":"498af297-ce80-4bae-abc2-d3a795a542bd"},"query":"","url":"/profile/id/498af297-ce80-4bae-abc2-d3a795a542bd"},"timestamp":"2024-05-30 23:37:56"}
{"level":"info","message":{"body":"","method":"GET","params":{},"query":{},"url":"/profile/id/498af297-ce80-4bae-abc2-d3a795a542bd"},"timestamp":"2024-05-30 23:39:10"}
{"level":"info","message":{"body":"","method":"GET","params":{"id":"498af297-ce80-4bae-abc2-d3a795a542bd"},"query":{},"url":"/profile/id/498af297-ce80-4bae-abc2-d3a795a542bd"},"timestamp":"2024-05-30 23:39:11"}
{"level":"info","message":{"body":"","method":"GET","params":{},"query":{},"url":"/profile/id/498af297-ce80-4bae-abc2-d3a795a542bd"},"timestamp":"2024-05-30 23:41:41"}
{"level":"info","message":{"body":"","method":"GET","params":{"id":"498af297-ce80-4bae-abc2-d3a795a542bd"},"query":{},"url":"/profile/id/498af297-ce80-4bae-abc2-d3a795a542bd"},"timestamp":"2024-05-30 23:41:41"}
{"level":"info","message":{"body":"","method":"GET","params":{},"query":{},"url":"/profile/"},"timestamp":"2024-05-30 23:44:35"}
{"level":"error","message":{"body":"","error":"column img.id_imagen does not exist","method":"GET","params":{},"query":{},"url":"/profile/"},"timestamp":"2024-05-30 23:44:35"}
{"level":"info","message":{"body":"","method":"GET","params":{},"query":{},"url":"/profile/"},"timestamp":"2024-05-30 23:46:03"}
{"level":"error","message":{"body":"","error":"column pro.id_image does not exist","method":"GET","params":{},"query":{},"url":"/profile/"},"timestamp":"2024-05-30 23:46:04"}
{"level":"info","message":{"body":"","method":"GET","params":{},"query":{},"url":"/profile/"},"timestamp":"2024-05-30 23:47:02"}
{"level":"error","message":{"body":"","error":"syntax error at or near \"FROM\"","method":"GET","params":{},"query":{},"url":"/profile/"},"timestamp":"2024-05-30 23:47:02"}
{"level":"info","message":{"body":"","method":"GET","params":{},"query":{},"url":"/profile/"},"timestamp":"2024-05-30 23:47:17"}
{"level":"error","message":{"body":"","error":"column img.id_image does not exist","method":"GET","params":{},"query":{},"url":"/profile/"},"timestamp":"2024-05-30 23:47:18"}
{"level":"info","message":{"body":"","method":"GET","params":{},"query":{},"url":"/profile/"},"timestamp":"2024-05-30 23:47:20"}
{"level":"error","message":{"body":"","error":"column img.id_image does not exist","method":"GET","params":{},"query":{},"url":"/profile/"},"timestamp":"2024-05-30 23:47:21"}
{"level":"info","message":{"body":"","method":"GET","params":{},"query":{},"url":"/profile/"},"timestamp":"2024-05-30 23:48:21"}
{"level":"info","message":{"body":"","method":"GET","params":{},"query":{},"url":"/profile/"},"timestamp":"2024-05-30 23:48:22"}
{"level":"info","message":{"body":"","method":"GET","params":{},"query":{},"url":"/profile/id/498af297-ce80-4bae-abc2-d3a795a542bd"},"timestamp":"2024-05-30 23:59:07"}
{"level":"info","message":{"body":"","method":"GET","params":{"id":"498af297-ce80-4bae-abc2-d3a795a542bd"},"query":{},"url":"/profile/id/498af297-ce80-4bae-abc2-d3a795a542bd"},"timestamp":"2024-05-30 23:59:08"}
{"level":"info","message":{"body":"","method":"GET","params":{},"query":{},"url":"/profile/id_person/06f9530e-67de-41d9-a693-0e67ab347fc2"},"timestamp":"2024-05-30 23:59:56"}
{"level":"info","message":{"body":"","method":"GET","params":{"id_person":"06f9530e-67de-41d9-a693-0e67ab347fc2"},"query":{},"url":"/profile/id_person/06f9530e-67de-41d9-a693-0e67ab347fc2"},"timestamp":"2024-05-30 23:59:57"}
