{"level":"info","message":{"body":{"email":"esteban.diaz@gmaill.com","password":"esteban"},"method":"POST","params":"","query":"","url":"/user/validate"},"timestamp":"2024-06-03 21:56:59"}
{"level":"error","message":{"body":{"email":"esteban.diaz@gmaill.com","password":"esteban"},"error":"Usuario no encontrado","method":"POST","params":"","query":"","url":"/user/validate"},"timestamp":"2024-06-03 21:57:00"}
{"level":"info","message":{"body":{"email":"esteban@diaz.cl","password":"esteban"},"method":"POST","params":"","query":"","url":"/user/validate"},"timestamp":"2024-06-03 21:57:08"}
{"level":"info","message":{"body":{"email":"esteban@diaz.cl","password":"esteban"},"method":"POST","params":"","query":"","url":"/user/validate"},"timestamp":"2024-06-03 21:57:08"}
{"level":"info","message":{"body":{"email":"esteban@diaz.cl","password":"esteban"},"method":"POST","params":"","query":"","url":"/user/validate"},"timestamp":"2024-06-03 21:57:25"}
{"level":"info","message":{"body":{"email":"esteban@diaz.cl","password":"esteban"},"method":"POST","params":"","query":"","url":"/user/validate"},"timestamp":"2024-06-03 21:57:26"}
{"level":"info","message":{"body":"","method":"GET","params":{},"query":{},"url":"/profile/id_person/64856186-6e05-4a3c-bf6a-ffe4e882d64b"},"timestamp":"2024-06-03 21:57:26"}
{"level":"info","message":{"body":"","method":"GET","params":{},"query":{},"url":"/profile"},"timestamp":"2024-06-03 21:57:26"}
{"level":"info","message":{"body":"","method":"GET","params":{"id_person":"64856186-6e05-4a3c-bf6a-ffe4e882d64b"},"query":{},"url":"/profile/id_person/64856186-6e05-4a3c-bf6a-ffe4e882d64b"},"timestamp":"2024-06-03 21:57:26"}
{"level":"info","message":{"body":"","method":"GET","params":{},"query":{},"url":"/profile/id_person/64856186-6e05-4a3c-bf6a-ffe4e882d64b"},"timestamp":"2024-06-03 21:57:26"}
{"level":"info","message":{"body":"","method":"GET","params":{"id_person":"64856186-6e05-4a3c-bf6a-ffe4e882d64b"},"query":{},"url":"/profile/id_person/64856186-6e05-4a3c-bf6a-ffe4e882d64b"},"timestamp":"2024-06-03 21:57:26"}
{"level":"info","message":{"body":"","method":"GET","params":{},"query":{},"url":"/profile"},"timestamp":"2024-06-03 21:57:26"}
{"level":"info","message":{"body":"","method":"GET","params":{},"query":{},"url":"/profile"},"timestamp":"2024-06-03 21:57:26"}
{"level":"info","message":{"body":"","method":"GET","params":{},"query":{},"url":"/profile"},"timestamp":"2024-06-03 21:57:26"}
{"level":"info","message":{"body":"","method":"GET","params":{},"query":{},"url":"/profile"},"timestamp":"2024-06-03 21:57:26"}
{"level":"info","message":{"body":"","method":"GET","params":{},"query":{},"url":"/profile"},"timestamp":"2024-06-03 21:57:27"}
{"level":"info","message":{"body":"","method":"GET","params":{},"query":{},"url":"/profile"},"timestamp":"2024-06-03 21:57:27"}
{"level":"info","message":{"body":"","method":"GET","params":{},"query":{},"url":"/profile"},"timestamp":"2024-06-03 21:57:27"}
{"level":"info","message":{"body":"","method":"GET","params":{},"query":{},"url":"/profile"},"timestamp":"2024-06-03 21:57:27"}
{"level":"info","message":{"body":"","method":"GET","params":{},"query":{},"url":"/profile"},"timestamp":"2024-06-03 21:57:27"}
{"level":"info","message":{"body":"","method":"GET","params":{},"query":{},"url":"/profile"},"timestamp":"2024-06-03 21:57:27"}
{"level":"info","message":{"body":"","method":"GET","params":{},"query":{},"url":"/profile"},"timestamp":"2024-06-03 21:57:27"}
{"level":"info","message":{"body":"","method":"GET","params":{},"query":{},"url":"/profile/id_person/64856186-6e05-4a3c-bf6a-ffe4e882d64b"},"timestamp":"2024-06-03 22:24:01"}
{"level":"info","message":{"body":"","method":"GET","params":{},"query":{},"url":"/profile"},"timestamp":"2024-06-03 22:24:01"}
{"level":"info","message":{"body":"","method":"GET","params":{"id_person":"64856186-6e05-4a3c-bf6a-ffe4e882d64b"},"query":{},"url":"/profile/id_person/64856186-6e05-4a3c-bf6a-ffe4e882d64b"},"timestamp":"2024-06-03 22:24:02"}
{"level":"info","message":{"body":"","method":"GET","params":{},"query":{},"url":"/profile"},"timestamp":"2024-06-03 22:24:02"}
{"level":"info","message":{"body":"","method":"GET","params":{},"query":{},"url":"/profile/id_person/64856186-6e05-4a3c-bf6a-ffe4e882d64b"},"timestamp":"2024-06-03 22:24:02"}
{"level":"info","message":{"body":"","method":"GET","params":{},"query":{},"url":"/profile"},"timestamp":"2024-06-03 22:24:02"}
{"level":"info","message":{"body":"","method":"GET","params":{},"query":{},"url":"/profile"},"timestamp":"2024-06-03 22:24:02"}
{"level":"info","message":{"body":"","method":"GET","params":{"id_person":"64856186-6e05-4a3c-bf6a-ffe4e882d64b"},"query":{},"url":"/profile/id_person/64856186-6e05-4a3c-bf6a-ffe4e882d64b"},"timestamp":"2024-06-03 22:24:02"}
{"level":"info","message":{"body":"","method":"GET","params":{},"query":{},"url":"/profile"},"timestamp":"2024-06-03 22:24:02"}
{"level":"info","message":{"body":"","method":"GET","params":{},"query":{},"url":"/profile"},"timestamp":"2024-06-03 22:24:02"}
{"level":"info","message":{"body":"","method":"GET","params":{},"query":{},"url":"/profile"},"timestamp":"2024-06-03 22:24:02"}
{"level":"info","message":{"body":"","method":"GET","params":{},"query":{},"url":"/profile"},"timestamp":"2024-06-03 22:24:02"}
{"level":"info","message":{"body":"","method":"GET","params":{},"query":{},"url":"/profile"},"timestamp":"2024-06-03 22:24:02"}
{"level":"info","message":{"body":"","method":"GET","params":{},"query":{},"url":"/profile"},"timestamp":"2024-06-03 22:24:02"}
{"level":"info","message":{"body":"","method":"GET","params":{},"query":{},"url":"/profile"},"timestamp":"2024-06-03 22:24:02"}
{"level":"info","message":{"body":"","method":"GET","params":{},"query":{},"url":"/profile"},"timestamp":"2024-06-03 22:24:02"}
{"level":"info","message":{"body":{"email":"esteban@diaz.cl","password":"esteban"},"method":"POST","params":"","query":"","url":"/user/validate"},"timestamp":"2024-06-03 22:24:50"}
{"level":"info","message":{"body":{"email":"esteban@diaz.cl","password":"esteban"},"method":"POST","params":"","query":"","url":"/user/validate"},"timestamp":"2024-06-03 22:24:51"}
{"level":"info","message":{"body":"","method":"GET","params":{},"query":{},"url":"/profile/id_person/64856186-6e05-4a3c-bf6a-ffe4e882d64b"},"timestamp":"2024-06-03 22:25:11"}
{"level":"info","message":{"body":"","method":"GET","params":{},"query":{},"url":"/profile"},"timestamp":"2024-06-03 22:25:11"}
{"level":"info","message":{"body":"","method":"GET","params":{"id_person":"64856186-6e05-4a3c-bf6a-ffe4e882d64b"},"query":{},"url":"/profile/id_person/64856186-6e05-4a3c-bf6a-ffe4e882d64b"},"timestamp":"2024-06-03 22:25:12"}
{"level":"info","message":{"body":"","method":"GET","params":{},"query":{},"url":"/profile/id_person/64856186-6e05-4a3c-bf6a-ffe4e882d64b"},"timestamp":"2024-06-03 22:25:12"}
{"level":"info","message":{"body":"","method":"GET","params":{},"query":{},"url":"/profile"},"timestamp":"2024-06-03 22:25:12"}
{"level":"info","message":{"body":"","method":"GET","params":{},"query":{},"url":"/profile"},"timestamp":"2024-06-03 22:25:12"}
{"level":"info","message":{"body":"","method":"GET","params":{"id_person":"64856186-6e05-4a3c-bf6a-ffe4e882d64b"},"query":{},"url":"/profile/id_person/64856186-6e05-4a3c-bf6a-ffe4e882d64b"},"timestamp":"2024-06-03 22:25:12"}
{"level":"info","message":{"body":"","method":"GET","params":{},"query":{},"url":"/profile"},"timestamp":"2024-06-03 22:25:12"}
{"level":"info","message":{"body":"","method":"GET","params":{},"query":{},"url":"/profile"},"timestamp":"2024-06-03 22:25:12"}
{"level":"info","message":{"body":"","method":"GET","params":{},"query":{},"url":"/profile"},"timestamp":"2024-06-03 22:25:12"}
{"level":"info","message":{"body":"","method":"GET","params":{},"query":{},"url":"/profile"},"timestamp":"2024-06-03 22:25:12"}
{"level":"info","message":{"body":"","method":"GET","params":{},"query":{},"url":"/profile"},"timestamp":"2024-06-03 22:25:12"}
{"level":"info","message":{"body":"","method":"GET","params":{},"query":{},"url":"/profile"},"timestamp":"2024-06-03 22:25:12"}
{"level":"info","message":{"body":"","method":"GET","params":{},"query":{},"url":"/profile"},"timestamp":"2024-06-03 22:25:12"}
{"level":"info","message":{"body":"","method":"GET","params":{},"query":{},"url":"/profile"},"timestamp":"2024-06-03 22:25:12"}
{"level":"info","message":{"body":"","method":"GET","params":{},"query":{},"url":"/profile"},"timestamp":"2024-06-03 22:25:13"}
{"level":"info","message":{"body":"","method":"GET","params":{},"query":{},"url":"/profile/id_person/64856186-6e05-4a3c-bf6a-ffe4e882d64b"},"timestamp":"2024-06-03 22:25:16"}
{"level":"info","message":{"body":"","method":"GET","params":{},"query":{},"url":"/profile"},"timestamp":"2024-06-03 22:25:16"}
{"level":"info","message":{"body":"","method":"GET","params":{},"query":{},"url":"/profile"},"timestamp":"2024-06-03 22:25:16"}
{"level":"info","message":{"body":"","method":"GET","params":{},"query":{},"url":"/profile"},"timestamp":"2024-06-03 22:25:16"}
{"level":"info","message":{"body":"","method":"GET","params":{"id_person":"64856186-6e05-4a3c-bf6a-ffe4e882d64b"},"query":{},"url":"/profile/id_person/64856186-6e05-4a3c-bf6a-ffe4e882d64b"},"timestamp":"2024-06-03 22:25:16"}
{"level":"info","message":{"body":"","method":"GET","params":{},"query":{},"url":"/profile/id_person/64856186-6e05-4a3c-bf6a-ffe4e882d64b"},"timestamp":"2024-06-03 22:25:16"}
{"level":"info","message":{"body":"","method":"GET","params":{},"query":{},"url":"/profile"},"timestamp":"2024-06-03 22:25:16"}
{"level":"info","message":{"body":"","method":"GET","params":{},"query":{},"url":"/profile"},"timestamp":"2024-06-03 22:25:16"}
{"level":"info","message":{"body":"","method":"GET","params":{"id_person":"64856186-6e05-4a3c-bf6a-ffe4e882d64b"},"query":{},"url":"/profile/id_person/64856186-6e05-4a3c-bf6a-ffe4e882d64b"},"timestamp":"2024-06-03 22:25:16"}
{"level":"info","message":{"body":"","method":"GET","params":{},"query":{},"url":"/profile"},"timestamp":"2024-06-03 22:25:16"}
{"level":"info","message":{"body":"","method":"GET","params":{},"query":{},"url":"/profile"},"timestamp":"2024-06-03 22:25:16"}
{"level":"info","message":{"body":"","method":"GET","params":{},"query":{},"url":"/profile"},"timestamp":"2024-06-03 22:25:16"}
{"level":"info","message":{"body":"","method":"GET","params":{},"query":{},"url":"/profile"},"timestamp":"2024-06-03 22:25:16"}
{"level":"info","message":{"body":"","method":"GET","params":{},"query":{},"url":"/profile"},"timestamp":"2024-06-03 22:25:16"}
{"level":"info","message":{"body":"","method":"GET","params":{},"query":{},"url":"/profile"},"timestamp":"2024-06-03 22:25:16"}
{"level":"info","message":{"body":"","method":"GET","params":{},"query":{},"url":"/profile"},"timestamp":"2024-06-03 22:25:17"}
{"level":"info","message":{"body":"","method":"GET","params":{},"query":{},"url":"/profile/id_person/64856186-6e05-4a3c-bf6a-ffe4e882d64b"},"timestamp":"2024-06-03 22:25:21"}
{"level":"info","message":{"body":"","method":"GET","params":{},"query":{},"url":"/profile"},"timestamp":"2024-06-03 22:25:21"}
{"level":"info","message":{"body":"","method":"GET","params":{"id_person":"64856186-6e05-4a3c-bf6a-ffe4e882d64b"},"query":{},"url":"/profile/id_person/64856186-6e05-4a3c-bf6a-ffe4e882d64b"},"timestamp":"2024-06-03 22:25:21"}
{"level":"info","message":{"body":"","method":"GET","params":{},"query":{},"url":"/profile/id_person/64856186-6e05-4a3c-bf6a-ffe4e882d64b"},"timestamp":"2024-06-03 22:25:21"}
{"level":"info","message":{"body":"","method":"GET","params":{},"query":{},"url":"/profile"},"timestamp":"2024-06-03 22:25:21"}
{"level":"info","message":{"body":"","method":"GET","params":{},"query":{},"url":"/profile"},"timestamp":"2024-06-03 22:25:21"}
{"level":"info","message":{"body":"","method":"GET","params":{"id_person":"64856186-6e05-4a3c-bf6a-ffe4e882d64b"},"query":{},"url":"/profile/id_person/64856186-6e05-4a3c-bf6a-ffe4e882d64b"},"timestamp":"2024-06-03 22:25:21"}
{"level":"info","message":{"body":"","method":"GET","params":{},"query":{},"url":"/profile"},"timestamp":"2024-06-03 22:25:21"}
{"level":"info","message":{"body":"","method":"GET","params":{},"query":{},"url":"/profile"},"timestamp":"2024-06-03 22:25:21"}
{"level":"info","message":{"body":"","method":"GET","params":{},"query":{},"url":"/profile"},"timestamp":"2024-06-03 22:25:22"}
{"level":"info","message":{"body":"","method":"GET","params":{},"query":{},"url":"/profile"},"timestamp":"2024-06-03 22:25:22"}
{"level":"info","message":{"body":"","method":"GET","params":{},"query":{},"url":"/profile"},"timestamp":"2024-06-03 22:25:22"}
{"level":"info","message":{"body":"","method":"GET","params":{},"query":{},"url":"/profile"},"timestamp":"2024-06-03 22:25:22"}
{"level":"info","message":{"body":"","method":"GET","params":{},"query":{},"url":"/profile"},"timestamp":"2024-06-03 22:25:22"}
{"level":"info","message":{"body":"","method":"GET","params":{},"query":{},"url":"/profile"},"timestamp":"2024-06-03 22:25:22"}
{"level":"info","message":{"body":"","method":"GET","params":{},"query":{},"url":"/profile"},"timestamp":"2024-06-03 22:25:22"}
{"level":"info","message":{"body":"","method":"GET","params":{},"query":{},"url":"/profile/id_person/64856186-6e05-4a3c-bf6a-ffe4e882d64b"},"timestamp":"2024-06-03 22:27:55"}
{"level":"info","message":{"body":"","method":"GET","params":{},"query":{},"url":"/profile"},"timestamp":"2024-06-03 22:27:55"}
{"level":"info","message":{"body":"","method":"GET","params":{"id_person":"64856186-6e05-4a3c-bf6a-ffe4e882d64b"},"query":{},"url":"/profile/id_person/64856186-6e05-4a3c-bf6a-ffe4e882d64b"},"timestamp":"2024-06-03 22:27:56"}
{"level":"info","message":{"body":"","method":"GET","params":{},"query":{},"url":"/profile/id_person/64856186-6e05-4a3c-bf6a-ffe4e882d64b"},"timestamp":"2024-06-03 22:27:56"}
{"level":"info","message":{"body":"","method":"GET","params":{},"query":{},"url":"/profile"},"timestamp":"2024-06-03 22:27:56"}
{"level":"info","message":{"body":"","method":"GET","params":{},"query":{},"url":"/profile"},"timestamp":"2024-06-03 22:27:56"}
{"level":"info","message":{"body":"","method":"GET","params":{"id_person":"64856186-6e05-4a3c-bf6a-ffe4e882d64b"},"query":{},"url":"/profile/id_person/64856186-6e05-4a3c-bf6a-ffe4e882d64b"},"timestamp":"2024-06-03 22:27:56"}
{"level":"info","message":{"body":"","method":"GET","params":{},"query":{},"url":"/profile"},"timestamp":"2024-06-03 22:27:56"}
{"level":"info","message":{"body":"","method":"GET","params":{},"query":{},"url":"/profile"},"timestamp":"2024-06-03 22:27:56"}
{"level":"info","message":{"body":"","method":"GET","params":{},"query":{},"url":"/profile"},"timestamp":"2024-06-03 22:27:57"}
{"level":"info","message":{"body":"","method":"GET","params":{},"query":{},"url":"/profile"},"timestamp":"2024-06-03 22:27:57"}
{"level":"info","message":{"body":"","method":"GET","params":{},"query":{},"url":"/profile"},"timestamp":"2024-06-03 22:27:57"}
{"level":"info","message":{"body":"","method":"GET","params":{},"query":{},"url":"/profile"},"timestamp":"2024-06-03 22:27:57"}
{"level":"info","message":{"body":"","method":"GET","params":{},"query":{},"url":"/profile"},"timestamp":"2024-06-03 22:27:57"}
{"level":"info","message":{"body":"","method":"GET","params":{},"query":{},"url":"/profile"},"timestamp":"2024-06-03 22:27:57"}
{"level":"info","message":{"body":"","method":"GET","params":{},"query":{},"url":"/profile"},"timestamp":"2024-06-03 22:27:57"}
{"level":"info","message":{"body":"","method":"GET","params":{},"query":{},"url":"/profile/id_person/64856186-6e05-4a3c-bf6a-ffe4e882d64b"},"timestamp":"2024-06-03 22:29:48"}
{"level":"info","message":{"body":"","method":"GET","params":{},"query":{},"url":"/profile"},"timestamp":"2024-06-03 22:29:48"}
{"level":"info","message":{"body":"","method":"GET","params":{},"query":{},"url":"/profile"},"timestamp":"2024-06-03 22:29:49"}
{"level":"info","message":{"body":"","method":"GET","params":{},"query":{},"url":"/profile"},"timestamp":"2024-06-03 22:29:49"}
{"level":"info","message":{"body":"","method":"GET","params":{"id_person":"64856186-6e05-4a3c-bf6a-ffe4e882d64b"},"query":{},"url":"/profile/id_person/64856186-6e05-4a3c-bf6a-ffe4e882d64b"},"timestamp":"2024-06-03 22:29:49"}
{"level":"info","message":{"body":"","method":"GET","params":{},"query":{},"url":"/profile/id_person/64856186-6e05-4a3c-bf6a-ffe4e882d64b"},"timestamp":"2024-06-03 22:29:49"}
{"level":"info","message":{"body":"","method":"GET","params":{},"query":{},"url":"/profile"},"timestamp":"2024-06-03 22:29:49"}
{"level":"info","message":{"body":"","method":"GET","params":{},"query":{},"url":"/profile"},"timestamp":"2024-06-03 22:29:49"}
{"level":"info","message":{"body":"","method":"GET","params":{"id_person":"64856186-6e05-4a3c-bf6a-ffe4e882d64b"},"query":{},"url":"/profile/id_person/64856186-6e05-4a3c-bf6a-ffe4e882d64b"},"timestamp":"2024-06-03 22:29:49"}
{"level":"info","message":{"body":"","method":"GET","params":{},"query":{},"url":"/profile"},"timestamp":"2024-06-03 22:29:49"}
{"level":"info","message":{"body":"","method":"GET","params":{},"query":{},"url":"/profile"},"timestamp":"2024-06-03 22:29:49"}
{"level":"info","message":{"body":"","method":"GET","params":{},"query":{},"url":"/profile"},"timestamp":"2024-06-03 22:29:49"}
{"level":"info","message":{"body":"","method":"GET","params":{},"query":{},"url":"/profile"},"timestamp":"2024-06-03 22:29:49"}
{"level":"info","message":{"body":"","method":"GET","params":{},"query":{},"url":"/profile"},"timestamp":"2024-06-03 22:29:49"}
{"level":"info","message":{"body":"","method":"GET","params":{},"query":{},"url":"/profile"},"timestamp":"2024-06-03 22:29:49"}
{"level":"info","message":{"body":"","method":"GET","params":{},"query":{},"url":"/profile"},"timestamp":"2024-06-03 22:29:50"}
{"level":"info","message":{"body":{"email":"esteban@diaz.cl","password":"esteban"},"method":"POST","params":"","query":"","url":"/user/validate"},"timestamp":"2024-06-03 22:40:09"}
{"level":"info","message":{"body":{"email":"esteban@diaz.cl","password":"esteban"},"method":"POST","params":"","query":"","url":"/user/validate"},"timestamp":"2024-06-03 22:40:10"}
{"level":"info","message":{"body":"","method":"GET","params":{},"query":{},"url":"/profile/id_person/64856186-6e05-4a3c-bf6a-ffe4e882d64b"},"timestamp":"2024-06-03 22:42:00"}
{"level":"info","message":{"body":"","method":"GET","params":{},"query":{},"url":"/profile"},"timestamp":"2024-06-03 22:42:00"}
{"level":"info","message":{"body":"","method":"GET","params":{"id_person":"64856186-6e05-4a3c-bf6a-ffe4e882d64b"},"query":{},"url":"/profile/id_person/64856186-6e05-4a3c-bf6a-ffe4e882d64b"},"timestamp":"2024-06-03 22:42:01"}
{"level":"info","message":{"body":"","method":"GET","params":{},"query":{},"url":"/profile/id_person/64856186-6e05-4a3c-bf6a-ffe4e882d64b"},"timestamp":"2024-06-03 22:42:01"}
{"level":"info","message":{"body":"","method":"GET","params":{},"query":{},"url":"/profile"},"timestamp":"2024-06-03 22:42:01"}
{"level":"info","message":{"body":"","method":"GET","params":{},"query":{},"url":"/profile"},"timestamp":"2024-06-03 22:42:01"}
{"level":"info","message":{"body":"","method":"GET","params":{"id_person":"64856186-6e05-4a3c-bf6a-ffe4e882d64b"},"query":{},"url":"/profile/id_person/64856186-6e05-4a3c-bf6a-ffe4e882d64b"},"timestamp":"2024-06-03 22:42:01"}
{"level":"info","message":{"body":"","method":"GET","params":{},"query":{},"url":"/profile"},"timestamp":"2024-06-03 22:42:01"}
{"level":"info","message":{"body":"","method":"GET","params":{},"query":{},"url":"/profile"},"timestamp":"2024-06-03 22:42:01"}
{"level":"info","message":{"body":"","method":"GET","params":{},"query":{},"url":"/profile"},"timestamp":"2024-06-03 22:42:01"}
{"level":"info","message":{"body":"","method":"GET","params":{},"query":{},"url":"/profile"},"timestamp":"2024-06-03 22:42:01"}
{"level":"info","message":{"body":"","method":"GET","params":{},"query":{},"url":"/profile"},"timestamp":"2024-06-03 22:42:01"}
{"level":"info","message":{"body":"","method":"GET","params":{},"query":{},"url":"/profile"},"timestamp":"2024-06-03 22:42:01"}
{"level":"info","message":{"body":"","method":"GET","params":{},"query":{},"url":"/profile"},"timestamp":"2024-06-03 22:42:01"}
{"level":"info","message":{"body":"","method":"GET","params":{},"query":{},"url":"/profile"},"timestamp":"2024-06-03 22:42:01"}
{"level":"info","message":{"body":"","method":"GET","params":{},"query":{},"url":"/profile"},"timestamp":"2024-06-03 22:42:01"}
{"level":"info","message":{"body":"","method":"GET","params":{},"query":{},"url":"/profile"},"timestamp":"2024-06-03 23:09:35"}
{"level":"info","message":{"body":"","method":"GET","params":{},"query":{},"url":"/profile/id_person/64856186-6e05-4a3c-bf6a-ffe4e882d64b"},"timestamp":"2024-06-03 23:09:35"}
{"level":"info","message":{"body":"","method":"GET","params":{"id_person":"64856186-6e05-4a3c-bf6a-ffe4e882d64b"},"query":{},"url":"/profile/id_person/64856186-6e05-4a3c-bf6a-ffe4e882d64b"},"timestamp":"2024-06-03 23:09:35"}
{"level":"info","message":{"body":"","method":"GET","params":{},"query":{},"url":"/profile/id_person/64856186-6e05-4a3c-bf6a-ffe4e882d64b"},"timestamp":"2024-06-03 23:09:35"}
{"level":"info","message":{"body":"","method":"GET","params":{},"query":{},"url":"/profile"},"timestamp":"2024-06-03 23:09:35"}
{"level":"info","message":{"body":"","method":"GET","params":{},"query":{},"url":"/profile"},"timestamp":"2024-06-03 23:09:35"}
{"level":"info","message":{"body":"","method":"GET","params":{"id_person":"64856186-6e05-4a3c-bf6a-ffe4e882d64b"},"query":{},"url":"/profile/id_person/64856186-6e05-4a3c-bf6a-ffe4e882d64b"},"timestamp":"2024-06-03 23:09:35"}
{"level":"info","message":{"body":"","method":"GET","params":{},"query":{},"url":"/profile"},"timestamp":"2024-06-03 23:09:35"}
{"level":"info","message":{"body":"","method":"GET","params":{},"query":{},"url":"/profile"},"timestamp":"2024-06-03 23:09:35"}
{"level":"info","message":{"body":"","method":"GET","params":{},"query":{},"url":"/profile"},"timestamp":"2024-06-03 23:09:36"}
{"level":"info","message":{"body":"","method":"GET","params":{},"query":{},"url":"/profile"},"timestamp":"2024-06-03 23:09:36"}
{"level":"info","message":{"body":"","method":"GET","params":{},"query":{},"url":"/profile"},"timestamp":"2024-06-03 23:09:36"}
{"level":"info","message":{"body":"","method":"GET","params":{},"query":{},"url":"/profile"},"timestamp":"2024-06-03 23:09:36"}
{"level":"info","message":{"body":"","method":"GET","params":{},"query":{},"url":"/profile"},"timestamp":"2024-06-03 23:09:36"}
{"level":"info","message":{"body":"","method":"GET","params":{},"query":{},"url":"/profile"},"timestamp":"2024-06-03 23:09:36"}
{"level":"info","message":{"body":"","method":"GET","params":{},"query":{},"url":"/profile"},"timestamp":"2024-06-03 23:09:36"}
{"level":"info","message":{"body":"","method":"GET","params":{},"query":{},"url":"/profile"},"timestamp":"2024-06-03 23:20:36"}
{"level":"info","message":{"body":"","method":"GET","params":{},"query":{},"url":"/profile/id_person/64856186-6e05-4a3c-bf6a-ffe4e882d64b"},"timestamp":"2024-06-03 23:20:36"}
{"level":"info","message":{"body":"","method":"GET","params":{"id_person":"64856186-6e05-4a3c-bf6a-ffe4e882d64b"},"query":{},"url":"/profile/id_person/64856186-6e05-4a3c-bf6a-ffe4e882d64b"},"timestamp":"2024-06-03 23:20:36"}
{"level":"info","message":{"body":"","method":"GET","params":{},"query":{},"url":"/profile/id_person/64856186-6e05-4a3c-bf6a-ffe4e882d64b"},"timestamp":"2024-06-03 23:20:36"}
{"level":"info","message":{"body":"","method":"GET","params":{},"query":{},"url":"/profile"},"timestamp":"2024-06-03 23:20:36"}
{"level":"info","message":{"body":"","method":"GET","params":{},"query":{},"url":"/profile"},"timestamp":"2024-06-03 23:20:36"}
{"level":"info","message":{"body":"","method":"GET","params":{"id_person":"64856186-6e05-4a3c-bf6a-ffe4e882d64b"},"query":{},"url":"/profile/id_person/64856186-6e05-4a3c-bf6a-ffe4e882d64b"},"timestamp":"2024-06-03 23:20:37"}
{"level":"info","message":{"body":"","method":"GET","params":{},"query":{},"url":"/profile"},"timestamp":"2024-06-03 23:20:37"}
{"level":"info","message":{"body":"","method":"GET","params":{},"query":{},"url":"/profile"},"timestamp":"2024-06-03 23:20:37"}
{"level":"info","message":{"body":"","method":"GET","params":{},"query":{},"url":"/profile"},"timestamp":"2024-06-03 23:20:37"}
{"level":"info","message":{"body":"","method":"GET","params":{},"query":{},"url":"/profile"},"timestamp":"2024-06-03 23:20:37"}
{"level":"info","message":{"body":"","method":"GET","params":{},"query":{},"url":"/profile"},"timestamp":"2024-06-03 23:20:37"}
{"level":"info","message":{"body":"","method":"GET","params":{},"query":{},"url":"/profile"},"timestamp":"2024-06-03 23:20:37"}
{"level":"info","message":{"body":"","method":"GET","params":{},"query":{},"url":"/profile"},"timestamp":"2024-06-03 23:20:37"}
{"level":"info","message":{"body":"","method":"GET","params":{},"query":{},"url":"/profile"},"timestamp":"2024-06-03 23:20:37"}
{"level":"info","message":{"body":"","method":"GET","params":{},"query":{},"url":"/profile"},"timestamp":"2024-06-03 23:20:37"}
{"level":"info","message":{"body":{"email":"","password":""},"method":"POST","params":"","query":"","url":"/user/validate"},"timestamp":"2024-06-03 23:21:28"}
{"level":"error","message":{"body":{"email":"","password":""},"error":"\"email\" is not allowed to be empty","method":"POST","params":"","query":"","url":"/user/validate"},"timestamp":"2024-06-03 23:21:29"}
{"level":"info","message":{"body":{"email":"esteban@diaz.cl","password":"esteban"},"method":"POST","params":"","query":"","url":"/user/validate"},"timestamp":"2024-06-03 23:21:37"}
{"level":"info","message":{"body":{"email":"esteban@diaz.cl","password":"esteban"},"method":"POST","params":"","query":"","url":"/user/validate"},"timestamp":"2024-06-03 23:21:38"}
{"level":"info","message":{"body":"","method":"GET","params":{},"query":{},"url":"/profile/id_person/64856186-6e05-4a3c-bf6a-ffe4e882d64b"},"timestamp":"2024-06-03 23:21:47"}
{"level":"info","message":{"body":"","method":"GET","params":{},"query":{},"url":"/profile"},"timestamp":"2024-06-03 23:21:47"}
{"level":"info","message":{"body":"","method":"GET","params":{"id_person":"64856186-6e05-4a3c-bf6a-ffe4e882d64b"},"query":{},"url":"/profile/id_person/64856186-6e05-4a3c-bf6a-ffe4e882d64b"},"timestamp":"2024-06-03 23:21:48"}
{"level":"info","message":{"body":"","method":"GET","params":{},"query":{},"url":"/profile/id_person/64856186-6e05-4a3c-bf6a-ffe4e882d64b"},"timestamp":"2024-06-03 23:21:48"}
{"level":"info","message":{"body":"","method":"GET","params":{"id_person":"64856186-6e05-4a3c-bf6a-ffe4e882d64b"},"query":{},"url":"/profile/id_person/64856186-6e05-4a3c-bf6a-ffe4e882d64b"},"timestamp":"2024-06-03 23:21:48"}
{"level":"info","message":{"body":"","method":"GET","params":{},"query":{},"url":"/profile"},"timestamp":"2024-06-03 23:21:48"}
{"level":"info","message":{"body":"","method":"GET","params":{},"query":{},"url":"/profile"},"timestamp":"2024-06-03 23:21:48"}
{"level":"info","message":{"body":"","method":"GET","params":{},"query":{},"url":"/profile"},"timestamp":"2024-06-03 23:21:48"}
{"level":"info","message":{"body":"","method":"GET","params":{},"query":{},"url":"/profile"},"timestamp":"2024-06-03 23:21:48"}
{"level":"info","message":{"body":"","method":"GET","params":{},"query":{},"url":"/profile"},"timestamp":"2024-06-03 23:21:49"}
{"level":"info","message":{"body":"","method":"GET","params":{},"query":{},"url":"/profile"},"timestamp":"2024-06-03 23:21:49"}
{"level":"info","message":{"body":"","method":"GET","params":{},"query":{},"url":"/profile"},"timestamp":"2024-06-03 23:21:49"}
{"level":"info","message":{"body":"","method":"GET","params":{},"query":{},"url":"/profile"},"timestamp":"2024-06-03 23:21:49"}
{"level":"info","message":{"body":"","method":"GET","params":{},"query":{},"url":"/profile"},"timestamp":"2024-06-03 23:21:49"}
{"level":"info","message":{"body":"","method":"GET","params":{},"query":{},"url":"/profile"},"timestamp":"2024-06-03 23:21:49"}
{"level":"info","message":{"body":"","method":"GET","params":{},"query":{},"url":"/profile"},"timestamp":"2024-06-03 23:21:49"}
{"level":"info","message":{"body":"","method":"GET","params":{},"query":{},"url":"/profile/id_person/64856186-6e05-4a3c-bf6a-ffe4e882d64b"},"timestamp":"2024-06-03 23:25:29"}
{"level":"info","message":{"body":"","method":"GET","params":{},"query":{},"url":"/profile"},"timestamp":"2024-06-03 23:25:29"}
{"level":"info","message":{"body":"","method":"GET","params":{},"query":{},"url":"/profile"},"timestamp":"2024-06-03 23:25:30"}
{"level":"info","message":{"body":"","method":"GET","params":{},"query":{},"url":"/profile"},"timestamp":"2024-06-03 23:25:30"}
{"level":"info","message":{"body":"","method":"GET","params":{"id_person":"64856186-6e05-4a3c-bf6a-ffe4e882d64b"},"query":{},"url":"/profile/id_person/64856186-6e05-4a3c-bf6a-ffe4e882d64b"},"timestamp":"2024-06-03 23:25:30"}
{"level":"info","message":{"body":"","method":"GET","params":{},"query":{},"url":"/profile/id_person/64856186-6e05-4a3c-bf6a-ffe4e882d64b"},"timestamp":"2024-06-03 23:25:30"}
{"level":"info","message":{"body":"","method":"GET","params":{},"query":{},"url":"/profile"},"timestamp":"2024-06-03 23:25:30"}
{"level":"info","message":{"body":"","method":"GET","params":{},"query":{},"url":"/profile"},"timestamp":"2024-06-03 23:25:30"}
{"level":"info","message":{"body":"","method":"GET","params":{"id_person":"64856186-6e05-4a3c-bf6a-ffe4e882d64b"},"query":{},"url":"/profile/id_person/64856186-6e05-4a3c-bf6a-ffe4e882d64b"},"timestamp":"2024-06-03 23:25:30"}
{"level":"info","message":{"body":"","method":"GET","params":{},"query":{},"url":"/profile"},"timestamp":"2024-06-03 23:25:30"}
{"level":"info","message":{"body":"","method":"GET","params":{},"query":{},"url":"/profile"},"timestamp":"2024-06-03 23:25:30"}
{"level":"info","message":{"body":"","method":"GET","params":{},"query":{},"url":"/profile"},"timestamp":"2024-06-03 23:25:31"}
{"level":"info","message":{"body":"","method":"GET","params":{},"query":{},"url":"/profile"},"timestamp":"2024-06-03 23:25:31"}
{"level":"info","message":{"body":"","method":"GET","params":{},"query":{},"url":"/profile"},"timestamp":"2024-06-03 23:25:31"}
{"level":"info","message":{"body":"","method":"GET","params":{},"query":{},"url":"/profile"},"timestamp":"2024-06-03 23:25:31"}
{"level":"info","message":{"body":"","method":"GET","params":{},"query":{},"url":"/profile"},"timestamp":"2024-06-03 23:25:31"}
{"level":"info","message":{"body":"","method":"GET","params":{},"query":{},"url":"/profile/id_person/64856186-6e05-4a3c-bf6a-ffe4e882d64b"},"timestamp":"2024-06-03 23:26:13"}
{"level":"info","message":{"body":"","method":"GET","params":{},"query":{},"url":"/profile"},"timestamp":"2024-06-03 23:26:13"}
{"level":"info","message":{"body":"","method":"GET","params":{"id_person":"64856186-6e05-4a3c-bf6a-ffe4e882d64b"},"query":{},"url":"/profile/id_person/64856186-6e05-4a3c-bf6a-ffe4e882d64b"},"timestamp":"2024-06-03 23:26:13"}
{"level":"info","message":{"body":"","method":"GET","params":{},"query":{},"url":"/profile/id_person/64856186-6e05-4a3c-bf6a-ffe4e882d64b"},"timestamp":"2024-06-03 23:26:13"}
{"level":"info","message":{"body":"","method":"GET","params":{},"query":{},"url":"/profile"},"timestamp":"2024-06-03 23:26:13"}
{"level":"info","message":{"body":"","method":"GET","params":{},"query":{},"url":"/profile"},"timestamp":"2024-06-03 23:26:13"}
{"level":"info","message":{"body":"","method":"GET","params":{"id_person":"64856186-6e05-4a3c-bf6a-ffe4e882d64b"},"query":{},"url":"/profile/id_person/64856186-6e05-4a3c-bf6a-ffe4e882d64b"},"timestamp":"2024-06-03 23:26:14"}
{"level":"info","message":{"body":"","method":"GET","params":{},"query":{},"url":"/profile"},"timestamp":"2024-06-03 23:26:14"}
{"level":"info","message":{"body":"","method":"GET","params":{},"query":{},"url":"/profile"},"timestamp":"2024-06-03 23:26:14"}
{"level":"info","message":{"body":"","method":"GET","params":{},"query":{},"url":"/profile"},"timestamp":"2024-06-03 23:26:14"}
{"level":"info","message":{"body":"","method":"GET","params":{},"query":{},"url":"/profile"},"timestamp":"2024-06-03 23:26:14"}
{"level":"info","message":{"body":"","method":"GET","params":{},"query":{},"url":"/profile"},"timestamp":"2024-06-03 23:26:14"}
{"level":"info","message":{"body":"","method":"GET","params":{},"query":{},"url":"/profile"},"timestamp":"2024-06-03 23:26:14"}
{"level":"info","message":{"body":"","method":"GET","params":{},"query":{},"url":"/profile"},"timestamp":"2024-06-03 23:26:14"}
{"level":"info","message":{"body":"","method":"GET","params":{},"query":{},"url":"/profile"},"timestamp":"2024-06-03 23:26:14"}
{"level":"info","message":{"body":"","method":"GET","params":{},"query":{},"url":"/profile"},"timestamp":"2024-06-03 23:26:14"}
{"level":"info","message":{"body":"","method":"GET","params":{},"query":{},"url":"/profile/id_person/64856186-6e05-4a3c-bf6a-ffe4e882d64b"},"timestamp":"2024-06-03 23:28:04"}
{"level":"info","message":{"body":"","method":"GET","params":{},"query":{},"url":"/profile"},"timestamp":"2024-06-03 23:28:04"}
{"level":"info","message":{"body":"","method":"GET","params":{},"query":{},"url":"/profile"},"timestamp":"2024-06-03 23:28:05"}
{"level":"info","message":{"body":"","method":"GET","params":{},"query":{},"url":"/profile"},"timestamp":"2024-06-03 23:28:05"}
{"level":"info","message":{"body":"","method":"GET","params":{"id_person":"64856186-6e05-4a3c-bf6a-ffe4e882d64b"},"query":{},"url":"/profile/id_person/64856186-6e05-4a3c-bf6a-ffe4e882d64b"},"timestamp":"2024-06-03 23:28:05"}
{"level":"info","message":{"body":"","method":"GET","params":{},"query":{},"url":"/profile"},"timestamp":"2024-06-03 23:28:05"}
{"level":"info","message":{"body":"","method":"GET","params":{},"query":{},"url":"/profile"},"timestamp":"2024-06-03 23:28:05"}
{"level":"info","message":{"body":"","method":"GET","params":{},"query":{},"url":"/profile"},"timestamp":"2024-06-03 23:28:05"}
{"level":"info","message":{"body":"","method":"GET","params":{},"query":{},"url":"/profile/id_person/64856186-6e05-4a3c-bf6a-ffe4e882d64b"},"timestamp":"2024-06-03 23:28:14"}
{"level":"info","message":{"body":"","method":"GET","params":{},"query":{},"url":"/profile"},"timestamp":"2024-06-03 23:28:14"}
{"level":"info","message":{"body":"","method":"GET","params":{"id_person":"64856186-6e05-4a3c-bf6a-ffe4e882d64b"},"query":{},"url":"/profile/id_person/64856186-6e05-4a3c-bf6a-ffe4e882d64b"},"timestamp":"2024-06-03 23:28:14"}
{"level":"info","message":{"body":"","method":"GET","params":{},"query":{},"url":"/profile/id_person/64856186-6e05-4a3c-bf6a-ffe4e882d64b"},"timestamp":"2024-06-03 23:28:14"}
{"level":"info","message":{"body":"","method":"GET","params":{},"query":{},"url":"/profile"},"timestamp":"2024-06-03 23:28:14"}
{"level":"info","message":{"body":"","method":"GET","params":{},"query":{},"url":"/profile"},"timestamp":"2024-06-03 23:28:14"}
{"level":"info","message":{"body":"","method":"GET","params":{"id_person":"64856186-6e05-4a3c-bf6a-ffe4e882d64b"},"query":{},"url":"/profile/id_person/64856186-6e05-4a3c-bf6a-ffe4e882d64b"},"timestamp":"2024-06-03 23:28:14"}
{"level":"info","message":{"body":"","method":"GET","params":{},"query":{},"url":"/profile"},"timestamp":"2024-06-03 23:28:14"}
{"level":"info","message":{"body":"","method":"GET","params":{},"query":{},"url":"/profile"},"timestamp":"2024-06-03 23:28:14"}
{"level":"info","message":{"body":"","method":"GET","params":{},"query":{},"url":"/profile"},"timestamp":"2024-06-03 23:28:14"}
{"level":"info","message":{"body":"","method":"GET","params":{},"query":{},"url":"/profile"},"timestamp":"2024-06-03 23:28:14"}
{"level":"info","message":{"body":"","method":"GET","params":{},"query":{},"url":"/profile"},"timestamp":"2024-06-03 23:28:14"}
{"level":"info","message":{"body":"","method":"GET","params":{},"query":{},"url":"/profile"},"timestamp":"2024-06-03 23:28:14"}
{"level":"info","message":{"body":"","method":"GET","params":{},"query":{},"url":"/profile"},"timestamp":"2024-06-03 23:28:14"}
{"level":"info","message":{"body":"","method":"GET","params":{},"query":{},"url":"/profile"},"timestamp":"2024-06-03 23:28:14"}
{"level":"info","message":{"body":"","method":"GET","params":{},"query":{},"url":"/profile"},"timestamp":"2024-06-03 23:28:14"}
{"level":"info","message":{"body":"","method":"GET","params":{},"query":{},"url":"/profile/id_person/64856186-6e05-4a3c-bf6a-ffe4e882d64b"},"timestamp":"2024-06-03 23:28:17"}
{"level":"info","message":{"body":"","method":"GET","params":{},"query":{},"url":"/profile"},"timestamp":"2024-06-03 23:28:17"}
{"level":"info","message":{"body":"","method":"GET","params":{},"query":{},"url":"/profile"},"timestamp":"2024-06-03 23:28:18"}
{"level":"info","message":{"body":"","method":"GET","params":{},"query":{},"url":"/profile"},"timestamp":"2024-06-03 23:28:18"}
{"level":"info","message":{"body":"","method":"GET","params":{"id_person":"64856186-6e05-4a3c-bf6a-ffe4e882d64b"},"query":{},"url":"/profile/id_person/64856186-6e05-4a3c-bf6a-ffe4e882d64b"},"timestamp":"2024-06-03 23:28:18"}
{"level":"info","message":{"body":"","method":"GET","params":{},"query":{},"url":"/profile/id_person/64856186-6e05-4a3c-bf6a-ffe4e882d64b"},"timestamp":"2024-06-03 23:28:18"}
{"level":"info","message":{"body":"","method":"GET","params":{},"query":{},"url":"/profile"},"timestamp":"2024-06-03 23:28:18"}
{"level":"info","message":{"body":"","method":"GET","params":{},"query":{},"url":"/profile"},"timestamp":"2024-06-03 23:28:18"}
{"level":"info","message":{"body":"","method":"GET","params":{"id_person":"64856186-6e05-4a3c-bf6a-ffe4e882d64b"},"query":{},"url":"/profile/id_person/64856186-6e05-4a3c-bf6a-ffe4e882d64b"},"timestamp":"2024-06-03 23:28:18"}
{"level":"info","message":{"body":"","method":"GET","params":{},"query":{},"url":"/profile"},"timestamp":"2024-06-03 23:28:18"}
{"level":"info","message":{"body":"","method":"GET","params":{},"query":{},"url":"/profile"},"timestamp":"2024-06-03 23:28:18"}
{"level":"info","message":{"body":"","method":"GET","params":{},"query":{},"url":"/profile"},"timestamp":"2024-06-03 23:28:18"}
{"level":"info","message":{"body":"","method":"GET","params":{},"query":{},"url":"/profile"},"timestamp":"2024-06-03 23:28:18"}
{"level":"info","message":{"body":"","method":"GET","params":{},"query":{},"url":"/profile"},"timestamp":"2024-06-03 23:28:18"}
{"level":"info","message":{"body":"","method":"GET","params":{},"query":{},"url":"/profile"},"timestamp":"2024-06-03 23:28:18"}
{"level":"info","message":{"body":"","method":"GET","params":{},"query":{},"url":"/profile"},"timestamp":"2024-06-03 23:28:18"}
{"level":"info","message":{"body":"","method":"GET","params":{},"query":{},"url":"/profile/id_person/64856186-6e05-4a3c-bf6a-ffe4e882d64b"},"timestamp":"2024-06-03 23:29:09"}
{"level":"info","message":{"body":"","method":"GET","params":{},"query":{},"url":"/profile"},"timestamp":"2024-06-03 23:29:09"}
{"level":"info","message":{"body":"","method":"GET","params":{"id_person":"64856186-6e05-4a3c-bf6a-ffe4e882d64b"},"query":{},"url":"/profile/id_person/64856186-6e05-4a3c-bf6a-ffe4e882d64b"},"timestamp":"2024-06-03 23:29:10"}
{"level":"info","message":{"body":"","method":"GET","params":{},"query":{},"url":"/profile"},"timestamp":"2024-06-03 23:29:10"}
{"level":"info","message":{"body":"","method":"GET","params":{},"query":{},"url":"/profile"},"timestamp":"2024-06-03 23:29:10"}
{"level":"info","message":{"body":"","method":"GET","params":{},"query":{},"url":"/profile"},"timestamp":"2024-06-03 23:29:10"}
{"level":"info","message":{"body":"","method":"GET","params":{},"query":{},"url":"/profile"},"timestamp":"2024-06-03 23:29:10"}
{"level":"info","message":{"body":"","method":"GET","params":{},"query":{},"url":"/profile"},"timestamp":"2024-06-03 23:29:10"}
{"level":"info","message":{"body":"","method":"GET","params":{},"query":{},"url":"/profile/id_person/64856186-6e05-4a3c-bf6a-ffe4e882d64b"},"timestamp":"2024-06-03 23:34:49"}
{"level":"info","message":{"body":"","method":"GET","params":{},"query":{},"url":"/profile"},"timestamp":"2024-06-03 23:34:49"}
{"level":"info","message":{"body":"","method":"GET","params":{"id_person":"64856186-6e05-4a3c-bf6a-ffe4e882d64b"},"query":{},"url":"/profile/id_person/64856186-6e05-4a3c-bf6a-ffe4e882d64b"},"timestamp":"2024-06-03 23:34:50"}
{"level":"info","message":{"body":"","method":"GET","params":{},"query":{},"url":"/profile"},"timestamp":"2024-06-03 23:34:50"}
{"level":"info","message":{"body":"","method":"GET","params":{},"query":{},"url":"/profile"},"timestamp":"2024-06-03 23:34:50"}
{"level":"info","message":{"body":"","method":"GET","params":{},"query":{},"url":"/profile"},"timestamp":"2024-06-03 23:34:50"}
{"level":"info","message":{"body":"","method":"GET","params":{},"query":{},"url":"/profile"},"timestamp":"2024-06-03 23:34:50"}
{"level":"info","message":{"body":"","method":"GET","params":{},"query":{},"url":"/profile"},"timestamp":"2024-06-03 23:34:50"}
{"level":"info","message":{"body":"","method":"PUT","params":{},"query":"","url":"/profile/id/5b588e2e-eb9c-471b-b264-4ebdd6e68984"},"timestamp":"2024-06-03 23:35:16"}
{"level":"info","message":{"body":"","method":"PUT","params":{},"query":"","url":"/user/update"},"timestamp":"2024-06-03 23:35:16"}
{"level":"info","message":{"body":"","method":"PUT","params":{"id":"5b588e2e-eb9c-471b-b264-4ebdd6e68984"},"query":"","url":"/profile/id/5b588e2e-eb9c-471b-b264-4ebdd6e68984"},"timestamp":"2024-06-03 23:35:16"}
{"level":"info","message":{"body":"","method":"GET","params":{},"query":{},"url":"/profile"},"timestamp":"2024-06-03 23:35:16"}
{"level":"info","message":{"body":"","method":"PUT","params":{},"query":"","url":"/user/update"},"timestamp":"2024-06-03 23:35:16"}
{"level":"info","message":{"body":"","method":"GET","params":{},"query":{},"url":"/profile/id_person/undefined"},"timestamp":"2024-06-03 23:35:16"}
{"level":"error","message":{"body":"","error":"\"id_person\" must be a valid GUID","method":"GET","params":{},"query":{},"url":"/profile/id_person/undefined"},"timestamp":"2024-06-03 23:35:16"}
{"level":"info","message":{"body":"","method":"GET","params":{},"query":{},"url":"/profile"},"timestamp":"2024-06-03 23:35:16"}
{"level":"info","message":{"body":{"email":"esteban@diaz.cl","password":"esteban123"},"method":"POST","params":"","query":"","url":"/user/validate"},"timestamp":"2024-06-03 23:35:42"}
{"level":"info","message":{"body":{"email":"esteban@diaz.cl","password":"esteban123"},"method":"POST","params":"","query":"","url":"/user/validate"},"timestamp":"2024-06-03 23:35:43"}
{"level":"info","message":{"body":{"email":"esteban@diaz.cl","password":"esteban"},"method":"POST","params":"","query":"","url":"/user/validate"},"timestamp":"2024-06-03 23:35:52"}
{"level":"info","message":{"body":{"email":"esteban@diaz.cl","password":"esteban"},"method":"POST","params":"","query":"","url":"/user/validate"},"timestamp":"2024-06-03 23:35:52"}
{"level":"info","message":{"body":{"email":"esteban@diaz.cl","password":"esteban123"},"method":"POST","params":"","query":"","url":"/user/validate"},"timestamp":"2024-06-03 23:37:45"}
{"level":"info","message":{"body":{"email":"esteban@diaz.cl","password":"esteban123"},"method":"POST","params":"","query":"","url":"/user/validate"},"timestamp":"2024-06-03 23:37:46"}
{"level":"info","message":{"body":{"email":"esteban@diaz.cl","password":"esteban123"},"method":"POST","params":"","query":"","url":"/user/validate"},"timestamp":"2024-06-03 23:38:10"}
{"level":"info","message":{"body":{"email":"esteban@diaz.cl","password":"esteban123"},"method":"POST","params":"","query":"","url":"/user/validate"},"timestamp":"2024-06-03 23:38:11"}
{"level":"info","message":{"body":"","method":"GET","params":{},"query":{},"url":"/user/validate"},"timestamp":"2024-06-03 23:38:15"}
{"level":"error","message":{"body":"","error":"Not found","method":"GET","params":{},"query":{},"url":"/user/validate"},"timestamp":"2024-06-03 23:38:15"}
{"level":"info","message":{"body":"","method":"GET","params":{},"query":{},"url":"/favicon.ico"},"timestamp":"2024-06-03 23:38:15"}
{"level":"error","message":{"body":"","error":"Not found","method":"GET","params":{},"query":{},"url":"/favicon.ico"},"timestamp":"2024-06-03 23:38:15"}
{"level":"info","message":{"body":{"email":"esteban@diaz.cl","password":"esteban123"},"method":"POST","params":"","query":"","url":"/user/validate"},"timestamp":"2024-06-03 23:38:56"}
{"level":"info","message":{"body":{"email":"esteban@diaz.cl","password":"esteban123"},"method":"POST","params":"","query":"","url":"/user/validate"},"timestamp":"2024-06-03 23:38:57"}
{"level":"info","message":{"body":"","method":"GET","params":{},"query":{},"url":"/profile/id_person/64856186-6e05-4a3c-bf6a-ffe4e882d64b"},"timestamp":"2024-06-03 23:38:57"}
{"level":"info","message":{"body":"","method":"GET","params":{},"query":{},"url":"/profile"},"timestamp":"2024-06-03 23:38:57"}
{"level":"info","message":{"body":"","method":"GET","params":{"id_person":"64856186-6e05-4a3c-bf6a-ffe4e882d64b"},"query":{},"url":"/profile/id_person/64856186-6e05-4a3c-bf6a-ffe4e882d64b"},"timestamp":"2024-06-03 23:38:57"}
{"level":"info","message":{"body":"","method":"GET","params":{},"query":{},"url":"/profile/id_person/64856186-6e05-4a3c-bf6a-ffe4e882d64b"},"timestamp":"2024-06-03 23:38:57"}
{"level":"info","message":{"body":"","method":"GET","params":{"id_person":"64856186-6e05-4a3c-bf6a-ffe4e882d64b"},"query":{},"url":"/profile/id_person/64856186-6e05-4a3c-bf6a-ffe4e882d64b"},"timestamp":"2024-06-03 23:38:58"}
{"level":"info","message":{"body":"","method":"GET","params":{},"query":{},"url":"/profile"},"timestamp":"2024-06-03 23:38:58"}
{"level":"info","message":{"body":"","method":"GET","params":{},"query":{},"url":"/profile"},"timestamp":"2024-06-03 23:38:58"}
{"level":"info","message":{"body":"","method":"GET","params":{},"query":{},"url":"/profile"},"timestamp":"2024-06-03 23:38:58"}
{"level":"info","message":{"body":"","method":"GET","params":{},"query":{},"url":"/profile"},"timestamp":"2024-06-03 23:38:58"}
{"level":"info","message":{"body":"","method":"GET","params":{},"query":{},"url":"/profile"},"timestamp":"2024-06-03 23:38:58"}
{"level":"info","message":{"body":"","method":"GET","params":{},"query":{},"url":"/profile"},"timestamp":"2024-06-03 23:38:58"}
{"level":"info","message":{"body":"","method":"GET","params":{},"query":{},"url":"/profile"},"timestamp":"2024-06-03 23:38:58"}
{"level":"info","message":{"body":"","method":"GET","params":{},"query":{},"url":"/profile"},"timestamp":"2024-06-03 23:38:58"}
{"level":"info","message":{"body":"","method":"GET","params":{},"query":{},"url":"/profile"},"timestamp":"2024-06-03 23:38:59"}
{"level":"info","message":{"body":"","method":"GET","params":{},"query":{},"url":"/profile"},"timestamp":"2024-06-03 23:38:59"}
{"level":"info","message":{"body":"","method":"GET","params":{},"query":{},"url":"/profile"},"timestamp":"2024-06-03 23:38:59"}
{"level":"info","message":{"body":{"email":"esteban@diaz.cl","password":"esteban123"},"method":"POST","params":"","query":"","url":"/user/validate"},"timestamp":"2024-06-03 23:40:11"}
{"level":"info","message":{"body":{"email":"esteban@diaz.cl","password":"esteban123"},"method":"POST","params":"","query":"","url":"/user/validate"},"timestamp":"2024-06-03 23:40:12"}
{"level":"info","message":{"body":{"email":"esteban@diaz.cl","password":"esteban123"},"method":"POST","params":"","query":"","url":"/user/validate"},"timestamp":"2024-06-03 23:40:39"}
{"level":"info","message":{"body":{"email":"esteban@diaz.cl","password":"esteban123"},"method":"POST","params":"","query":"","url":"/user/validate"},"timestamp":"2024-06-03 23:40:40"}
{"level":"info","message":{"body":{"email":"esteban@diaz.cl","password":"esteban123"},"method":"POST","params":"","query":"","url":"/user/validate"},"timestamp":"2024-06-03 23:40:58"}
{"level":"info","message":{"body":{"email":"esteban@diaz.cl","password":"esteban123"},"method":"POST","params":"","query":"","url":"/user/validate"},"timestamp":"2024-06-03 23:40:58"}
{"level":"info","message":{"body":"","method":"GET","params":{},"query":{},"url":"/profile"},"timestamp":"2024-06-03 23:40:58"}
{"level":"info","message":{"body":"","method":"GET","params":{},"query":{},"url":"/profile/id_person/64856186-6e05-4a3c-bf6a-ffe4e882d64b"},"timestamp":"2024-06-03 23:40:58"}
{"level":"info","message":{"body":"","method":"GET","params":{},"query":{},"url":"/profile"},"timestamp":"2024-06-03 23:40:58"}
{"level":"info","message":{"body":"","method":"GET","params":{},"query":{},"url":"/profile"},"timestamp":"2024-06-03 23:40:58"}
{"level":"info","message":{"body":"","method":"GET","params":{},"query":{},"url":"/profile"},"timestamp":"2024-06-03 23:40:59"}
{"level":"info","message":{"body":"","method":"GET","params":{},"query":{},"url":"/profile"},"timestamp":"2024-06-03 23:40:59"}
{"level":"info","message":{"body":"","method":"GET","params":{},"query":{},"url":"/profile"},"timestamp":"2024-06-03 23:40:59"}
{"level":"info","message":{"body":"","method":"GET","params":{},"query":{},"url":"/profile"},"timestamp":"2024-06-03 23:40:59"}
{"level":"info","message":{"body":"","method":"GET","params":{},"query":{},"url":"/profile"},"timestamp":"2024-06-03 23:40:59"}
{"level":"info","message":{"body":"","method":"GET","params":{"id_person":"64856186-6e05-4a3c-bf6a-ffe4e882d64b"},"query":{},"url":"/profile/id_person/64856186-6e05-4a3c-bf6a-ffe4e882d64b"},"timestamp":"2024-06-03 23:40:59"}
{"level":"info","message":{"body":"","method":"GET","params":{},"query":{},"url":"/profile/id_person/64856186-6e05-4a3c-bf6a-ffe4e882d64b"},"timestamp":"2024-06-03 23:40:59"}
{"level":"info","message":{"body":"","method":"GET","params":{"id_person":"64856186-6e05-4a3c-bf6a-ffe4e882d64b"},"query":{},"url":"/profile/id_person/64856186-6e05-4a3c-bf6a-ffe4e882d64b"},"timestamp":"2024-06-03 23:40:59"}
{"level":"info","message":{"body":{"email":"esteban@diaz.cl","password":"esteban123"},"method":"POST","params":"","query":"","url":"/user/validate"},"timestamp":"2024-06-03 23:41:13"}
{"level":"info","message":{"body":{"email":"esteban@diaz.cl","password":"esteban123"},"method":"POST","params":"","query":"","url":"/user/validate"},"timestamp":"2024-06-03 23:41:14"}
{"level":"info","message":{"body":"","method":"GET","params":{},"query":{},"url":"/user"},"timestamp":"2024-06-03 23:41:14"}
{"level":"info","message":{"body":"","method":"GET","params":{},"query":{},"url":"/user"},"timestamp":"2024-06-03 23:41:14"}
{"level":"info","message":{"body":"","method":"GET","params":{},"query":{},"url":"/user"},"timestamp":"2024-06-03 23:41:14"}
{"level":"info","message":{"body":"","method":"GET","params":{},"query":{},"url":"/user"},"timestamp":"2024-06-03 23:41:14"}
{"level":"info","message":{"body":"","method":"GET","params":{},"query":{},"url":"/user"},"timestamp":"2024-06-03 23:41:14"}
{"level":"info","message":{"body":"","method":"GET","params":{},"query":{},"url":"/user"},"timestamp":"2024-06-03 23:41:14"}
{"level":"info","message":{"body":"","method":"GET","params":{},"query":{},"url":"/user"},"timestamp":"2024-06-03 23:41:14"}
{"level":"info","message":{"body":"","method":"GET","params":{},"query":{},"url":"/user"},"timestamp":"2024-06-03 23:41:14"}
{"level":"info","message":{"body":{"email":"esteban@diaz.cl","password":"esteban123"},"method":"POST","params":"","query":"","url":"/user/validate"},"timestamp":"2024-06-03 23:41:37"}
{"level":"info","message":{"body":{"email":"esteban@diaz.cl","password":"esteban123"},"method":"POST","params":"","query":"","url":"/user/validate"},"timestamp":"2024-06-03 23:41:38"}
{"level":"info","message":{"body":"","method":"GET","params":{},"query":{},"url":"/profile/id_person/64856186-6e05-4a3c-bf6a-ffe4e882d64b"},"timestamp":"2024-06-03 23:41:43"}
{"level":"info","message":{"body":"","method":"GET","params":{},"query":{},"url":"/profile"},"timestamp":"2024-06-03 23:41:43"}
{"level":"info","message":{"body":"","method":"GET","params":{"id_person":"64856186-6e05-4a3c-bf6a-ffe4e882d64b"},"query":{},"url":"/profile/id_person/64856186-6e05-4a3c-bf6a-ffe4e882d64b"},"timestamp":"2024-06-03 23:41:44"}
{"level":"info","message":{"body":"","method":"GET","params":{},"query":{},"url":"/profile/id_person/64856186-6e05-4a3c-bf6a-ffe4e882d64b"},"timestamp":"2024-06-03 23:41:44"}
{"level":"info","message":{"body":"","method":"GET","params":{"id_person":"64856186-6e05-4a3c-bf6a-ffe4e882d64b"},"query":{},"url":"/profile/id_person/64856186-6e05-4a3c-bf6a-ffe4e882d64b"},"timestamp":"2024-06-03 23:41:44"}
{"level":"info","message":{"body":"","method":"GET","params":{},"query":{},"url":"/profile"},"timestamp":"2024-06-03 23:41:44"}
{"level":"info","message":{"body":"","method":"GET","params":{},"query":{},"url":"/profile"},"timestamp":"2024-06-03 23:41:44"}
{"level":"info","message":{"body":"","method":"GET","params":{},"query":{},"url":"/profile"},"timestamp":"2024-06-03 23:41:44"}
{"level":"info","message":{"body":"","method":"GET","params":{},"query":{},"url":"/profile"},"timestamp":"2024-06-03 23:41:44"}
{"level":"info","message":{"body":"","method":"GET","params":{},"query":{},"url":"/profile"},"timestamp":"2024-06-03 23:41:44"}
{"level":"info","message":{"body":"","method":"GET","params":{},"query":{},"url":"/profile"},"timestamp":"2024-06-03 23:41:44"}
{"level":"info","message":{"body":"","method":"GET","params":{},"query":{},"url":"/profile"},"timestamp":"2024-06-03 23:41:45"}
{"level":"info","message":{"body":"","method":"GET","params":{},"query":{},"url":"/profile"},"timestamp":"2024-06-03 23:41:45"}
{"level":"info","message":{"body":"","method":"GET","params":{},"query":{},"url":"/profile"},"timestamp":"2024-06-03 23:41:45"}
{"level":"info","message":{"body":"","method":"GET","params":{},"query":{},"url":"/profile"},"timestamp":"2024-06-03 23:41:45"}
{"level":"info","message":{"body":"","method":"GET","params":{},"query":{},"url":"/profile"},"timestamp":"2024-06-03 23:41:45"}
{"level":"info","message":{"body":{"email":"esteban@diaz.cl","password":"esteban123"},"method":"POST","params":"","query":"","url":"/user/validate"},"timestamp":"2024-06-03 23:42:49"}
{"level":"info","message":{"body":{"email":"esteban@diaz.cl","password":"esteban123"},"method":"POST","params":"","query":"","url":"/user/validate"},"timestamp":"2024-06-03 23:42:50"}
{"level":"info","message":{"body":"","method":"GET","params":{},"query":{},"url":"/profile/id_person/64856186-6e05-4a3c-bf6a-ffe4e882d64b"},"timestamp":"2024-06-03 23:42:50"}
{"level":"info","message":{"body":"","method":"GET","params":{},"query":{},"url":"/profile"},"timestamp":"2024-06-03 23:42:50"}
{"level":"info","message":{"body":"","method":"GET","params":{"id_person":"64856186-6e05-4a3c-bf6a-ffe4e882d64b"},"query":{},"url":"/profile/id_person/64856186-6e05-4a3c-bf6a-ffe4e882d64b"},"timestamp":"2024-06-03 23:42:50"}
{"level":"info","message":{"body":"","method":"GET","params":{},"query":{},"url":"/profile/id_person/64856186-6e05-4a3c-bf6a-ffe4e882d64b"},"timestamp":"2024-06-03 23:42:50"}
{"level":"info","message":{"body":"","method":"GET","params":{"id_person":"64856186-6e05-4a3c-bf6a-ffe4e882d64b"},"query":{},"url":"/profile/id_person/64856186-6e05-4a3c-bf6a-ffe4e882d64b"},"timestamp":"2024-06-03 23:42:50"}
{"level":"info","message":{"body":"","method":"GET","params":{},"query":{},"url":"/profile"},"timestamp":"2024-06-03 23:42:51"}
{"level":"info","message":{"body":"","method":"GET","params":{},"query":{},"url":"/profile"},"timestamp":"2024-06-03 23:42:51"}
{"level":"info","message":{"body":"","method":"GET","params":{},"query":{},"url":"/profile"},"timestamp":"2024-06-03 23:42:51"}
{"level":"info","message":{"body":"","method":"GET","params":{},"query":{},"url":"/profile"},"timestamp":"2024-06-03 23:42:51"}
{"level":"info","message":{"body":"","method":"GET","params":{},"query":{},"url":"/profile"},"timestamp":"2024-06-03 23:42:51"}
{"level":"info","message":{"body":"","method":"GET","params":{},"query":{},"url":"/profile"},"timestamp":"2024-06-03 23:42:51"}
{"level":"info","message":{"body":"","method":"GET","params":{},"query":{},"url":"/profile"},"timestamp":"2024-06-03 23:42:51"}
{"level":"info","message":{"body":{"email":"Katherine@gmail.com","password":"nicol1234"},"method":"POST","params":"","query":"","url":"/user/validate"},"timestamp":"2024-06-03 23:43:01"}
{"level":"info","message":{"body":{"email":"Katherine@gmail.com","password":"nicol1234"},"method":"POST","params":"","query":"","url":"/user/validate"},"timestamp":"2024-06-03 23:43:01"}
{"level":"info","message":{"body":{"email":"Katherine@gmail.com","password":"nicol12345"},"method":"POST","params":"","query":"","url":"/user/validate"},"timestamp":"2024-06-03 23:43:09"}
{"level":"info","message":{"body":{"email":"Katherine@gmail.com","password":"nicol12345"},"method":"POST","params":"","query":"","url":"/user/validate"},"timestamp":"2024-06-03 23:43:10"}
{"level":"info","message":{"body":"","method":"GET","params":{},"query":{},"url":"/profile/id_person/87be2421-5493-4961-a7ac-a66fa89c70d9"},"timestamp":"2024-06-03 23:43:13"}
{"level":"info","message":{"body":"","method":"GET","params":{},"query":{},"url":"/profile"},"timestamp":"2024-06-03 23:43:13"}
{"level":"info","message":{"body":"","method":"GET","params":{"id_person":"87be2421-5493-4961-a7ac-a66fa89c70d9"},"query":{},"url":"/profile/id_person/87be2421-5493-4961-a7ac-a66fa89c70d9"},"timestamp":"2024-06-03 23:43:13"}
{"level":"info","message":{"body":"","method":"GET","params":{},"query":{},"url":"/profile/id_person/87be2421-5493-4961-a7ac-a66fa89c70d9"},"timestamp":"2024-06-03 23:43:13"}
{"level":"info","message":{"body":"","method":"GET","params":{"id_person":"87be2421-5493-4961-a7ac-a66fa89c70d9"},"query":{},"url":"/profile/id_person/87be2421-5493-4961-a7ac-a66fa89c70d9"},"timestamp":"2024-06-03 23:43:14"}
{"level":"info","message":{"body":"","method":"GET","params":{},"query":{},"url":"/profile"},"timestamp":"2024-06-03 23:43:14"}
{"level":"info","message":{"body":"","method":"GET","params":{},"query":{},"url":"/profile"},"timestamp":"2024-06-03 23:43:14"}
{"level":"info","message":{"body":"","method":"GET","params":{},"query":{},"url":"/profile"},"timestamp":"2024-06-03 23:43:14"}
{"level":"info","message":{"body":"","method":"GET","params":{},"query":{},"url":"/profile"},"timestamp":"2024-06-03 23:43:14"}
{"level":"info","message":{"body":"","method":"GET","params":{},"query":{},"url":"/profile"},"timestamp":"2024-06-03 23:43:14"}
{"level":"info","message":{"body":"","method":"GET","params":{},"query":{},"url":"/profile"},"timestamp":"2024-06-03 23:43:14"}
{"level":"info","message":{"body":"","method":"GET","params":{},"query":{},"url":"/profile"},"timestamp":"2024-06-03 23:43:15"}
{"level":"info","message":{"body":"","method":"GET","params":{},"query":{},"url":"/profile"},"timestamp":"2024-06-03 23:43:15"}
{"level":"info","message":{"body":"","method":"GET","params":{},"query":{},"url":"/profile"},"timestamp":"2024-06-03 23:43:15"}
{"level":"info","message":{"body":"","method":"GET","params":{},"query":{},"url":"/profile"},"timestamp":"2024-06-03 23:43:15"}
{"level":"info","message":{"body":"","method":"GET","params":{},"query":{},"url":"/profile"},"timestamp":"2024-06-03 23:43:15"}
{"level":"info","message":{"body":{"email":"esteban@diaz.cl","password":"esteban123"},"method":"POST","params":"","query":"","url":"/user/validate"},"timestamp":"2024-06-03 23:44:44"}
{"level":"info","message":{"body":{"email":"esteban@diaz.cl","password":"esteban123"},"method":"POST","params":"","query":"","url":"/user/validate"},"timestamp":"2024-06-03 23:44:45"}
{"level":"info","message":{"body":"","method":"GET","params":{},"query":{},"url":"/profile/id_person/64856186-6e05-4a3c-bf6a-ffe4e882d64b"},"timestamp":"2024-06-03 23:44:45"}
{"level":"info","message":{"body":"","method":"GET","params":{},"query":{},"url":"/profile"},"timestamp":"2024-06-03 23:44:45"}
{"level":"info","message":{"body":"","method":"GET","params":{"id_person":"64856186-6e05-4a3c-bf6a-ffe4e882d64b"},"query":{},"url":"/profile/id_person/64856186-6e05-4a3c-bf6a-ffe4e882d64b"},"timestamp":"2024-06-03 23:44:45"}
{"level":"info","message":{"body":"","method":"GET","params":{},"query":{},"url":"/profile/id_person/64856186-6e05-4a3c-bf6a-ffe4e882d64b"},"timestamp":"2024-06-03 23:44:45"}
{"level":"info","message":{"body":"","method":"GET","params":{"id_person":"64856186-6e05-4a3c-bf6a-ffe4e882d64b"},"query":{},"url":"/profile/id_person/64856186-6e05-4a3c-bf6a-ffe4e882d64b"},"timestamp":"2024-06-03 23:44:45"}
{"level":"info","message":{"body":"","method":"GET","params":{},"query":{},"url":"/profile"},"timestamp":"2024-06-03 23:44:46"}
{"level":"info","message":{"body":"","method":"GET","params":{},"query":{},"url":"/profile"},"timestamp":"2024-06-03 23:44:46"}
{"level":"info","message":{"body":"","method":"GET","params":{},"query":{},"url":"/profile"},"timestamp":"2024-06-03 23:44:46"}
{"level":"info","message":{"body":"","method":"GET","params":{},"query":{},"url":"/profile"},"timestamp":"2024-06-03 23:44:46"}
{"level":"info","message":{"body":"","method":"GET","params":{},"query":{},"url":"/profile"},"timestamp":"2024-06-03 23:44:46"}
{"level":"info","message":{"body":"","method":"GET","params":{},"query":{},"url":"/profile"},"timestamp":"2024-06-03 23:44:46"}
{"level":"info","message":{"body":"","method":"GET","params":{},"query":{},"url":"/profile"},"timestamp":"2024-06-03 23:44:46"}
{"level":"info","message":{"body":"","method":"GET","params":{},"query":{},"url":"/profile/id_person/64856186-6e05-4a3c-bf6a-ffe4e882d64b"},"timestamp":"2024-06-03 23:44:59"}
{"level":"info","message":{"body":"","method":"GET","params":{},"query":{},"url":"/profile"},"timestamp":"2024-06-03 23:44:59"}
{"level":"info","message":{"body":"","method":"GET","params":{},"query":{},"url":"/profile"},"timestamp":"2024-06-03 23:44:59"}
{"level":"info","message":{"body":"","method":"GET","params":{},"query":{},"url":"/profile"},"timestamp":"2024-06-03 23:44:59"}
{"level":"info","message":{"body":"","method":"GET","params":{"id_person":"64856186-6e05-4a3c-bf6a-ffe4e882d64b"},"query":{},"url":"/profile/id_person/64856186-6e05-4a3c-bf6a-ffe4e882d64b"},"timestamp":"2024-06-03 23:44:59"}
{"level":"info","message":{"body":"","method":"GET","params":{},"query":{},"url":"/profile/id_person/64856186-6e05-4a3c-bf6a-ffe4e882d64b"},"timestamp":"2024-06-03 23:44:59"}
{"level":"info","message":{"body":"","method":"GET","params":{},"query":{},"url":"/profile"},"timestamp":"2024-06-03 23:45:00"}
{"level":"info","message":{"body":"","method":"GET","params":{},"query":{},"url":"/profile"},"timestamp":"2024-06-03 23:45:00"}
{"level":"info","message":{"body":"","method":"GET","params":{"id_person":"64856186-6e05-4a3c-bf6a-ffe4e882d64b"},"query":{},"url":"/profile/id_person/64856186-6e05-4a3c-bf6a-ffe4e882d64b"},"timestamp":"2024-06-03 23:45:00"}
{"level":"info","message":{"body":"","method":"GET","params":{},"query":{},"url":"/profile"},"timestamp":"2024-06-03 23:45:00"}
{"level":"info","message":{"body":"","method":"GET","params":{},"query":{},"url":"/profile"},"timestamp":"2024-06-03 23:45:00"}
{"level":"info","message":{"body":"","method":"GET","params":{},"query":{},"url":"/profile"},"timestamp":"2024-06-03 23:45:00"}
{"level":"info","message":{"body":"","method":"GET","params":{},"query":{},"url":"/profile"},"timestamp":"2024-06-03 23:45:00"}
{"level":"info","message":{"body":"","method":"GET","params":{},"query":{},"url":"/profile"},"timestamp":"2024-06-03 23:45:00"}
{"level":"info","message":{"body":"","method":"GET","params":{},"query":{},"url":"/profile"},"timestamp":"2024-06-03 23:45:00"}
{"level":"info","message":{"body":"","method":"GET","params":{},"query":{},"url":"/profile"},"timestamp":"2024-06-03 23:45:00"}
