{"level":"info","message":"🚀API listening port 3000","timestamp":"2024-06-06 21:05:23"}
{"level":"info","message":"Database connected","timestamp":"2024-06-06 21:05:23","util":"database"}
{"level":"info","message":{"body":{"email":"esteban@diaz.cl","password":"esteban123"},"method":"POST","params":"","query":"","url":"/user/validate"},"timestamp":"2024-06-06 21:05:59"}
{"level":"info","message":{"body":{"email":"esteban@diaz.cl","password":"esteban123"},"method":"POST","params":"","query":"","url":"/user/validate"},"timestamp":"2024-06-06 21:05:59"}
{"level":"info","message":{"body":"","method":"GET","params":{},"query":{},"url":"/profile/id_person/64856186-6e05-4a3c-bf6a-ffe4e882d64b"},"timestamp":"2024-06-06 21:06:17"}
{"level":"info","message":{"body":"","method":"GET","params":{},"query":{},"url":"/profile"},"timestamp":"2024-06-06 21:06:17"}
{"level":"info","message":{"body":"","method":"GET","params":{},"query":{},"url":"/profile"},"timestamp":"2024-06-06 21:06:18"}
{"level":"info","message":{"body":"","method":"GET","params":{},"query":{},"url":"/profile"},"timestamp":"2024-06-06 21:06:18"}
{"level":"info","message":{"body":"","method":"GET","params":{"id_person":"64856186-6e05-4a3c-bf6a-ffe4e882d64b"},"query":{},"url":"/profile/id_person/64856186-6e05-4a3c-bf6a-ffe4e882d64b"},"timestamp":"2024-06-06 21:06:18"}
{"level":"info","message":{"body":"","method":"GET","params":{},"query":{},"url":"/profile/id_person/64856186-6e05-4a3c-bf6a-ffe4e882d64b"},"timestamp":"2024-06-06 21:06:18"}
{"level":"info","message":{"body":"","method":"GET","params":{},"query":{},"url":"/profile"},"timestamp":"2024-06-06 21:06:18"}
{"level":"info","message":{"body":"","method":"GET","params":{},"query":{},"url":"/profile"},"timestamp":"2024-06-06 21:06:18"}
{"level":"info","message":{"body":"","method":"GET","params":{"id_person":"64856186-6e05-4a3c-bf6a-ffe4e882d64b"},"query":{},"url":"/profile/id_person/64856186-6e05-4a3c-bf6a-ffe4e882d64b"},"timestamp":"2024-06-06 21:06:18"}
{"level":"info","message":{"body":"","method":"GET","params":{},"query":{},"url":"/profile"},"timestamp":"2024-06-06 21:06:18"}
{"level":"info","message":{"body":"","method":"GET","params":{},"query":{},"url":"/profile"},"timestamp":"2024-06-06 21:06:18"}
{"level":"info","message":{"body":"","method":"GET","params":{},"query":{},"url":"/profile"},"timestamp":"2024-06-06 21:06:18"}
{"level":"info","message":{"body":"","method":"GET","params":{},"query":{},"url":"/profile"},"timestamp":"2024-06-06 21:06:18"}
{"level":"info","message":{"body":"","method":"GET","params":{},"query":{},"url":"/profile"},"timestamp":"2024-06-06 21:06:18"}
{"level":"info","message":{"body":"","method":"GET","params":{},"query":{},"url":"/profile"},"timestamp":"2024-06-06 21:06:18"}
{"level":"info","message":{"body":"","method":"GET","params":{},"query":{},"url":"/profile"},"timestamp":"2024-06-06 21:06:18"}
{"level":"info","message":{"body":{"email":"esteban@diaz.cl","password":"esteban123"},"method":"POST","params":"","query":"","url":"/user/validate"},"timestamp":"2024-06-06 21:07:43"}
{"level":"info","message":{"body":{"email":"esteban@diaz.cl","password":"esteban123"},"method":"POST","params":"","query":"","url":"/user/validate"},"timestamp":"2024-06-06 21:07:44"}
{"level":"info","message":{"body":{"email":"esteban@diaz.cl","password":"esteban123"},"method":"POST","params":"","query":"","url":"/user/validate"},"timestamp":"2024-06-06 21:08:22"}
{"level":"info","message":{"body":{"email":"esteban@diaz.cl","password":"esteban123"},"method":"POST","params":"","query":"","url":"/user/validate"},"timestamp":"2024-06-06 21:08:23"}
{"level":"info","message":{"body":"","method":"GET","params":{},"query":{},"url":"/topic"},"timestamp":"2024-06-06 21:08:28"}
{"level":"info","message":{"body":"","method":"GET","params":{},"query":{},"url":"/categoryInterest"},"timestamp":"2024-06-06 21:08:28"}
{"level":"info","message":{"body":"","method":"GET","params":{},"query":{},"url":"/topic"},"timestamp":"2024-06-06 21:08:28"}
{"level":"info","message":{"body":"","method":"GET","params":{},"query":{},"url":"/topic"},"timestamp":"2024-06-06 21:08:28"}
{"level":"info","message":{"body":"","method":"GET","params":{},"query":{},"url":"/topic"},"timestamp":"2024-06-06 21:08:28"}
{"level":"info","message":{"body":"","method":"GET","params":{},"query":{},"url":"/topic"},"timestamp":"2024-06-06 21:08:28"}
{"level":"info","message":{"body":"","method":"GET","params":{},"query":{},"url":"/topic"},"timestamp":"2024-06-06 21:08:28"}
{"level":"info","message":{"body":"","method":"GET","params":{},"query":{},"url":"/topic"},"timestamp":"2024-06-06 21:08:28"}
{"level":"info","message":{"body":"","method":"GET","params":{},"query":{},"url":"/topic"},"timestamp":"2024-06-06 21:08:28"}
{"level":"info","message":{"body":"","method":"GET","params":{},"query":{},"url":"/topic"},"timestamp":"2024-06-06 21:08:28"}
{"level":"info","message":{"body":"","method":"GET","params":{},"query":{},"url":"/topic"},"timestamp":"2024-06-06 21:08:28"}
{"level":"info","message":{"body":"","method":"GET","params":{},"query":{},"url":"/topic"},"timestamp":"2024-06-06 21:08:28"}
{"level":"info","message":{"body":"","method":"GET","params":{},"query":{},"url":"/categoryInterest"},"timestamp":"2024-06-06 21:08:28"}
{"level":"info","message":{"body":"","method":"GET","params":{},"query":{},"url":"/categoryInterest"},"timestamp":"2024-06-06 21:08:28"}
{"level":"info","message":{"body":"","method":"GET","params":{},"query":{},"url":"/topic"},"timestamp":"2024-06-06 21:08:28"}
{"level":"info","message":{"body":"","method":"GET","params":{},"query":{},"url":"/categoryInterest"},"timestamp":"2024-06-06 21:08:28"}
{"level":"info","message":{"body":"","method":"DELETE","params":{},"query":"","url":"/topic/id/25f59394-96a3-45b1-9e5e-e0e22fb12a43"},"timestamp":"2024-06-06 21:09:59"}
{"level":"info","message":{"body":"","method":"DELETE","params":{"id":"25f59394-96a3-45b1-9e5e-e0e22fb12a43"},"query":"","url":"/topic/id/25f59394-96a3-45b1-9e5e-e0e22fb12a43"},"timestamp":"2024-06-06 21:09:59"}
{"level":"info","message":{"body":"","method":"GET","params":{},"query":{},"url":"/topic"},"timestamp":"2024-06-06 21:09:59"}
{"level":"info","message":{"body":"","method":"GET","params":{},"query":{},"url":"/topic"},"timestamp":"2024-06-06 21:10:00"}
{"level":"info","message":{"body":"","method":"GET","params":{},"query":{},"url":"/topic"},"timestamp":"2024-06-06 21:14:57"}
{"level":"info","message":{"body":"","method":"GET","params":{},"query":{},"url":"/categoryInterest"},"timestamp":"2024-06-06 21:14:57"}
{"level":"info","message":{"body":"","method":"GET","params":{},"query":{},"url":"/topic"},"timestamp":"2024-06-06 21:14:58"}
{"level":"info","message":{"body":"","method":"GET","params":{},"query":{},"url":"/topic"},"timestamp":"2024-06-06 21:14:58"}
{"level":"info","message":{"body":"","method":"GET","params":{},"query":{},"url":"/categoryInterest"},"timestamp":"2024-06-06 21:14:58"}
{"level":"info","message":{"body":"","method":"GET","params":{},"query":{},"url":"/categoryInterest"},"timestamp":"2024-06-06 21:14:58"}
{"level":"info","message":{"body":"","method":"GET","params":{},"query":{},"url":"/topic"},"timestamp":"2024-06-06 21:14:58"}
{"level":"info","message":{"body":"","method":"GET","params":{},"query":{},"url":"/topic"},"timestamp":"2024-06-06 21:14:58"}
{"level":"info","message":{"body":"","method":"GET","params":{},"query":{},"url":"/categoryInterest"},"timestamp":"2024-06-06 21:14:58"}
{"level":"info","message":{"body":"","method":"GET","params":{},"query":{},"url":"/topic"},"timestamp":"2024-06-06 21:14:58"}
{"level":"info","message":{"body":"","method":"GET","params":{},"query":{},"url":"/topic"},"timestamp":"2024-06-06 21:14:58"}
{"level":"info","message":{"body":"","method":"GET","params":{},"query":{},"url":"/topic"},"timestamp":"2024-06-06 21:14:58"}
{"level":"info","message":{"body":"","method":"GET","params":{},"query":{},"url":"/topic"},"timestamp":"2024-06-06 21:14:58"}
{"level":"info","message":{"body":"","method":"GET","params":{},"query":{},"url":"/topic"},"timestamp":"2024-06-06 21:14:58"}
{"level":"info","message":{"body":"","method":"GET","params":{},"query":{},"url":"/topic"},"timestamp":"2024-06-06 21:14:58"}
{"level":"info","message":{"body":"","method":"GET","params":{},"query":{},"url":"/topic"},"timestamp":"2024-06-06 21:14:59"}
{"level":"info","message":{"body":"","method":"GET","params":{},"query":{},"url":"/topic"},"timestamp":"2024-06-06 21:15:18"}
{"level":"info","message":{"body":"","method":"GET","params":{},"query":{},"url":"/categoryInterest"},"timestamp":"2024-06-06 21:15:18"}
{"level":"info","message":{"body":"","method":"GET","params":{},"query":{},"url":"/topic"},"timestamp":"2024-06-06 21:15:18"}
{"level":"info","message":{"body":"","method":"GET","params":{},"query":{},"url":"/topic"},"timestamp":"2024-06-06 21:15:18"}
{"level":"info","message":{"body":"","method":"GET","params":{},"query":{},"url":"/categoryInterest"},"timestamp":"2024-06-06 21:15:18"}
{"level":"info","message":{"body":"","method":"GET","params":{},"query":{},"url":"/topic"},"timestamp":"2024-06-06 21:15:18"}
{"level":"info","message":{"body":"","method":"GET","params":{},"query":{},"url":"/topic"},"timestamp":"2024-06-06 21:15:18"}
{"level":"info","message":{"body":"","method":"GET","params":{},"query":{},"url":"/topic"},"timestamp":"2024-06-06 21:15:19"}
{"level":"info","message":{"body":"","method":"GET","params":{},"query":{},"url":"/topic"},"timestamp":"2024-06-06 21:18:30"}
{"level":"info","message":{"body":"","method":"GET","params":{},"query":{},"url":"/categoryInterest"},"timestamp":"2024-06-06 21:18:30"}
{"level":"info","message":{"body":"","method":"GET","params":{},"query":{},"url":"/categoryInterest"},"timestamp":"2024-06-06 21:18:31"}
{"level":"info","message":{"body":"","method":"GET","params":{},"query":{},"url":"/topic"},"timestamp":"2024-06-06 21:18:31"}
{"level":"info","message":{"body":"","method":"GET","params":{},"query":{},"url":"/topic"},"timestamp":"2024-06-06 21:18:31"}
{"level":"info","message":{"body":"","method":"GET","params":{},"query":{},"url":"/topic"},"timestamp":"2024-06-06 21:18:31"}
{"level":"info","message":{"body":"","method":"GET","params":{},"query":{},"url":"/topic"},"timestamp":"2024-06-06 21:18:31"}
{"level":"info","message":{"body":"","method":"GET","params":{},"query":{},"url":"/topic"},"timestamp":"2024-06-06 21:18:31"}
{"level":"info","message":{"body":"","method":"GET","params":{},"query":{},"url":"/topic"},"timestamp":"2024-06-06 21:22:59"}
{"level":"info","message":{"body":"","method":"GET","params":{},"query":{},"url":"/categoryInterest"},"timestamp":"2024-06-06 21:22:59"}
{"level":"info","message":{"body":"","method":"GET","params":{},"query":{},"url":"/topic"},"timestamp":"2024-06-06 21:23:00"}
{"level":"info","message":{"body":"","method":"GET","params":{},"query":{},"url":"/topic"},"timestamp":"2024-06-06 21:23:00"}
{"level":"info","message":{"body":"","method":"GET","params":{},"query":{},"url":"/categoryInterest"},"timestamp":"2024-06-06 21:23:00"}
{"level":"info","message":{"body":"","method":"GET","params":{},"query":{},"url":"/topic"},"timestamp":"2024-06-06 21:23:00"}
{"level":"info","message":{"body":"","method":"GET","params":{},"query":{},"url":"/topic"},"timestamp":"2024-06-06 21:23:00"}
{"level":"info","message":{"body":"","method":"GET","params":{},"query":{},"url":"/topic"},"timestamp":"2024-06-06 21:23:00"}
{"level":"info","message":{"body":{"content":"tengo dudas con esta funcion en javascript","id_person":"64856186-6e05-4a3c-bf6a-ffe4e882d64b","title":"Javascripts"},"method":"POST","params":"","query":"","url":"/topic"},"timestamp":"2024-06-06 21:24:02"}
{"level":"info","message":{"body":{"content":"tengo dudas con esta funcion en javascript","id_person":"64856186-6e05-4a3c-bf6a-ffe4e882d64b","title":"Javascripts"},"method":"POST","params":"","query":"","url":"/topic"},"timestamp":"2024-06-06 21:24:02"}
{"level":"info","message":{"body":"","method":"GET","params":{},"query":{},"url":"/topic"},"timestamp":"2024-06-06 21:24:02"}
{"level":"info","message":{"body":"","method":"GET","params":{},"query":{},"url":"/topic"},"timestamp":"2024-06-06 21:24:02"}
{"level":"info","message":{"body":"","method":"GET","params":{},"query":{},"url":"/topic"},"timestamp":"2024-06-06 21:24:34"}
{"level":"info","message":{"body":"","method":"GET","params":{},"query":{},"url":"/categoryInterest"},"timestamp":"2024-06-06 21:24:34"}
{"level":"info","message":{"body":"","method":"GET","params":{},"query":{},"url":"/categoryInterest"},"timestamp":"2024-06-06 21:24:34"}
{"level":"info","message":{"body":"","method":"GET","params":{},"query":{},"url":"/topic"},"timestamp":"2024-06-06 21:24:34"}
{"level":"info","message":{"body":"","method":"GET","params":{},"query":{},"url":"/topic"},"timestamp":"2024-06-06 21:24:34"}
{"level":"info","message":{"body":"","method":"GET","params":{},"query":{},"url":"/topic"},"timestamp":"2024-06-06 21:24:35"}
{"level":"info","message":{"body":"","method":"GET","params":{},"query":{},"url":"/topic"},"timestamp":"2024-06-06 21:24:35"}
{"level":"info","message":{"body":"","method":"GET","params":{},"query":{},"url":"/topic"},"timestamp":"2024-06-06 21:24:35"}
{"level":"info","message":{"body":"","method":"GET","params":{},"query":{},"url":"/topic"},"timestamp":"2024-06-06 21:27:59"}
{"level":"info","message":{"body":"","method":"GET","params":{},"query":{},"url":"/categoryInterest"},"timestamp":"2024-06-06 21:27:59"}
{"level":"info","message":{"body":"","method":"GET","params":{},"query":{},"url":"/topic"},"timestamp":"2024-06-06 21:27:59"}
{"level":"info","message":{"body":"","method":"GET","params":{},"query":{},"url":"/topic"},"timestamp":"2024-06-06 21:27:59"}
{"level":"info","message":{"body":"","method":"GET","params":{},"query":{},"url":"/categoryInterest"},"timestamp":"2024-06-06 21:27:59"}
{"level":"info","message":{"body":"","method":"GET","params":{},"query":{},"url":"/topic"},"timestamp":"2024-06-06 21:28:00"}
{"level":"info","message":{"body":"","method":"GET","params":{},"query":{},"url":"/topic"},"timestamp":"2024-06-06 21:28:00"}
{"level":"info","message":{"body":"","method":"GET","params":{},"query":{},"url":"/topic"},"timestamp":"2024-06-06 21:28:00"}
{"level":"info","message":{"body":{"email":"esteban@diaz.cl","password":"esteban123"},"method":"POST","params":"","query":"","url":"/user/validate"},"timestamp":"2024-06-06 21:28:12"}
{"level":"info","message":{"body":{"email":"esteban@diaz.cl","password":"esteban123"},"method":"POST","params":"","query":"","url":"/user/validate"},"timestamp":"2024-06-06 21:28:12"}
{"level":"info","message":{"body":"","method":"GET","params":{},"query":{},"url":"/topic"},"timestamp":"2024-06-06 21:28:13"}
{"level":"info","message":{"body":"","method":"GET","params":{},"query":{},"url":"/categoryInterest"},"timestamp":"2024-06-06 21:28:13"}
{"level":"info","message":{"body":"","method":"GET","params":{},"query":{},"url":"/topic"},"timestamp":"2024-06-06 21:28:13"}
{"level":"info","message":{"body":"","method":"GET","params":{},"query":{},"url":"/topic"},"timestamp":"2024-06-06 21:28:13"}
{"level":"info","message":{"body":"","method":"GET","params":{},"query":{},"url":"/topic"},"timestamp":"2024-06-06 21:28:13"}
{"level":"info","message":{"body":"","method":"GET","params":{},"query":{},"url":"/topic"},"timestamp":"2024-06-06 21:28:13"}
{"level":"info","message":{"body":"","method":"GET","params":{},"query":{},"url":"/topic"},"timestamp":"2024-06-06 21:28:13"}
{"level":"info","message":{"body":"","method":"GET","params":{},"query":{},"url":"/topic"},"timestamp":"2024-06-06 21:28:13"}
{"level":"info","message":{"body":"","method":"GET","params":{},"query":{},"url":"/topic"},"timestamp":"2024-06-06 21:28:13"}
{"level":"info","message":{"body":"","method":"GET","params":{},"query":{},"url":"/topic"},"timestamp":"2024-06-06 21:28:13"}
{"level":"info","message":{"body":"","method":"GET","params":{},"query":{},"url":"/categoryInterest"},"timestamp":"2024-06-06 21:28:13"}
{"level":"info","message":{"body":"","method":"GET","params":{},"query":{},"url":"/categoryInterest"},"timestamp":"2024-06-06 21:28:13"}
{"level":"info","message":{"body":"","method":"GET","params":{},"query":{},"url":"/topic"},"timestamp":"2024-06-06 21:28:13"}
{"level":"info","message":{"body":"","method":"GET","params":{},"query":{},"url":"/topic"},"timestamp":"2024-06-06 21:28:13"}
{"level":"info","message":{"body":"","method":"GET","params":{},"query":{},"url":"/categoryInterest"},"timestamp":"2024-06-06 21:28:13"}
{"level":"info","message":{"body":"","method":"GET","params":{},"query":{},"url":"/topic"},"timestamp":"2024-06-06 21:28:13"}
{"level":"info","message":{"body":"","method":"GET","params":{},"query":{},"url":"/topic"},"timestamp":"2024-06-06 21:28:28"}
{"level":"info","message":{"body":"","method":"GET","params":{},"query":{},"url":"/categoryInterest"},"timestamp":"2024-06-06 21:28:28"}
{"level":"info","message":{"body":"","method":"GET","params":{},"query":{},"url":"/categoryInterest"},"timestamp":"2024-06-06 21:28:29"}
{"level":"info","message":{"body":"","method":"GET","params":{},"query":{},"url":"/topic"},"timestamp":"2024-06-06 21:28:29"}
{"level":"info","message":{"body":"","method":"GET","params":{},"query":{},"url":"/categoryInterest"},"timestamp":"2024-06-06 21:28:29"}
{"level":"info","message":{"body":"","method":"GET","params":{},"query":{},"url":"/topic"},"timestamp":"2024-06-06 21:28:29"}
{"level":"info","message":{"body":"","method":"GET","params":{},"query":{},"url":"/categoryInterest"},"timestamp":"2024-06-06 21:28:29"}
{"level":"info","message":{"body":"","method":"GET","params":{},"query":{},"url":"/topic"},"timestamp":"2024-06-06 21:28:29"}
{"level":"info","message":{"body":"","method":"GET","params":{},"query":{},"url":"/topic"},"timestamp":"2024-06-06 21:28:29"}
{"level":"info","message":{"body":"","method":"GET","params":{},"query":{},"url":"/topic"},"timestamp":"2024-06-06 21:28:29"}
{"level":"info","message":{"body":"","method":"GET","params":{},"query":{},"url":"/topic"},"timestamp":"2024-06-06 21:28:29"}
{"level":"info","message":{"body":"","method":"GET","params":{},"query":{},"url":"/topic"},"timestamp":"2024-06-06 21:28:29"}
{"level":"info","message":{"body":"","method":"GET","params":{},"query":{},"url":"/topic"},"timestamp":"2024-06-06 21:28:29"}
{"level":"info","message":{"body":"","method":"GET","params":{},"query":{},"url":"/topic"},"timestamp":"2024-06-06 21:28:29"}
{"level":"info","message":{"body":"","method":"GET","params":{},"query":{},"url":"/topic"},"timestamp":"2024-06-06 21:28:29"}
{"level":"info","message":{"body":"","method":"GET","params":{},"query":{},"url":"/topic"},"timestamp":"2024-06-06 21:28:30"}
{"level":"info","message":{"body":"","method":"GET","params":{},"query":{},"url":"/topic"},"timestamp":"2024-06-06 21:28:53"}
{"level":"info","message":{"body":"","method":"GET","params":{},"query":{},"url":"/categoryInterest"},"timestamp":"2024-06-06 21:28:53"}
{"level":"info","message":{"body":"","method":"GET","params":{},"query":{},"url":"/topic"},"timestamp":"2024-06-06 21:28:54"}
{"level":"info","message":{"body":"","method":"GET","params":{},"query":{},"url":"/topic"},"timestamp":"2024-06-06 21:28:54"}
{"level":"info","message":{"body":"","method":"GET","params":{},"query":{},"url":"/categoryInterest"},"timestamp":"2024-06-06 21:28:54"}
{"level":"info","message":{"body":"","method":"GET","params":{},"query":{},"url":"/topic"},"timestamp":"2024-06-06 21:28:54"}
{"level":"info","message":{"body":"","method":"GET","params":{},"query":{},"url":"/topic"},"timestamp":"2024-06-06 21:28:54"}
{"level":"info","message":{"body":"","method":"GET","params":{},"query":{},"url":"/topic"},"timestamp":"2024-06-06 21:28:54"}
{"level":"info","message":"🚀API listening port 3000","timestamp":"2024-06-06 21:44:19"}
{"level":"info","message":"Database connected","timestamp":"2024-06-06 21:44:20","util":"database"}
{"level":"info","message":"🚀API listening port 3000","timestamp":"2024-06-06 21:47:29"}
{"level":"info","message":"Database connected","timestamp":"2024-06-06 21:47:30","util":"database"}
{"level":"info","message":{"body":"","method":"GET","params":{},"query":{},"url":"/topic/id/e3a531f8-809e-4edc-8b28-28558f5c6cb7"},"timestamp":"2024-06-06 21:48:28"}
{"level":"info","message":{"body":"","method":"GET","params":{"id":"e3a531f8-809e-4edc-8b28-28558f5c6cb7"},"query":{},"url":"/topic/id/e3a531f8-809e-4edc-8b28-28558f5c6cb7"},"timestamp":"2024-06-06 21:48:28"}
{"level":"info","message":"🚀API listening port 3000","timestamp":"2024-06-06 21:49:28"}
{"level":"info","message":"Database connected","timestamp":"2024-06-06 21:49:28","util":"database"}
{"level":"info","message":"🚀API listening port 3000","timestamp":"2024-06-06 21:56:47"}
{"level":"info","message":"Database connected","timestamp":"2024-06-06 21:56:48","util":"database"}
{"level":"info","message":{"body":"","method":"GET","params":{},"query":{},"url":"/topic/id/e3a531f8-809e-4edc-8b28-28558f5c6cb7"},"timestamp":"2024-06-06 21:56:52"}
{"level":"info","message":{"body":"","method":"GET","params":{},"query":{},"url":"/topic/id/e3a531f8-809e-4edc-8b28-28558f5c6cb7"},"timestamp":"2024-06-06 21:56:55"}
{"level":"info","message":"🚀API listening port 3000","timestamp":"2024-06-06 21:59:30"}
{"level":"info","message":{"body":"","method":"GET","params":{},"query":{},"url":"/topic/id/e3a531f8-809e-4edc-8b28-28558f5c6cb7"},"timestamp":"2024-06-06 21:59:30"}
{"level":"info","message":"Database connected","timestamp":"2024-06-06 21:59:31","util":"database"}
{"level":"info","message":{"body":"","method":"GET","params":{},"query":{},"url":"/topic/id/e3a531f8-809e-4edc-8b28-28558f5c6cb7"},"timestamp":"2024-06-06 21:59:33"}
{"level":"info","message":{"body":"","method":"GET","params":{},"query":{},"url":"/topic/id/e3a531f8-809e-4edc-8b28-28558f5c6cb7"},"timestamp":"2024-06-06 21:59:51"}
{"level":"info","message":"🚀API listening port 3000","timestamp":"2024-06-06 22:00:57"}
{"level":"info","message":"Database connected","timestamp":"2024-06-06 22:00:57","util":"database"}
{"level":"info","message":{"body":"","method":"GET","params":{},"query":{},"url":"/topic/id/e3a531f8-809e-4edc-8b28-28558f5c6cb7"},"timestamp":"2024-06-06 22:01:00"}
{"level":"info","message":"🚀API listening port 3000","timestamp":"2024-06-06 22:01:51"}
{"level":"info","message":"Database connected","timestamp":"2024-06-06 22:01:51","util":"database"}
{"level":"info","message":{"body":"","method":"GET","params":{},"query":{},"url":"/topic/id/e3a531f8-809e-4edc-8b28-28558f5c6cb7"},"timestamp":"2024-06-06 22:01:52"}
{"level":"info","message":"🚀API listening port 3000","timestamp":"2024-06-06 22:07:03"}
{"level":"info","message":"Database connected","timestamp":"2024-06-06 22:07:04","util":"database"}
{"level":"info","message":{"body":"","method":"GET","params":{},"query":{},"url":"/topic/id/e3a531f8-809e-4edc-8b28-28558f5c6cb7"},"timestamp":"2024-06-06 22:07:04"}
{"level":"info","message":{"body":"","method":"GET","params":{"id":"e3a531f8-809e-4edc-8b28-28558f5c6cb7"},"query":{},"url":"/topic/id/e3a531f8-809e-4edc-8b28-28558f5c6cb7"},"timestamp":"2024-06-06 22:07:05"}
{"level":"info","message":"🚀API listening port 3000","timestamp":"2024-06-06 22:07:49"}
{"level":"info","message":"Database connected","timestamp":"2024-06-06 22:07:49","util":"database"}
{"level":"info","message":{"body":"","method":"GET","params":{},"query":{},"url":"/topic/"},"timestamp":"2024-06-06 22:07:50"}
{"level":"info","message":{"body":"","method":"GET","params":{},"query":{},"url":"/topic/"},"timestamp":"2024-06-06 22:07:51"}
{"level":"info","message":"🚀API listening port 3000","timestamp":"2024-06-06 22:08:48"}
{"level":"info","message":"Database connected","timestamp":"2024-06-06 22:08:49","util":"database"}
{"level":"info","message":"🚀API listening port 3000","timestamp":"2024-06-06 22:08:58"}
{"level":"info","message":"Database connected","timestamp":"2024-06-06 22:08:58","util":"database"}
{"level":"info","message":{"body":"","method":"GET","params":{},"query":{},"url":"/topic"},"timestamp":"2024-06-06 22:11:17"}
{"level":"info","message":{"body":"","method":"GET","params":{},"query":{},"url":"/categoryInterest"},"timestamp":"2024-06-06 22:11:17"}
{"level":"info","message":{"body":"","method":"GET","params":{},"query":{},"url":"/topic"},"timestamp":"2024-06-06 22:11:18"}
{"level":"info","message":{"body":"","method":"GET","params":{},"query":{},"url":"/topic"},"timestamp":"2024-06-06 22:11:18"}
{"level":"info","message":{"body":"","method":"GET","params":{},"query":{},"url":"/categoryInterest"},"timestamp":"2024-06-06 22:11:18"}
{"level":"info","message":{"body":"","method":"GET","params":{},"query":{},"url":"/topic"},"timestamp":"2024-06-06 22:11:18"}
{"level":"info","message":{"body":"","method":"GET","params":{},"query":{},"url":"/topic"},"timestamp":"2024-06-06 22:11:18"}
{"level":"info","message":{"body":"","method":"GET","params":{},"query":{},"url":"/topic"},"timestamp":"2024-06-06 22:11:18"}
{"level":"info","message":{"body":"","method":"GET","params":{},"query":{},"url":"/topic"},"timestamp":"2024-06-06 22:11:37"}
{"level":"info","message":{"body":"","method":"GET","params":{},"query":{},"url":"/categoryInterest"},"timestamp":"2024-06-06 22:11:37"}
{"level":"info","message":{"body":"","method":"GET","params":{},"query":{},"url":"/categoryInterest"},"timestamp":"2024-06-06 22:11:38"}
{"level":"info","message":{"body":"","method":"GET","params":{},"query":{},"url":"/topic"},"timestamp":"2024-06-06 22:11:38"}
{"level":"info","message":{"body":"","method":"GET","params":{},"query":{},"url":"/topic"},"timestamp":"2024-06-06 22:11:38"}
{"level":"info","message":{"body":"","method":"GET","params":{},"query":{},"url":"/topic"},"timestamp":"2024-06-06 22:11:38"}
{"level":"info","message":{"body":"","method":"GET","params":{},"query":{},"url":"/topic"},"timestamp":"2024-06-06 22:11:38"}
{"level":"info","message":{"body":"","method":"GET","params":{},"query":{},"url":"/topic"},"timestamp":"2024-06-06 22:11:38"}
{"level":"info","message":{"body":"","method":"GET","params":{},"query":{},"url":"/topic"},"timestamp":"2024-06-06 22:11:59"}
{"level":"info","message":{"body":"","method":"GET","params":{},"query":{},"url":"/categoryInterest"},"timestamp":"2024-06-06 22:11:59"}
{"level":"info","message":{"body":"","method":"GET","params":{},"query":{},"url":"/topic"},"timestamp":"2024-06-06 22:12:00"}
{"level":"info","message":{"body":"","method":"GET","params":{},"query":{},"url":"/topic"},"timestamp":"2024-06-06 22:12:00"}
{"level":"info","message":{"body":"","method":"GET","params":{},"query":{},"url":"/categoryInterest"},"timestamp":"2024-06-06 22:12:00"}
{"level":"info","message":{"body":"","method":"GET","params":{},"query":{},"url":"/topic"},"timestamp":"2024-06-06 22:12:00"}
{"level":"info","message":{"body":"","method":"GET","params":{},"query":{},"url":"/topic"},"timestamp":"2024-06-06 22:12:00"}
{"level":"info","message":{"body":"","method":"GET","params":{},"query":{},"url":"/topic"},"timestamp":"2024-06-06 22:12:00"}
{"level":"info","message":{"body":"","method":"GET","params":{},"query":{},"url":"/categoryInterest"},"timestamp":"2024-06-06 22:12:16"}
{"level":"info","message":{"body":"","method":"GET","params":{},"query":{},"url":"/topic"},"timestamp":"2024-06-06 22:12:16"}
{"level":"info","message":{"body":"","method":"GET","params":{},"query":{},"url":"/categoryInterest"},"timestamp":"2024-06-06 22:12:16"}
{"level":"info","message":{"body":"","method":"GET","params":{},"query":{},"url":"/topic"},"timestamp":"2024-06-06 22:12:16"}
{"level":"info","message":{"body":"","method":"GET","params":{},"query":{},"url":"/topic"},"timestamp":"2024-06-06 22:12:16"}
{"level":"info","message":{"body":"","method":"GET","params":{},"query":{},"url":"/topic"},"timestamp":"2024-06-06 22:12:17"}
{"level":"info","message":{"body":"","method":"GET","params":{},"query":{},"url":"/topic"},"timestamp":"2024-06-06 22:12:17"}
{"level":"info","message":{"body":"","method":"GET","params":{},"query":{},"url":"/topic"},"timestamp":"2024-06-06 22:12:17"}
{"level":"info","message":{"body":"","method":"GET","params":{},"query":{},"url":"/topic"},"timestamp":"2024-06-06 22:13:14"}
{"level":"info","message":{"body":"","method":"GET","params":{},"query":{},"url":"/categoryInterest"},"timestamp":"2024-06-06 22:13:14"}
{"level":"info","message":{"body":"","method":"GET","params":{},"query":{},"url":"/categoryInterest"},"timestamp":"2024-06-06 22:13:15"}
{"level":"info","message":{"body":"","method":"GET","params":{},"query":{},"url":"/topic"},"timestamp":"2024-06-06 22:13:15"}
{"level":"info","message":{"body":"","method":"GET","params":{},"query":{},"url":"/topic"},"timestamp":"2024-06-06 22:13:15"}
{"level":"info","message":{"body":"","method":"GET","params":{},"query":{},"url":"/topic"},"timestamp":"2024-06-06 22:13:15"}
{"level":"info","message":{"body":"","method":"GET","params":{},"query":{},"url":"/topic"},"timestamp":"2024-06-06 22:13:15"}
{"level":"info","message":{"body":"","method":"GET","params":{},"query":{},"url":"/topic"},"timestamp":"2024-06-06 22:13:15"}
{"level":"info","message":{"body":"","method":"GET","params":{},"query":{},"url":"/topic"},"timestamp":"2024-06-06 22:13:51"}
{"level":"info","message":{"body":"","method":"GET","params":{},"query":{},"url":"/categoryInterest"},"timestamp":"2024-06-06 22:13:51"}
{"level":"info","message":{"body":"","method":"GET","params":{},"query":{},"url":"/topic"},"timestamp":"2024-06-06 22:13:52"}
{"level":"info","message":{"body":"","method":"GET","params":{},"query":{},"url":"/categoryInterest"},"timestamp":"2024-06-06 22:13:52"}
{"level":"info","message":{"body":"","method":"GET","params":{},"query":{},"url":"/topic"},"timestamp":"2024-06-06 22:13:52"}
{"level":"info","message":{"body":"","method":"GET","params":{},"query":{},"url":"/topic"},"timestamp":"2024-06-06 22:13:52"}
{"level":"info","message":{"body":"","method":"GET","params":{},"query":{},"url":"/topic"},"timestamp":"2024-06-06 22:13:52"}
{"level":"info","message":{"body":"","method":"GET","params":{},"query":{},"url":"/topic"},"timestamp":"2024-06-06 22:13:52"}
{"level":"info","message":{"body":"","method":"GET","params":{},"query":{},"url":"/topic"},"timestamp":"2024-06-06 22:14:23"}
{"level":"info","message":{"body":"","method":"GET","params":{},"query":{},"url":"/categoryInterest"},"timestamp":"2024-06-06 22:14:23"}
{"level":"info","message":{"body":"","method":"GET","params":{},"query":{},"url":"/categoryInterest"},"timestamp":"2024-06-06 22:14:23"}
{"level":"info","message":{"body":"","method":"GET","params":{},"query":{},"url":"/topic"},"timestamp":"2024-06-06 22:14:23"}
{"level":"info","message":{"body":"","method":"GET","params":{},"query":{},"url":"/topic"},"timestamp":"2024-06-06 22:14:23"}
{"level":"info","message":{"body":"","method":"GET","params":{},"query":{},"url":"/topic"},"timestamp":"2024-06-06 22:14:24"}
{"level":"info","message":{"body":"","method":"GET","params":{},"query":{},"url":"/topic"},"timestamp":"2024-06-06 22:14:24"}
{"level":"info","message":{"body":"","method":"GET","params":{},"query":{},"url":"/topic"},"timestamp":"2024-06-06 22:14:24"}
{"level":"info","message":{"body":"","method":"GET","params":{},"query":{},"url":"/topic"},"timestamp":"2024-06-06 22:14:30"}
{"level":"info","message":{"body":"","method":"GET","params":{},"query":{},"url":"/categoryInterest"},"timestamp":"2024-06-06 22:14:30"}
{"level":"info","message":{"body":"","method":"GET","params":{},"query":{},"url":"/categoryInterest"},"timestamp":"2024-06-06 22:14:30"}
{"level":"info","message":{"body":"","method":"GET","params":{},"query":{},"url":"/topic"},"timestamp":"2024-06-06 22:14:30"}
{"level":"info","message":{"body":"","method":"GET","params":{},"query":{},"url":"/topic"},"timestamp":"2024-06-06 22:14:30"}
{"level":"info","message":{"body":"","method":"GET","params":{},"query":{},"url":"/topic"},"timestamp":"2024-06-06 22:14:31"}
{"level":"info","message":{"body":"","method":"GET","params":{},"query":{},"url":"/topic"},"timestamp":"2024-06-06 22:14:31"}
{"level":"info","message":{"body":"","method":"GET","params":{},"query":{},"url":"/topic"},"timestamp":"2024-06-06 22:14:31"}
{"level":"info","message":{"body":"","method":"GET","params":{},"query":{},"url":"/topic"},"timestamp":"2024-06-06 22:18:21"}
{"level":"info","message":{"body":"","method":"GET","params":{},"query":{},"url":"/categoryInterest"},"timestamp":"2024-06-06 22:18:21"}
{"level":"info","message":{"body":"","method":"GET","params":{},"query":{},"url":"/topic"},"timestamp":"2024-06-06 22:18:21"}
{"level":"info","message":{"body":"","method":"GET","params":{},"query":{},"url":"/topic"},"timestamp":"2024-06-06 22:18:21"}
{"level":"info","message":{"body":"","method":"GET","params":{},"query":{},"url":"/categoryInterest"},"timestamp":"2024-06-06 22:18:21"}
{"level":"info","message":{"body":"","method":"GET","params":{},"query":{},"url":"/topic"},"timestamp":"2024-06-06 22:18:21"}
{"level":"info","message":{"body":"","method":"GET","params":{},"query":{},"url":"/topic"},"timestamp":"2024-06-06 22:18:21"}
{"level":"info","message":{"body":"","method":"GET","params":{},"query":{},"url":"/topic"},"timestamp":"2024-06-06 22:18:22"}
{"level":"info","message":{"body":"","method":"GET","params":{},"query":{},"url":"/topic"},"timestamp":"2024-06-06 22:18:38"}
{"level":"info","message":{"body":"","method":"GET","params":{},"query":{},"url":"/categoryInterest"},"timestamp":"2024-06-06 22:18:38"}
{"level":"info","message":{"body":"","method":"GET","params":{},"query":{},"url":"/categoryInterest"},"timestamp":"2024-06-06 22:18:39"}
{"level":"info","message":{"body":"","method":"GET","params":{},"query":{},"url":"/topic"},"timestamp":"2024-06-06 22:18:39"}
{"level":"info","message":{"body":"","method":"GET","params":{},"query":{},"url":"/topic"},"timestamp":"2024-06-06 22:18:39"}
{"level":"info","message":{"body":"","method":"GET","params":{},"query":{},"url":"/topic"},"timestamp":"2024-06-06 22:18:39"}
{"level":"info","message":{"body":"","method":"GET","params":{},"query":{},"url":"/topic"},"timestamp":"2024-06-06 22:18:39"}
{"level":"info","message":{"body":"","method":"GET","params":{},"query":{},"url":"/topic"},"timestamp":"2024-06-06 22:18:39"}
{"level":"info","message":{"body":"","method":"GET","params":{},"query":{},"url":"/topic"},"timestamp":"2024-06-06 22:18:47"}
{"level":"info","message":{"body":"","method":"GET","params":{},"query":{},"url":"/categoryInterest"},"timestamp":"2024-06-06 22:18:47"}
{"level":"info","message":{"body":"","method":"GET","params":{},"query":{},"url":"/categoryInterest"},"timestamp":"2024-06-06 22:18:47"}
{"level":"info","message":{"body":"","method":"GET","params":{},"query":{},"url":"/topic"},"timestamp":"2024-06-06 22:18:47"}
{"level":"info","message":{"body":"","method":"GET","params":{},"query":{},"url":"/topic"},"timestamp":"2024-06-06 22:18:47"}
{"level":"info","message":{"body":"","method":"GET","params":{},"query":{},"url":"/topic"},"timestamp":"2024-06-06 22:18:48"}
{"level":"info","message":{"body":"","method":"GET","params":{},"query":{},"url":"/topic"},"timestamp":"2024-06-06 22:18:48"}
{"level":"info","message":{"body":"","method":"GET","params":{},"query":{},"url":"/topic"},"timestamp":"2024-06-06 22:18:48"}
{"level":"info","message":{"body":"","method":"GET","params":{},"query":{},"url":"/topic"},"timestamp":"2024-06-06 22:18:59"}
{"level":"info","message":{"body":"","method":"GET","params":{},"query":{},"url":"/categoryInterest"},"timestamp":"2024-06-06 22:18:59"}
{"level":"info","message":{"body":"","method":"GET","params":{},"query":{},"url":"/topic"},"timestamp":"2024-06-06 22:18:59"}
{"level":"info","message":{"body":"","method":"GET","params":{},"query":{},"url":"/topic"},"timestamp":"2024-06-06 22:18:59"}
{"level":"info","message":{"body":"","method":"GET","params":{},"query":{},"url":"/categoryInterest"},"timestamp":"2024-06-06 22:18:59"}
{"level":"info","message":{"body":"","method":"GET","params":{},"query":{},"url":"/topic"},"timestamp":"2024-06-06 22:18:59"}
{"level":"info","message":{"body":"","method":"GET","params":{},"query":{},"url":"/topic"},"timestamp":"2024-06-06 22:18:59"}
{"level":"info","message":{"body":"","method":"GET","params":{},"query":{},"url":"/topic"},"timestamp":"2024-06-06 22:19:00"}
{"level":"info","message":{"body":{"content":"Tengo una pana en el auto y se viene la prueba y nose hacerlo ","id_person":"64856186-6e05-4a3c-bf6a-ffe4e882d64b","title":"Autos"},"method":"POST","params":"","query":"","url":"/topic"},"timestamp":"2024-06-06 22:20:50"}
{"level":"info","message":{"body":{"content":"Tengo una pana en el auto y se viene la prueba y nose hacerlo ","id_person":"64856186-6e05-4a3c-bf6a-ffe4e882d64b","title":"Autos"},"method":"POST","params":"","query":"","url":"/topic"},"timestamp":"2024-06-06 22:20:50"}
{"level":"info","message":{"body":"","method":"GET","params":{},"query":{},"url":"/topic"},"timestamp":"2024-06-06 22:20:50"}
{"level":"info","message":{"body":"","method":"GET","params":{},"query":{},"url":"/topic"},"timestamp":"2024-06-06 22:20:50"}
{"level":"info","message":{"body":"","method":"DELETE","params":{},"query":"","url":"/topic/id/0cc709e8-8ea7-4aca-a546-4c3f310912bd"},"timestamp":"2024-06-06 22:20:57"}
{"level":"info","message":{"body":"","method":"GET","params":{},"query":{},"url":"/topic"},"timestamp":"2024-06-06 22:20:57"}
{"level":"info","message":{"body":"","method":"DELETE","params":{"id":"0cc709e8-8ea7-4aca-a546-4c3f310912bd"},"query":"","url":"/topic/id/0cc709e8-8ea7-4aca-a546-4c3f310912bd"},"timestamp":"2024-06-06 22:20:57"}
{"level":"info","message":{"body":"","method":"GET","params":{},"query":{},"url":"/topic"},"timestamp":"2024-06-06 22:20:57"}
{"level":"info","message":{"body":"","method":"GET","params":{},"query":{},"url":"/topic"},"timestamp":"2024-06-06 22:20:57"}
{"level":"info","message":{"body":"","method":"GET","params":{},"query":{},"url":"/topic"},"timestamp":"2024-06-06 22:20:57"}
{"level":"info","message":{"body":"","method":"GET","params":{},"query":{},"url":"/topic"},"timestamp":"2024-06-06 22:23:33"}
{"level":"info","message":{"body":"","method":"GET","params":{},"query":{},"url":"/categoryInterest"},"timestamp":"2024-06-06 22:23:33"}
{"level":"info","message":{"body":"","method":"GET","params":{},"query":{},"url":"/categoryInterest"},"timestamp":"2024-06-06 22:23:34"}
{"level":"info","message":{"body":"","method":"GET","params":{},"query":{},"url":"/topic"},"timestamp":"2024-06-06 22:23:34"}
{"level":"info","message":{"body":"","method":"GET","params":{},"query":{},"url":"/topic"},"timestamp":"2024-06-06 22:23:34"}
{"level":"info","message":{"body":"","method":"GET","params":{},"query":{},"url":"/topic"},"timestamp":"2024-06-06 22:23:34"}
{"level":"info","message":{"body":"","method":"GET","params":{},"query":{},"url":"/topic"},"timestamp":"2024-06-06 22:23:34"}
{"level":"info","message":{"body":"","method":"GET","params":{},"query":{},"url":"/topic"},"timestamp":"2024-06-06 22:23:34"}
{"level":"info","message":{"body":"","method":"GET","params":{},"query":{},"url":"/topic"},"timestamp":"2024-06-06 22:24:16"}
{"level":"info","message":{"body":"","method":"GET","params":{},"query":{},"url":"/categoryInterest"},"timestamp":"2024-06-06 22:24:16"}
{"level":"info","message":{"body":"","method":"GET","params":{},"query":{},"url":"/categoryInterest"},"timestamp":"2024-06-06 22:24:16"}
{"level":"info","message":{"body":"","method":"GET","params":{},"query":{},"url":"/topic"},"timestamp":"2024-06-06 22:24:16"}
{"level":"info","message":{"body":"","method":"GET","params":{},"query":{},"url":"/topic"},"timestamp":"2024-06-06 22:24:16"}
{"level":"info","message":{"body":"","method":"GET","params":{},"query":{},"url":"/topic"},"timestamp":"2024-06-06 22:24:17"}
{"level":"info","message":{"body":"","method":"GET","params":{},"query":{},"url":"/topic"},"timestamp":"2024-06-06 22:24:17"}
{"level":"info","message":{"body":"","method":"GET","params":{},"query":{},"url":"/topic"},"timestamp":"2024-06-06 22:24:17"}
{"level":"info","message":{"body":"","method":"GET","params":{},"query":{},"url":"/topic"},"timestamp":"2024-06-06 22:25:44"}
{"level":"info","message":{"body":"","method":"GET","params":{},"query":{},"url":"/categoryInterest"},"timestamp":"2024-06-06 22:25:44"}
{"level":"info","message":{"body":"","method":"GET","params":{},"query":{},"url":"/topic"},"timestamp":"2024-06-06 22:25:45"}
{"level":"info","message":{"body":"","method":"GET","params":{},"query":{},"url":"/topic"},"timestamp":"2024-06-06 22:25:45"}
{"level":"info","message":{"body":"","method":"GET","params":{},"query":{},"url":"/categoryInterest"},"timestamp":"2024-06-06 22:25:45"}
{"level":"info","message":{"body":"","method":"GET","params":{},"query":{},"url":"/topic"},"timestamp":"2024-06-06 22:25:45"}
{"level":"info","message":{"body":"","method":"GET","params":{},"query":{},"url":"/topic"},"timestamp":"2024-06-06 22:25:45"}
{"level":"info","message":{"body":"","method":"GET","params":{},"query":{},"url":"/topic"},"timestamp":"2024-06-06 22:25:45"}
{"level":"info","message":{"body":{"content":"ayuda con la prueba de mecanica","id_interest":"","id_person":"64856186-6e05-4a3c-bf6a-ffe4e882d64b","title":"Autos"},"method":"POST","params":"","query":"","url":"/topic"},"timestamp":"2024-06-06 22:26:08"}
{"level":"info","message":{"body":"","method":"GET","params":{},"query":{},"url":"/topic"},"timestamp":"2024-06-06 22:29:55"}
{"level":"info","message":{"body":"","method":"GET","params":{},"query":{},"url":"/categoryInterest"},"timestamp":"2024-06-06 22:29:55"}
{"level":"info","message":{"body":"","method":"GET","params":{},"query":{},"url":"/categoryInterest"},"timestamp":"2024-06-06 22:29:56"}
{"level":"info","message":{"body":"","method":"GET","params":{},"query":{},"url":"/topic"},"timestamp":"2024-06-06 22:29:56"}
{"level":"info","message":{"body":"","method":"GET","params":{},"query":{},"url":"/topic"},"timestamp":"2024-06-06 22:29:56"}
{"level":"info","message":{"body":"","method":"GET","params":{},"query":{},"url":"/topic"},"timestamp":"2024-06-06 22:29:56"}
{"level":"info","message":{"body":"","method":"GET","params":{},"query":{},"url":"/topic"},"timestamp":"2024-06-06 22:29:56"}
{"level":"info","message":{"body":"","method":"GET","params":{},"query":{},"url":"/topic"},"timestamp":"2024-06-06 22:29:56"}
{"level":"info","message":{"body":"","method":"DELETE","params":{},"query":"","url":"/topic/id/9102715a-cf5f-46b2-8ce7-585df61da753"},"timestamp":"2024-06-06 22:30:10"}
{"level":"info","message":{"body":"","method":"DELETE","params":{"id":"9102715a-cf5f-46b2-8ce7-585df61da753"},"query":"","url":"/topic/id/9102715a-cf5f-46b2-8ce7-585df61da753"},"timestamp":"2024-06-06 22:30:10"}
{"level":"info","message":{"body":"","method":"GET","params":{},"query":{},"url":"/topic"},"timestamp":"2024-06-06 22:30:10"}
{"level":"info","message":{"body":"","method":"GET","params":{},"query":{},"url":"/topic"},"timestamp":"2024-06-06 22:30:10"}
{"level":"info","message":{"body":"","method":"DELETE","params":{},"query":"","url":"/topic/id/c527d175-546b-42c0-9c26-b796284294e0"},"timestamp":"2024-06-06 22:30:12"}
{"level":"info","message":{"body":"","method":"GET","params":{},"query":{},"url":"/topic"},"timestamp":"2024-06-06 22:30:12"}
{"level":"info","message":{"body":"","method":"DELETE","params":{"id":"c527d175-546b-42c0-9c26-b796284294e0"},"query":"","url":"/topic/id/c527d175-546b-42c0-9c26-b796284294e0"},"timestamp":"2024-06-06 22:30:12"}
{"level":"info","message":{"body":"","method":"GET","params":{},"query":{},"url":"/topic"},"timestamp":"2024-06-06 22:30:13"}
{"level":"info","message":{"body":"","method":"GET","params":{},"query":{},"url":"/topic"},"timestamp":"2024-06-06 22:30:13"}
{"level":"info","message":{"body":"","method":"GET","params":{},"query":{},"url":"/topic"},"timestamp":"2024-06-06 22:30:13"}
{"level":"info","message":{"body":"","method":"DELETE","params":{},"query":"","url":"/topic/id/f52157c2-9318-454f-94a4-5c22da9368c3"},"timestamp":"2024-06-06 22:30:14"}
{"level":"info","message":{"body":"","method":"GET","params":{},"query":{},"url":"/topic"},"timestamp":"2024-06-06 22:30:14"}
{"level":"info","message":{"body":"","method":"DELETE","params":{"id":"f52157c2-9318-454f-94a4-5c22da9368c3"},"query":"","url":"/topic/id/f52157c2-9318-454f-94a4-5c22da9368c3"},"timestamp":"2024-06-06 22:30:14"}
{"level":"info","message":{"body":"","method":"GET","params":{},"query":{},"url":"/topic"},"timestamp":"2024-06-06 22:30:14"}
{"level":"info","message":{"body":"","method":"GET","params":{},"query":{},"url":"/topic"},"timestamp":"2024-06-06 22:30:14"}
{"level":"info","message":{"body":"","method":"GET","params":{},"query":{},"url":"/topic"},"timestamp":"2024-06-06 22:30:14"}
{"level":"info","message":{"body":{"content":"Mecanica ayuda","id_person":"64856186-6e05-4a3c-bf6a-ffe4e882d64b","title":"Autos"},"method":"POST","params":"","query":"","url":"/topic"},"timestamp":"2024-06-06 22:30:28"}
{"level":"info","message":{"body":{"content":"Mecanica ayuda","id_person":"64856186-6e05-4a3c-bf6a-ffe4e882d64b","title":"Autos"},"method":"POST","params":"","query":"","url":"/topic"},"timestamp":"2024-06-06 22:30:29"}
{"level":"info","message":{"body":"","method":"GET","params":{},"query":{},"url":"/topic"},"timestamp":"2024-06-06 22:30:29"}
{"level":"info","message":{"body":"","method":"GET","params":{},"query":{},"url":"/topic"},"timestamp":"2024-06-06 22:30:29"}
{"level":"info","message":{"body":{"email":"esteban@diaz.cl","password":"esteban123"},"method":"POST","params":"","query":"","url":"/user/validate"},"timestamp":"2024-06-06 22:31:26"}
{"level":"info","message":{"body":{"email":"esteban@diaz.cl","password":"esteban123"},"method":"POST","params":"","query":"","url":"/user/validate"},"timestamp":"2024-06-06 22:31:26"}
{"level":"info","message":{"body":"","method":"GET","params":{},"query":{},"url":"/topic"},"timestamp":"2024-06-06 22:31:26"}
{"level":"info","message":{"body":"","method":"GET","params":{},"query":{},"url":"/categoryInterest"},"timestamp":"2024-06-06 22:31:26"}
{"level":"info","message":{"body":"","method":"GET","params":{},"query":{},"url":"/topic"},"timestamp":"2024-06-06 22:31:27"}
{"level":"info","message":{"body":"","method":"GET","params":{},"query":{},"url":"/topic"},"timestamp":"2024-06-06 22:31:27"}
{"level":"info","message":{"body":"","method":"GET","params":{},"query":{},"url":"/topic"},"timestamp":"2024-06-06 22:31:27"}
{"level":"info","message":{"body":"","method":"GET","params":{},"query":{},"url":"/topic"},"timestamp":"2024-06-06 22:31:27"}
{"level":"info","message":{"body":"","method":"GET","params":{},"query":{},"url":"/topic"},"timestamp":"2024-06-06 22:31:27"}
{"level":"info","message":{"body":"","method":"GET","params":{},"query":{},"url":"/topic"},"timestamp":"2024-06-06 22:31:27"}
{"level":"info","message":{"body":"","method":"GET","params":{},"query":{},"url":"/topic"},"timestamp":"2024-06-06 22:31:27"}
{"level":"info","message":{"body":"","method":"GET","params":{},"query":{},"url":"/topic"},"timestamp":"2024-06-06 22:31:27"}
{"level":"info","message":{"body":"","method":"GET","params":{},"query":{},"url":"/categoryInterest"},"timestamp":"2024-06-06 22:31:27"}
{"level":"info","message":{"body":"","method":"GET","params":{},"query":{},"url":"/categoryInterest"},"timestamp":"2024-06-06 22:31:27"}
{"level":"info","message":{"body":"","method":"GET","params":{},"query":{},"url":"/topic"},"timestamp":"2024-06-06 22:31:27"}
{"level":"info","message":{"body":"","method":"GET","params":{},"query":{},"url":"/topic"},"timestamp":"2024-06-06 22:31:27"}
{"level":"info","message":{"body":"","method":"GET","params":{},"query":{},"url":"/categoryInterest"},"timestamp":"2024-06-06 22:31:27"}
{"level":"info","message":{"body":"","method":"GET","params":{},"query":{},"url":"/topic"},"timestamp":"2024-06-06 22:31:27"}
{"level":"info","message":{"body":"","method":"GET","params":{},"query":{},"url":"/profile/id_person/64856186-6e05-4a3c-bf6a-ffe4e882d64b"},"timestamp":"2024-06-06 22:31:32"}
{"level":"info","message":{"body":"","method":"GET","params":{},"query":{},"url":"/profile"},"timestamp":"2024-06-06 22:31:32"}
{"level":"info","message":{"body":"","method":"GET","params":{},"query":{},"url":"/profile"},"timestamp":"2024-06-06 22:31:32"}
{"level":"info","message":{"body":"","method":"GET","params":{},"query":{},"url":"/profile"},"timestamp":"2024-06-06 22:31:32"}
{"level":"info","message":{"body":"","method":"GET","params":{"id_person":"64856186-6e05-4a3c-bf6a-ffe4e882d64b"},"query":{},"url":"/profile/id_person/64856186-6e05-4a3c-bf6a-ffe4e882d64b"},"timestamp":"2024-06-06 22:31:32"}
{"level":"info","message":{"body":"","method":"GET","params":{},"query":{},"url":"/profile/id_person/64856186-6e05-4a3c-bf6a-ffe4e882d64b"},"timestamp":"2024-06-06 22:31:32"}
{"level":"info","message":{"body":"","method":"GET","params":{},"query":{},"url":"/profile"},"timestamp":"2024-06-06 22:31:32"}
{"level":"info","message":{"body":"","method":"GET","params":{},"query":{},"url":"/profile"},"timestamp":"2024-06-06 22:31:32"}
{"level":"info","message":{"body":"","method":"GET","params":{"id_person":"64856186-6e05-4a3c-bf6a-ffe4e882d64b"},"query":{},"url":"/profile/id_person/64856186-6e05-4a3c-bf6a-ffe4e882d64b"},"timestamp":"2024-06-06 22:31:32"}
{"level":"info","message":{"body":"","method":"GET","params":{},"query":{},"url":"/profile"},"timestamp":"2024-06-06 22:31:32"}
{"level":"info","message":{"body":"","method":"GET","params":{},"query":{},"url":"/profile"},"timestamp":"2024-06-06 22:31:32"}
{"level":"info","message":{"body":"","method":"GET","params":{},"query":{},"url":"/profile"},"timestamp":"2024-06-06 22:31:32"}
{"level":"info","message":{"body":"","method":"GET","params":{},"query":{},"url":"/profile"},"timestamp":"2024-06-06 22:31:32"}
{"level":"info","message":{"body":"","method":"GET","params":{},"query":{},"url":"/profile"},"timestamp":"2024-06-06 22:31:32"}
{"level":"info","message":{"body":"","method":"GET","params":{},"query":{},"url":"/profile"},"timestamp":"2024-06-06 22:31:32"}
{"level":"info","message":{"body":"","method":"GET","params":{},"query":{},"url":"/profile"},"timestamp":"2024-06-06 22:31:32"}
{"level":"info","message":{"body":"","method":"GET","params":{},"query":{},"url":"/topic"},"timestamp":"2024-06-06 22:31:37"}
{"level":"info","message":{"body":"","method":"GET","params":{},"query":{},"url":"/categoryInterest"},"timestamp":"2024-06-06 22:31:37"}
{"level":"info","message":{"body":"","method":"GET","params":{},"query":{},"url":"/topic"},"timestamp":"2024-06-06 22:31:37"}
{"level":"info","message":{"body":"","method":"GET","params":{},"query":{},"url":"/topic"},"timestamp":"2024-06-06 22:31:37"}
{"level":"info","message":{"body":"","method":"GET","params":{},"query":{},"url":"/categoryInterest"},"timestamp":"2024-06-06 22:31:37"}
{"level":"info","message":{"body":"","method":"GET","params":{},"query":{},"url":"/categoryInterest"},"timestamp":"2024-06-06 22:31:37"}
{"level":"info","message":{"body":"","method":"GET","params":{},"query":{},"url":"/topic"},"timestamp":"2024-06-06 22:31:37"}
{"level":"info","message":{"body":"","method":"GET","params":{},"query":{},"url":"/topic"},"timestamp":"2024-06-06 22:31:37"}
{"level":"info","message":{"body":"","method":"GET","params":{},"query":{},"url":"/categoryInterest"},"timestamp":"2024-06-06 22:31:37"}
{"level":"info","message":{"body":"","method":"GET","params":{},"query":{},"url":"/topic"},"timestamp":"2024-06-06 22:31:38"}
{"level":"info","message":{"body":"","method":"GET","params":{},"query":{},"url":"/topic"},"timestamp":"2024-06-06 22:31:38"}
{"level":"info","message":{"body":"","method":"GET","params":{},"query":{},"url":"/topic"},"timestamp":"2024-06-06 22:31:38"}
{"level":"info","message":{"body":"","method":"GET","params":{},"query":{},"url":"/topic"},"timestamp":"2024-06-06 22:31:38"}
{"level":"info","message":{"body":"","method":"GET","params":{},"query":{},"url":"/topic"},"timestamp":"2024-06-06 22:31:38"}
{"level":"info","message":{"body":"","method":"GET","params":{},"query":{},"url":"/topic"},"timestamp":"2024-06-06 22:31:38"}
{"level":"info","message":{"body":"","method":"GET","params":{},"query":{},"url":"/topic"},"timestamp":"2024-06-06 22:31:38"}
{"level":"info","message":{"body":"","method":"GET","params":{},"query":{},"url":"/topic"},"timestamp":"2024-06-06 22:32:39"}
{"level":"info","message":{"body":"","method":"GET","params":{},"query":{},"url":"/categoryInterest"},"timestamp":"2024-06-06 22:32:39"}
{"level":"info","message":{"body":"","method":"GET","params":{},"query":{},"url":"/topic"},"timestamp":"2024-06-06 22:32:39"}
{"level":"info","message":{"body":"","method":"GET","params":{},"query":{},"url":"/topic"},"timestamp":"2024-06-06 22:32:39"}
{"level":"info","message":{"body":"","method":"GET","params":{},"query":{},"url":"/categoryInterest"},"timestamp":"2024-06-06 22:32:39"}
{"level":"info","message":{"body":"","method":"GET","params":{},"query":{},"url":"/categoryInterest"},"timestamp":"2024-06-06 22:32:39"}
{"level":"info","message":{"body":"","method":"GET","params":{},"query":{},"url":"/topic"},"timestamp":"2024-06-06 22:32:39"}
{"level":"info","message":{"body":"","method":"GET","params":{},"query":{},"url":"/topic"},"timestamp":"2024-06-06 22:32:39"}
{"level":"info","message":{"body":"","method":"GET","params":{},"query":{},"url":"/categoryInterest"},"timestamp":"2024-06-06 22:32:39"}
{"level":"info","message":{"body":"","method":"GET","params":{},"query":{},"url":"/topic"},"timestamp":"2024-06-06 22:32:40"}
{"level":"info","message":{"body":"","method":"GET","params":{},"query":{},"url":"/topic"},"timestamp":"2024-06-06 22:32:40"}
{"level":"info","message":{"body":"","method":"GET","params":{},"query":{},"url":"/topic"},"timestamp":"2024-06-06 22:32:40"}
{"level":"info","message":{"body":"","method":"GET","params":{},"query":{},"url":"/topic"},"timestamp":"2024-06-06 22:32:40"}
{"level":"info","message":{"body":"","method":"GET","params":{},"query":{},"url":"/topic"},"timestamp":"2024-06-06 22:32:40"}
{"level":"info","message":{"body":"","method":"GET","params":{},"query":{},"url":"/topic"},"timestamp":"2024-06-06 22:32:40"}
{"level":"info","message":{"body":"","method":"GET","params":{},"query":{},"url":"/topic"},"timestamp":"2024-06-06 22:32:40"}
{"level":"info","message":{"body":"","method":"GET","params":{},"query":{},"url":"/topic"},"timestamp":"2024-06-06 22:44:32"}
{"level":"info","message":{"body":"","method":"GET","params":{},"query":{},"url":"/interest"},"timestamp":"2024-06-06 22:44:32"}
{"level":"info","message":{"body":"","method":"GET","params":{},"query":{},"url":"/topic"},"timestamp":"2024-06-06 22:44:33"}
{"level":"info","message":{"body":"","method":"GET","params":{},"query":{},"url":"/interest"},"timestamp":"2024-06-06 22:44:33"}
{"level":"info","message":{"body":"","method":"GET","params":{},"query":{},"url":"/topic"},"timestamp":"2024-06-06 22:44:33"}
{"level":"info","message":{"body":"","method":"GET","params":{},"query":{},"url":"/interest"},"timestamp":"2024-06-06 22:44:33"}
{"level":"info","message":{"body":"","method":"GET","params":{},"query":{},"url":"/interest"},"timestamp":"2024-06-06 22:44:34"}
{"level":"info","message":{"body":"","method":"GET","params":{},"query":{},"url":"/topic"},"timestamp":"2024-06-06 22:44:34"}
{"level":"info","message":{"body":"","method":"GET","params":{},"query":{},"url":"/topic"},"timestamp":"2024-06-06 22:44:34"}
{"level":"info","message":{"body":"","method":"GET","params":{},"query":{},"url":"/topic"},"timestamp":"2024-06-06 22:44:34"}
{"level":"info","message":{"body":"","method":"GET","params":{},"query":{},"url":"/topic"},"timestamp":"2024-06-06 22:44:34"}
{"level":"info","message":{"body":"","method":"GET","params":{},"query":{},"url":"/topic"},"timestamp":"2024-06-06 22:44:34"}
{"level":"info","message":{"body":"","method":"GET","params":{},"query":{},"url":"/topic"},"timestamp":"2024-06-06 22:44:34"}
{"level":"info","message":{"body":"","method":"GET","params":{},"query":{},"url":"/topic"},"timestamp":"2024-06-06 22:44:34"}
{"level":"info","message":{"body":"","method":"GET","params":{},"query":{},"url":"/topic"},"timestamp":"2024-06-06 22:44:34"}
{"level":"info","message":{"body":"","method":"GET","params":{},"query":{},"url":"/topic"},"timestamp":"2024-06-06 22:44:35"}
{"level":"info","message":{"body":"","method":"GET","params":{},"query":{},"url":"/topic"},"timestamp":"2024-06-06 22:44:52"}
{"level":"info","message":{"body":"","method":"GET","params":{},"query":{},"url":"/interest"},"timestamp":"2024-06-06 22:44:52"}
{"level":"info","message":{"body":"","method":"GET","params":{},"query":{},"url":"/interest"},"timestamp":"2024-06-06 22:44:53"}
{"level":"info","message":{"body":"","method":"GET","params":{},"query":{},"url":"/topic"},"timestamp":"2024-06-06 22:44:53"}
{"level":"info","message":{"body":"","method":"GET","params":{},"query":{},"url":"/topic"},"timestamp":"2024-06-06 22:44:53"}
{"level":"info","message":{"body":"","method":"GET","params":{},"query":{},"url":"/topic"},"timestamp":"2024-06-06 22:44:53"}
{"level":"info","message":{"body":"","method":"GET","params":{},"query":{},"url":"/topic"},"timestamp":"2024-06-06 22:44:53"}
{"level":"info","message":{"body":"","method":"GET","params":{},"query":{},"url":"/topic"},"timestamp":"2024-06-06 22:44:53"}
{"level":"info","message":{"body":{"email":"esteban@diaz.cl","password":"esteban123"},"method":"POST","params":"","query":"","url":"/user/validate"},"timestamp":"2024-06-06 22:45:11"}
{"level":"info","message":{"body":{"email":"esteban@diaz.cl","password":"esteban123"},"method":"POST","params":"","query":"","url":"/user/validate"},"timestamp":"2024-06-06 22:45:12"}
{"level":"info","message":{"body":"","method":"GET","params":{},"query":{},"url":"/topic"},"timestamp":"2024-06-06 22:45:12"}
{"level":"info","message":{"body":"","method":"GET","params":{},"query":{},"url":"/interest"},"timestamp":"2024-06-06 22:45:12"}
{"level":"info","message":{"body":"","method":"GET","params":{},"query":{},"url":"/topic"},"timestamp":"2024-06-06 22:45:12"}
{"level":"info","message":{"body":"","method":"GET","params":{},"query":{},"url":"/topic"},"timestamp":"2024-06-06 22:45:12"}
{"level":"info","message":{"body":"","method":"GET","params":{},"query":{},"url":"/topic"},"timestamp":"2024-06-06 22:45:12"}
{"level":"info","message":{"body":"","method":"GET","params":{},"query":{},"url":"/topic"},"timestamp":"2024-06-06 22:45:12"}
{"level":"info","message":{"body":"","method":"GET","params":{},"query":{},"url":"/topic"},"timestamp":"2024-06-06 22:45:12"}
{"level":"info","message":{"body":"","method":"GET","params":{},"query":{},"url":"/topic"},"timestamp":"2024-06-06 22:45:12"}
{"level":"info","message":{"body":"","method":"GET","params":{},"query":{},"url":"/topic"},"timestamp":"2024-06-06 22:45:12"}
{"level":"info","message":{"body":"","method":"GET","params":{},"query":{},"url":"/topic"},"timestamp":"2024-06-06 22:45:12"}
{"level":"info","message":{"body":"","method":"GET","params":{},"query":{},"url":"/interest"},"timestamp":"2024-06-06 22:45:12"}
{"level":"info","message":{"body":"","method":"GET","params":{},"query":{},"url":"/interest"},"timestamp":"2024-06-06 22:45:12"}
{"level":"info","message":{"body":"","method":"GET","params":{},"query":{},"url":"/topic"},"timestamp":"2024-06-06 22:45:12"}
{"level":"info","message":{"body":"","method":"GET","params":{},"query":{},"url":"/topic"},"timestamp":"2024-06-06 22:45:12"}
{"level":"info","message":{"body":"","method":"GET","params":{},"query":{},"url":"/interest"},"timestamp":"2024-06-06 22:45:13"}
{"level":"info","message":{"body":"","method":"GET","params":{},"query":{},"url":"/topic"},"timestamp":"2024-06-06 22:45:13"}
{"level":"info","message":{"body":"","method":"GET","params":{},"query":{},"url":"/topic"},"timestamp":"2024-06-06 22:45:16"}
{"level":"info","message":{"body":"","method":"GET","params":{},"query":{},"url":"/interest"},"timestamp":"2024-06-06 22:45:16"}
{"level":"info","message":{"body":"","method":"GET","params":{},"query":{},"url":"/interest"},"timestamp":"2024-06-06 22:45:16"}
{"level":"info","message":{"body":"","method":"GET","params":{},"query":{},"url":"/topic"},"timestamp":"2024-06-06 22:45:16"}
{"level":"info","message":{"body":"","method":"GET","params":{},"query":{},"url":"/interest"},"timestamp":"2024-06-06 22:45:16"}
{"level":"info","message":{"body":"","method":"GET","params":{},"query":{},"url":"/topic"},"timestamp":"2024-06-06 22:45:16"}
{"level":"info","message":{"body":"","method":"GET","params":{},"query":{},"url":"/interest"},"timestamp":"2024-06-06 22:45:16"}
{"level":"info","message":{"body":"","method":"GET","params":{},"query":{},"url":"/topic"},"timestamp":"2024-06-06 22:45:16"}
{"level":"info","message":{"body":"","method":"GET","params":{},"query":{},"url":"/topic"},"timestamp":"2024-06-06 22:45:16"}
{"level":"info","message":{"body":"","method":"GET","params":{},"query":{},"url":"/topic"},"timestamp":"2024-06-06 22:45:16"}
{"level":"info","message":{"body":"","method":"GET","params":{},"query":{},"url":"/topic"},"timestamp":"2024-06-06 22:45:16"}
{"level":"info","message":{"body":"","method":"GET","params":{},"query":{},"url":"/topic"},"timestamp":"2024-06-06 22:45:16"}
{"level":"info","message":{"body":"","method":"GET","params":{},"query":{},"url":"/topic"},"timestamp":"2024-06-06 22:45:16"}
{"level":"info","message":{"body":"","method":"GET","params":{},"query":{},"url":"/topic"},"timestamp":"2024-06-06 22:45:16"}
{"level":"info","message":{"body":"","method":"GET","params":{},"query":{},"url":"/topic"},"timestamp":"2024-06-06 22:45:16"}
{"level":"info","message":{"body":"","method":"GET","params":{},"query":{},"url":"/topic"},"timestamp":"2024-06-06 22:45:16"}
{"level":"info","message":{"body":"","method":"GET","params":{},"query":{},"url":"/topic"},"timestamp":"2024-06-06 22:45:46"}
{"level":"info","message":{"body":"","method":"GET","params":{},"query":{},"url":"/interest"},"timestamp":"2024-06-06 22:45:46"}
{"level":"info","message":{"body":"","method":"GET","params":{},"query":{},"url":"/topic"},"timestamp":"2024-06-06 22:45:47"}
{"level":"info","message":{"body":"","method":"GET","params":{},"query":{},"url":"/interest"},"timestamp":"2024-06-06 22:45:47"}
{"level":"info","message":{"body":"","method":"GET","params":{},"query":{},"url":"/topic"},"timestamp":"2024-06-06 22:45:47"}
{"level":"info","message":{"body":"","method":"GET","params":{},"query":{},"url":"/topic"},"timestamp":"2024-06-06 22:45:47"}
{"level":"info","message":{"body":"","method":"GET","params":{},"query":{},"url":"/topic"},"timestamp":"2024-06-06 22:45:47"}
{"level":"info","message":{"body":"","method":"GET","params":{},"query":{},"url":"/topic"},"timestamp":"2024-06-06 22:45:47"}
{"level":"info","message":{"body":{"content":"Ayudenme en la prueba","id_interest":"","id_person":"64856186-6e05-4a3c-bf6a-ffe4e882d64b","title":"Mecanica"},"method":"POST","params":"","query":"","url":"/topic"},"timestamp":"2024-06-06 22:46:24"}
{"level":"info","message":"🚀API listening port 3000","timestamp":"2024-06-06 23:14:08"}
{"level":"info","message":"Database connected","timestamp":"2024-06-06 23:14:09","util":"database"}
{"level":"info","message":{"body":{"email":"Katherine@gmail.com","password":"nicol12345"},"method":"POST","params":"","query":"","url":"/user/validate"},"timestamp":"2024-06-06 23:14:44"}
{"level":"info","message":{"body":{"email":"Katherine@gmail.com","password":"nicol12345"},"method":"POST","params":"","query":"","url":"/user/validate"},"timestamp":"2024-06-06 23:14:44"}
{"level":"info","message":{"body":"","method":"GET","params":{},"query":{},"url":"/topic"},"timestamp":"2024-06-06 23:14:54"}
{"level":"info","message":{"body":"","method":"GET","params":{},"query":{},"url":"/interest"},"timestamp":"2024-06-06 23:14:54"}
{"level":"info","message":{"body":"","method":"GET","params":{},"query":{},"url":"/topic"},"timestamp":"2024-06-06 23:14:54"}
{"level":"info","message":{"body":"","method":"GET","params":{},"query":{},"url":"/topic"},"timestamp":"2024-06-06 23:14:54"}
{"level":"info","message":{"body":"","method":"GET","params":{},"query":{},"url":"/topic"},"timestamp":"2024-06-06 23:14:54"}
{"level":"info","message":{"body":"","method":"GET","params":{},"query":{},"url":"/topic"},"timestamp":"2024-06-06 23:14:54"}
{"level":"info","message":{"body":"","method":"GET","params":{},"query":{},"url":"/topic"},"timestamp":"2024-06-06 23:14:55"}
{"level":"info","message":{"body":"","method":"GET","params":{},"query":{},"url":"/topic"},"timestamp":"2024-06-06 23:14:55"}
{"level":"info","message":{"body":"","method":"GET","params":{},"query":{},"url":"/topic"},"timestamp":"2024-06-06 23:14:55"}
{"level":"info","message":{"body":"","method":"GET","params":{},"query":{},"url":"/topic"},"timestamp":"2024-06-06 23:14:55"}
{"level":"info","message":{"body":"","method":"GET","params":{},"query":{},"url":"/interest"},"timestamp":"2024-06-06 23:14:55"}
{"level":"info","message":{"body":"","method":"GET","params":{},"query":{},"url":"/topic"},"timestamp":"2024-06-06 23:14:55"}
{"level":"info","message":{"body":"","method":"GET","params":{},"query":{},"url":"/interest"},"timestamp":"2024-06-06 23:14:55"}
{"level":"info","message":{"body":"","method":"GET","params":{},"query":{},"url":"/topic"},"timestamp":"2024-06-06 23:14:55"}
{"level":"info","message":{"body":"","method":"GET","params":{},"query":{},"url":"/interest"},"timestamp":"2024-06-06 23:14:55"}
{"level":"info","message":{"body":"","method":"GET","params":{},"query":{},"url":"/topic"},"timestamp":"2024-06-06 23:14:55"}
{"level":"info","message":{"body":"","method":"GET","params":{},"query":{},"url":"/profile/id_person/87be2421-5493-4961-a7ac-a66fa89c70d9"},"timestamp":"2024-06-06 23:15:05"}
{"level":"info","message":{"body":"","method":"GET","params":{},"query":{},"url":"/profile"},"timestamp":"2024-06-06 23:15:05"}
{"level":"info","message":{"body":"","method":"GET","params":{"id_person":"87be2421-5493-4961-a7ac-a66fa89c70d9"},"query":{},"url":"/profile/id_person/87be2421-5493-4961-a7ac-a66fa89c70d9"},"timestamp":"2024-06-06 23:15:06"}
{"level":"info","message":{"body":"","method":"GET","params":{},"query":{},"url":"/profile"},"timestamp":"2024-06-06 23:15:06"}
{"level":"info","message":{"body":"","method":"GET","params":{},"query":{},"url":"/profile/id_person/87be2421-5493-4961-a7ac-a66fa89c70d9"},"timestamp":"2024-06-06 23:15:06"}
{"level":"info","message":{"body":"","method":"GET","params":{},"query":{},"url":"/profile"},"timestamp":"2024-06-06 23:15:06"}
{"level":"info","message":{"body":"","method":"GET","params":{"id_person":"87be2421-5493-4961-a7ac-a66fa89c70d9"},"query":{},"url":"/profile/id_person/87be2421-5493-4961-a7ac-a66fa89c70d9"},"timestamp":"2024-06-06 23:15:06"}
{"level":"info","message":{"body":"","method":"GET","params":{},"query":{},"url":"/profile"},"timestamp":"2024-06-06 23:15:06"}
{"level":"info","message":{"body":"","method":"GET","params":{},"query":{},"url":"/profile"},"timestamp":"2024-06-06 23:15:06"}
{"level":"info","message":{"body":"","method":"GET","params":{},"query":{},"url":"/profile"},"timestamp":"2024-06-06 23:15:06"}
{"level":"info","message":{"body":"","method":"GET","params":{},"query":{},"url":"/profile"},"timestamp":"2024-06-06 23:15:06"}
{"level":"info","message":{"body":"","method":"GET","params":{},"query":{},"url":"/profile"},"timestamp":"2024-06-06 23:15:06"}
{"level":"info","message":{"body":"","method":"GET","params":{},"query":{},"url":"/profile"},"timestamp":"2024-06-06 23:15:06"}
{"level":"info","message":{"body":"","method":"GET","params":{},"query":{},"url":"/profile"},"timestamp":"2024-06-06 23:15:06"}
{"level":"info","message":{"body":"","method":"GET","params":{},"query":{},"url":"/profile"},"timestamp":"2024-06-06 23:15:06"}
{"level":"info","message":{"body":"","method":"GET","params":{},"query":{},"url":"/profile"},"timestamp":"2024-06-06 23:15:07"}
