{"level":"info","message":"🚀API listening port 3000","timestamp":"2024-06-27 20:56:40"}
{"level":"info","message":"Database connected","timestamp":"2024-06-27 20:56:41","util":"database"}
{"level":"info","message":{"body":{"email":"Katherine@gmail.com","password":"nicol12345"},"method":"POST","params":"","query":"","url":"/user/validate"},"timestamp":"2024-06-27 20:57:01"}
{"level":"info","message":{"body":{"email":"Katherine@gmail.com","password":"nicol12345"},"method":"POST","params":"","query":"","url":"/user/validate"},"timestamp":"2024-06-27 20:57:02"}
{"level":"info","message":{"body":"","method":"GET","params":{},"query":{},"url":"/topic"},"timestamp":"2024-06-27 20:57:06"}
{"level":"info","message":{"body":"","method":"GET","params":{},"query":{},"url":"/interest"},"timestamp":"2024-06-27 20:57:06"}
{"level":"info","message":{"body":"","method":"GET","params":{},"query":{},"url":"/topic"},"timestamp":"2024-06-27 20:57:06"}
{"level":"info","message":{"body":"","method":"GET","params":{},"query":{},"url":"/topic"},"timestamp":"2024-06-27 20:57:06"}
{"level":"info","message":{"body":"","method":"GET","params":{},"query":{},"url":"/topic"},"timestamp":"2024-06-27 20:57:06"}
{"level":"info","message":{"body":"","method":"GET","params":{},"query":{},"url":"/topic"},"timestamp":"2024-06-27 20:57:06"}
{"level":"info","message":{"body":"","method":"GET","params":{},"query":{},"url":"/topic"},"timestamp":"2024-06-27 20:57:06"}
{"level":"info","message":{"body":"","method":"GET","params":{},"query":{},"url":"/topic"},"timestamp":"2024-06-27 20:57:06"}
{"level":"info","message":{"body":"","method":"GET","params":{},"query":{},"url":"/topic"},"timestamp":"2024-06-27 20:57:06"}
{"level":"info","message":{"body":"","method":"GET","params":{},"query":{},"url":"/topic"},"timestamp":"2024-06-27 20:57:06"}
{"level":"info","message":{"body":"","method":"GET","params":{},"query":{},"url":"/interest"},"timestamp":"2024-06-27 20:57:07"}
{"level":"info","message":{"body":"","method":"GET","params":{},"query":{},"url":"/interest"},"timestamp":"2024-06-27 20:57:07"}
{"level":"info","message":{"body":"","method":"GET","params":{},"query":{},"url":"/topic"},"timestamp":"2024-06-27 20:57:07"}
{"level":"info","message":{"body":"","method":"GET","params":{},"query":{},"url":"/topic"},"timestamp":"2024-06-27 20:57:07"}
{"level":"info","message":{"body":"","method":"GET","params":{},"query":{},"url":"/interest"},"timestamp":"2024-06-27 20:57:07"}
{"level":"info","message":{"body":"","method":"GET","params":{},"query":{},"url":"/topic"},"timestamp":"2024-06-27 20:57:07"}
{"level":"info","message":{"body":{"email":"Katherine@gmail.com","password":"nicol12345"},"method":"POST","params":"","query":"","url":"/user/validate"},"timestamp":"2024-06-27 20:57:27"}
{"level":"info","message":{"body":{"email":"Katherine@gmail.com","password":"nicol12345"},"method":"POST","params":"","query":"","url":"/user/validate"},"timestamp":"2024-06-27 20:57:28"}
{"level":"info","message":{"body":"","method":"GET","params":{},"query":{},"url":"/interest"},"timestamp":"2024-06-27 20:57:30"}
{"level":"info","message":{"body":"","method":"GET","params":{},"query":{},"url":"/topic"},"timestamp":"2024-06-27 20:57:30"}
{"level":"info","message":{"body":"","method":"GET","params":{},"query":{},"url":"/interest"},"timestamp":"2024-06-27 20:57:31"}
{"level":"info","message":{"body":"","method":"GET","params":{},"query":{},"url":"/interest"},"timestamp":"2024-06-27 20:57:31"}
{"level":"info","message":{"body":"","method":"GET","params":{},"query":{},"url":"/interest"},"timestamp":"2024-06-27 20:57:31"}
{"level":"info","message":{"body":"","method":"GET","params":{},"query":{},"url":"/topic"},"timestamp":"2024-06-27 20:57:31"}
{"level":"info","message":{"body":"","method":"GET","params":{},"query":{},"url":"/topic"},"timestamp":"2024-06-27 20:57:31"}
{"level":"info","message":{"body":"","method":"GET","params":{},"query":{},"url":"/topic"},"timestamp":"2024-06-27 20:57:31"}
{"level":"info","message":{"body":"","method":"GET","params":{},"query":{},"url":"/topic"},"timestamp":"2024-06-27 20:57:31"}
{"level":"info","message":{"body":"","method":"GET","params":{},"query":{},"url":"/topic"},"timestamp":"2024-06-27 20:57:31"}
{"level":"info","message":{"body":"","method":"GET","params":{},"query":{},"url":"/topic"},"timestamp":"2024-06-27 20:57:31"}
{"level":"info","message":{"body":"","method":"GET","params":{},"query":{},"url":"/topic"},"timestamp":"2024-06-27 20:57:32"}
{"level":"info","message":{"body":"","method":"GET","params":{},"query":{},"url":"/topic"},"timestamp":"2024-06-27 20:57:32"}
{"level":"info","message":{"body":"","method":"GET","params":{},"query":{},"url":"/topic"},"timestamp":"2024-06-27 20:57:32"}
{"level":"info","message":{"body":"","method":"GET","params":{},"query":{},"url":"/topic"},"timestamp":"2024-06-27 20:57:32"}
{"level":"info","message":{"body":"","method":"GET","params":{},"query":{},"url":"/topic"},"timestamp":"2024-06-27 20:57:32"}
{"level":"info","message":{"body":{"email":"Katherine@gmail.com","password":"nicol12345"},"method":"POST","params":"","query":"","url":"/user/validate"},"timestamp":"2024-06-27 20:57:54"}
{"level":"info","message":{"body":{"email":"Katherine@gmail.com","password":"nicol12345"},"method":"POST","params":"","query":"","url":"/user/validate"},"timestamp":"2024-06-27 20:57:55"}
{"level":"info","message":{"body":"","method":"GET","params":{},"query":{},"url":"/topic"},"timestamp":"2024-06-27 20:57:57"}
{"level":"info","message":{"body":"","method":"GET","params":{},"query":{},"url":"/interest"},"timestamp":"2024-06-27 20:57:57"}
{"level":"info","message":{"body":"","method":"GET","params":{},"query":{},"url":"/topic"},"timestamp":"2024-06-27 20:57:58"}
{"level":"info","message":{"body":"","method":"GET","params":{},"query":{},"url":"/topic"},"timestamp":"2024-06-27 20:57:58"}
{"level":"info","message":{"body":"","method":"GET","params":{},"query":{},"url":"/topic"},"timestamp":"2024-06-27 20:57:58"}
{"level":"info","message":{"body":"","method":"GET","params":{},"query":{},"url":"/topic"},"timestamp":"2024-06-27 20:57:58"}
{"level":"info","message":{"body":"","method":"GET","params":{},"query":{},"url":"/topic"},"timestamp":"2024-06-27 20:57:58"}
{"level":"info","message":{"body":"","method":"GET","params":{},"query":{},"url":"/topic"},"timestamp":"2024-06-27 20:57:58"}
{"level":"info","message":{"body":"","method":"GET","params":{},"query":{},"url":"/topic"},"timestamp":"2024-06-27 20:57:58"}
{"level":"info","message":{"body":"","method":"GET","params":{},"query":{},"url":"/topic"},"timestamp":"2024-06-27 20:57:58"}
{"level":"info","message":{"body":"","method":"GET","params":{},"query":{},"url":"/interest"},"timestamp":"2024-06-27 20:57:58"}
{"level":"info","message":{"body":"","method":"GET","params":{},"query":{},"url":"/interest"},"timestamp":"2024-06-27 20:57:58"}
{"level":"info","message":{"body":"","method":"GET","params":{},"query":{},"url":"/topic"},"timestamp":"2024-06-27 20:57:58"}
{"level":"info","message":{"body":"","method":"GET","params":{},"query":{},"url":"/topic"},"timestamp":"2024-06-27 20:57:58"}
{"level":"info","message":{"body":"","method":"GET","params":{},"query":{},"url":"/interest"},"timestamp":"2024-06-27 20:57:58"}
{"level":"info","message":{"body":"","method":"GET","params":{},"query":{},"url":"/topic"},"timestamp":"2024-06-27 20:57:58"}
{"level":"info","message":{"body":{"email":"Katherine@gmail.com","password":"nicol12345"},"method":"POST","params":"","query":"","url":"/user/validate"},"timestamp":"2024-06-27 20:59:02"}
{"level":"info","message":{"body":{"email":"Katherine@gmail.com","password":"nicol12345"},"method":"POST","params":"","query":"","url":"/user/validate"},"timestamp":"2024-06-27 20:59:03"}
{"level":"info","message":{"body":"","method":"GET","params":{},"query":{},"url":"/topic"},"timestamp":"2024-06-27 20:59:05"}
{"level":"info","message":{"body":"","method":"GET","params":{},"query":{},"url":"/interest"},"timestamp":"2024-06-27 20:59:05"}
{"level":"info","message":{"body":"","method":"GET","params":{},"query":{},"url":"/topic"},"timestamp":"2024-06-27 20:59:05"}
{"level":"info","message":{"body":"","method":"GET","params":{},"query":{},"url":"/topic"},"timestamp":"2024-06-27 20:59:05"}
{"level":"info","message":{"body":"","method":"GET","params":{},"query":{},"url":"/topic"},"timestamp":"2024-06-27 20:59:06"}
{"level":"info","message":{"body":"","method":"GET","params":{},"query":{},"url":"/topic"},"timestamp":"2024-06-27 20:59:06"}
{"level":"info","message":{"body":"","method":"GET","params":{},"query":{},"url":"/topic"},"timestamp":"2024-06-27 20:59:06"}
{"level":"info","message":{"body":"","method":"GET","params":{},"query":{},"url":"/topic"},"timestamp":"2024-06-27 20:59:06"}
{"level":"info","message":{"body":"","method":"GET","params":{},"query":{},"url":"/topic"},"timestamp":"2024-06-27 20:59:06"}
{"level":"info","message":{"body":"","method":"GET","params":{},"query":{},"url":"/topic"},"timestamp":"2024-06-27 20:59:06"}
{"level":"info","message":{"body":"","method":"GET","params":{},"query":{},"url":"/topic"},"timestamp":"2024-06-27 20:59:06"}
{"level":"info","message":{"body":"","method":"GET","params":{},"query":{},"url":"/topic"},"timestamp":"2024-06-27 20:59:06"}
{"level":"info","message":{"body":"","method":"GET","params":{},"query":{},"url":"/interest"},"timestamp":"2024-06-27 20:59:06"}
{"level":"info","message":{"body":"","method":"GET","params":{},"query":{},"url":"/interest"},"timestamp":"2024-06-27 20:59:06"}
{"level":"info","message":{"body":"","method":"GET","params":{},"query":{},"url":"/topic"},"timestamp":"2024-06-27 20:59:06"}
{"level":"info","message":{"body":"","method":"GET","params":{},"query":{},"url":"/interest"},"timestamp":"2024-06-27 20:59:06"}
{"level":"info","message":{"body":{"email":"Katherine@gmail.com","password":"nicol12345"},"method":"POST","params":"","query":"","url":"/user/validate"},"timestamp":"2024-06-27 21:00:48"}
{"level":"info","message":{"body":{"email":"Katherine@gmail.com","password":"nicol12345"},"method":"POST","params":"","query":"","url":"/user/validate"},"timestamp":"2024-06-27 21:00:49"}
{"level":"info","message":{"body":"","method":"GET","params":{},"query":{},"url":"/topic"},"timestamp":"2024-06-27 21:00:51"}
{"level":"info","message":{"body":"","method":"GET","params":{},"query":{},"url":"/interest"},"timestamp":"2024-06-27 21:00:51"}
{"level":"info","message":{"body":"","method":"GET","params":{},"query":{},"url":"/topic"},"timestamp":"2024-06-27 21:00:51"}
{"level":"info","message":{"body":"","method":"GET","params":{},"query":{},"url":"/topic"},"timestamp":"2024-06-27 21:00:51"}
{"level":"info","message":{"body":"","method":"GET","params":{},"query":{},"url":"/topic"},"timestamp":"2024-06-27 21:00:51"}
{"level":"info","message":{"body":"","method":"GET","params":{},"query":{},"url":"/topic"},"timestamp":"2024-06-27 21:00:51"}
{"level":"info","message":{"body":"","method":"GET","params":{},"query":{},"url":"/topic"},"timestamp":"2024-06-27 21:00:51"}
{"level":"info","message":{"body":"","method":"GET","params":{},"query":{},"url":"/topic"},"timestamp":"2024-06-27 21:00:51"}
{"level":"info","message":{"body":"","method":"GET","params":{},"query":{},"url":"/topic"},"timestamp":"2024-06-27 21:00:52"}
{"level":"info","message":{"body":"","method":"GET","params":{},"query":{},"url":"/topic"},"timestamp":"2024-06-27 21:00:52"}
{"level":"info","message":{"body":"","method":"GET","params":{},"query":{},"url":"/topic"},"timestamp":"2024-06-27 21:00:52"}
{"level":"info","message":{"body":"","method":"GET","params":{},"query":{},"url":"/interest"},"timestamp":"2024-06-27 21:00:52"}
{"level":"info","message":{"body":"","method":"GET","params":{},"query":{},"url":"/topic"},"timestamp":"2024-06-27 21:00:52"}
{"level":"info","message":{"body":"","method":"GET","params":{},"query":{},"url":"/interest"},"timestamp":"2024-06-27 21:00:52"}
{"level":"info","message":{"body":"","method":"GET","params":{},"query":{},"url":"/interest"},"timestamp":"2024-06-27 21:00:52"}
{"level":"info","message":{"body":"","method":"GET","params":{},"query":{},"url":"/topic"},"timestamp":"2024-06-27 21:00:52"}
{"level":"info","message":{"body":"","method":"GET","params":{},"query":{},"url":"/message_topic"},"timestamp":"2024-06-27 21:00:52"}
{"level":"info","message":{"body":"","method":"GET","params":{},"query":{},"url":"/topic/id/5fe42d34-dcd8-4485-b31c-05045cefbee7"},"timestamp":"2024-06-27 21:00:52"}
{"level":"info","message":{"body":"","method":"GET","params":{},"query":{},"url":"/message_topic"},"timestamp":"2024-06-27 21:00:52"}
{"level":"info","message":{"body":"","method":"GET","params":{"id":"5fe42d34-dcd8-4485-b31c-05045cefbee7"},"query":{},"url":"/topic/id/5fe42d34-dcd8-4485-b31c-05045cefbee7"},"timestamp":"2024-06-27 21:00:52"}
{"level":"info","message":{"body":"","method":"GET","params":{},"query":{},"url":"/message_topic"},"timestamp":"2024-06-27 21:00:52"}
{"level":"info","message":{"body":"","method":"GET","params":{},"query":{},"url":"/topic/id/5fe42d34-dcd8-4485-b31c-05045cefbee7"},"timestamp":"2024-06-27 21:00:52"}
{"level":"info","message":{"body":"","method":"GET","params":{},"query":{},"url":"/message_topic"},"timestamp":"2024-06-27 21:00:52"}
{"level":"info","message":{"body":"","method":"GET","params":{"id":"5fe42d34-dcd8-4485-b31c-05045cefbee7"},"query":{},"url":"/topic/id/5fe42d34-dcd8-4485-b31c-05045cefbee7"},"timestamp":"2024-06-27 21:00:52"}
{"level":"info","message":{"body":{"email":"Katherine@gmail.com","password":"nicol12345"},"method":"POST","params":"","query":"","url":"/user/validate"},"timestamp":"2024-06-27 21:02:40"}
{"level":"info","message":{"body":{"email":"Katherine@gmail.com","password":"nicol12345"},"method":"POST","params":"","query":"","url":"/user/validate"},"timestamp":"2024-06-27 21:02:41"}
{"level":"info","message":{"body":"","method":"GET","params":{},"query":{},"url":"/topic"},"timestamp":"2024-06-27 21:02:41"}
{"level":"info","message":{"body":"","method":"GET","params":{},"query":{},"url":"/interest"},"timestamp":"2024-06-27 21:02:41"}
{"level":"info","message":{"body":"","method":"GET","params":{},"query":{},"url":"/topic"},"timestamp":"2024-06-27 21:02:41"}
{"level":"info","message":{"body":"","method":"GET","params":{},"query":{},"url":"/topic"},"timestamp":"2024-06-27 21:02:41"}
{"level":"info","message":{"body":"","method":"GET","params":{},"query":{},"url":"/topic"},"timestamp":"2024-06-27 21:02:42"}
{"level":"info","message":{"body":"","method":"GET","params":{},"query":{},"url":"/topic"},"timestamp":"2024-06-27 21:02:42"}
{"level":"info","message":{"body":"","method":"GET","params":{},"query":{},"url":"/topic"},"timestamp":"2024-06-27 21:02:42"}
{"level":"info","message":{"body":"","method":"GET","params":{},"query":{},"url":"/topic"},"timestamp":"2024-06-27 21:02:42"}
{"level":"info","message":{"body":"","method":"GET","params":{},"query":{},"url":"/topic"},"timestamp":"2024-06-27 21:02:42"}
{"level":"info","message":{"body":"","method":"GET","params":{},"query":{},"url":"/topic"},"timestamp":"2024-06-27 21:02:42"}
{"level":"info","message":{"body":"","method":"GET","params":{},"query":{},"url":"/topic"},"timestamp":"2024-06-27 21:02:42"}
{"level":"info","message":{"body":"","method":"GET","params":{},"query":{},"url":"/interest"},"timestamp":"2024-06-27 21:02:42"}
{"level":"info","message":{"body":"","method":"GET","params":{},"query":{},"url":"/topic"},"timestamp":"2024-06-27 21:02:42"}
{"level":"info","message":{"body":"","method":"GET","params":{},"query":{},"url":"/interest"},"timestamp":"2024-06-27 21:02:42"}
{"level":"info","message":{"body":"","method":"GET","params":{},"query":{},"url":"/interest"},"timestamp":"2024-06-27 21:02:42"}
{"level":"info","message":{"body":"","method":"GET","params":{},"query":{},"url":"/topic"},"timestamp":"2024-06-27 21:02:42"}
{"level":"info","message":{"body":"","method":"GET","params":{},"query":{},"url":"/topic"},"timestamp":"2024-06-27 21:02:48"}
{"level":"info","message":{"body":"","method":"GET","params":{},"query":{},"url":"/interest"},"timestamp":"2024-06-27 21:02:48"}
{"level":"info","message":{"body":"","method":"GET","params":{},"query":{},"url":"/topic"},"timestamp":"2024-06-27 21:02:48"}
{"level":"info","message":{"body":"","method":"GET","params":{},"query":{},"url":"/topic"},"timestamp":"2024-06-27 21:02:48"}
{"level":"info","message":{"body":"","method":"GET","params":{},"query":{},"url":"/interest"},"timestamp":"2024-06-27 21:02:48"}
{"level":"info","message":{"body":"","method":"GET","params":{},"query":{},"url":"/interest"},"timestamp":"2024-06-27 21:02:48"}
{"level":"info","message":{"body":"","method":"GET","params":{},"query":{},"url":"/topic"},"timestamp":"2024-06-27 21:02:49"}
{"level":"info","message":{"body":"","method":"GET","params":{},"query":{},"url":"/topic"},"timestamp":"2024-06-27 21:02:49"}
{"level":"info","message":{"body":"","method":"GET","params":{},"query":{},"url":"/interest"},"timestamp":"2024-06-27 21:02:49"}
{"level":"info","message":{"body":"","method":"GET","params":{},"query":{},"url":"/topic"},"timestamp":"2024-06-27 21:02:49"}
{"level":"info","message":{"body":"","method":"GET","params":{},"query":{},"url":"/topic"},"timestamp":"2024-06-27 21:02:49"}
{"level":"info","message":{"body":"","method":"GET","params":{},"query":{},"url":"/topic"},"timestamp":"2024-06-27 21:02:49"}
{"level":"info","message":{"body":"","method":"GET","params":{},"query":{},"url":"/topic"},"timestamp":"2024-06-27 21:02:49"}
{"level":"info","message":{"body":"","method":"GET","params":{},"query":{},"url":"/topic"},"timestamp":"2024-06-27 21:02:49"}
{"level":"info","message":{"body":"","method":"GET","params":{},"query":{},"url":"/topic"},"timestamp":"2024-06-27 21:02:49"}
{"level":"info","message":{"body":"","method":"GET","params":{},"query":{},"url":"/topic"},"timestamp":"2024-06-27 21:02:49"}
{"level":"info","message":{"body":"","method":"GET","params":{},"query":{},"url":"/message_topic"},"timestamp":"2024-06-27 21:02:50"}
{"level":"info","message":{"body":"","method":"GET","params":{},"query":{},"url":"/topic/id/5fe42d34-dcd8-4485-b31c-05045cefbee7"},"timestamp":"2024-06-27 21:02:50"}
{"level":"info","message":{"body":"","method":"GET","params":{"id":"5fe42d34-dcd8-4485-b31c-05045cefbee7"},"query":{},"url":"/topic/id/5fe42d34-dcd8-4485-b31c-05045cefbee7"},"timestamp":"2024-06-27 21:02:50"}
{"level":"info","message":{"body":"","method":"GET","params":{},"query":{},"url":"/message_topic"},"timestamp":"2024-06-27 21:02:50"}
{"level":"info","message":{"body":"","method":"GET","params":{},"query":{},"url":"/topic/id/5fe42d34-dcd8-4485-b31c-05045cefbee7"},"timestamp":"2024-06-27 21:02:50"}
{"level":"info","message":{"body":"","method":"GET","params":{},"query":{},"url":"/message_topic"},"timestamp":"2024-06-27 21:02:50"}
{"level":"info","message":{"body":"","method":"GET","params":{"id":"5fe42d34-dcd8-4485-b31c-05045cefbee7"},"query":{},"url":"/topic/id/5fe42d34-dcd8-4485-b31c-05045cefbee7"},"timestamp":"2024-06-27 21:02:50"}
{"level":"info","message":{"body":"","method":"GET","params":{},"query":{},"url":"/message_topic"},"timestamp":"2024-06-27 21:02:50"}
{"level":"info","message":"🚀API listening port 3000","timestamp":"2024-06-27 22:04:04"}
{"level":"info","message":"Database connected","timestamp":"2024-06-27 22:04:05","util":"database"}
{"level":"info","message":{"body":{"email":"esteban@diaz.cl","password":"esteban123"},"method":"POST","params":"","query":"","url":"/user/validate"},"timestamp":"2024-06-27 22:04:28"}
{"level":"info","message":{"body":{"email":"esteban@diaz.cl","password":"esteban123"},"method":"POST","params":"","query":"","url":"/user/validate"},"timestamp":"2024-06-27 22:04:29"}
{"level":"info","message":{"body":{"email":"esteban@diaz.cl","password":"esteban123"},"method":"POST","params":"","query":"","url":"/user/validate"},"timestamp":"2024-06-27 22:04:44"}
{"level":"info","message":{"body":{"email":"esteban@diaz.cl","password":"esteban123"},"method":"POST","params":"","query":"","url":"/user/validate"},"timestamp":"2024-06-27 22:04:45"}
{"level":"info","message":{"body":"","method":"GET","params":{},"query":{},"url":"/topic"},"timestamp":"2024-06-27 22:04:50"}
{"level":"info","message":{"body":"","method":"GET","params":{},"query":{},"url":"/interest"},"timestamp":"2024-06-27 22:04:50"}
{"level":"info","message":{"body":"","method":"GET","params":{},"query":{},"url":"/topic"},"timestamp":"2024-06-27 22:04:50"}
{"level":"info","message":{"body":"","method":"GET","params":{},"query":{},"url":"/topic"},"timestamp":"2024-06-27 22:04:50"}
{"level":"info","message":{"body":"","method":"GET","params":{},"query":{},"url":"/topic"},"timestamp":"2024-06-27 22:04:51"}
{"level":"info","message":{"body":"","method":"GET","params":{},"query":{},"url":"/topic"},"timestamp":"2024-06-27 22:04:51"}
{"level":"info","message":{"body":"","method":"GET","params":{},"query":{},"url":"/topic"},"timestamp":"2024-06-27 22:04:51"}
{"level":"info","message":{"body":"","method":"GET","params":{},"query":{},"url":"/topic"},"timestamp":"2024-06-27 22:04:51"}
{"level":"info","message":{"body":"","method":"GET","params":{},"query":{},"url":"/topic"},"timestamp":"2024-06-27 22:04:51"}
{"level":"info","message":{"body":"","method":"GET","params":{},"query":{},"url":"/topic"},"timestamp":"2024-06-27 22:04:51"}
{"level":"info","message":{"body":"","method":"GET","params":{},"query":{},"url":"/interest"},"timestamp":"2024-06-27 22:04:51"}
{"level":"info","message":{"body":"","method":"GET","params":{},"query":{},"url":"/topic"},"timestamp":"2024-06-27 22:04:51"}
{"level":"info","message":{"body":"","method":"GET","params":{},"query":{},"url":"/interest"},"timestamp":"2024-06-27 22:04:51"}
{"level":"info","message":{"body":"","method":"GET","params":{},"query":{},"url":"/topic"},"timestamp":"2024-06-27 22:04:51"}
{"level":"info","message":{"body":"","method":"GET","params":{},"query":{},"url":"/interest"},"timestamp":"2024-06-27 22:04:51"}
{"level":"info","message":{"body":"","method":"GET","params":{},"query":{},"url":"/topic"},"timestamp":"2024-06-27 22:04:51"}
{"level":"info","message":{"body":"","method":"GET","params":{},"query":{},"url":"/message_topic"},"timestamp":"2024-06-27 22:04:59"}
{"level":"info","message":{"body":"","method":"GET","params":{},"query":{},"url":"/topic/id/c3bdbae5-22ef-4cf6-8cf3-64774ce76ca6"},"timestamp":"2024-06-27 22:04:59"}
{"level":"info","message":{"body":"","method":"GET","params":{},"query":{},"url":"/message_topic"},"timestamp":"2024-06-27 22:04:59"}
{"level":"info","message":{"body":"","method":"GET","params":{"id":"c3bdbae5-22ef-4cf6-8cf3-64774ce76ca6"},"query":{},"url":"/topic/id/c3bdbae5-22ef-4cf6-8cf3-64774ce76ca6"},"timestamp":"2024-06-27 22:04:59"}
{"level":"info","message":{"body":"","method":"GET","params":{},"query":{},"url":"/message_topic"},"timestamp":"2024-06-27 22:04:59"}
{"level":"info","message":{"body":"","method":"GET","params":{},"query":{},"url":"/topic/id/c3bdbae5-22ef-4cf6-8cf3-64774ce76ca6"},"timestamp":"2024-06-27 22:04:59"}
{"level":"info","message":{"body":"","method":"GET","params":{},"query":{},"url":"/message_topic"},"timestamp":"2024-06-27 22:04:59"}
{"level":"info","message":{"body":"","method":"GET","params":{"id":"c3bdbae5-22ef-4cf6-8cf3-64774ce76ca6"},"query":{},"url":"/topic/id/c3bdbae5-22ef-4cf6-8cf3-64774ce76ca6"},"timestamp":"2024-06-27 22:04:59"}
{"level":"info","message":{"body":{"content":"Hola, yo tengo consejos para esto! ","id_person":"64856186-6e05-4a3c-bf6a-ffe4e882d64b","id_topic":"c3bdbae5-22ef-4cf6-8cf3-64774ce76ca6"},"method":"POST","params":"","query":"","url":"/message_topic"},"timestamp":"2024-06-27 22:05:25"}
{"level":"info","message":{"body":{"content":"Hola, yo tengo consejos para esto! ","id_person":"64856186-6e05-4a3c-bf6a-ffe4e882d64b","id_topic":"c3bdbae5-22ef-4cf6-8cf3-64774ce76ca6"},"method":"POST","params":"","query":"","url":"/message_topic"},"timestamp":"2024-06-27 22:05:26"}
{"level":"info","message":{"body":"","method":"GET","params":{},"query":{},"url":"/message_topic"},"timestamp":"2024-06-27 22:05:26"}
{"level":"info","message":{"body":"","method":"GET","params":{},"query":{},"url":"/message_topic"},"timestamp":"2024-06-27 22:05:26"}
{"level":"info","message":{"body":"","method":"GET","params":{},"query":{},"url":"/profile/id_person/64856186-6e05-4a3c-bf6a-ffe4e882d64b"},"timestamp":"2024-06-27 22:05:33"}
{"level":"info","message":{"body":"","method":"GET","params":{},"query":{},"url":"/person/personId/getPerson/64856186-6e05-4a3c-bf6a-ffe4e882d64b"},"timestamp":"2024-06-27 22:05:33"}
{"level":"info","message":{"body":"","method":"GET","params":{"id_person":"64856186-6e05-4a3c-bf6a-ffe4e882d64b"},"query":{},"url":"/profile/id_person/64856186-6e05-4a3c-bf6a-ffe4e882d64b"},"timestamp":"2024-06-27 22:05:33"}
{"level":"info","message":{"body":"","method":"GET","params":{},"query":{},"url":"/profile/id_person/64856186-6e05-4a3c-bf6a-ffe4e882d64b"},"timestamp":"2024-06-27 22:05:33"}
{"level":"info","message":{"body":"","method":"GET","params":{"id_person":"64856186-6e05-4a3c-bf6a-ffe4e882d64b"},"query":{},"url":"/profile/id_person/64856186-6e05-4a3c-bf6a-ffe4e882d64b"},"timestamp":"2024-06-27 22:05:33"}
{"level":"info","message":{"body":"","method":"GET","params":{"id_person":"64856186-6e05-4a3c-bf6a-ffe4e882d64b"},"query":{},"url":"/person/personId/getPerson/64856186-6e05-4a3c-bf6a-ffe4e882d64b"},"timestamp":"2024-06-27 22:05:34"}
{"level":"info","message":{"body":"","method":"GET","params":{},"query":{},"url":"/person/personId/getPerson/64856186-6e05-4a3c-bf6a-ffe4e882d64b"},"timestamp":"2024-06-27 22:05:34"}
{"level":"info","message":{"body":"","method":"GET","params":{"id_person":"64856186-6e05-4a3c-bf6a-ffe4e882d64b"},"query":{},"url":"/person/personId/getPerson/64856186-6e05-4a3c-bf6a-ffe4e882d64b"},"timestamp":"2024-06-27 22:05:34"}
{"level":"info","message":{"body":"","method":"GET","params":{},"query":{},"url":"/topic"},"timestamp":"2024-06-27 22:05:37"}
{"level":"info","message":{"body":"","method":"GET","params":{},"query":{},"url":"/interest"},"timestamp":"2024-06-27 22:05:37"}
{"level":"info","message":{"body":"","method":"GET","params":{},"query":{},"url":"/topic"},"timestamp":"2024-06-27 22:05:37"}
{"level":"info","message":{"body":"","method":"GET","params":{},"query":{},"url":"/interest"},"timestamp":"2024-06-27 22:05:37"}
{"level":"info","message":{"body":"","method":"GET","params":{},"query":{},"url":"/topic"},"timestamp":"2024-06-27 22:05:37"}
{"level":"info","message":{"body":"","method":"GET","params":{},"query":{},"url":"/interest"},"timestamp":"2024-06-27 22:05:37"}
{"level":"info","message":{"body":"","method":"GET","params":{},"query":{},"url":"/interest"},"timestamp":"2024-06-27 22:05:37"}
{"level":"info","message":{"body":"","method":"GET","params":{},"query":{},"url":"/topic"},"timestamp":"2024-06-27 22:05:37"}
{"level":"info","message":{"body":"","method":"GET","params":{},"query":{},"url":"/topic"},"timestamp":"2024-06-27 22:05:37"}
{"level":"info","message":{"body":"","method":"GET","params":{},"query":{},"url":"/topic"},"timestamp":"2024-06-27 22:05:38"}
{"level":"info","message":{"body":"","method":"GET","params":{},"query":{},"url":"/topic"},"timestamp":"2024-06-27 22:05:38"}
{"level":"info","message":{"body":"","method":"GET","params":{},"query":{},"url":"/topic"},"timestamp":"2024-06-27 22:05:38"}
{"level":"info","message":{"body":"","method":"GET","params":{},"query":{},"url":"/topic"},"timestamp":"2024-06-27 22:05:38"}
{"level":"info","message":{"body":"","method":"GET","params":{},"query":{},"url":"/topic"},"timestamp":"2024-06-27 22:05:38"}
{"level":"info","message":{"body":"","method":"GET","params":{},"query":{},"url":"/topic"},"timestamp":"2024-06-27 22:05:38"}
{"level":"info","message":{"body":"","method":"GET","params":{},"query":{},"url":"/topic"},"timestamp":"2024-06-27 22:05:38"}
{"level":"info","message":{"body":"","method":"GET","params":{},"query":{},"url":"/message_topic"},"timestamp":"2024-06-27 22:05:45"}
{"level":"info","message":{"body":"","method":"GET","params":{},"query":{},"url":"/topic/id/c3bdbae5-22ef-4cf6-8cf3-64774ce76ca6"},"timestamp":"2024-06-27 22:05:45"}
{"level":"info","message":{"body":"","method":"GET","params":{"id":"c3bdbae5-22ef-4cf6-8cf3-64774ce76ca6"},"query":{},"url":"/topic/id/c3bdbae5-22ef-4cf6-8cf3-64774ce76ca6"},"timestamp":"2024-06-27 22:05:45"}
{"level":"info","message":{"body":"","method":"GET","params":{},"query":{},"url":"/message_topic"},"timestamp":"2024-06-27 22:05:45"}
{"level":"info","message":{"body":"","method":"GET","params":{},"query":{},"url":"/topic/id/c3bdbae5-22ef-4cf6-8cf3-64774ce76ca6"},"timestamp":"2024-06-27 22:05:45"}
{"level":"info","message":{"body":"","method":"GET","params":{},"query":{},"url":"/message_topic"},"timestamp":"2024-06-27 22:05:45"}
{"level":"info","message":{"body":"","method":"GET","params":{},"query":{},"url":"/message_topic"},"timestamp":"2024-06-27 22:05:46"}
{"level":"info","message":{"body":"","method":"GET","params":{"id":"c3bdbae5-22ef-4cf6-8cf3-64774ce76ca6"},"query":{},"url":"/topic/id/c3bdbae5-22ef-4cf6-8cf3-64774ce76ca6"},"timestamp":"2024-06-27 22:05:46"}
{"level":"info","message":{"body":{"content":"te envio una imagen del proceso academico https://images.ctfassets.net/zlnfaxb2lcqx/6Bqx5TYglXESGBFQoy0Z8u/a0ae0f98dc47181d5750e89e453d8992/Infografia-ProcesodeEnfermeria5pasosprincipal.jpg","id_person":"64856186-6e05-4a3c-bf6a-ffe4e882d64b","id_topic":"c3bdbae5-22ef-4cf6-8cf3-64774ce76ca6"},"method":"POST","params":"","query":"","url":"/message_topic"},"timestamp":"2024-06-27 22:06:36"}
{"level":"info","message":{"body":{"content":"te envio una imagen del proceso academico https://images.ctfassets.net/zlnfaxb2lcqx/6Bqx5TYglXESGBFQoy0Z8u/a0ae0f98dc47181d5750e89e453d8992/Infografia-ProcesodeEnfermeria5pasosprincipal.jpg","id_person":"64856186-6e05-4a3c-bf6a-ffe4e882d64b","id_topic":"c3bdbae5-22ef-4cf6-8cf3-64774ce76ca6"},"method":"POST","params":"","query":"","url":"/message_topic"},"timestamp":"2024-06-27 22:06:36"}
{"level":"info","message":{"body":"","method":"GET","params":{},"query":{},"url":"/message_topic"},"timestamp":"2024-06-27 22:06:36"}
{"level":"info","message":{"body":"","method":"GET","params":{},"query":{},"url":"/message_topic"},"timestamp":"2024-06-27 22:06:37"}
{"level":"info","message":{"body":{"content":"hola te entrego un video de el proceso de enfermeria https://www.youtube.com/watch?v=NYhdJVSb-Ro","id_person":"64856186-6e05-4a3c-bf6a-ffe4e882d64b","id_topic":"c3bdbae5-22ef-4cf6-8cf3-64774ce76ca6"},"method":"POST","params":"","query":"","url":"/message_topic"},"timestamp":"2024-06-27 22:09:11"}
{"level":"info","message":{"body":{"content":"hola te entrego un video de el proceso de enfermeria https://www.youtube.com/watch?v=NYhdJVSb-Ro","id_person":"64856186-6e05-4a3c-bf6a-ffe4e882d64b","id_topic":"c3bdbae5-22ef-4cf6-8cf3-64774ce76ca6"},"method":"POST","params":"","query":"","url":"/message_topic"},"timestamp":"2024-06-27 22:09:12"}
{"level":"info","message":{"body":"","method":"GET","params":{},"query":{},"url":"/message_topic"},"timestamp":"2024-06-27 22:09:12"}
{"level":"info","message":{"body":"","method":"GET","params":{},"query":{},"url":"/message_topic"},"timestamp":"2024-06-27 22:09:12"}
{"level":"info","message":{"body":"","method":"DELETE","params":{},"query":"","url":"/message_topic/id/9ef8d5c9-844a-4d3e-9f46-a1bb32f918c5"},"timestamp":"2024-06-27 22:09:34"}
{"level":"info","message":{"body":"","method":"DELETE","params":{"id":"9ef8d5c9-844a-4d3e-9f46-a1bb32f918c5"},"query":"","url":"/message_topic/id/9ef8d5c9-844a-4d3e-9f46-a1bb32f918c5"},"timestamp":"2024-06-27 22:09:35"}
{"level":"info","message":{"body":"","method":"GET","params":{},"query":{},"url":"/profile/id_person/64856186-6e05-4a3c-bf6a-ffe4e882d64b"},"timestamp":"2024-06-27 22:09:39"}
{"level":"info","message":{"body":"","method":"GET","params":{},"query":{},"url":"/person/personId/getPerson/64856186-6e05-4a3c-bf6a-ffe4e882d64b"},"timestamp":"2024-06-27 22:09:39"}
{"level":"info","message":{"body":"","method":"GET","params":{"id_person":"64856186-6e05-4a3c-bf6a-ffe4e882d64b"},"query":{},"url":"/profile/id_person/64856186-6e05-4a3c-bf6a-ffe4e882d64b"},"timestamp":"2024-06-27 22:09:39"}
{"level":"info","message":{"body":"","method":"GET","params":{},"query":{},"url":"/profile/id_person/64856186-6e05-4a3c-bf6a-ffe4e882d64b"},"timestamp":"2024-06-27 22:09:39"}
{"level":"info","message":{"body":"","method":"GET","params":{"id_person":"64856186-6e05-4a3c-bf6a-ffe4e882d64b"},"query":{},"url":"/profile/id_person/64856186-6e05-4a3c-bf6a-ffe4e882d64b"},"timestamp":"2024-06-27 22:09:39"}
{"level":"info","message":{"body":"","method":"GET","params":{"id_person":"64856186-6e05-4a3c-bf6a-ffe4e882d64b"},"query":{},"url":"/person/personId/getPerson/64856186-6e05-4a3c-bf6a-ffe4e882d64b"},"timestamp":"2024-06-27 22:09:40"}
{"level":"info","message":{"body":"","method":"GET","params":{},"query":{},"url":"/person/personId/getPerson/64856186-6e05-4a3c-bf6a-ffe4e882d64b"},"timestamp":"2024-06-27 22:09:40"}
{"level":"info","message":{"body":"","method":"GET","params":{"id_person":"64856186-6e05-4a3c-bf6a-ffe4e882d64b"},"query":{},"url":"/person/personId/getPerson/64856186-6e05-4a3c-bf6a-ffe4e882d64b"},"timestamp":"2024-06-27 22:09:40"}
{"level":"info","message":{"body":"","method":"GET","params":{},"query":{},"url":"/topic"},"timestamp":"2024-06-27 22:10:02"}
{"level":"info","message":{"body":"","method":"GET","params":{},"query":{},"url":"/interest"},"timestamp":"2024-06-27 22:10:02"}
{"level":"info","message":{"body":"","method":"GET","params":{},"query":{},"url":"/interest"},"timestamp":"2024-06-27 22:10:03"}
{"level":"info","message":{"body":"","method":"GET","params":{},"query":{},"url":"/topic"},"timestamp":"2024-06-27 22:10:03"}
{"level":"info","message":{"body":"","method":"GET","params":{},"query":{},"url":"/interest"},"timestamp":"2024-06-27 22:10:03"}
{"level":"info","message":{"body":"","method":"GET","params":{},"query":{},"url":"/topic"},"timestamp":"2024-06-27 22:10:03"}
{"level":"info","message":{"body":"","method":"GET","params":{},"query":{},"url":"/topic"},"timestamp":"2024-06-27 22:10:03"}
{"level":"info","message":{"body":"","method":"GET","params":{},"query":{},"url":"/interest"},"timestamp":"2024-06-27 22:10:03"}
{"level":"info","message":{"body":"","method":"GET","params":{},"query":{},"url":"/topic"},"timestamp":"2024-06-27 22:10:03"}
{"level":"info","message":{"body":"","method":"GET","params":{},"query":{},"url":"/topic"},"timestamp":"2024-06-27 22:10:03"}
{"level":"info","message":{"body":"","method":"GET","params":{},"query":{},"url":"/topic"},"timestamp":"2024-06-27 22:10:03"}
{"level":"info","message":{"body":"","method":"GET","params":{},"query":{},"url":"/topic"},"timestamp":"2024-06-27 22:10:03"}
{"level":"info","message":{"body":"","method":"GET","params":{},"query":{},"url":"/topic"},"timestamp":"2024-06-27 22:10:03"}
{"level":"info","message":{"body":"","method":"GET","params":{},"query":{},"url":"/topic"},"timestamp":"2024-06-27 22:10:03"}
{"level":"info","message":{"body":"","method":"GET","params":{},"query":{},"url":"/topic"},"timestamp":"2024-06-27 22:10:03"}
{"level":"info","message":{"body":"","method":"GET","params":{},"query":{},"url":"/topic"},"timestamp":"2024-06-27 22:10:04"}
{"level":"info","message":{"body":"","method":"GET","params":{},"query":{},"url":"/topic"},"timestamp":"2024-06-27 22:10:14"}
{"level":"info","message":{"body":"","method":"GET","params":{},"query":{},"url":"/interest"},"timestamp":"2024-06-27 22:10:14"}
{"level":"info","message":{"body":"","method":"GET","params":{},"query":{},"url":"/interest"},"timestamp":"2024-06-27 22:10:15"}
{"level":"info","message":{"body":"","method":"GET","params":{},"query":{},"url":"/topic"},"timestamp":"2024-06-27 22:10:15"}
{"level":"info","message":{"body":"","method":"GET","params":{},"query":{},"url":"/interest"},"timestamp":"2024-06-27 22:10:15"}
{"level":"info","message":{"body":"","method":"GET","params":{},"query":{},"url":"/topic"},"timestamp":"2024-06-27 22:10:15"}
{"level":"info","message":{"body":"","method":"GET","params":{},"query":{},"url":"/interest"},"timestamp":"2024-06-27 22:10:16"}
{"level":"info","message":{"body":"","method":"GET","params":{},"query":{},"url":"/topic"},"timestamp":"2024-06-27 22:10:16"}
{"level":"info","message":{"body":"","method":"GET","params":{},"query":{},"url":"/topic"},"timestamp":"2024-06-27 22:10:16"}
{"level":"info","message":{"body":"","method":"GET","params":{},"query":{},"url":"/topic"},"timestamp":"2024-06-27 22:10:16"}
{"level":"info","message":{"body":"","method":"GET","params":{},"query":{},"url":"/topic"},"timestamp":"2024-06-27 22:10:16"}
{"level":"info","message":{"body":"","method":"GET","params":{},"query":{},"url":"/topic"},"timestamp":"2024-06-27 22:10:16"}
{"level":"info","message":{"body":"","method":"GET","params":{},"query":{},"url":"/topic"},"timestamp":"2024-06-27 22:10:16"}
{"level":"info","message":{"body":"","method":"GET","params":{},"query":{},"url":"/topic"},"timestamp":"2024-06-27 22:10:16"}
{"level":"info","message":{"body":"","method":"GET","params":{},"query":{},"url":"/topic"},"timestamp":"2024-06-27 22:10:16"}
{"level":"info","message":{"body":"","method":"GET","params":{},"query":{},"url":"/topic"},"timestamp":"2024-06-27 22:10:16"}
{"level":"info","message":{"body":"","method":"GET","params":{},"query":{},"url":"/profile/id_person/64856186-6e05-4a3c-bf6a-ffe4e882d64b"},"timestamp":"2024-06-27 22:20:01"}
{"level":"info","message":{"body":"","method":"GET","params":{},"query":{},"url":"/person/personId/getPerson/64856186-6e05-4a3c-bf6a-ffe4e882d64b"},"timestamp":"2024-06-27 22:20:01"}
{"level":"info","message":{"body":"","method":"GET","params":{"id_person":"64856186-6e05-4a3c-bf6a-ffe4e882d64b"},"query":{},"url":"/person/personId/getPerson/64856186-6e05-4a3c-bf6a-ffe4e882d64b"},"timestamp":"2024-06-27 22:20:02"}
{"level":"info","message":{"body":"","method":"GET","params":{"id_person":"64856186-6e05-4a3c-bf6a-ffe4e882d64b"},"query":{},"url":"/profile/id_person/64856186-6e05-4a3c-bf6a-ffe4e882d64b"},"timestamp":"2024-06-27 22:20:02"}
{"level":"info","message":{"body":"","method":"GET","params":{},"query":{},"url":"/person/personId/getPerson/64856186-6e05-4a3c-bf6a-ffe4e882d64b"},"timestamp":"2024-06-27 22:20:02"}
{"level":"info","message":{"body":"","method":"GET","params":{},"query":{},"url":"/profile/id_person/64856186-6e05-4a3c-bf6a-ffe4e882d64b"},"timestamp":"2024-06-27 22:20:02"}
{"level":"info","message":{"body":"","method":"GET","params":{"id_person":"64856186-6e05-4a3c-bf6a-ffe4e882d64b"},"query":{},"url":"/person/personId/getPerson/64856186-6e05-4a3c-bf6a-ffe4e882d64b"},"timestamp":"2024-06-27 22:20:02"}
{"level":"info","message":{"body":"","method":"GET","params":{"id_person":"64856186-6e05-4a3c-bf6a-ffe4e882d64b"},"query":{},"url":"/profile/id_person/64856186-6e05-4a3c-bf6a-ffe4e882d64b"},"timestamp":"2024-06-27 22:20:02"}
{"level":"info","message":{"body":"","method":"GET","params":{},"query":{},"url":"/topic"},"timestamp":"2024-06-27 22:20:05"}
{"level":"info","message":{"body":"","method":"GET","params":{},"query":{},"url":"/interest"},"timestamp":"2024-06-27 22:20:05"}
{"level":"info","message":{"body":"","method":"GET","params":{},"query":{},"url":"/interest"},"timestamp":"2024-06-27 22:20:05"}
{"level":"info","message":{"body":"","method":"GET","params":{},"query":{},"url":"/topic"},"timestamp":"2024-06-27 22:20:05"}
{"level":"info","message":{"body":"","method":"GET","params":{},"query":{},"url":"/interest"},"timestamp":"2024-06-27 22:20:05"}
{"level":"info","message":{"body":"","method":"GET","params":{},"query":{},"url":"/topic"},"timestamp":"2024-06-27 22:20:05"}
{"level":"info","message":{"body":"","method":"GET","params":{},"query":{},"url":"/interest"},"timestamp":"2024-06-27 22:20:05"}
{"level":"info","message":{"body":"","method":"GET","params":{},"query":{},"url":"/topic"},"timestamp":"2024-06-27 22:20:05"}
{"level":"info","message":{"body":"","method":"GET","params":{},"query":{},"url":"/topic"},"timestamp":"2024-06-27 22:20:05"}
{"level":"info","message":{"body":"","method":"GET","params":{},"query":{},"url":"/topic"},"timestamp":"2024-06-27 22:20:05"}
{"level":"info","message":{"body":"","method":"GET","params":{},"query":{},"url":"/topic"},"timestamp":"2024-06-27 22:20:05"}
{"level":"info","message":{"body":"","method":"GET","params":{},"query":{},"url":"/topic"},"timestamp":"2024-06-27 22:20:06"}
{"level":"info","message":{"body":"","method":"GET","params":{},"query":{},"url":"/topic"},"timestamp":"2024-06-27 22:20:06"}
{"level":"info","message":{"body":"","method":"GET","params":{},"query":{},"url":"/topic"},"timestamp":"2024-06-27 22:20:06"}
{"level":"info","message":{"body":"","method":"GET","params":{},"query":{},"url":"/topic"},"timestamp":"2024-06-27 22:20:06"}
{"level":"info","message":{"body":"","method":"GET","params":{},"query":{},"url":"/topic"},"timestamp":"2024-06-27 22:20:06"}
{"level":"info","message":{"body":"","method":"GET","params":{},"query":{},"url":"/topic"},"timestamp":"2024-06-27 22:20:28"}
{"level":"info","message":{"body":"","method":"GET","params":{},"query":{},"url":"/topic"},"timestamp":"2024-06-27 22:20:29"}
{"level":"info","message":"🚀API listening port 3000","timestamp":"2024-06-27 22:57:08"}
{"level":"info","message":"Database connected","timestamp":"2024-06-27 22:57:09","util":"database"}
{"level":"info","message":{"body":{"email":"ricardo@acevedo.cl","password":"ricardo123"},"method":"POST","params":"","query":"","url":"/user/validate"},"timestamp":"2024-06-27 22:57:44"}
{"level":"info","message":{"body":{"email":"ricardo@acevedo.cl","password":"ricardo123"},"method":"POST","params":"","query":"","url":"/user/validate"},"timestamp":"2024-06-27 22:57:46"}
{"level":"info","message":{"body":"","method":"GET","params":{},"query":{},"url":"/profile/id_person/a6cc064d-e89f-4598-9f4a-35392d965d9b"},"timestamp":"2024-06-27 22:57:53"}
{"level":"info","message":{"body":"","method":"GET","params":{},"query":{},"url":"/person/personId/getPerson/a6cc064d-e89f-4598-9f4a-35392d965d9b"},"timestamp":"2024-06-27 22:57:53"}
{"level":"info","message":{"body":"","method":"GET","params":{"id_person":"a6cc064d-e89f-4598-9f4a-35392d965d9b"},"query":{},"url":"/profile/id_person/a6cc064d-e89f-4598-9f4a-35392d965d9b"},"timestamp":"2024-06-27 22:57:53"}
{"level":"info","message":{"body":"","method":"GET","params":{},"query":{},"url":"/profile/id_person/a6cc064d-e89f-4598-9f4a-35392d965d9b"},"timestamp":"2024-06-27 22:57:53"}
{"level":"info","message":{"body":"","method":"GET","params":{"id_person":"a6cc064d-e89f-4598-9f4a-35392d965d9b"},"query":{},"url":"/profile/id_person/a6cc064d-e89f-4598-9f4a-35392d965d9b"},"timestamp":"2024-06-27 22:57:54"}
{"level":"info","message":{"body":"","method":"GET","params":{"id_person":"a6cc064d-e89f-4598-9f4a-35392d965d9b"},"query":{},"url":"/person/personId/getPerson/a6cc064d-e89f-4598-9f4a-35392d965d9b"},"timestamp":"2024-06-27 22:57:54"}
{"level":"info","message":{"body":"","method":"GET","params":{},"query":{},"url":"/person/personId/getPerson/a6cc064d-e89f-4598-9f4a-35392d965d9b"},"timestamp":"2024-06-27 22:57:54"}
{"level":"info","message":{"body":"","method":"GET","params":{"id_person":"a6cc064d-e89f-4598-9f4a-35392d965d9b"},"query":{},"url":"/person/personId/getPerson/a6cc064d-e89f-4598-9f4a-35392d965d9b"},"timestamp":"2024-06-27 22:57:54"}
{"level":"info","message":{"body":"","method":"GET","params":{},"query":{},"url":"/profile/id_person/a6cc064d-e89f-4598-9f4a-35392d965d9b"},"timestamp":"2024-06-27 22:58:47"}
{"level":"info","message":{"body":"","method":"GET","params":{},"query":{},"url":"/person/personId/getPerson/a6cc064d-e89f-4598-9f4a-35392d965d9b"},"timestamp":"2024-06-27 22:58:47"}
{"level":"info","message":{"body":"","method":"GET","params":{"id_person":"a6cc064d-e89f-4598-9f4a-35392d965d9b"},"query":{},"url":"/profile/id_person/a6cc064d-e89f-4598-9f4a-35392d965d9b"},"timestamp":"2024-06-27 22:58:48"}
{"level":"info","message":{"body":"","method":"GET","params":{"id_person":"a6cc064d-e89f-4598-9f4a-35392d965d9b"},"query":{},"url":"/person/personId/getPerson/a6cc064d-e89f-4598-9f4a-35392d965d9b"},"timestamp":"2024-06-27 22:58:48"}
{"level":"info","message":{"body":"","method":"DELETE","params":{},"query":"","url":"/profile/id/99a1cd96-4b1d-4100-9255-1fab9d05e271"},"timestamp":"2024-06-27 22:58:51"}
{"level":"error","message":{"body":"","error":"column updated_profile.deletedat does not exist","method":"DELETE","params":{},"query":"","url":"/profile/id/99a1cd96-4b1d-4100-9255-1fab9d05e271"},"timestamp":"2024-06-27 22:58:51"}
{"level":"info","message":"🚀API listening port 3000","timestamp":"2024-06-27 23:02:34"}
{"level":"info","message":"Database connected","timestamp":"2024-06-27 23:02:34","util":"database"}
{"level":"info","message":"🚀API listening port 3000","timestamp":"2024-06-27 23:04:52"}
{"level":"info","message":"Database connected","timestamp":"2024-06-27 23:04:53","util":"database"}
{"level":"info","message":{"body":{"email":"ricardo@acevedo.cl","password":"ricardo123"},"method":"POST","params":"","query":"","url":"/user/validate"},"timestamp":"2024-06-27 23:05:02"}
{"level":"info","message":{"body":{"email":"ricardo@acevedo.cl","password":"ricardo123"},"method":"POST","params":"","query":"","url":"/user/validate"},"timestamp":"2024-06-27 23:05:03"}
{"level":"info","message":{"body":"","method":"GET","params":{},"query":{},"url":"/profile/id_person/a6cc064d-e89f-4598-9f4a-35392d965d9b"},"timestamp":"2024-06-27 23:05:03"}
{"level":"info","message":{"body":"","method":"GET","params":{},"query":{},"url":"/person/personId/getPerson/a6cc064d-e89f-4598-9f4a-35392d965d9b"},"timestamp":"2024-06-27 23:05:03"}
{"level":"info","message":{"body":"","method":"GET","params":{"id_person":"a6cc064d-e89f-4598-9f4a-35392d965d9b"},"query":{},"url":"/profile/id_person/a6cc064d-e89f-4598-9f4a-35392d965d9b"},"timestamp":"2024-06-27 23:05:03"}
{"level":"info","message":{"body":"","method":"GET","params":{},"query":{},"url":"/profile/id_person/a6cc064d-e89f-4598-9f4a-35392d965d9b"},"timestamp":"2024-06-27 23:05:03"}
{"level":"info","message":{"body":"","method":"GET","params":{"id_person":"a6cc064d-e89f-4598-9f4a-35392d965d9b"},"query":{},"url":"/profile/id_person/a6cc064d-e89f-4598-9f4a-35392d965d9b"},"timestamp":"2024-06-27 23:05:04"}
{"level":"info","message":{"body":"","method":"GET","params":{"id_person":"a6cc064d-e89f-4598-9f4a-35392d965d9b"},"query":{},"url":"/person/personId/getPerson/a6cc064d-e89f-4598-9f4a-35392d965d9b"},"timestamp":"2024-06-27 23:05:04"}
{"level":"info","message":{"body":"","method":"GET","params":{},"query":{},"url":"/person/personId/getPerson/a6cc064d-e89f-4598-9f4a-35392d965d9b"},"timestamp":"2024-06-27 23:05:04"}
{"level":"info","message":{"body":"","method":"GET","params":{"id_person":"a6cc064d-e89f-4598-9f4a-35392d965d9b"},"query":{},"url":"/person/personId/getPerson/a6cc064d-e89f-4598-9f4a-35392d965d9b"},"timestamp":"2024-06-27 23:05:04"}
{"level":"info","message":{"body":"","method":"GET","params":{},"query":{},"url":"/profile/id_person/a6cc064d-e89f-4598-9f4a-35392d965d9b"},"timestamp":"2024-06-27 23:05:27"}
{"level":"info","message":{"body":"","method":"GET","params":{},"query":{},"url":"/person/personId/getPerson/a6cc064d-e89f-4598-9f4a-35392d965d9b"},"timestamp":"2024-06-27 23:05:27"}
{"level":"info","message":{"body":"","method":"GET","params":{"id_person":"a6cc064d-e89f-4598-9f4a-35392d965d9b"},"query":{},"url":"/profile/id_person/a6cc064d-e89f-4598-9f4a-35392d965d9b"},"timestamp":"2024-06-27 23:05:28"}
{"level":"info","message":{"body":"","method":"GET","params":{},"query":{},"url":"/profile/id_person/a6cc064d-e89f-4598-9f4a-35392d965d9b"},"timestamp":"2024-06-27 23:05:28"}
{"level":"info","message":{"body":"","method":"GET","params":{"id_person":"a6cc064d-e89f-4598-9f4a-35392d965d9b"},"query":{},"url":"/person/personId/getPerson/a6cc064d-e89f-4598-9f4a-35392d965d9b"},"timestamp":"2024-06-27 23:05:28"}
{"level":"info","message":{"body":"","method":"GET","params":{},"query":{},"url":"/person/personId/getPerson/a6cc064d-e89f-4598-9f4a-35392d965d9b"},"timestamp":"2024-06-27 23:05:28"}
{"level":"info","message":{"body":"","method":"GET","params":{"id_person":"a6cc064d-e89f-4598-9f4a-35392d965d9b"},"query":{},"url":"/profile/id_person/a6cc064d-e89f-4598-9f4a-35392d965d9b"},"timestamp":"2024-06-27 23:05:28"}
{"level":"info","message":{"body":"","method":"GET","params":{"id_person":"a6cc064d-e89f-4598-9f4a-35392d965d9b"},"query":{},"url":"/person/personId/getPerson/a6cc064d-e89f-4598-9f4a-35392d965d9b"},"timestamp":"2024-06-27 23:05:28"}
{"level":"info","message":{"body":"","method":"DELETE","params":{},"query":"","url":"/profile/id/99a1cd96-4b1d-4100-9255-1fab9d05e271"},"timestamp":"2024-06-27 23:05:43"}
{"level":"error","message":{"body":"","error":"column \"profile_id\" does not exist","method":"DELETE","params":{},"query":"","url":"/profile/id/99a1cd96-4b1d-4100-9255-1fab9d05e271"},"timestamp":"2024-06-27 23:05:44"}
{"level":"info","message":"🚀API listening port 3000","timestamp":"2024-06-27 23:14:15"}
{"level":"info","message":"Database connected","timestamp":"2024-06-27 23:14:16","util":"database"}
{"level":"info","message":{"body":{"email":"ricardo@acevedo.cl","password":"ricardo123"},"method":"POST","params":"","query":"","url":"/user/validate"},"timestamp":"2024-06-27 23:14:23"}
{"level":"info","message":{"body":{"email":"ricardo@acevedo.cl","password":"ricardo123"},"method":"POST","params":"","query":"","url":"/user/validate"},"timestamp":"2024-06-27 23:14:24"}
{"level":"info","message":{"body":"","method":"GET","params":{},"query":{},"url":"/person/personId/getPerson/a6cc064d-e89f-4598-9f4a-35392d965d9b"},"timestamp":"2024-06-27 23:14:24"}
{"level":"info","message":{"body":"","method":"GET","params":{},"query":{},"url":"/profile/id_person/a6cc064d-e89f-4598-9f4a-35392d965d9b"},"timestamp":"2024-06-27 23:14:24"}
{"level":"info","message":{"body":"","method":"GET","params":{"id_person":"a6cc064d-e89f-4598-9f4a-35392d965d9b"},"query":{},"url":"/person/personId/getPerson/a6cc064d-e89f-4598-9f4a-35392d965d9b"},"timestamp":"2024-06-27 23:14:24"}
{"level":"info","message":{"body":"","method":"GET","params":{},"query":{},"url":"/person/personId/getPerson/a6cc064d-e89f-4598-9f4a-35392d965d9b"},"timestamp":"2024-06-27 23:14:24"}
{"level":"info","message":{"body":"","method":"GET","params":{"id_person":"a6cc064d-e89f-4598-9f4a-35392d965d9b"},"query":{},"url":"/person/personId/getPerson/a6cc064d-e89f-4598-9f4a-35392d965d9b"},"timestamp":"2024-06-27 23:14:24"}
{"level":"info","message":{"body":"","method":"GET","params":{"id_person":"a6cc064d-e89f-4598-9f4a-35392d965d9b"},"query":{},"url":"/profile/id_person/a6cc064d-e89f-4598-9f4a-35392d965d9b"},"timestamp":"2024-06-27 23:14:25"}
{"level":"info","message":{"body":"","method":"GET","params":{},"query":{},"url":"/profile/id_person/a6cc064d-e89f-4598-9f4a-35392d965d9b"},"timestamp":"2024-06-27 23:14:25"}
{"level":"info","message":{"body":"","method":"GET","params":{"id_person":"a6cc064d-e89f-4598-9f4a-35392d965d9b"},"query":{},"url":"/profile/id_person/a6cc064d-e89f-4598-9f4a-35392d965d9b"},"timestamp":"2024-06-27 23:14:25"}
{"level":"info","message":{"body":"","method":"GET","params":{},"query":{},"url":"/profile/id_person/a6cc064d-e89f-4598-9f4a-35392d965d9b"},"timestamp":"2024-06-27 23:14:36"}
{"level":"info","message":{"body":"","method":"GET","params":{},"query":{},"url":"/person/personId/getPerson/a6cc064d-e89f-4598-9f4a-35392d965d9b"},"timestamp":"2024-06-27 23:14:36"}
{"level":"info","message":{"body":"","method":"GET","params":{"id_person":"a6cc064d-e89f-4598-9f4a-35392d965d9b"},"query":{},"url":"/profile/id_person/a6cc064d-e89f-4598-9f4a-35392d965d9b"},"timestamp":"2024-06-27 23:14:37"}
{"level":"info","message":{"body":"","method":"GET","params":{},"query":{},"url":"/profile/id_person/a6cc064d-e89f-4598-9f4a-35392d965d9b"},"timestamp":"2024-06-27 23:14:37"}
{"level":"info","message":{"body":"","method":"GET","params":{"id_person":"a6cc064d-e89f-4598-9f4a-35392d965d9b"},"query":{},"url":"/person/personId/getPerson/a6cc064d-e89f-4598-9f4a-35392d965d9b"},"timestamp":"2024-06-27 23:14:37"}
{"level":"info","message":{"body":"","method":"GET","params":{},"query":{},"url":"/person/personId/getPerson/a6cc064d-e89f-4598-9f4a-35392d965d9b"},"timestamp":"2024-06-27 23:14:37"}
{"level":"info","message":{"body":"","method":"GET","params":{"id_person":"a6cc064d-e89f-4598-9f4a-35392d965d9b"},"query":{},"url":"/profile/id_person/a6cc064d-e89f-4598-9f4a-35392d965d9b"},"timestamp":"2024-06-27 23:14:37"}
{"level":"info","message":{"body":"","method":"GET","params":{"id_person":"a6cc064d-e89f-4598-9f4a-35392d965d9b"},"query":{},"url":"/person/personId/getPerson/a6cc064d-e89f-4598-9f4a-35392d965d9b"},"timestamp":"2024-06-27 23:14:37"}
{"level":"info","message":{"body":"","method":"DELETE","params":{},"query":"","url":"/profile/id/"},"timestamp":"2024-06-27 23:14:44"}
{"level":"error","message":{"body":"","error":"Not found","method":"DELETE","params":{},"query":"","url":"/profile/id/"},"timestamp":"2024-06-27 23:14:44"}
{"level":"info","message":{"body":{"email":"ricardo@acevedo.cl","password":"ricardo123"},"method":"POST","params":"","query":"","url":"/user/validate"},"timestamp":"2024-06-27 23:16:49"}
{"level":"info","message":{"body":{"email":"ricardo@acevedo.cl","password":"ricardo123"},"method":"POST","params":"","query":"","url":"/user/validate"},"timestamp":"2024-06-27 23:16:50"}
{"level":"info","message":{"body":"","method":"GET","params":{},"query":{},"url":"/profile/id_person/a6cc064d-e89f-4598-9f4a-35392d965d9b"},"timestamp":"2024-06-27 23:16:50"}
{"level":"info","message":{"body":"","method":"GET","params":{},"query":{},"url":"/person/personId/getPerson/a6cc064d-e89f-4598-9f4a-35392d965d9b"},"timestamp":"2024-06-27 23:16:50"}
{"level":"info","message":{"body":"","method":"GET","params":{"id_person":"a6cc064d-e89f-4598-9f4a-35392d965d9b"},"query":{},"url":"/profile/id_person/a6cc064d-e89f-4598-9f4a-35392d965d9b"},"timestamp":"2024-06-27 23:16:50"}
{"level":"info","message":{"body":"","method":"GET","params":{},"query":{},"url":"/profile/id_person/a6cc064d-e89f-4598-9f4a-35392d965d9b"},"timestamp":"2024-06-27 23:16:50"}
{"level":"info","message":{"body":"","method":"GET","params":{"id_person":"a6cc064d-e89f-4598-9f4a-35392d965d9b"},"query":{},"url":"/profile/id_person/a6cc064d-e89f-4598-9f4a-35392d965d9b"},"timestamp":"2024-06-27 23:16:50"}
{"level":"info","message":{"body":"","method":"GET","params":{"id_person":"a6cc064d-e89f-4598-9f4a-35392d965d9b"},"query":{},"url":"/person/personId/getPerson/a6cc064d-e89f-4598-9f4a-35392d965d9b"},"timestamp":"2024-06-27 23:16:50"}
{"level":"info","message":{"body":"","method":"GET","params":{},"query":{},"url":"/person/personId/getPerson/a6cc064d-e89f-4598-9f4a-35392d965d9b"},"timestamp":"2024-06-27 23:16:50"}
{"level":"info","message":{"body":"","method":"GET","params":{"id_person":"a6cc064d-e89f-4598-9f4a-35392d965d9b"},"query":{},"url":"/person/personId/getPerson/a6cc064d-e89f-4598-9f4a-35392d965d9b"},"timestamp":"2024-06-27 23:16:50"}
{"level":"info","message":{"body":"","method":"GET","params":{},"query":{},"url":"/profile/id_person/a6cc064d-e89f-4598-9f4a-35392d965d9b"},"timestamp":"2024-06-27 23:17:00"}
{"level":"info","message":{"body":"","method":"GET","params":{},"query":{},"url":"/person/personId/getPerson/a6cc064d-e89f-4598-9f4a-35392d965d9b"},"timestamp":"2024-06-27 23:17:00"}
{"level":"info","message":{"body":"","method":"GET","params":{"id_person":"a6cc064d-e89f-4598-9f4a-35392d965d9b"},"query":{},"url":"/profile/id_person/a6cc064d-e89f-4598-9f4a-35392d965d9b"},"timestamp":"2024-06-27 23:17:00"}
{"level":"info","message":{"body":"","method":"GET","params":{},"query":{},"url":"/profile/id_person/a6cc064d-e89f-4598-9f4a-35392d965d9b"},"timestamp":"2024-06-27 23:17:00"}
{"level":"info","message":{"body":"","method":"GET","params":{"id_person":"a6cc064d-e89f-4598-9f4a-35392d965d9b"},"query":{},"url":"/profile/id_person/a6cc064d-e89f-4598-9f4a-35392d965d9b"},"timestamp":"2024-06-27 23:17:01"}
{"level":"info","message":{"body":"","method":"GET","params":{"id_person":"a6cc064d-e89f-4598-9f4a-35392d965d9b"},"query":{},"url":"/person/personId/getPerson/a6cc064d-e89f-4598-9f4a-35392d965d9b"},"timestamp":"2024-06-27 23:17:01"}
{"level":"info","message":{"body":"","method":"GET","params":{},"query":{},"url":"/person/personId/getPerson/a6cc064d-e89f-4598-9f4a-35392d965d9b"},"timestamp":"2024-06-27 23:17:01"}
{"level":"info","message":{"body":"","method":"GET","params":{"id_person":"a6cc064d-e89f-4598-9f4a-35392d965d9b"},"query":{},"url":"/person/personId/getPerson/a6cc064d-e89f-4598-9f4a-35392d965d9b"},"timestamp":"2024-06-27 23:17:01"}
{"level":"info","message":{"body":"","method":"DELETE","params":{},"query":"","url":"/profile/id/99a1cd96-4b1d-4100-9255-1fab9d05e271"},"timestamp":"2024-06-27 23:17:09"}
{"level":"info","message":{"body":"","method":"DELETE","params":{"id":"99a1cd96-4b1d-4100-9255-1fab9d05e271"},"query":"","url":"/profile/id/99a1cd96-4b1d-4100-9255-1fab9d05e271"},"timestamp":"2024-06-27 23:17:10"}
{"level":"info","message":"🚀API listening port 3000","timestamp":"2024-06-27 23:21:43"}
{"level":"info","message":"Database connected","timestamp":"2024-06-27 23:21:43","util":"database"}
{"level":"info","message":{"body":{"email":"ricardo@acevedo.cl","password":"ricardo123"},"method":"POST","params":"","query":"","url":"/user/validate"},"timestamp":"2024-06-27 23:23:01"}
{"level":"info","message":{"body":{"email":"ricardo@acevedo.cl","password":"ricardo123"},"method":"POST","params":"","query":"","url":"/user/validate"},"timestamp":"2024-06-27 23:23:02"}
{"level":"info","message":{"body":"","method":"GET","params":{},"query":{},"url":"/profile/id_person/a6cc064d-e89f-4598-9f4a-35392d965d9b"},"timestamp":"2024-06-27 23:23:02"}
{"level":"info","message":{"body":"","method":"GET","params":{},"query":{},"url":"/person/personId/getPerson/a6cc064d-e89f-4598-9f4a-35392d965d9b"},"timestamp":"2024-06-27 23:23:02"}
{"level":"info","message":{"body":"","method":"GET","params":{"id_person":"a6cc064d-e89f-4598-9f4a-35392d965d9b"},"query":{},"url":"/profile/id_person/a6cc064d-e89f-4598-9f4a-35392d965d9b"},"timestamp":"2024-06-27 23:23:02"}
{"level":"info","message":{"body":"","method":"GET","params":{},"query":{},"url":"/profile/id_person/a6cc064d-e89f-4598-9f4a-35392d965d9b"},"timestamp":"2024-06-27 23:23:02"}
{"level":"info","message":{"body":"","method":"GET","params":{"id_person":"a6cc064d-e89f-4598-9f4a-35392d965d9b"},"query":{},"url":"/profile/id_person/a6cc064d-e89f-4598-9f4a-35392d965d9b"},"timestamp":"2024-06-27 23:23:02"}
{"level":"info","message":{"body":"","method":"GET","params":{"id_person":"a6cc064d-e89f-4598-9f4a-35392d965d9b"},"query":{},"url":"/person/personId/getPerson/a6cc064d-e89f-4598-9f4a-35392d965d9b"},"timestamp":"2024-06-27 23:23:02"}
{"level":"info","message":{"body":"","method":"GET","params":{},"query":{},"url":"/person/personId/getPerson/a6cc064d-e89f-4598-9f4a-35392d965d9b"},"timestamp":"2024-06-27 23:23:02"}
{"level":"info","message":{"body":"","method":"GET","params":{"id_person":"a6cc064d-e89f-4598-9f4a-35392d965d9b"},"query":{},"url":"/person/personId/getPerson/a6cc064d-e89f-4598-9f4a-35392d965d9b"},"timestamp":"2024-06-27 23:23:03"}
{"level":"info","message":{"body":"","method":"GET","params":{},"query":{},"url":"/profile/id_person/a6cc064d-e89f-4598-9f4a-35392d965d9b"},"timestamp":"2024-06-27 23:23:49"}
{"level":"info","message":{"body":"","method":"GET","params":{},"query":{},"url":"/person/personId/getPerson/a6cc064d-e89f-4598-9f4a-35392d965d9b"},"timestamp":"2024-06-27 23:23:49"}
{"level":"info","message":{"body":"","method":"GET","params":{"id_person":"a6cc064d-e89f-4598-9f4a-35392d965d9b"},"query":{},"url":"/profile/id_person/a6cc064d-e89f-4598-9f4a-35392d965d9b"},"timestamp":"2024-06-27 23:23:50"}
{"level":"info","message":{"body":"","method":"GET","params":{"id_person":"a6cc064d-e89f-4598-9f4a-35392d965d9b"},"query":{},"url":"/person/personId/getPerson/a6cc064d-e89f-4598-9f4a-35392d965d9b"},"timestamp":"2024-06-27 23:23:50"}
{"level":"info","message":{"body":"","method":"GET","params":{},"query":{},"url":"/profile/id_person/a6cc064d-e89f-4598-9f4a-35392d965d9b"},"timestamp":"2024-06-27 23:23:50"}
{"level":"info","message":{"body":"","method":"GET","params":{},"query":{},"url":"/person/personId/getPerson/a6cc064d-e89f-4598-9f4a-35392d965d9b"},"timestamp":"2024-06-27 23:23:50"}
{"level":"info","message":{"body":"","method":"GET","params":{"id_person":"a6cc064d-e89f-4598-9f4a-35392d965d9b"},"query":{},"url":"/profile/id_person/a6cc064d-e89f-4598-9f4a-35392d965d9b"},"timestamp":"2024-06-27 23:23:50"}
{"level":"info","message":{"body":"","method":"GET","params":{"id_person":"a6cc064d-e89f-4598-9f4a-35392d965d9b"},"query":{},"url":"/person/personId/getPerson/a6cc064d-e89f-4598-9f4a-35392d965d9b"},"timestamp":"2024-06-27 23:23:50"}
{"level":"info","message":{"body":"","method":"GET","params":{},"query":{},"url":"/profile/id_person/a6cc064d-e89f-4598-9f4a-35392d965d9b"},"timestamp":"2024-06-27 23:24:16"}
{"level":"info","message":{"body":"","method":"GET","params":{},"query":{},"url":"/person/personId/getPerson/a6cc064d-e89f-4598-9f4a-35392d965d9b"},"timestamp":"2024-06-27 23:24:16"}
{"level":"info","message":{"body":"","method":"GET","params":{"id_person":"a6cc064d-e89f-4598-9f4a-35392d965d9b"},"query":{},"url":"/profile/id_person/a6cc064d-e89f-4598-9f4a-35392d965d9b"},"timestamp":"2024-06-27 23:24:16"}
{"level":"info","message":{"body":"","method":"GET","params":{"id_person":"a6cc064d-e89f-4598-9f4a-35392d965d9b"},"query":{},"url":"/person/personId/getPerson/a6cc064d-e89f-4598-9f4a-35392d965d9b"},"timestamp":"2024-06-27 23:24:16"}
{"level":"info","message":{"body":"","method":"GET","params":{},"query":{},"url":"/profile/id_person/a6cc064d-e89f-4598-9f4a-35392d965d9b"},"timestamp":"2024-06-27 23:25:02"}
{"level":"info","message":{"body":"","method":"GET","params":{},"query":{},"url":"/person/personId/getPerson/a6cc064d-e89f-4598-9f4a-35392d965d9b"},"timestamp":"2024-06-27 23:25:02"}
{"level":"info","message":{"body":"","method":"GET","params":{"id_person":"a6cc064d-e89f-4598-9f4a-35392d965d9b"},"query":{},"url":"/person/personId/getPerson/a6cc064d-e89f-4598-9f4a-35392d965d9b"},"timestamp":"2024-06-27 23:25:03"}
{"level":"info","message":{"body":"","method":"GET","params":{"id_person":"a6cc064d-e89f-4598-9f4a-35392d965d9b"},"query":{},"url":"/profile/id_person/a6cc064d-e89f-4598-9f4a-35392d965d9b"},"timestamp":"2024-06-27 23:25:03"}
{"level":"info","message":{"body":"","method":"GET","params":{},"query":{},"url":"/profile/id_person/a6cc064d-e89f-4598-9f4a-35392d965d9b"},"timestamp":"2024-06-27 23:26:55"}
{"level":"info","message":{"body":"","method":"GET","params":{},"query":{},"url":"/person/personId/getPerson/a6cc064d-e89f-4598-9f4a-35392d965d9b"},"timestamp":"2024-06-27 23:26:55"}
{"level":"info","message":{"body":"","method":"GET","params":{"id_person":"a6cc064d-e89f-4598-9f4a-35392d965d9b"},"query":{},"url":"/person/personId/getPerson/a6cc064d-e89f-4598-9f4a-35392d965d9b"},"timestamp":"2024-06-27 23:26:55"}
{"level":"info","message":{"body":"","method":"GET","params":{},"query":{},"url":"/person/personId/getPerson/a6cc064d-e89f-4598-9f4a-35392d965d9b"},"timestamp":"2024-06-27 23:26:55"}
{"level":"info","message":{"body":"","method":"GET","params":{"id_person":"a6cc064d-e89f-4598-9f4a-35392d965d9b"},"query":{},"url":"/profile/id_person/a6cc064d-e89f-4598-9f4a-35392d965d9b"},"timestamp":"2024-06-27 23:26:55"}
{"level":"info","message":{"body":"","method":"GET","params":{},"query":{},"url":"/profile/id_person/a6cc064d-e89f-4598-9f4a-35392d965d9b"},"timestamp":"2024-06-27 23:26:55"}
{"level":"info","message":{"body":"","method":"GET","params":{"id_person":"a6cc064d-e89f-4598-9f4a-35392d965d9b"},"query":{},"url":"/person/personId/getPerson/a6cc064d-e89f-4598-9f4a-35392d965d9b"},"timestamp":"2024-06-27 23:26:55"}
{"level":"info","message":{"body":"","method":"GET","params":{"id_person":"a6cc064d-e89f-4598-9f4a-35392d965d9b"},"query":{},"url":"/profile/id_person/a6cc064d-e89f-4598-9f4a-35392d965d9b"},"timestamp":"2024-06-27 23:26:55"}
{"level":"info","message":{"body":"","method":"DELETE","params":{},"query":"","url":"/profile/id/99a1cd96-4b1d-4100-9255-1fab9d05e271"},"timestamp":"2024-06-27 23:27:01"}
{"level":"info","message":{"body":"","method":"DELETE","params":{},"query":"","url":"/user/id/0ad5dd1a-f798-448a-9ded-4d27db3d6255"},"timestamp":"2024-06-27 23:27:01"}
{"level":"info","message":{"body":"","method":"DELETE","params":{},"query":"","url":"/person/id/a6cc064d-e89f-4598-9f4a-35392d965d9b"},"timestamp":"2024-06-27 23:27:01"}
{"level":"info","message":{"body":"","method":"DELETE","params":{"id":"99a1cd96-4b1d-4100-9255-1fab9d05e271"},"query":"","url":"/profile/id/99a1cd96-4b1d-4100-9255-1fab9d05e271"},"timestamp":"2024-06-27 23:27:01"}
{"level":"info","message":{"body":"","method":"DELETE","params":{"id":"0ad5dd1a-f798-448a-9ded-4d27db3d6255"},"query":"","url":"/user/id/0ad5dd1a-f798-448a-9ded-4d27db3d6255"},"timestamp":"2024-06-27 23:27:02"}
{"level":"info","message":{"body":"","method":"DELETE","params":{"id":"a6cc064d-e89f-4598-9f4a-35392d965d9b"},"query":"","url":"/person/id/a6cc064d-e89f-4598-9f4a-35392d965d9b"},"timestamp":"2024-06-27 23:27:02"}
{"level":"info","message":{"body":{"email":"ricardo@acevedo.cl","password":"ricardo123"},"method":"POST","params":"","query":"","url":"/user/validate"},"timestamp":"2024-06-27 23:27:48"}
{"level":"error","message":{"body":{"email":"ricardo@acevedo.cl","password":"ricardo123"},"error":"Usuario no encontrado","method":"POST","params":"","query":"","url":"/user/validate"},"timestamp":"2024-06-27 23:27:49"}
{"level":"info","message":{"body":{"email":"ricardo@acevedo.cl","password":"ricardo123"},"method":"POST","params":"","query":"","url":"/user/validate"},"timestamp":"2024-06-27 23:34:11"}
{"level":"info","message":{"body":{"email":"ricardo@acevedo.cl","password":"ricardo123"},"method":"POST","params":"","query":"","url":"/user/validate"},"timestamp":"2024-06-27 23:34:12"}
{"level":"info","message":{"body":"","method":"GET","params":{},"query":{},"url":"/profile/id_person/a6cc064d-e89f-4598-9f4a-35392d965d9b"},"timestamp":"2024-06-27 23:34:12"}
{"level":"info","message":{"body":"","method":"GET","params":{},"query":{},"url":"/person/personId/getPerson/a6cc064d-e89f-4598-9f4a-35392d965d9b"},"timestamp":"2024-06-27 23:34:12"}
{"level":"info","message":{"body":"","method":"GET","params":{"id_person":"a6cc064d-e89f-4598-9f4a-35392d965d9b"},"query":{},"url":"/profile/id_person/a6cc064d-e89f-4598-9f4a-35392d965d9b"},"timestamp":"2024-06-27 23:34:12"}
{"level":"info","message":{"body":"","method":"GET","params":{},"query":{},"url":"/profile/id_person/a6cc064d-e89f-4598-9f4a-35392d965d9b"},"timestamp":"2024-06-27 23:34:12"}
{"level":"info","message":{"body":"","method":"GET","params":{"id_person":"a6cc064d-e89f-4598-9f4a-35392d965d9b"},"query":{},"url":"/profile/id_person/a6cc064d-e89f-4598-9f4a-35392d965d9b"},"timestamp":"2024-06-27 23:34:12"}
{"level":"info","message":{"body":"","method":"GET","params":{"id_person":"a6cc064d-e89f-4598-9f4a-35392d965d9b"},"query":{},"url":"/person/personId/getPerson/a6cc064d-e89f-4598-9f4a-35392d965d9b"},"timestamp":"2024-06-27 23:34:13"}
{"level":"info","message":{"body":"","method":"GET","params":{},"query":{},"url":"/person/personId/getPerson/a6cc064d-e89f-4598-9f4a-35392d965d9b"},"timestamp":"2024-06-27 23:34:13"}
{"level":"info","message":{"body":"","method":"GET","params":{"id_person":"a6cc064d-e89f-4598-9f4a-35392d965d9b"},"query":{},"url":"/person/personId/getPerson/a6cc064d-e89f-4598-9f4a-35392d965d9b"},"timestamp":"2024-06-27 23:34:13"}
{"level":"info","message":{"body":"","method":"GET","params":{},"query":{},"url":"/profile/id_person/a6cc064d-e89f-4598-9f4a-35392d965d9b"},"timestamp":"2024-06-27 23:34:17"}
{"level":"info","message":{"body":"","method":"GET","params":{},"query":{},"url":"/person/personId/getPerson/a6cc064d-e89f-4598-9f4a-35392d965d9b"},"timestamp":"2024-06-27 23:34:17"}
{"level":"info","message":{"body":"","method":"GET","params":{"id_person":"a6cc064d-e89f-4598-9f4a-35392d965d9b"},"query":{},"url":"/person/personId/getPerson/a6cc064d-e89f-4598-9f4a-35392d965d9b"},"timestamp":"2024-06-27 23:34:17"}
{"level":"info","message":{"body":"","method":"GET","params":{"id_person":"a6cc064d-e89f-4598-9f4a-35392d965d9b"},"query":{},"url":"/profile/id_person/a6cc064d-e89f-4598-9f4a-35392d965d9b"},"timestamp":"2024-06-27 23:34:17"}
{"level":"info","message":{"body":"","method":"GET","params":{},"query":{},"url":"/person/personId/getPerson/a6cc064d-e89f-4598-9f4a-35392d965d9b"},"timestamp":"2024-06-27 23:34:17"}
{"level":"info","message":{"body":"","method":"GET","params":{},"query":{},"url":"/profile/id_person/a6cc064d-e89f-4598-9f4a-35392d965d9b"},"timestamp":"2024-06-27 23:34:17"}
{"level":"info","message":{"body":"","method":"GET","params":{"id_person":"a6cc064d-e89f-4598-9f4a-35392d965d9b"},"query":{},"url":"/profile/id_person/a6cc064d-e89f-4598-9f4a-35392d965d9b"},"timestamp":"2024-06-27 23:34:18"}
{"level":"info","message":{"body":"","method":"GET","params":{"id_person":"a6cc064d-e89f-4598-9f4a-35392d965d9b"},"query":{},"url":"/person/personId/getPerson/a6cc064d-e89f-4598-9f4a-35392d965d9b"},"timestamp":"2024-06-27 23:34:18"}
{"level":"info","message":{"body":"","method":"DELETE","params":{},"query":"","url":"/user/id/0ad5dd1a-f798-448a-9ded-4d27db3d6255"},"timestamp":"2024-06-27 23:36:45"}
{"level":"info","message":{"body":"","method":"DELETE","params":{},"query":"","url":"/profile/id/99a1cd96-4b1d-4100-9255-1fab9d05e271"},"timestamp":"2024-06-27 23:36:45"}
{"level":"info","message":{"body":"","method":"DELETE","params":{},"query":"","url":"/person/id/a6cc064d-e89f-4598-9f4a-35392d965d9b"},"timestamp":"2024-06-27 23:36:45"}
{"level":"info","message":{"body":"","method":"DELETE","params":{"id":"99a1cd96-4b1d-4100-9255-1fab9d05e271"},"query":"","url":"/profile/id/99a1cd96-4b1d-4100-9255-1fab9d05e271"},"timestamp":"2024-06-27 23:36:45"}
{"level":"info","message":{"body":"","method":"DELETE","params":{"id":"a6cc064d-e89f-4598-9f4a-35392d965d9b"},"query":"","url":"/person/id/a6cc064d-e89f-4598-9f4a-35392d965d9b"},"timestamp":"2024-06-27 23:36:45"}
{"level":"info","message":{"body":"","method":"DELETE","params":{"id":"0ad5dd1a-f798-448a-9ded-4d27db3d6255"},"query":"","url":"/user/id/0ad5dd1a-f798-448a-9ded-4d27db3d6255"},"timestamp":"2024-06-27 23:36:46"}
{"level":"info","message":{"body":{"email":"ricardo@acevedo.cl","password":"ricardo123"},"method":"POST","params":"","query":"","url":"/user/validate"},"timestamp":"2024-06-27 23:36:57"}
{"level":"error","message":{"body":{"email":"ricardo@acevedo.cl","password":"ricardo123"},"error":"Usuario no encontrado","method":"POST","params":"","query":"","url":"/user/validate"},"timestamp":"2024-06-27 23:36:58"}
{"level":"info","message":{"body":{"email":"esteban@diaz.cl","password":"esteban123"},"method":"POST","params":"","query":"","url":"/user/validate"},"timestamp":"2024-06-27 23:37:51"}
{"level":"info","message":{"body":{"email":"esteban@diaz.cl","password":"esteban123"},"method":"POST","params":"","query":"","url":"/user/validate"},"timestamp":"2024-06-27 23:37:52"}
{"level":"info","message":{"body":"","method":"GET","params":{},"query":{},"url":"/profile/id_person/64856186-6e05-4a3c-bf6a-ffe4e882d64b"},"timestamp":"2024-06-27 23:37:52"}
{"level":"info","message":{"body":"","method":"GET","params":{},"query":{},"url":"/person/personId/getPerson/64856186-6e05-4a3c-bf6a-ffe4e882d64b"},"timestamp":"2024-06-27 23:37:52"}
{"level":"info","message":{"body":"","method":"GET","params":{"id_person":"64856186-6e05-4a3c-bf6a-ffe4e882d64b"},"query":{},"url":"/profile/id_person/64856186-6e05-4a3c-bf6a-ffe4e882d64b"},"timestamp":"2024-06-27 23:37:52"}
{"level":"info","message":{"body":"","method":"GET","params":{},"query":{},"url":"/profile/id_person/64856186-6e05-4a3c-bf6a-ffe4e882d64b"},"timestamp":"2024-06-27 23:37:52"}
{"level":"info","message":{"body":"","method":"GET","params":{"id_person":"64856186-6e05-4a3c-bf6a-ffe4e882d64b"},"query":{},"url":"/profile/id_person/64856186-6e05-4a3c-bf6a-ffe4e882d64b"},"timestamp":"2024-06-27 23:37:52"}
{"level":"info","message":{"body":"","method":"GET","params":{"id_person":"64856186-6e05-4a3c-bf6a-ffe4e882d64b"},"query":{},"url":"/person/personId/getPerson/64856186-6e05-4a3c-bf6a-ffe4e882d64b"},"timestamp":"2024-06-27 23:37:52"}
{"level":"info","message":{"body":"","method":"GET","params":{},"query":{},"url":"/person/personId/getPerson/64856186-6e05-4a3c-bf6a-ffe4e882d64b"},"timestamp":"2024-06-27 23:37:52"}
{"level":"info","message":{"body":"","method":"GET","params":{"id_person":"64856186-6e05-4a3c-bf6a-ffe4e882d64b"},"query":{},"url":"/person/personId/getPerson/64856186-6e05-4a3c-bf6a-ffe4e882d64b"},"timestamp":"2024-06-27 23:37:52"}
{"level":"info","message":{"body":"","method":"GET","params":{},"query":{},"url":"/profile/id_person/64856186-6e05-4a3c-bf6a-ffe4e882d64b"},"timestamp":"2024-06-27 23:38:16"}
{"level":"info","message":{"body":"","method":"GET","params":{},"query":{},"url":"/person/personId/getPerson/64856186-6e05-4a3c-bf6a-ffe4e882d64b"},"timestamp":"2024-06-27 23:38:16"}
{"level":"info","message":{"body":"","method":"GET","params":{"id_person":"64856186-6e05-4a3c-bf6a-ffe4e882d64b"},"query":{},"url":"/profile/id_person/64856186-6e05-4a3c-bf6a-ffe4e882d64b"},"timestamp":"2024-06-27 23:38:16"}
{"level":"info","message":{"body":"","method":"GET","params":{"id_person":"64856186-6e05-4a3c-bf6a-ffe4e882d64b"},"query":{},"url":"/person/personId/getPerson/64856186-6e05-4a3c-bf6a-ffe4e882d64b"},"timestamp":"2024-06-27 23:38:16"}
{"level":"info","message":{"body":"","method":"GET","params":{},"query":{},"url":"/profile/id_person/64856186-6e05-4a3c-bf6a-ffe4e882d64b"},"timestamp":"2024-06-27 23:38:16"}
{"level":"info","message":{"body":"","method":"GET","params":{},"query":{},"url":"/person/personId/getPerson/64856186-6e05-4a3c-bf6a-ffe4e882d64b"},"timestamp":"2024-06-27 23:38:16"}
{"level":"info","message":{"body":"","method":"GET","params":{"id_person":"64856186-6e05-4a3c-bf6a-ffe4e882d64b"},"query":{},"url":"/profile/id_person/64856186-6e05-4a3c-bf6a-ffe4e882d64b"},"timestamp":"2024-06-27 23:38:16"}
{"level":"info","message":{"body":"","method":"GET","params":{"id_person":"64856186-6e05-4a3c-bf6a-ffe4e882d64b"},"query":{},"url":"/person/personId/getPerson/64856186-6e05-4a3c-bf6a-ffe4e882d64b"},"timestamp":"2024-06-27 23:38:16"}
{"level":"info","message":{"body":"","method":"GET","params":{},"query":{},"url":"/profile/id_person/64856186-6e05-4a3c-bf6a-ffe4e882d64b"},"timestamp":"2024-06-27 23:39:00"}
{"level":"info","message":{"body":"","method":"GET","params":{},"query":{},"url":"/person/personId/getPerson/64856186-6e05-4a3c-bf6a-ffe4e882d64b"},"timestamp":"2024-06-27 23:39:00"}
{"level":"info","message":{"body":"","method":"GET","params":{"id_person":"64856186-6e05-4a3c-bf6a-ffe4e882d64b"},"query":{},"url":"/profile/id_person/64856186-6e05-4a3c-bf6a-ffe4e882d64b"},"timestamp":"2024-06-27 23:39:01"}
{"level":"info","message":{"body":"","method":"GET","params":{},"query":{},"url":"/profile/id_person/64856186-6e05-4a3c-bf6a-ffe4e882d64b"},"timestamp":"2024-06-27 23:39:01"}
{"level":"info","message":{"body":"","method":"GET","params":{"id_person":"64856186-6e05-4a3c-bf6a-ffe4e882d64b"},"query":{},"url":"/person/personId/getPerson/64856186-6e05-4a3c-bf6a-ffe4e882d64b"},"timestamp":"2024-06-27 23:39:01"}
{"level":"info","message":{"body":"","method":"GET","params":{},"query":{},"url":"/person/personId/getPerson/64856186-6e05-4a3c-bf6a-ffe4e882d64b"},"timestamp":"2024-06-27 23:39:01"}
{"level":"info","message":{"body":"","method":"GET","params":{"id_person":"64856186-6e05-4a3c-bf6a-ffe4e882d64b"},"query":{},"url":"/profile/id_person/64856186-6e05-4a3c-bf6a-ffe4e882d64b"},"timestamp":"2024-06-27 23:39:01"}
{"level":"info","message":{"body":"","method":"GET","params":{"id_person":"64856186-6e05-4a3c-bf6a-ffe4e882d64b"},"query":{},"url":"/person/personId/getPerson/64856186-6e05-4a3c-bf6a-ffe4e882d64b"},"timestamp":"2024-06-27 23:39:01"}
{"level":"info","message":{"body":"","method":"GET","params":{},"query":{},"url":"/topic"},"timestamp":"2024-06-27 23:39:05"}
{"level":"info","message":{"body":"","method":"GET","params":{},"query":{},"url":"/interest"},"timestamp":"2024-06-27 23:39:05"}
{"level":"info","message":{"body":"","method":"GET","params":{},"query":{},"url":"/interest"},"timestamp":"2024-06-27 23:39:05"}
{"level":"info","message":{"body":"","method":"GET","params":{},"query":{},"url":"/topic"},"timestamp":"2024-06-27 23:39:05"}
{"level":"info","message":{"body":"","method":"GET","params":{},"query":{},"url":"/interest"},"timestamp":"2024-06-27 23:39:05"}
{"level":"info","message":{"body":"","method":"GET","params":{},"query":{},"url":"/topic"},"timestamp":"2024-06-27 23:39:05"}
{"level":"info","message":{"body":"","method":"GET","params":{},"query":{},"url":"/interest"},"timestamp":"2024-06-27 23:39:05"}
{"level":"info","message":{"body":"","method":"GET","params":{},"query":{},"url":"/topic"},"timestamp":"2024-06-27 23:39:05"}
{"level":"info","message":{"body":"","method":"GET","params":{},"query":{},"url":"/topic"},"timestamp":"2024-06-27 23:39:05"}
{"level":"info","message":{"body":"","method":"GET","params":{},"query":{},"url":"/topic"},"timestamp":"2024-06-27 23:39:05"}
{"level":"info","message":{"body":"","method":"GET","params":{},"query":{},"url":"/topic"},"timestamp":"2024-06-27 23:39:05"}
{"level":"info","message":{"body":"","method":"GET","params":{},"query":{},"url":"/topic"},"timestamp":"2024-06-27 23:39:05"}
{"level":"info","message":{"body":"","method":"GET","params":{},"query":{},"url":"/topic"},"timestamp":"2024-06-27 23:39:05"}
{"level":"info","message":{"body":"","method":"GET","params":{},"query":{},"url":"/topic"},"timestamp":"2024-06-27 23:39:05"}
{"level":"info","message":{"body":"","method":"GET","params":{},"query":{},"url":"/topic"},"timestamp":"2024-06-27 23:39:05"}
{"level":"info","message":{"body":"","method":"GET","params":{},"query":{},"url":"/topic"},"timestamp":"2024-06-27 23:39:05"}
{"level":"info","message":{"body":"","method":"GET","params":{},"query":{},"url":"/profile/id_person/64856186-6e05-4a3c-bf6a-ffe4e882d64b"},"timestamp":"2024-06-27 23:39:42"}
{"level":"info","message":{"body":"","method":"GET","params":{},"query":{},"url":"/person/personId/getPerson/64856186-6e05-4a3c-bf6a-ffe4e882d64b"},"timestamp":"2024-06-27 23:39:42"}
{"level":"info","message":{"body":"","method":"GET","params":{"id_person":"64856186-6e05-4a3c-bf6a-ffe4e882d64b"},"query":{},"url":"/person/personId/getPerson/64856186-6e05-4a3c-bf6a-ffe4e882d64b"},"timestamp":"2024-06-27 23:39:43"}
{"level":"info","message":{"body":"","method":"GET","params":{"id_person":"64856186-6e05-4a3c-bf6a-ffe4e882d64b"},"query":{},"url":"/profile/id_person/64856186-6e05-4a3c-bf6a-ffe4e882d64b"},"timestamp":"2024-06-27 23:39:43"}
{"level":"info","message":{"body":"","method":"GET","params":{},"query":{},"url":"/person/personId/getPerson/64856186-6e05-4a3c-bf6a-ffe4e882d64b"},"timestamp":"2024-06-27 23:39:43"}
{"level":"info","message":{"body":"","method":"GET","params":{},"query":{},"url":"/profile/id_person/64856186-6e05-4a3c-bf6a-ffe4e882d64b"},"timestamp":"2024-06-27 23:39:43"}
{"level":"info","message":{"body":"","method":"GET","params":{"id_person":"64856186-6e05-4a3c-bf6a-ffe4e882d64b"},"query":{},"url":"/profile/id_person/64856186-6e05-4a3c-bf6a-ffe4e882d64b"},"timestamp":"2024-06-27 23:39:43"}
{"level":"info","message":{"body":"","method":"GET","params":{"id_person":"64856186-6e05-4a3c-bf6a-ffe4e882d64b"},"query":{},"url":"/person/personId/getPerson/64856186-6e05-4a3c-bf6a-ffe4e882d64b"},"timestamp":"2024-06-27 23:39:43"}
{"level":"info","message":{"body":"","method":"GET","params":{},"query":{},"url":"/profile/id_person/64856186-6e05-4a3c-bf6a-ffe4e882d64b"},"timestamp":"2024-06-27 23:39:50"}
{"level":"info","message":{"body":"","method":"GET","params":{},"query":{},"url":"/person/personId/getPerson/64856186-6e05-4a3c-bf6a-ffe4e882d64b"},"timestamp":"2024-06-27 23:39:50"}
{"level":"info","message":{"body":"","method":"GET","params":{"id_person":"64856186-6e05-4a3c-bf6a-ffe4e882d64b"},"query":{},"url":"/person/personId/getPerson/64856186-6e05-4a3c-bf6a-ffe4e882d64b"},"timestamp":"2024-06-27 23:39:50"}
{"level":"info","message":{"body":"","method":"GET","params":{},"query":{},"url":"/person/personId/getPerson/64856186-6e05-4a3c-bf6a-ffe4e882d64b"},"timestamp":"2024-06-27 23:39:50"}
{"level":"info","message":{"body":"","method":"GET","params":{"id_person":"64856186-6e05-4a3c-bf6a-ffe4e882d64b"},"query":{},"url":"/profile/id_person/64856186-6e05-4a3c-bf6a-ffe4e882d64b"},"timestamp":"2024-06-27 23:39:50"}
{"level":"info","message":{"body":"","method":"GET","params":{},"query":{},"url":"/profile/id_person/64856186-6e05-4a3c-bf6a-ffe4e882d64b"},"timestamp":"2024-06-27 23:39:50"}
{"level":"info","message":{"body":"","method":"GET","params":{"id_person":"64856186-6e05-4a3c-bf6a-ffe4e882d64b"},"query":{},"url":"/person/personId/getPerson/64856186-6e05-4a3c-bf6a-ffe4e882d64b"},"timestamp":"2024-06-27 23:39:50"}
{"level":"info","message":{"body":"","method":"GET","params":{"id_person":"64856186-6e05-4a3c-bf6a-ffe4e882d64b"},"query":{},"url":"/profile/id_person/64856186-6e05-4a3c-bf6a-ffe4e882d64b"},"timestamp":"2024-06-27 23:39:50"}
{"level":"info","message":{"body":"","method":"GET","params":{},"query":{},"url":"/topic"},"timestamp":"2024-06-27 23:39:52"}
{"level":"info","message":{"body":"","method":"GET","params":{},"query":{},"url":"/interest"},"timestamp":"2024-06-27 23:39:52"}
{"level":"info","message":{"body":"","method":"GET","params":{},"query":{},"url":"/interest"},"timestamp":"2024-06-27 23:39:52"}
{"level":"info","message":{"body":"","method":"GET","params":{},"query":{},"url":"/interest"},"timestamp":"2024-06-27 23:39:52"}
{"level":"info","message":{"body":"","method":"GET","params":{},"query":{},"url":"/topic"},"timestamp":"2024-06-27 23:39:52"}
{"level":"info","message":{"body":"","method":"GET","params":{},"query":{},"url":"/topic"},"timestamp":"2024-06-27 23:39:52"}
{"level":"info","message":{"body":"","method":"GET","params":{},"query":{},"url":"/interest"},"timestamp":"2024-06-27 23:39:52"}
{"level":"info","message":{"body":"","method":"GET","params":{},"query":{},"url":"/topic"},"timestamp":"2024-06-27 23:39:52"}
{"level":"info","message":{"body":"","method":"GET","params":{},"query":{},"url":"/topic"},"timestamp":"2024-06-27 23:39:52"}
{"level":"info","message":{"body":"","method":"GET","params":{},"query":{},"url":"/topic"},"timestamp":"2024-06-27 23:39:52"}
{"level":"info","message":{"body":"","method":"GET","params":{},"query":{},"url":"/topic"},"timestamp":"2024-06-27 23:39:52"}
{"level":"info","message":{"body":"","method":"GET","params":{},"query":{},"url":"/topic"},"timestamp":"2024-06-27 23:39:52"}
{"level":"info","message":{"body":"","method":"GET","params":{},"query":{},"url":"/topic"},"timestamp":"2024-06-27 23:39:52"}
{"level":"info","message":{"body":"","method":"GET","params":{},"query":{},"url":"/topic"},"timestamp":"2024-06-27 23:39:52"}
{"level":"info","message":{"body":"","method":"GET","params":{},"query":{},"url":"/topic"},"timestamp":"2024-06-27 23:39:52"}
{"level":"info","message":{"body":"","method":"GET","params":{},"query":{},"url":"/topic"},"timestamp":"2024-06-27 23:39:52"}
{"level":"info","message":{"body":"","method":"GET","params":{},"query":{},"url":"/message_topic"},"timestamp":"2024-06-27 23:40:00"}
{"level":"info","message":{"body":"","method":"GET","params":{},"query":{},"url":"/topic/id/a4e6606d-acf0-4729-8b1b-dee1392a48ba"},"timestamp":"2024-06-27 23:40:00"}
{"level":"info","message":{"body":"","method":"GET","params":{"id":"a4e6606d-acf0-4729-8b1b-dee1392a48ba"},"query":{},"url":"/topic/id/a4e6606d-acf0-4729-8b1b-dee1392a48ba"},"timestamp":"2024-06-27 23:40:00"}
{"level":"info","message":{"body":"","method":"GET","params":{},"query":{},"url":"/topic/id/a4e6606d-acf0-4729-8b1b-dee1392a48ba"},"timestamp":"2024-06-27 23:40:00"}
{"level":"info","message":{"body":"","method":"GET","params":{},"query":{},"url":"/message_topic"},"timestamp":"2024-06-27 23:40:00"}
{"level":"info","message":{"body":"","method":"GET","params":{},"query":{},"url":"/message_topic"},"timestamp":"2024-06-27 23:40:00"}
{"level":"info","message":{"body":"","method":"GET","params":{"id":"a4e6606d-acf0-4729-8b1b-dee1392a48ba"},"query":{},"url":"/topic/id/a4e6606d-acf0-4729-8b1b-dee1392a48ba"},"timestamp":"2024-06-27 23:40:00"}
{"level":"info","message":{"body":"","method":"GET","params":{},"query":{},"url":"/message_topic"},"timestamp":"2024-06-27 23:40:00"}
{"level":"info","message":{"body":"","method":"GET","params":{},"query":{},"url":"/topic"},"timestamp":"2024-06-27 23:40:05"}
{"level":"info","message":{"body":"","method":"GET","params":{},"query":{},"url":"/interest"},"timestamp":"2024-06-27 23:40:05"}
{"level":"info","message":{"body":"","method":"GET","params":{},"query":{},"url":"/interest"},"timestamp":"2024-06-27 23:40:05"}
{"level":"info","message":{"body":"","method":"GET","params":{},"query":{},"url":"/interest"},"timestamp":"2024-06-27 23:40:05"}
{"level":"info","message":{"body":"","method":"GET","params":{},"query":{},"url":"/topic"},"timestamp":"2024-06-27 23:40:05"}
{"level":"info","message":{"body":"","method":"GET","params":{},"query":{},"url":"/topic"},"timestamp":"2024-06-27 23:40:05"}
{"level":"info","message":{"body":"","method":"GET","params":{},"query":{},"url":"/interest"},"timestamp":"2024-06-27 23:40:05"}
{"level":"info","message":{"body":"","method":"GET","params":{},"query":{},"url":"/topic"},"timestamp":"2024-06-27 23:40:05"}
{"level":"info","message":{"body":"","method":"GET","params":{},"query":{},"url":"/topic"},"timestamp":"2024-06-27 23:40:05"}
{"level":"info","message":{"body":"","method":"GET","params":{},"query":{},"url":"/topic"},"timestamp":"2024-06-27 23:40:05"}
{"level":"info","message":{"body":"","method":"GET","params":{},"query":{},"url":"/topic"},"timestamp":"2024-06-27 23:40:05"}
{"level":"info","message":{"body":"","method":"GET","params":{},"query":{},"url":"/topic"},"timestamp":"2024-06-27 23:40:05"}
{"level":"info","message":{"body":"","method":"GET","params":{},"query":{},"url":"/topic"},"timestamp":"2024-06-27 23:40:05"}
{"level":"info","message":{"body":"","method":"GET","params":{},"query":{},"url":"/topic"},"timestamp":"2024-06-27 23:40:06"}
{"level":"info","message":{"body":"","method":"GET","params":{},"query":{},"url":"/topic"},"timestamp":"2024-06-27 23:40:06"}
{"level":"info","message":{"body":"","method":"GET","params":{},"query":{},"url":"/topic"},"timestamp":"2024-06-27 23:40:06"}
{"level":"info","message":{"body":"","method":"GET","params":{},"query":{},"url":"/message_topic"},"timestamp":"2024-06-27 23:40:26"}
{"level":"info","message":{"body":"","method":"GET","params":{},"query":{},"url":"/topic/id/c3bdbae5-22ef-4cf6-8cf3-64774ce76ca6"},"timestamp":"2024-06-27 23:40:26"}
{"level":"info","message":{"body":"","method":"GET","params":{},"query":{},"url":"/message_topic"},"timestamp":"2024-06-27 23:40:26"}
{"level":"info","message":{"body":"","method":"GET","params":{},"query":{},"url":"/message_topic"},"timestamp":"2024-06-27 23:40:26"}
{"level":"info","message":{"body":"","method":"GET","params":{"id":"c3bdbae5-22ef-4cf6-8cf3-64774ce76ca6"},"query":{},"url":"/topic/id/c3bdbae5-22ef-4cf6-8cf3-64774ce76ca6"},"timestamp":"2024-06-27 23:40:26"}
{"level":"info","message":{"body":"","method":"GET","params":{},"query":{},"url":"/topic/id/c3bdbae5-22ef-4cf6-8cf3-64774ce76ca6"},"timestamp":"2024-06-27 23:40:26"}
{"level":"info","message":{"body":"","method":"GET","params":{},"query":{},"url":"/message_topic"},"timestamp":"2024-06-27 23:40:27"}
{"level":"info","message":{"body":"","method":"GET","params":{"id":"c3bdbae5-22ef-4cf6-8cf3-64774ce76ca6"},"query":{},"url":"/topic/id/c3bdbae5-22ef-4cf6-8cf3-64774ce76ca6"},"timestamp":"2024-06-27 23:40:27"}
{"level":"info","message":{"body":"","method":"GET","params":{},"query":{},"url":"/topic"},"timestamp":"2024-06-27 23:40:36"}
{"level":"info","message":{"body":"","method":"GET","params":{},"query":{},"url":"/interest"},"timestamp":"2024-06-27 23:40:36"}
{"level":"info","message":{"body":"","method":"GET","params":{},"query":{},"url":"/interest"},"timestamp":"2024-06-27 23:40:36"}
{"level":"info","message":{"body":"","method":"GET","params":{},"query":{},"url":"/interest"},"timestamp":"2024-06-27 23:40:36"}
{"level":"info","message":{"body":"","method":"GET","params":{},"query":{},"url":"/topic"},"timestamp":"2024-06-27 23:40:36"}
{"level":"info","message":{"body":"","method":"GET","params":{},"query":{},"url":"/topic"},"timestamp":"2024-06-27 23:40:36"}
{"level":"info","message":{"body":"","method":"GET","params":{},"query":{},"url":"/interest"},"timestamp":"2024-06-27 23:40:36"}
{"level":"info","message":{"body":"","method":"GET","params":{},"query":{},"url":"/topic"},"timestamp":"2024-06-27 23:40:36"}
{"level":"info","message":{"body":"","method":"GET","params":{},"query":{},"url":"/topic"},"timestamp":"2024-06-27 23:40:36"}
{"level":"info","message":{"body":"","method":"GET","params":{},"query":{},"url":"/topic"},"timestamp":"2024-06-27 23:40:37"}
{"level":"info","message":{"body":"","method":"GET","params":{},"query":{},"url":"/topic"},"timestamp":"2024-06-27 23:40:37"}
{"level":"info","message":{"body":"","method":"GET","params":{},"query":{},"url":"/topic"},"timestamp":"2024-06-27 23:40:37"}
{"level":"info","message":{"body":"","method":"GET","params":{},"query":{},"url":"/topic"},"timestamp":"2024-06-27 23:40:37"}
{"level":"info","message":{"body":"","method":"GET","params":{},"query":{},"url":"/topic"},"timestamp":"2024-06-27 23:40:37"}
{"level":"info","message":{"body":"","method":"GET","params":{},"query":{},"url":"/topic"},"timestamp":"2024-06-27 23:40:37"}
{"level":"info","message":{"body":"","method":"GET","params":{},"query":{},"url":"/topic"},"timestamp":"2024-06-27 23:40:37"}
{"level":"info","message":{"body":"","method":"GET","params":{},"query":{},"url":"/message_topic"},"timestamp":"2024-06-27 23:40:39"}
{"level":"info","message":{"body":"","method":"GET","params":{},"query":{},"url":"/topic/id/5fe42d34-dcd8-4485-b31c-05045cefbee7"},"timestamp":"2024-06-27 23:40:39"}
{"level":"info","message":{"body":"","method":"GET","params":{"id":"5fe42d34-dcd8-4485-b31c-05045cefbee7"},"query":{},"url":"/topic/id/5fe42d34-dcd8-4485-b31c-05045cefbee7"},"timestamp":"2024-06-27 23:40:39"}
{"level":"info","message":{"body":"","method":"GET","params":{},"query":{},"url":"/message_topic"},"timestamp":"2024-06-27 23:40:39"}
{"level":"info","message":{"body":"","method":"GET","params":{},"query":{},"url":"/topic/id/5fe42d34-dcd8-4485-b31c-05045cefbee7"},"timestamp":"2024-06-27 23:40:39"}
{"level":"info","message":{"body":"","method":"GET","params":{},"query":{},"url":"/message_topic"},"timestamp":"2024-06-27 23:40:39"}
{"level":"info","message":{"body":"","method":"GET","params":{},"query":{},"url":"/message_topic"},"timestamp":"2024-06-27 23:40:40"}
{"level":"info","message":{"body":"","method":"GET","params":{"id":"5fe42d34-dcd8-4485-b31c-05045cefbee7"},"query":{},"url":"/topic/id/5fe42d34-dcd8-4485-b31c-05045cefbee7"},"timestamp":"2024-06-27 23:40:40"}
{"level":"info","message":"🚀API listening port 3000","timestamp":"2024-06-27 23:45:48"}
{"level":"info","message":"Database connected","timestamp":"2024-06-27 23:45:49","util":"database"}
{"level":"info","message":"🚀API listening port 3000","timestamp":"2024-06-28 00:04:30"}
{"level":"info","message":"Database connected","timestamp":"2024-06-28 00:04:30","util":"database"}
{"level":"info","message":{"body":{"email":"esteban@diaz.cl","password":"esteban123"},"method":"POST","params":"","query":"","url":"/user/validate"},"timestamp":"2024-06-28 00:04:38"}
{"level":"info","message":{"body":{"email":"esteban@diaz.cl","password":"esteban123"},"method":"POST","params":"","query":"","url":"/user/validate"},"timestamp":"2024-06-28 00:04:39"}
{"level":"info","message":{"body":"","method":"GET","params":{},"query":{},"url":"/topic"},"timestamp":"2024-06-28 00:04:45"}
{"level":"info","message":{"body":"","method":"GET","params":{},"query":{},"url":"/interest"},"timestamp":"2024-06-28 00:04:45"}
{"level":"info","message":{"body":"","method":"GET","params":{},"query":{},"url":"/topic"},"timestamp":"2024-06-28 00:04:46"}
{"level":"info","message":{"body":"","method":"GET","params":{},"query":{},"url":"/topic"},"timestamp":"2024-06-28 00:04:46"}
{"level":"info","message":{"body":"","method":"GET","params":{},"query":{},"url":"/topic"},"timestamp":"2024-06-28 00:04:46"}
{"level":"info","message":{"body":"","method":"GET","params":{},"query":{},"url":"/topic"},"timestamp":"2024-06-28 00:04:46"}
{"level":"info","message":{"body":"","method":"GET","params":{},"query":{},"url":"/topic"},"timestamp":"2024-06-28 00:04:46"}
{"level":"info","message":{"body":"","method":"GET","params":{},"query":{},"url":"/topic"},"timestamp":"2024-06-28 00:04:46"}
{"level":"info","message":{"body":"","method":"GET","params":{},"query":{},"url":"/topic"},"timestamp":"2024-06-28 00:04:46"}
{"level":"info","message":{"body":"","method":"GET","params":{},"query":{},"url":"/topic"},"timestamp":"2024-06-28 00:04:46"}
{"level":"info","message":{"body":"","method":"GET","params":{},"query":{},"url":"/topic"},"timestamp":"2024-06-28 00:04:46"}
{"level":"info","message":{"body":"","method":"GET","params":{},"query":{},"url":"/topic"},"timestamp":"2024-06-28 00:04:46"}
{"level":"info","message":{"body":"","method":"GET","params":{},"query":{},"url":"/interest"},"timestamp":"2024-06-28 00:04:46"}
{"level":"info","message":{"body":"","method":"GET","params":{},"query":{},"url":"/interest"},"timestamp":"2024-06-28 00:04:46"}
{"level":"info","message":{"body":"","method":"GET","params":{},"query":{},"url":"/topic"},"timestamp":"2024-06-28 00:04:46"}
{"level":"info","message":{"body":"","method":"GET","params":{},"query":{},"url":"/interest"},"timestamp":"2024-06-28 00:04:46"}
