{"level":"info","message":"🚀API listening port 3000","timestamp":"2024-06-21 00:20:32"}
{"level":"info","message":"Database connected","timestamp":"2024-06-21 00:20:33","util":"database"}
{"level":"info","message":{"body":"","method":"GET","params":{},"query":{},"url":"/topic/"},"timestamp":"2024-06-21 00:21:02"}
{"level":"error","message":{"body":"","error":"relation \"app.image\" does not exist","method":"GET","params":{},"query":{},"url":"/topic/"},"timestamp":"2024-06-21 00:21:03"}
{"level":"info","message":{"body":"","method":"GET","params":{},"query":{},"url":"/topic/"},"timestamp":"2024-06-21 00:21:08"}
{"level":"error","message":{"body":"","error":"relation \"app.image\" does not exist","method":"GET","params":{},"query":{},"url":"/topic/"},"timestamp":"2024-06-21 00:21:09"}
{"level":"info","message":{"body":"","method":"GET","params":{},"query":{},"url":"/topic/"},"timestamp":"2024-06-21 00:23:02"}
{"level":"error","message":{"body":"","error":"relation \"app.image\" does not exist","method":"GET","params":{},"query":{},"url":"/topic/"},"timestamp":"2024-06-21 00:23:02"}
{"level":"info","message":{"body":"","method":"GET","params":{},"query":{},"url":"/topic/"},"timestamp":"2024-06-21 00:23:42"}
{"level":"error","message":{"body":"","error":"relation \"app.image\" does not exist","method":"GET","params":{},"query":{},"url":"/topic/"},"timestamp":"2024-06-21 00:23:43"}
{"level":"info","message":{"body":"","method":"GET","params":{},"query":{},"url":"/topic/"},"timestamp":"2024-06-21 00:23:44"}
{"level":"error","message":{"body":"","error":"relation \"app.image\" does not exist","method":"GET","params":{},"query":{},"url":"/topic/"},"timestamp":"2024-06-21 00:23:45"}
{"level":"info","message":{"body":"","method":"GET","params":{},"query":{},"url":"/topic/"},"timestamp":"2024-06-21 00:23:50"}
{"level":"error","message":{"body":"","error":"relation \"app.image\" does not exist","method":"GET","params":{},"query":{},"url":"/topic/"},"timestamp":"2024-06-21 00:23:51"}
{"level":"info","message":"🚀API listening port 3000","timestamp":"2024-06-21 00:25:20"}
{"level":"info","message":"Database connected","timestamp":"2024-06-21 00:25:21","util":"database"}
{"level":"info","message":{"body":"","method":"GET","params":{},"query":{},"url":"/topic/"},"timestamp":"2024-06-21 00:25:25"}
{"level":"info","message":{"body":"","method":"GET","params":{},"query":{},"url":"/topic/"},"timestamp":"2024-06-21 00:25:25"}
{"level":"info","message":"🚀API listening port 3000","timestamp":"2024-06-21 00:27:01"}
{"level":"info","message":"Database connected","timestamp":"2024-06-21 00:27:01","util":"database"}
{"level":"info","message":{"body":"","method":"GET","params":{},"query":{},"url":"/topic/id/e3a531f8-809e-4edc-8b28-28558f5c6cb7"},"timestamp":"2024-06-21 00:27:12"}
{"level":"info","message":{"body":"","method":"GET","params":{"id":"e3a531f8-809e-4edc-8b28-28558f5c6cb7"},"query":{},"url":"/topic/id/e3a531f8-809e-4edc-8b28-28558f5c6cb7"},"timestamp":"2024-06-21 00:27:12"}
{"level":"info","message":{"body":"","method":"GET","params":{},"query":{},"url":"/topic/idPerson/d0260c49-9184-4fe7-a76d-7c5b814ddb06"},"timestamp":"2024-06-21 00:27:20"}
{"level":"info","message":{"body":"","method":"GET","params":{"id_person":"d0260c49-9184-4fe7-a76d-7c5b814ddb06"},"query":{},"url":"/topic/idPerson/d0260c49-9184-4fe7-a76d-7c5b814ddb06"},"timestamp":"2024-06-21 00:27:20"}
{"level":"info","message":{"body":{"content":"contenido test 2 pa postman","id_interest":"95c1cdc4-899a-4a11-8aa1-e526fa6551b3","id_person":"d0260c49-9184-4fe7-a76d-7c5b814ddb06","title":"test 2"},"method":"POST","params":"","query":"","url":"/topic/"},"timestamp":"2024-06-21 00:28:29"}
{"level":"info","message":{"body":{"content":"contenido test 2 pa postman","id_interest":"95c1cdc4-899a-4a11-8aa1-e526fa6551b3","id_person":"d0260c49-9184-4fe7-a76d-7c5b814ddb06","title":"test 2"},"method":"POST","params":"","query":"","url":"/topic/"},"timestamp":"2024-06-21 00:28:30"}
{"level":"info","message":{"body":"","method":"GET","params":{},"query":{},"url":"/topic/"},"timestamp":"2024-06-21 00:28:50"}
{"level":"info","message":{"body":"","method":"GET","params":{},"query":{},"url":"/topic/"},"timestamp":"2024-06-21 00:28:51"}
{"level":"info","message":{"body":"","method":"DELETE","params":{},"query":"","url":"/topic/358c9b36-f7d0-4f0d-95ed-120aed29ddc7"},"timestamp":"2024-06-21 00:29:22"}
{"level":"error","message":{"body":"","error":"Not found","method":"DELETE","params":{},"query":"","url":"/topic/358c9b36-f7d0-4f0d-95ed-120aed29ddc7"},"timestamp":"2024-06-21 00:29:22"}
{"level":"info","message":{"body":"","method":"DELETE","params":{},"query":"","url":"/topic/358c9b36-f7d0-4f0d-95ed-120aed29ddc7"},"timestamp":"2024-06-21 00:30:43"}
{"level":"error","message":{"body":"","error":"Not found","method":"DELETE","params":{},"query":"","url":"/topic/358c9b36-f7d0-4f0d-95ed-120aed29ddc7"},"timestamp":"2024-06-21 00:30:43"}
{"level":"info","message":{"body":"","method":"DELETE","params":{},"query":"","url":"/topic/id/358c9b36-f7d0-4f0d-95ed-120aed29ddc7"},"timestamp":"2024-06-21 00:30:49"}
{"level":"info","message":{"body":"","method":"DELETE","params":{"id":"358c9b36-f7d0-4f0d-95ed-120aed29ddc7"},"query":"","url":"/topic/id/358c9b36-f7d0-4f0d-95ed-120aed29ddc7"},"timestamp":"2024-06-21 00:30:50"}
{"level":"info","message":"🚀API listening port 3000","timestamp":"2024-06-21 00:32:54"}
{"level":"info","message":"Database connected","timestamp":"2024-06-21 00:32:54","util":"database"}
{"level":"info","message":{"body":"","method":"GET","params":{},"query":{},"url":"/profile/"},"timestamp":"2024-06-21 00:33:22"}
{"level":"info","message":{"body":"","method":"GET","params":{},"query":{},"url":"/profile/"},"timestamp":"2024-06-21 00:33:23"}
{"level":"info","message":{"body":"","method":"GET","params":{},"query":{},"url":"/profile/id/498af297-ce80-4bae-abc2-d3a795a542bd"},"timestamp":"2024-06-21 00:33:29"}
{"level":"info","message":{"body":"","method":"GET","params":{"id":"498af297-ce80-4bae-abc2-d3a795a542bd"},"query":{},"url":"/profile/id/498af297-ce80-4bae-abc2-d3a795a542bd"},"timestamp":"2024-06-21 00:33:29"}
{"level":"info","message":{"body":"","method":"GET","params":{},"query":{},"url":"/profile/id_person/06f9530e-67de-41d9-a693-0e67ab347fc2"},"timestamp":"2024-06-21 00:33:35"}
{"level":"info","message":{"body":"","method":"GET","params":{"id_person":"06f9530e-67de-41d9-a693-0e67ab347fc2"},"query":{},"url":"/profile/id_person/06f9530e-67de-41d9-a693-0e67ab347fc2"},"timestamp":"2024-06-21 00:33:35"}
{"level":"info","message":{"body":"","method":"PUT","params":{},"query":"","url":"/profile/id/498af297-ce80-4bae-abc2-d3a795a542bd"},"timestamp":"2024-06-21 00:33:55"}
{"level":"info","message":{"body":"","method":"PUT","params":{"id":"498af297-ce80-4bae-abc2-d3a795a542bd"},"query":"","url":"/profile/id/498af297-ce80-4bae-abc2-d3a795a542bd"},"timestamp":"2024-06-21 00:33:56"}
{"level":"info","message":{"body":"","method":"GET","params":{},"query":{},"url":"/message_topic/"},"timestamp":"2024-06-21 00:34:19"}
{"level":"error","message":{"body":"","error":"column mtpc.id_file does not exist","method":"GET","params":{},"query":{},"url":"/message_topic/"},"timestamp":"2024-06-21 00:34:20"}
{"level":"info","message":"🚀API listening port 3000","timestamp":"2024-06-21 00:36:22"}
{"level":"info","message":"Database connected","timestamp":"2024-06-21 00:36:22","util":"database"}
{"level":"info","message":"🚀API listening port 3000","timestamp":"2024-06-21 00:40:09"}
{"level":"info","message":"Database connected","timestamp":"2024-06-21 00:40:10","util":"database"}
{"level":"info","message":{"body":"","method":"GET","params":{},"query":{},"url":"/message_topic/"},"timestamp":"2024-06-21 00:40:12"}
{"level":"info","message":{"body":"","method":"GET","params":{},"query":{},"url":"/message_topic/"},"timestamp":"2024-06-21 00:40:13"}
{"level":"info","message":"🚀API listening port 3000","timestamp":"2024-06-21 00:44:06"}
{"level":"info","message":"Database connected","timestamp":"2024-06-21 00:44:06","util":"database"}
{"level":"info","message":{"body":"","method":"GET","params":{},"query":{},"url":"/message_topic/id/f80c9bf8-92a6-4e63-b2f9-a0ea64b1cc8d"},"timestamp":"2024-06-21 00:44:10"}
{"level":"error","message":{"body":"","error":"column mtpc.id_file does not exist","method":"GET","params":{},"query":{},"url":"/message_topic/id/f80c9bf8-92a6-4e63-b2f9-a0ea64b1cc8d"},"timestamp":"2024-06-21 00:44:10"}
{"level":"info","message":"🚀API listening port 3000","timestamp":"2024-06-21 00:45:15"}
{"level":"info","message":"Database connected","timestamp":"2024-06-21 00:45:15","util":"database"}
{"level":"info","message":"🚀API listening port 3000","timestamp":"2024-06-21 00:45:44"}
{"level":"info","message":"Database connected","timestamp":"2024-06-21 00:45:45","util":"database"}
{"level":"info","message":{"body":"","method":"GET","params":{},"query":{},"url":"/message_topic/id/f80c9bf8-92a6-4e63-b2f9-a0ea64b1cc8d"},"timestamp":"2024-06-21 00:45:48"}
{"level":"error","message":{"body":"","error":"syntax error at or near \"med\"","method":"GET","params":{},"query":{},"url":"/message_topic/id/f80c9bf8-92a6-4e63-b2f9-a0ea64b1cc8d"},"timestamp":"2024-06-21 00:45:49"}
{"level":"info","message":{"body":"","method":"GET","params":{},"query":{},"url":"/message_topic/id/f80c9bf8-92a6-4e63-b2f9-a0ea64b1cc8d"},"timestamp":"2024-06-21 00:45:50"}
{"level":"error","message":{"body":"","error":"syntax error at or near \"med\"","method":"GET","params":{},"query":{},"url":"/message_topic/id/f80c9bf8-92a6-4e63-b2f9-a0ea64b1cc8d"},"timestamp":"2024-06-21 00:45:51"}
{"level":"info","message":"🚀API listening port 3000","timestamp":"2024-06-21 00:46:29"}
{"level":"info","message":"Database connected","timestamp":"2024-06-21 00:46:30","util":"database"}
{"level":"info","message":{"body":"","method":"GET","params":{},"query":{},"url":"/message_topic/id/f80c9bf8-92a6-4e63-b2f9-a0ea64b1cc8d"},"timestamp":"2024-06-21 00:46:36"}
{"level":"info","message":{"body":"","method":"GET","params":{"id":"f80c9bf8-92a6-4e63-b2f9-a0ea64b1cc8d"},"query":{},"url":"/message_topic/id/f80c9bf8-92a6-4e63-b2f9-a0ea64b1cc8d"},"timestamp":"2024-06-21 00:46:36"}
{"level":"info","message":{"body":"","method":"GET","params":{},"query":{},"url":"/message_topic/idPerson/64856186-6e05-4a3c-bf6a-ffe4e882d64b"},"timestamp":"2024-06-21 00:46:45"}
{"level":"info","message":{"body":"","method":"GET","params":{"id_person":"64856186-6e05-4a3c-bf6a-ffe4e882d64b"},"query":{},"url":"/message_topic/idPerson/64856186-6e05-4a3c-bf6a-ffe4e882d64b"},"timestamp":"2024-06-21 00:46:45"}
{"level":"info","message":{"body":"","method":"GET","params":{},"query":{},"url":"/message_topic/idTopic/27b9f16f-d196-4568-8158-ecf0671ed792"},"timestamp":"2024-06-21 00:46:56"}
{"level":"info","message":{"body":"","method":"GET","params":{"id_topic":"27b9f16f-d196-4568-8158-ecf0671ed792"},"query":{},"url":"/message_topic/idTopic/27b9f16f-d196-4568-8158-ecf0671ed792"},"timestamp":"2024-06-21 00:46:57"}
{"level":"info","message":{"body":{"content":"Este mensaje es pa probar terrible brigidoooo","id_person":"64856186-6e05-4a3c-bf6a-ffe4e882d64b","id_topic":"e3a531f8-809e-4edc-8b28-28558f5c6cb7"},"method":"POST","params":"","query":"","url":"/message_topic/"},"timestamp":"2024-06-21 00:47:25"}
{"level":"info","message":{"body":{"content":"Este mensaje es pa probar terrible brigidoooo","id_person":"64856186-6e05-4a3c-bf6a-ffe4e882d64b","id_topic":"e3a531f8-809e-4edc-8b28-28558f5c6cb7"},"method":"POST","params":"","query":"","url":"/message_topic/"},"timestamp":"2024-06-21 00:47:26"}
{"level":"info","message":{"body":{"email":"Katherine@gmail.com","password":"nicol12345"},"method":"POST","params":"","query":"","url":"/user/validate"},"timestamp":"2024-06-21 00:48:27"}
{"level":"info","message":{"body":{"email":"Katherine@gmail.com","password":"nicol12345"},"method":"POST","params":"","query":"","url":"/user/validate"},"timestamp":"2024-06-21 00:48:27"}
{"level":"info","message":{"body":"","method":"GET","params":{},"query":{},"url":"/topic"},"timestamp":"2024-06-21 00:48:47"}
{"level":"info","message":{"body":"","method":"GET","params":{},"query":{},"url":"/interest"},"timestamp":"2024-06-21 00:48:47"}
{"level":"info","message":{"body":"","method":"GET","params":{},"query":{},"url":"/topic"},"timestamp":"2024-06-21 00:48:48"}
{"level":"info","message":{"body":"","method":"GET","params":{},"query":{},"url":"/topic"},"timestamp":"2024-06-21 00:48:48"}
{"level":"info","message":{"body":"","method":"GET","params":{},"query":{},"url":"/interest"},"timestamp":"2024-06-21 00:48:48"}
{"level":"info","message":{"body":"","method":"GET","params":{},"query":{},"url":"/interest"},"timestamp":"2024-06-21 00:48:48"}
{"level":"info","message":{"body":"","method":"GET","params":{},"query":{},"url":"/topic"},"timestamp":"2024-06-21 00:48:48"}
{"level":"info","message":{"body":"","method":"GET","params":{},"query":{},"url":"/topic"},"timestamp":"2024-06-21 00:48:48"}
{"level":"info","message":{"body":"","method":"GET","params":{},"query":{},"url":"/interest"},"timestamp":"2024-06-21 00:48:48"}
{"level":"info","message":{"body":"","method":"GET","params":{},"query":{},"url":"/topic"},"timestamp":"2024-06-21 00:48:48"}
{"level":"info","message":{"body":"","method":"GET","params":{},"query":{},"url":"/topic"},"timestamp":"2024-06-21 00:48:48"}
{"level":"info","message":{"body":"","method":"GET","params":{},"query":{},"url":"/topic"},"timestamp":"2024-06-21 00:48:48"}
{"level":"info","message":{"body":"","method":"GET","params":{},"query":{},"url":"/topic"},"timestamp":"2024-06-21 00:48:48"}
{"level":"info","message":{"body":"","method":"GET","params":{},"query":{},"url":"/topic"},"timestamp":"2024-06-21 00:48:48"}
{"level":"info","message":{"body":"","method":"GET","params":{},"query":{},"url":"/topic"},"timestamp":"2024-06-21 00:48:48"}
{"level":"info","message":{"body":"","method":"GET","params":{},"query":{},"url":"/topic"},"timestamp":"2024-06-21 00:48:48"}
{"level":"info","message":{"body":"","method":"GET","params":{},"query":{},"url":"/message_topic"},"timestamp":"2024-06-21 00:49:07"}
{"level":"info","message":{"body":"","method":"GET","params":{},"query":{},"url":"/topic/id/e3a531f8-809e-4edc-8b28-28558f5c6cb7"},"timestamp":"2024-06-21 00:49:07"}
{"level":"info","message":{"body":"","method":"GET","params":{},"query":{},"url":"/message_topic"},"timestamp":"2024-06-21 00:49:08"}
{"level":"info","message":{"body":"","method":"GET","params":{},"query":{},"url":"/message_topic"},"timestamp":"2024-06-21 00:49:08"}
{"level":"info","message":{"body":"","method":"GET","params":{"id":"e3a531f8-809e-4edc-8b28-28558f5c6cb7"},"query":{},"url":"/topic/id/e3a531f8-809e-4edc-8b28-28558f5c6cb7"},"timestamp":"2024-06-21 00:49:08"}
{"level":"info","message":{"body":"","method":"GET","params":{},"query":{},"url":"/topic/id/e3a531f8-809e-4edc-8b28-28558f5c6cb7"},"timestamp":"2024-06-21 00:49:08"}
{"level":"info","message":{"body":"","method":"GET","params":{},"query":{},"url":"/message_topic"},"timestamp":"2024-06-21 00:49:08"}
{"level":"info","message":{"body":"","method":"GET","params":{"id":"e3a531f8-809e-4edc-8b28-28558f5c6cb7"},"query":{},"url":"/topic/id/e3a531f8-809e-4edc-8b28-28558f5c6cb7"},"timestamp":"2024-06-21 00:49:08"}
{"level":"info","message":{"body":"","method":"GET","params":{},"query":{},"url":"/topic"},"timestamp":"2024-06-21 00:49:24"}
{"level":"info","message":{"body":"","method":"GET","params":{},"query":{},"url":"/interest"},"timestamp":"2024-06-21 00:49:24"}
{"level":"info","message":{"body":"","method":"GET","params":{},"query":{},"url":"/topic"},"timestamp":"2024-06-21 00:49:25"}
{"level":"info","message":{"body":"","method":"GET","params":{},"query":{},"url":"/topic"},"timestamp":"2024-06-21 00:49:25"}
{"level":"info","message":{"body":"","method":"GET","params":{},"query":{},"url":"/interest"},"timestamp":"2024-06-21 00:49:25"}
{"level":"info","message":{"body":"","method":"GET","params":{},"query":{},"url":"/interest"},"timestamp":"2024-06-21 00:49:25"}
{"level":"info","message":{"body":"","method":"GET","params":{},"query":{},"url":"/topic"},"timestamp":"2024-06-21 00:49:25"}
{"level":"info","message":{"body":"","method":"GET","params":{},"query":{},"url":"/topic"},"timestamp":"2024-06-21 00:49:25"}
{"level":"info","message":{"body":"","method":"GET","params":{},"query":{},"url":"/interest"},"timestamp":"2024-06-21 00:49:25"}
{"level":"info","message":{"body":"","method":"GET","params":{},"query":{},"url":"/topic"},"timestamp":"2024-06-21 00:49:25"}
{"level":"info","message":{"body":"","method":"GET","params":{},"query":{},"url":"/topic"},"timestamp":"2024-06-21 00:49:25"}
{"level":"info","message":{"body":"","method":"GET","params":{},"query":{},"url":"/topic"},"timestamp":"2024-06-21 00:49:25"}
{"level":"info","message":{"body":"","method":"GET","params":{},"query":{},"url":"/topic"},"timestamp":"2024-06-21 00:49:25"}
{"level":"info","message":{"body":"","method":"GET","params":{},"query":{},"url":"/topic"},"timestamp":"2024-06-21 00:49:26"}
{"level":"info","message":{"body":"","method":"GET","params":{},"query":{},"url":"/topic"},"timestamp":"2024-06-21 00:49:26"}
{"level":"info","message":{"body":"","method":"GET","params":{},"query":{},"url":"/topic"},"timestamp":"2024-06-21 00:49:26"}
{"level":"info","message":{"body":"","method":"GET","params":{},"query":{},"url":"/topic"},"timestamp":"2024-06-21 00:49:29"}
{"level":"info","message":{"body":"","method":"GET","params":{},"query":{},"url":"/topic"},"timestamp":"2024-06-21 00:49:29"}
{"level":"info","message":{"body":{"content":"prueba de creacion de foro con media","id_interest":"e0999b4c-8087-4dfe-8a3a-8b5c9a4246fb","id_person":"87be2421-5493-4961-a7ac-a66fa89c70d9","title":"Prueba con modificacion de media"},"method":"POST","params":"","query":"","url":"/topic"},"timestamp":"2024-06-21 00:49:51"}
{"level":"info","message":{"body":{"content":"prueba de creacion de foro con media","id_interest":"e0999b4c-8087-4dfe-8a3a-8b5c9a4246fb","id_person":"87be2421-5493-4961-a7ac-a66fa89c70d9","title":"Prueba con modificacion de media"},"method":"POST","params":"","query":"","url":"/topic"},"timestamp":"2024-06-21 00:49:52"}
{"level":"info","message":{"body":"","method":"GET","params":{},"query":{},"url":"/topic"},"timestamp":"2024-06-21 00:49:52"}
{"level":"info","message":{"body":"","method":"GET","params":{},"query":{},"url":"/topic"},"timestamp":"2024-06-21 00:49:52"}
{"level":"info","message":{"body":"","method":"GET","params":{},"query":{},"url":"/message_topic"},"timestamp":"2024-06-21 00:50:31"}
{"level":"info","message":{"body":"","method":"GET","params":{},"query":{},"url":"/topic/id/02cad8a3-6c92-4c5d-a8cb-5ffbccb46796"},"timestamp":"2024-06-21 00:50:31"}
{"level":"info","message":{"body":"","method":"GET","params":{},"query":{},"url":"/message_topic"},"timestamp":"2024-06-21 00:50:32"}
{"level":"info","message":{"body":"","method":"GET","params":{},"query":{},"url":"/message_topic"},"timestamp":"2024-06-21 00:50:32"}
{"level":"info","message":{"body":"","method":"GET","params":{"id":"02cad8a3-6c92-4c5d-a8cb-5ffbccb46796"},"query":{},"url":"/topic/id/02cad8a3-6c92-4c5d-a8cb-5ffbccb46796"},"timestamp":"2024-06-21 00:50:32"}
{"level":"info","message":{"body":"","method":"GET","params":{},"query":{},"url":"/topic/id/02cad8a3-6c92-4c5d-a8cb-5ffbccb46796"},"timestamp":"2024-06-21 00:50:32"}
{"level":"info","message":{"body":"","method":"GET","params":{},"query":{},"url":"/message_topic"},"timestamp":"2024-06-21 00:50:32"}
{"level":"info","message":{"body":"","method":"GET","params":{"id":"02cad8a3-6c92-4c5d-a8cb-5ffbccb46796"},"query":{},"url":"/topic/id/02cad8a3-6c92-4c5d-a8cb-5ffbccb46796"},"timestamp":"2024-06-21 00:50:32"}
{"level":"info","message":{"body":"","method":"GET","params":{},"query":{},"url":"/topic"},"timestamp":"2024-06-21 00:50:35"}
{"level":"info","message":{"body":"","method":"GET","params":{},"query":{},"url":"/interest"},"timestamp":"2024-06-21 00:50:35"}
{"level":"info","message":{"body":"","method":"GET","params":{},"query":{},"url":"/topic"},"timestamp":"2024-06-21 00:50:35"}
{"level":"info","message":{"body":"","method":"GET","params":{},"query":{},"url":"/interest"},"timestamp":"2024-06-21 00:50:35"}
{"level":"info","message":{"body":"","method":"GET","params":{},"query":{},"url":"/topic"},"timestamp":"2024-06-21 00:50:35"}
{"level":"info","message":{"body":"","method":"GET","params":{},"query":{},"url":"/interest"},"timestamp":"2024-06-21 00:50:35"}
{"level":"info","message":{"body":"","method":"GET","params":{},"query":{},"url":"/topic"},"timestamp":"2024-06-21 00:50:35"}
{"level":"info","message":{"body":"","method":"GET","params":{},"query":{},"url":"/interest"},"timestamp":"2024-06-21 00:50:35"}
{"level":"info","message":{"body":"","method":"GET","params":{},"query":{},"url":"/topic"},"timestamp":"2024-06-21 00:50:35"}
{"level":"info","message":{"body":"","method":"GET","params":{},"query":{},"url":"/topic"},"timestamp":"2024-06-21 00:50:36"}
{"level":"info","message":{"body":"","method":"GET","params":{},"query":{},"url":"/topic"},"timestamp":"2024-06-21 00:50:36"}
{"level":"info","message":{"body":"","method":"GET","params":{},"query":{},"url":"/topic"},"timestamp":"2024-06-21 00:50:36"}
{"level":"info","message":{"body":"","method":"GET","params":{},"query":{},"url":"/topic"},"timestamp":"2024-06-21 00:50:36"}
{"level":"info","message":{"body":"","method":"GET","params":{},"query":{},"url":"/topic"},"timestamp":"2024-06-21 00:50:36"}
{"level":"info","message":{"body":"","method":"GET","params":{},"query":{},"url":"/topic"},"timestamp":"2024-06-21 00:50:36"}
{"level":"info","message":{"body":"","method":"GET","params":{},"query":{},"url":"/topic"},"timestamp":"2024-06-21 00:50:36"}
{"level":"info","message":{"body":"","method":"GET","params":{},"query":{},"url":"/message_topic"},"timestamp":"2024-06-21 00:50:43"}
{"level":"info","message":{"body":"","method":"GET","params":{},"query":{},"url":"/topic/id/e3a531f8-809e-4edc-8b28-28558f5c6cb7"},"timestamp":"2024-06-21 00:50:43"}
{"level":"info","message":{"body":"","method":"GET","params":{},"query":{},"url":"/message_topic"},"timestamp":"2024-06-21 00:50:43"}
{"level":"info","message":{"body":"","method":"GET","params":{},"query":{},"url":"/message_topic"},"timestamp":"2024-06-21 00:50:43"}
{"level":"info","message":{"body":"","method":"GET","params":{"id":"e3a531f8-809e-4edc-8b28-28558f5c6cb7"},"query":{},"url":"/topic/id/e3a531f8-809e-4edc-8b28-28558f5c6cb7"},"timestamp":"2024-06-21 00:50:43"}
{"level":"info","message":{"body":"","method":"GET","params":{},"query":{},"url":"/topic/id/e3a531f8-809e-4edc-8b28-28558f5c6cb7"},"timestamp":"2024-06-21 00:50:43"}
{"level":"info","message":{"body":"","method":"GET","params":{},"query":{},"url":"/message_topic"},"timestamp":"2024-06-21 00:50:43"}
{"level":"info","message":{"body":"","method":"GET","params":{"id":"e3a531f8-809e-4edc-8b28-28558f5c6cb7"},"query":{},"url":"/topic/id/e3a531f8-809e-4edc-8b28-28558f5c6cb7"},"timestamp":"2024-06-21 00:50:43"}
{"level":"info","message":{"body":"","method":"GET","params":{},"query":{},"url":"/topic"},"timestamp":"2024-06-21 00:50:47"}
{"level":"info","message":{"body":"","method":"GET","params":{},"query":{},"url":"/interest"},"timestamp":"2024-06-21 00:50:47"}
{"level":"info","message":{"body":"","method":"GET","params":{},"query":{},"url":"/topic"},"timestamp":"2024-06-21 00:50:47"}
{"level":"info","message":{"body":"","method":"GET","params":{},"query":{},"url":"/interest"},"timestamp":"2024-06-21 00:50:47"}
{"level":"info","message":{"body":"","method":"GET","params":{},"query":{},"url":"/topic"},"timestamp":"2024-06-21 00:50:47"}
{"level":"info","message":{"body":"","method":"GET","params":{},"query":{},"url":"/interest"},"timestamp":"2024-06-21 00:50:47"}
{"level":"info","message":{"body":"","method":"GET","params":{},"query":{},"url":"/topic"},"timestamp":"2024-06-21 00:50:47"}
{"level":"info","message":{"body":"","method":"GET","params":{},"query":{},"url":"/topic"},"timestamp":"2024-06-21 00:50:47"}
{"level":"info","message":{"body":"","method":"GET","params":{},"query":{},"url":"/interest"},"timestamp":"2024-06-21 00:50:47"}
{"level":"info","message":{"body":"","method":"GET","params":{},"query":{},"url":"/topic"},"timestamp":"2024-06-21 00:50:47"}
{"level":"info","message":{"body":"","method":"GET","params":{},"query":{},"url":"/topic"},"timestamp":"2024-06-21 00:50:47"}
{"level":"info","message":{"body":"","method":"GET","params":{},"query":{},"url":"/topic"},"timestamp":"2024-06-21 00:50:48"}
{"level":"info","message":{"body":"","method":"GET","params":{},"query":{},"url":"/topic"},"timestamp":"2024-06-21 00:50:48"}
{"level":"info","message":{"body":"","method":"GET","params":{},"query":{},"url":"/topic"},"timestamp":"2024-06-21 00:50:48"}
{"level":"info","message":{"body":"","method":"GET","params":{},"query":{},"url":"/topic"},"timestamp":"2024-06-21 00:50:48"}
{"level":"info","message":{"body":"","method":"GET","params":{},"query":{},"url":"/topic"},"timestamp":"2024-06-21 00:50:48"}
{"level":"info","message":{"body":"","method":"GET","params":{},"query":{},"url":"/message_topic"},"timestamp":"2024-06-21 00:50:51"}
{"level":"info","message":{"body":"","method":"GET","params":{},"query":{},"url":"/topic/id/27b9f16f-d196-4568-8158-ecf0671ed792"},"timestamp":"2024-06-21 00:50:51"}
{"level":"info","message":{"body":"","method":"GET","params":{},"query":{},"url":"/message_topic"},"timestamp":"2024-06-21 00:50:51"}
{"level":"info","message":{"body":"","method":"GET","params":{},"query":{},"url":"/message_topic"},"timestamp":"2024-06-21 00:50:51"}
{"level":"info","message":{"body":"","method":"GET","params":{"id":"27b9f16f-d196-4568-8158-ecf0671ed792"},"query":{},"url":"/topic/id/27b9f16f-d196-4568-8158-ecf0671ed792"},"timestamp":"2024-06-21 00:50:51"}
{"level":"info","message":{"body":"","method":"GET","params":{},"query":{},"url":"/topic/id/27b9f16f-d196-4568-8158-ecf0671ed792"},"timestamp":"2024-06-21 00:50:51"}
{"level":"info","message":{"body":"","method":"GET","params":{},"query":{},"url":"/message_topic"},"timestamp":"2024-06-21 00:50:51"}
{"level":"info","message":{"body":"","method":"GET","params":{"id":"27b9f16f-d196-4568-8158-ecf0671ed792"},"query":{},"url":"/topic/id/27b9f16f-d196-4568-8158-ecf0671ed792"},"timestamp":"2024-06-21 00:50:51"}
{"level":"info","message":{"body":"","method":"GET","params":{},"query":{},"url":"/topic"},"timestamp":"2024-06-21 00:50:59"}
{"level":"info","message":{"body":"","method":"GET","params":{},"query":{},"url":"/interest"},"timestamp":"2024-06-21 00:50:59"}
{"level":"info","message":{"body":"","method":"GET","params":{},"query":{},"url":"/topic"},"timestamp":"2024-06-21 00:50:59"}
{"level":"info","message":{"body":"","method":"GET","params":{},"query":{},"url":"/topic"},"timestamp":"2024-06-21 00:50:59"}
{"level":"info","message":{"body":"","method":"GET","params":{},"query":{},"url":"/interest"},"timestamp":"2024-06-21 00:50:59"}
{"level":"info","message":{"body":"","method":"GET","params":{},"query":{},"url":"/interest"},"timestamp":"2024-06-21 00:50:59"}
{"level":"info","message":{"body":"","method":"GET","params":{},"query":{},"url":"/topic"},"timestamp":"2024-06-21 00:50:59"}
{"level":"info","message":{"body":"","method":"GET","params":{},"query":{},"url":"/topic"},"timestamp":"2024-06-21 00:50:59"}
{"level":"info","message":{"body":"","method":"GET","params":{},"query":{},"url":"/interest"},"timestamp":"2024-06-21 00:50:59"}
{"level":"info","message":{"body":"","method":"GET","params":{},"query":{},"url":"/topic"},"timestamp":"2024-06-21 00:50:59"}
{"level":"info","message":{"body":"","method":"GET","params":{},"query":{},"url":"/topic"},"timestamp":"2024-06-21 00:50:59"}
{"level":"info","message":{"body":"","method":"GET","params":{},"query":{},"url":"/topic"},"timestamp":"2024-06-21 00:50:59"}
{"level":"info","message":{"body":"","method":"GET","params":{},"query":{},"url":"/topic"},"timestamp":"2024-06-21 00:50:59"}
{"level":"info","message":{"body":"","method":"GET","params":{},"query":{},"url":"/topic"},"timestamp":"2024-06-21 00:51:00"}
{"level":"info","message":{"body":"","method":"GET","params":{},"query":{},"url":"/topic"},"timestamp":"2024-06-21 00:51:00"}
{"level":"info","message":{"body":"","method":"GET","params":{},"query":{},"url":"/topic"},"timestamp":"2024-06-21 00:51:00"}
{"level":"info","message":{"body":"","method":"GET","params":{},"query":{},"url":"/message_topic"},"timestamp":"2024-06-21 00:51:22"}
{"level":"info","message":{"body":"","method":"GET","params":{},"query":{},"url":"/topic/id/27b9f16f-d196-4568-8158-ecf0671ed792"},"timestamp":"2024-06-21 00:51:23"}
{"level":"info","message":{"body":"","method":"GET","params":{},"query":{},"url":"/message_topic"},"timestamp":"2024-06-21 00:51:23"}
{"level":"info","message":{"body":"","method":"GET","params":{},"query":{},"url":"/message_topic"},"timestamp":"2024-06-21 00:51:23"}
{"level":"info","message":{"body":"","method":"GET","params":{"id":"27b9f16f-d196-4568-8158-ecf0671ed792"},"query":{},"url":"/topic/id/27b9f16f-d196-4568-8158-ecf0671ed792"},"timestamp":"2024-06-21 00:51:23"}
{"level":"info","message":{"body":"","method":"GET","params":{},"query":{},"url":"/topic/id/27b9f16f-d196-4568-8158-ecf0671ed792"},"timestamp":"2024-06-21 00:51:23"}
{"level":"info","message":{"body":"","method":"GET","params":{},"query":{},"url":"/message_topic"},"timestamp":"2024-06-21 00:51:23"}
{"level":"info","message":{"body":"","method":"GET","params":{"id":"27b9f16f-d196-4568-8158-ecf0671ed792"},"query":{},"url":"/topic/id/27b9f16f-d196-4568-8158-ecf0671ed792"},"timestamp":"2024-06-21 00:51:23"}
{"level":"info","message":{"body":{"content":"Alfinal la junta va o no?","id_person":"87be2421-5493-4961-a7ac-a66fa89c70d9","id_topic":"27b9f16f-d196-4568-8158-ecf0671ed792"},"method":"POST","params":"","query":"","url":"/message_topic"},"timestamp":"2024-06-21 00:51:33"}
{"level":"info","message":{"body":{"content":"Alfinal la junta va o no?","id_person":"87be2421-5493-4961-a7ac-a66fa89c70d9","id_topic":"27b9f16f-d196-4568-8158-ecf0671ed792"},"method":"POST","params":"","query":"","url":"/message_topic"},"timestamp":"2024-06-21 00:51:33"}
{"level":"info","message":{"body":"","method":"GET","params":{},"query":{},"url":"/message_topic"},"timestamp":"2024-06-21 00:51:33"}
{"level":"info","message":{"body":"","method":"GET","params":{},"query":{},"url":"/message_topic"},"timestamp":"2024-06-21 00:51:33"}
{"level":"info","message":{"body":"","method":"GET","params":{},"query":{},"url":"/topic"},"timestamp":"2024-06-21 00:51:41"}
{"level":"info","message":{"body":"","method":"GET","params":{},"query":{},"url":"/interest"},"timestamp":"2024-06-21 00:51:41"}
{"level":"info","message":{"body":"","method":"GET","params":{},"query":{},"url":"/topic"},"timestamp":"2024-06-21 00:51:41"}
{"level":"info","message":{"body":"","method":"GET","params":{},"query":{},"url":"/topic"},"timestamp":"2024-06-21 00:51:41"}
{"level":"info","message":{"body":"","method":"GET","params":{},"query":{},"url":"/topic"},"timestamp":"2024-06-21 00:51:41"}
{"level":"info","message":{"body":"","method":"GET","params":{},"query":{},"url":"/topic"},"timestamp":"2024-06-21 00:51:41"}
{"level":"info","message":{"body":"","method":"GET","params":{},"query":{},"url":"/topic"},"timestamp":"2024-06-21 00:51:41"}
{"level":"info","message":{"body":"","method":"GET","params":{},"query":{},"url":"/topic"},"timestamp":"2024-06-21 00:51:41"}
{"level":"info","message":{"body":"","method":"GET","params":{},"query":{},"url":"/topic"},"timestamp":"2024-06-21 00:51:41"}
{"level":"info","message":{"body":"","method":"GET","params":{},"query":{},"url":"/topic"},"timestamp":"2024-06-21 00:51:41"}
{"level":"info","message":{"body":"","method":"GET","params":{},"query":{},"url":"/topic"},"timestamp":"2024-06-21 00:51:42"}
{"level":"info","message":{"body":"","method":"GET","params":{},"query":{},"url":"/interest"},"timestamp":"2024-06-21 00:51:42"}
{"level":"info","message":{"body":"","method":"GET","params":{},"query":{},"url":"/topic"},"timestamp":"2024-06-21 00:51:42"}
{"level":"info","message":{"body":"","method":"GET","params":{},"query":{},"url":"/interest"},"timestamp":"2024-06-21 00:51:42"}
{"level":"info","message":{"body":"","method":"GET","params":{},"query":{},"url":"/interest"},"timestamp":"2024-06-21 00:51:42"}
{"level":"info","message":{"body":"","method":"GET","params":{},"query":{},"url":"/topic"},"timestamp":"2024-06-21 00:51:42"}
{"level":"info","message":"🚀API listening port 3000","timestamp":"2024-06-21 00:54:56"}
{"level":"info","message":"Database connected","timestamp":"2024-06-21 00:54:57","util":"database"}
{"level":"info","message":{"body":{"email":"Katherine@gmail.com","password":"nicol12345"},"method":"POST","params":"","query":"","url":"/user/validate"},"timestamp":"2024-06-21 00:55:10"}
{"level":"info","message":{"body":{"email":"Katherine@gmail.com","password":"nicol12345"},"method":"POST","params":"","query":"","url":"/user/validate"},"timestamp":"2024-06-21 00:55:11"}
{"level":"info","message":{"body":"","method":"GET","params":{},"query":{},"url":"/topic"},"timestamp":"2024-06-21 00:55:38"}
{"level":"info","message":{"body":"","method":"GET","params":{},"query":{},"url":"/interest"},"timestamp":"2024-06-21 00:55:38"}
{"level":"info","message":{"body":"","method":"GET","params":{},"query":{},"url":"/topic"},"timestamp":"2024-06-21 00:55:38"}
{"level":"info","message":{"body":"","method":"GET","params":{},"query":{},"url":"/topic"},"timestamp":"2024-06-21 00:55:38"}
{"level":"info","message":{"body":"","method":"GET","params":{},"query":{},"url":"/interest"},"timestamp":"2024-06-21 00:55:38"}
{"level":"info","message":{"body":"","method":"GET","params":{},"query":{},"url":"/interest"},"timestamp":"2024-06-21 00:55:38"}
{"level":"info","message":{"body":"","method":"GET","params":{},"query":{},"url":"/topic"},"timestamp":"2024-06-21 00:55:38"}
{"level":"info","message":{"body":"","method":"GET","params":{},"query":{},"url":"/topic"},"timestamp":"2024-06-21 00:55:38"}
{"level":"info","message":{"body":"","method":"GET","params":{},"query":{},"url":"/interest"},"timestamp":"2024-06-21 00:55:39"}
{"level":"info","message":{"body":"","method":"GET","params":{},"query":{},"url":"/topic"},"timestamp":"2024-06-21 00:55:39"}
{"level":"info","message":{"body":"","method":"GET","params":{},"query":{},"url":"/topic"},"timestamp":"2024-06-21 00:55:39"}
{"level":"info","message":{"body":"","method":"GET","params":{},"query":{},"url":"/topic"},"timestamp":"2024-06-21 00:55:39"}
{"level":"info","message":{"body":"","method":"GET","params":{},"query":{},"url":"/topic"},"timestamp":"2024-06-21 00:55:39"}
{"level":"info","message":{"body":"","method":"GET","params":{},"query":{},"url":"/topic"},"timestamp":"2024-06-21 00:55:39"}
{"level":"info","message":{"body":"","method":"GET","params":{},"query":{},"url":"/topic"},"timestamp":"2024-06-21 00:55:39"}
{"level":"info","message":{"body":"","method":"GET","params":{},"query":{},"url":"/topic"},"timestamp":"2024-06-21 00:55:39"}
{"level":"info","message":{"body":"","method":"GET","params":{},"query":{},"url":"/topic/id/27b9f16f-d196-4568-8158-ecf0671ed792"},"timestamp":"2024-06-21 00:55:43"}
{"level":"info","message":{"body":"","method":"GET","params":{},"query":{},"url":"/message_topic"},"timestamp":"2024-06-21 00:55:43"}
{"level":"info","message":{"body":"","method":"GET","params":{"id":"27b9f16f-d196-4568-8158-ecf0671ed792"},"query":{},"url":"/topic/id/27b9f16f-d196-4568-8158-ecf0671ed792"},"timestamp":"2024-06-21 00:55:43"}
{"level":"info","message":{"body":"","method":"GET","params":{},"query":{},"url":"/message_topic"},"timestamp":"2024-06-21 00:55:43"}
{"level":"info","message":{"body":"","method":"GET","params":{},"query":{},"url":"/topic/id/27b9f16f-d196-4568-8158-ecf0671ed792"},"timestamp":"2024-06-21 00:55:43"}
{"level":"info","message":{"body":"","method":"GET","params":{},"query":{},"url":"/message_topic"},"timestamp":"2024-06-21 00:55:43"}
{"level":"info","message":{"body":"","method":"GET","params":{"id":"27b9f16f-d196-4568-8158-ecf0671ed792"},"query":{},"url":"/topic/id/27b9f16f-d196-4568-8158-ecf0671ed792"},"timestamp":"2024-06-21 00:55:43"}
{"level":"info","message":{"body":"","method":"GET","params":{},"query":{},"url":"/message_topic"},"timestamp":"2024-06-21 00:55:43"}
{"level":"info","message":{"body":{"email":"Katherine@gmail.com","password":"nicol12345"},"method":"POST","params":"","query":"","url":"/user/validate"},"timestamp":"2024-06-21 00:56:43"}
{"level":"info","message":{"body":{"email":"Katherine@gmail.com","password":"nicol12345"},"method":"POST","params":"","query":"","url":"/user/validate"},"timestamp":"2024-06-21 00:56:44"}
{"level":"info","message":{"body":"","method":"GET","params":{},"query":{},"url":"/message_topic"},"timestamp":"2024-06-21 00:56:44"}
{"level":"info","message":{"body":"","method":"GET","params":{},"query":{},"url":"/topic/id/27b9f16f-d196-4568-8158-ecf0671ed792"},"timestamp":"2024-06-21 00:56:44"}
{"level":"info","message":{"body":"","method":"GET","params":{},"query":{},"url":"/message_topic"},"timestamp":"2024-06-21 00:56:44"}
{"level":"info","message":{"body":"","method":"GET","params":{},"query":{},"url":"/message_topic"},"timestamp":"2024-06-21 00:56:44"}
{"level":"info","message":{"body":"","method":"GET","params":{},"query":{},"url":"/message_topic"},"timestamp":"2024-06-21 00:56:44"}
{"level":"info","message":{"body":"","method":"GET","params":{"id":"27b9f16f-d196-4568-8158-ecf0671ed792"},"query":{},"url":"/topic/id/27b9f16f-d196-4568-8158-ecf0671ed792"},"timestamp":"2024-06-21 00:56:44"}
{"level":"info","message":{"body":"","method":"GET","params":{},"query":{},"url":"/topic/id/27b9f16f-d196-4568-8158-ecf0671ed792"},"timestamp":"2024-06-21 00:56:44"}
{"level":"info","message":{"body":"","method":"GET","params":{"id":"27b9f16f-d196-4568-8158-ecf0671ed792"},"query":{},"url":"/topic/id/27b9f16f-d196-4568-8158-ecf0671ed792"},"timestamp":"2024-06-21 00:56:44"}
{"level":"info","message":{"body":"","method":"GET","params":{},"query":{},"url":"/topic"},"timestamp":"2024-06-21 00:56:46"}
{"level":"info","message":{"body":"","method":"GET","params":{},"query":{},"url":"/interest"},"timestamp":"2024-06-21 00:56:46"}
{"level":"info","message":{"body":"","method":"GET","params":{},"query":{},"url":"/interest"},"timestamp":"2024-06-21 00:56:46"}
{"level":"info","message":{"body":"","method":"GET","params":{},"query":{},"url":"/topic"},"timestamp":"2024-06-21 00:56:46"}
{"level":"info","message":{"body":"","method":"GET","params":{},"query":{},"url":"/interest"},"timestamp":"2024-06-21 00:56:46"}
{"level":"info","message":{"body":"","method":"GET","params":{},"query":{},"url":"/topic"},"timestamp":"2024-06-21 00:56:46"}
{"level":"info","message":{"body":"","method":"GET","params":{},"query":{},"url":"/interest"},"timestamp":"2024-06-21 00:56:46"}
{"level":"info","message":{"body":"","method":"GET","params":{},"query":{},"url":"/topic"},"timestamp":"2024-06-21 00:56:46"}
{"level":"info","message":{"body":"","method":"GET","params":{},"query":{},"url":"/topic"},"timestamp":"2024-06-21 00:56:46"}
{"level":"info","message":{"body":"","method":"GET","params":{},"query":{},"url":"/topic"},"timestamp":"2024-06-21 00:56:47"}
{"level":"info","message":{"body":"","method":"GET","params":{},"query":{},"url":"/topic"},"timestamp":"2024-06-21 00:56:47"}
{"level":"info","message":{"body":"","method":"GET","params":{},"query":{},"url":"/topic"},"timestamp":"2024-06-21 00:56:47"}
{"level":"info","message":{"body":"","method":"GET","params":{},"query":{},"url":"/topic"},"timestamp":"2024-06-21 00:56:47"}
{"level":"info","message":{"body":"","method":"GET","params":{},"query":{},"url":"/topic"},"timestamp":"2024-06-21 00:56:47"}
{"level":"info","message":{"body":"","method":"GET","params":{},"query":{},"url":"/topic"},"timestamp":"2024-06-21 00:56:47"}
{"level":"info","message":{"body":"","method":"GET","params":{},"query":{},"url":"/topic"},"timestamp":"2024-06-21 00:56:47"}
{"level":"info","message":{"body":"","method":"GET","params":{},"query":{},"url":"/message_topic"},"timestamp":"2024-06-21 00:56:50"}
{"level":"info","message":{"body":"","method":"GET","params":{},"query":{},"url":"/topic/id/27b9f16f-d196-4568-8158-ecf0671ed792"},"timestamp":"2024-06-21 00:56:50"}
{"level":"info","message":{"body":"","method":"GET","params":{},"query":{},"url":"/message_topic"},"timestamp":"2024-06-21 00:56:50"}
{"level":"info","message":{"body":"","method":"GET","params":{"id":"27b9f16f-d196-4568-8158-ecf0671ed792"},"query":{},"url":"/topic/id/27b9f16f-d196-4568-8158-ecf0671ed792"},"timestamp":"2024-06-21 00:56:50"}
{"level":"info","message":{"body":"","method":"GET","params":{},"query":{},"url":"/message_topic"},"timestamp":"2024-06-21 00:56:50"}
{"level":"info","message":{"body":"","method":"GET","params":{},"query":{},"url":"/topic/id/27b9f16f-d196-4568-8158-ecf0671ed792"},"timestamp":"2024-06-21 00:56:50"}
{"level":"info","message":{"body":"","method":"GET","params":{},"query":{},"url":"/message_topic"},"timestamp":"2024-06-21 00:56:50"}
{"level":"info","message":{"body":"","method":"GET","params":{"id":"27b9f16f-d196-4568-8158-ecf0671ed792"},"query":{},"url":"/topic/id/27b9f16f-d196-4568-8158-ecf0671ed792"},"timestamp":"2024-06-21 00:56:50"}
{"level":"info","message":"🚀API listening port 3000","timestamp":"2024-06-21 13:43:16"}
{"level":"info","message":"Database connected","timestamp":"2024-06-21 13:43:17","util":"database"}
{"level":"info","message":{"body":{"email":"Katherine@gmail.com","password":"nicol12345"},"method":"POST","params":"","query":"","url":"/user/validate"},"timestamp":"2024-06-21 13:43:58"}
{"level":"info","message":{"body":{"email":"Katherine@gmail.com","password":"nicol12345"},"method":"POST","params":"","query":"","url":"/user/validate"},"timestamp":"2024-06-21 13:43:58"}
{"level":"info","message":{"body":"","method":"GET","params":{},"query":{},"url":"/topic"},"timestamp":"2024-06-21 13:44:28"}
{"level":"info","message":{"body":"","method":"GET","params":{},"query":{},"url":"/interest"},"timestamp":"2024-06-21 13:44:28"}
{"level":"info","message":{"body":"","method":"GET","params":{},"query":{},"url":"/topic"},"timestamp":"2024-06-21 13:44:28"}
{"level":"info","message":{"body":"","method":"GET","params":{},"query":{},"url":"/topic"},"timestamp":"2024-06-21 13:44:28"}
{"level":"info","message":{"body":"","method":"GET","params":{},"query":{},"url":"/interest"},"timestamp":"2024-06-21 13:44:28"}
{"level":"info","message":{"body":"","method":"GET","params":{},"query":{},"url":"/interest"},"timestamp":"2024-06-21 13:44:28"}
{"level":"info","message":{"body":"","method":"GET","params":{},"query":{},"url":"/topic"},"timestamp":"2024-06-21 13:44:28"}
{"level":"info","message":{"body":"","method":"GET","params":{},"query":{},"url":"/topic"},"timestamp":"2024-06-21 13:44:28"}
{"level":"info","message":{"body":"","method":"GET","params":{},"query":{},"url":"/interest"},"timestamp":"2024-06-21 13:44:29"}
{"level":"info","message":{"body":"","method":"GET","params":{},"query":{},"url":"/topic"},"timestamp":"2024-06-21 13:44:29"}
{"level":"info","message":{"body":"","method":"GET","params":{},"query":{},"url":"/topic"},"timestamp":"2024-06-21 13:44:29"}
{"level":"info","message":{"body":"","method":"GET","params":{},"query":{},"url":"/topic"},"timestamp":"2024-06-21 13:44:29"}
{"level":"info","message":{"body":"","method":"GET","params":{},"query":{},"url":"/topic"},"timestamp":"2024-06-21 13:44:29"}
{"level":"info","message":{"body":"","method":"GET","params":{},"query":{},"url":"/topic"},"timestamp":"2024-06-21 13:44:29"}
{"level":"info","message":{"body":"","method":"GET","params":{},"query":{},"url":"/topic"},"timestamp":"2024-06-21 13:44:29"}
{"level":"info","message":{"body":"","method":"GET","params":{},"query":{},"url":"/topic"},"timestamp":"2024-06-21 13:44:29"}
{"level":"info","message":{"body":"","method":"GET","params":{},"query":{},"url":"/message_topic"},"timestamp":"2024-06-21 13:44:35"}
{"level":"info","message":{"body":"","method":"GET","params":{},"query":{},"url":"/topic/id/e0416dc3-1478-4d99-bc52-b5cfb2595922"},"timestamp":"2024-06-21 13:44:35"}
{"level":"info","message":{"body":"","method":"GET","params":{},"query":{},"url":"/message_topic"},"timestamp":"2024-06-21 13:44:35"}
{"level":"info","message":{"body":"","method":"GET","params":{},"query":{},"url":"/message_topic"},"timestamp":"2024-06-21 13:44:35"}
{"level":"info","message":{"body":"","method":"GET","params":{"id":"e0416dc3-1478-4d99-bc52-b5cfb2595922"},"query":{},"url":"/topic/id/e0416dc3-1478-4d99-bc52-b5cfb2595922"},"timestamp":"2024-06-21 13:44:35"}
{"level":"info","message":{"body":"","method":"GET","params":{},"query":{},"url":"/topic/id/e0416dc3-1478-4d99-bc52-b5cfb2595922"},"timestamp":"2024-06-21 13:44:35"}
{"level":"info","message":{"body":"","method":"GET","params":{},"query":{},"url":"/message_topic"},"timestamp":"2024-06-21 13:44:35"}
{"level":"info","message":{"body":"","method":"GET","params":{"id":"e0416dc3-1478-4d99-bc52-b5cfb2595922"},"query":{},"url":"/topic/id/e0416dc3-1478-4d99-bc52-b5cfb2595922"},"timestamp":"2024-06-21 13:44:35"}
{"level":"info","message":{"body":"","method":"GET","params":{},"query":{},"url":"/topic"},"timestamp":"2024-06-21 13:44:37"}
{"level":"info","message":{"body":"","method":"GET","params":{},"query":{},"url":"/interest"},"timestamp":"2024-06-21 13:44:37"}
{"level":"info","message":{"body":"","method":"GET","params":{},"query":{},"url":"/topic"},"timestamp":"2024-06-21 13:44:37"}
{"level":"info","message":{"body":"","method":"GET","params":{},"query":{},"url":"/interest"},"timestamp":"2024-06-21 13:44:37"}
{"level":"info","message":{"body":"","method":"GET","params":{},"query":{},"url":"/topic"},"timestamp":"2024-06-21 13:44:37"}
{"level":"info","message":{"body":"","method":"GET","params":{},"query":{},"url":"/interest"},"timestamp":"2024-06-21 13:44:37"}
{"level":"info","message":{"body":"","method":"GET","params":{},"query":{},"url":"/topic"},"timestamp":"2024-06-21 13:44:38"}
{"level":"info","message":{"body":"","method":"GET","params":{},"query":{},"url":"/interest"},"timestamp":"2024-06-21 13:44:38"}
{"level":"info","message":{"body":"","method":"GET","params":{},"query":{},"url":"/topic"},"timestamp":"2024-06-21 13:44:38"}
{"level":"info","message":{"body":"","method":"GET","params":{},"query":{},"url":"/topic"},"timestamp":"2024-06-21 13:44:38"}
{"level":"info","message":{"body":"","method":"GET","params":{},"query":{},"url":"/topic"},"timestamp":"2024-06-21 13:44:38"}
{"level":"info","message":{"body":"","method":"GET","params":{},"query":{},"url":"/topic"},"timestamp":"2024-06-21 13:44:38"}
{"level":"info","message":{"body":"","method":"GET","params":{},"query":{},"url":"/topic"},"timestamp":"2024-06-21 13:44:38"}
{"level":"info","message":{"body":"","method":"GET","params":{},"query":{},"url":"/topic"},"timestamp":"2024-06-21 13:44:38"}
{"level":"info","message":{"body":"","method":"GET","params":{},"query":{},"url":"/topic"},"timestamp":"2024-06-21 13:44:38"}
{"level":"info","message":{"body":"","method":"GET","params":{},"query":{},"url":"/topic"},"timestamp":"2024-06-21 13:44:38"}
{"level":"info","message":{"body":"","method":"GET","params":{},"query":{},"url":"/message_topic"},"timestamp":"2024-06-21 13:44:39"}
{"level":"info","message":{"body":"","method":"GET","params":{},"query":{},"url":"/topic/id/e3a531f8-809e-4edc-8b28-28558f5c6cb7"},"timestamp":"2024-06-21 13:44:39"}
{"level":"info","message":{"body":"","method":"GET","params":{},"query":{},"url":"/message_topic"},"timestamp":"2024-06-21 13:44:39"}
{"level":"info","message":{"body":"","method":"GET","params":{},"query":{},"url":"/message_topic"},"timestamp":"2024-06-21 13:44:39"}
{"level":"info","message":{"body":"","method":"GET","params":{"id":"e3a531f8-809e-4edc-8b28-28558f5c6cb7"},"query":{},"url":"/topic/id/e3a531f8-809e-4edc-8b28-28558f5c6cb7"},"timestamp":"2024-06-21 13:44:39"}
{"level":"info","message":{"body":"","method":"GET","params":{},"query":{},"url":"/topic/id/e3a531f8-809e-4edc-8b28-28558f5c6cb7"},"timestamp":"2024-06-21 13:44:39"}
{"level":"info","message":{"body":"","method":"GET","params":{},"query":{},"url":"/message_topic"},"timestamp":"2024-06-21 13:44:39"}
{"level":"info","message":{"body":"","method":"GET","params":{"id":"e3a531f8-809e-4edc-8b28-28558f5c6cb7"},"query":{},"url":"/topic/id/e3a531f8-809e-4edc-8b28-28558f5c6cb7"},"timestamp":"2024-06-21 13:44:39"}
{"level":"info","message":{"body":"","method":"GET","params":{},"query":{},"url":"/topic"},"timestamp":"2024-06-21 13:44:44"}
{"level":"info","message":{"body":"","method":"GET","params":{},"query":{},"url":"/interest"},"timestamp":"2024-06-21 13:44:44"}
{"level":"info","message":{"body":"","method":"GET","params":{},"query":{},"url":"/topic"},"timestamp":"2024-06-21 13:44:44"}
{"level":"info","message":{"body":"","method":"GET","params":{},"query":{},"url":"/interest"},"timestamp":"2024-06-21 13:44:44"}
{"level":"info","message":{"body":"","method":"GET","params":{},"query":{},"url":"/topic"},"timestamp":"2024-06-21 13:44:44"}
{"level":"info","message":{"body":"","method":"GET","params":{},"query":{},"url":"/interest"},"timestamp":"2024-06-21 13:44:44"}
{"level":"info","message":{"body":"","method":"GET","params":{},"query":{},"url":"/topic"},"timestamp":"2024-06-21 13:44:44"}
{"level":"info","message":{"body":"","method":"GET","params":{},"query":{},"url":"/topic"},"timestamp":"2024-06-21 13:44:44"}
{"level":"info","message":{"body":"","method":"GET","params":{},"query":{},"url":"/interest"},"timestamp":"2024-06-21 13:44:44"}
{"level":"info","message":{"body":"","method":"GET","params":{},"query":{},"url":"/topic"},"timestamp":"2024-06-21 13:44:44"}
{"level":"info","message":{"body":"","method":"GET","params":{},"query":{},"url":"/topic"},"timestamp":"2024-06-21 13:44:44"}
{"level":"info","message":{"body":"","method":"GET","params":{},"query":{},"url":"/topic"},"timestamp":"2024-06-21 13:44:44"}
{"level":"info","message":{"body":"","method":"GET","params":{},"query":{},"url":"/topic"},"timestamp":"2024-06-21 13:44:44"}
{"level":"info","message":{"body":"","method":"GET","params":{},"query":{},"url":"/topic"},"timestamp":"2024-06-21 13:44:44"}
{"level":"info","message":{"body":"","method":"GET","params":{},"query":{},"url":"/topic"},"timestamp":"2024-06-21 13:44:44"}
{"level":"info","message":{"body":"","method":"GET","params":{},"query":{},"url":"/topic"},"timestamp":"2024-06-21 13:44:44"}
