{"level":"info","message":"🚀API listening port 3000","timestamp":"2024-07-02 00:38:45"}
{"level":"info","message":"Database connected","timestamp":"2024-07-02 00:38:46","util":"database"}
{"level":"info","message":{"body":{"email":"camilo@boggle.cl","password":"camilo123"},"method":"POST","params":"","query":"","url":"/user/validate"},"timestamp":"2024-07-02 00:40:22"}
{"level":"info","message":{"body":{"email":"camilo@boggle.cl","password":"camilo123"},"method":"POST","params":"","query":"","url":"/user/validate"},"timestamp":"2024-07-02 00:40:23"}
{"level":"info","message":{"body":"","method":"GET","params":{},"query":{},"url":"/profile/id_person/1c2d67b4-d013-4cc1-8d04-4b74394460ee"},"timestamp":"2024-07-02 00:40:29"}
{"level":"info","message":{"body":"","method":"GET","params":{},"query":{},"url":"/person/personId/getPerson/1c2d67b4-d013-4cc1-8d04-4b74394460ee"},"timestamp":"2024-07-02 00:40:29"}
{"level":"info","message":{"body":"","method":"GET","params":{"id_person":"1c2d67b4-d013-4cc1-8d04-4b74394460ee"},"query":{},"url":"/profile/id_person/1c2d67b4-d013-4cc1-8d04-4b74394460ee"},"timestamp":"2024-07-02 00:40:29"}
{"level":"info","message":{"body":"","method":"GET","params":{},"query":{},"url":"/profile/id_person/1c2d67b4-d013-4cc1-8d04-4b74394460ee"},"timestamp":"2024-07-02 00:40:29"}
{"level":"info","message":{"body":"","method":"GET","params":{"id_person":"1c2d67b4-d013-4cc1-8d04-4b74394460ee"},"query":{},"url":"/profile/id_person/1c2d67b4-d013-4cc1-8d04-4b74394460ee"},"timestamp":"2024-07-02 00:40:29"}
{"level":"info","message":{"body":"","method":"GET","params":{"id_person":"1c2d67b4-d013-4cc1-8d04-4b74394460ee"},"query":{},"url":"/person/personId/getPerson/1c2d67b4-d013-4cc1-8d04-4b74394460ee"},"timestamp":"2024-07-02 00:40:29"}
{"level":"info","message":{"body":"","method":"GET","params":{},"query":{},"url":"/person/personId/getPerson/1c2d67b4-d013-4cc1-8d04-4b74394460ee"},"timestamp":"2024-07-02 00:40:29"}
{"level":"info","message":{"body":"","method":"GET","params":{"id_person":"1c2d67b4-d013-4cc1-8d04-4b74394460ee"},"query":{},"url":"/person/personId/getPerson/1c2d67b4-d013-4cc1-8d04-4b74394460ee"},"timestamp":"2024-07-02 00:40:30"}
{"level":"info","message":{"body":"","method":"GET","params":{},"query":{},"url":"/person/personId/getPerson/1c2d67b4-d013-4cc1-8d04-4b74394460ee"},"timestamp":"2024-07-02 00:40:32"}
{"level":"info","message":{"body":"","method":"GET","params":{},"query":{},"url":"/interest"},"timestamp":"2024-07-02 00:40:32"}
{"level":"info","message":{"body":"","method":"GET","params":{"id_person":"1c2d67b4-d013-4cc1-8d04-4b74394460ee"},"query":{},"url":"/person/personId/getPerson/1c2d67b4-d013-4cc1-8d04-4b74394460ee"},"timestamp":"2024-07-02 00:40:32"}
{"level":"info","message":{"body":"","method":"GET","params":{},"query":{},"url":"/person/personId/getPerson/1c2d67b4-d013-4cc1-8d04-4b74394460ee"},"timestamp":"2024-07-02 00:40:32"}
{"level":"info","message":{"body":"","method":"GET","params":{},"query":{},"url":"/interest"},"timestamp":"2024-07-02 00:40:32"}
{"level":"info","message":{"body":"","method":"GET","params":{},"query":{},"url":"/interest"},"timestamp":"2024-07-02 00:40:32"}
{"level":"info","message":{"body":"","method":"GET","params":{"id_person":"1c2d67b4-d013-4cc1-8d04-4b74394460ee"},"query":{},"url":"/person/personId/getPerson/1c2d67b4-d013-4cc1-8d04-4b74394460ee"},"timestamp":"2024-07-02 00:40:32"}
{"level":"info","message":{"body":"","method":"GET","params":{},"query":{},"url":"/interest"},"timestamp":"2024-07-02 00:40:32"}
{"level":"info","message":{"body":"","method":"PUT","params":{},"query":"","url":"/person/personId/interest/1c2d67b4-d013-4cc1-8d04-4b74394460ee"},"timestamp":"2024-07-02 00:40:37"}
{"level":"info","message":{"body":"","method":"PUT","params":{"id_person":"1c2d67b4-d013-4cc1-8d04-4b74394460ee"},"query":"","url":"/person/personId/interest/1c2d67b4-d013-4cc1-8d04-4b74394460ee"},"timestamp":"2024-07-02 00:40:37"}
{"level":"info","message":{"body":"","method":"PUT","params":{},"query":"","url":"/person/personId/interest/1c2d67b4-d013-4cc1-8d04-4b74394460ee"},"timestamp":"2024-07-02 00:40:38"}
{"level":"info","message":{"body":"","method":"PUT","params":{"id_person":"1c2d67b4-d013-4cc1-8d04-4b74394460ee"},"query":"","url":"/person/personId/interest/1c2d67b4-d013-4cc1-8d04-4b74394460ee"},"timestamp":"2024-07-02 00:40:38"}
{"level":"info","message":{"body":"","method":"GET","params":{},"query":{},"url":"/person/personId/getPerson/1c2d67b4-d013-4cc1-8d04-4b74394460ee"},"timestamp":"2024-07-02 00:40:38"}
{"level":"info","message":{"body":"","method":"GET","params":{"id_person":"1c2d67b4-d013-4cc1-8d04-4b74394460ee"},"query":{},"url":"/person/personId/getPerson/1c2d67b4-d013-4cc1-8d04-4b74394460ee"},"timestamp":"2024-07-02 00:40:38"}
{"level":"info","message":{"body":"","method":"PUT","params":{},"query":"","url":"/person/personId/interest/1c2d67b4-d013-4cc1-8d04-4b74394460ee"},"timestamp":"2024-07-02 00:40:48"}
{"level":"info","message":{"body":"","method":"PUT","params":{"id_person":"1c2d67b4-d013-4cc1-8d04-4b74394460ee"},"query":"","url":"/person/personId/interest/1c2d67b4-d013-4cc1-8d04-4b74394460ee"},"timestamp":"2024-07-02 00:40:49"}
{"level":"info","message":{"body":"","method":"GET","params":{},"query":{},"url":"/person/personId/getPerson/1c2d67b4-d013-4cc1-8d04-4b74394460ee"},"timestamp":"2024-07-02 00:40:49"}
{"level":"info","message":{"body":"","method":"GET","params":{"id_person":"1c2d67b4-d013-4cc1-8d04-4b74394460ee"},"query":{},"url":"/person/personId/getPerson/1c2d67b4-d013-4cc1-8d04-4b74394460ee"},"timestamp":"2024-07-02 00:40:49"}
{"level":"info","message":{"body":"","method":"PUT","params":{},"query":"","url":"/person/personId/interest/1c2d67b4-d013-4cc1-8d04-4b74394460ee"},"timestamp":"2024-07-02 00:40:57"}
{"level":"info","message":{"body":"","method":"PUT","params":{"id_person":"1c2d67b4-d013-4cc1-8d04-4b74394460ee"},"query":"","url":"/person/personId/interest/1c2d67b4-d013-4cc1-8d04-4b74394460ee"},"timestamp":"2024-07-02 00:40:57"}
{"level":"info","message":{"body":"","method":"PUT","params":{},"query":"","url":"/person/personId/interest/1c2d67b4-d013-4cc1-8d04-4b74394460ee"},"timestamp":"2024-07-02 00:40:57"}
{"level":"info","message":{"body":"","method":"PUT","params":{"id_person":"1c2d67b4-d013-4cc1-8d04-4b74394460ee"},"query":"","url":"/person/personId/interest/1c2d67b4-d013-4cc1-8d04-4b74394460ee"},"timestamp":"2024-07-02 00:40:58"}
{"level":"info","message":{"body":"","method":"PUT","params":{},"query":"","url":"/person/personId/interest/1c2d67b4-d013-4cc1-8d04-4b74394460ee"},"timestamp":"2024-07-02 00:40:58"}
{"level":"info","message":{"body":"","method":"PUT","params":{"id_person":"1c2d67b4-d013-4cc1-8d04-4b74394460ee"},"query":"","url":"/person/personId/interest/1c2d67b4-d013-4cc1-8d04-4b74394460ee"},"timestamp":"2024-07-02 00:40:58"}
{"level":"info","message":{"body":"","method":"GET","params":{},"query":{},"url":"/person/personId/getPerson/1c2d67b4-d013-4cc1-8d04-4b74394460ee"},"timestamp":"2024-07-02 00:40:58"}
{"level":"info","message":{"body":"","method":"GET","params":{"id_person":"1c2d67b4-d013-4cc1-8d04-4b74394460ee"},"query":{},"url":"/person/personId/getPerson/1c2d67b4-d013-4cc1-8d04-4b74394460ee"},"timestamp":"2024-07-02 00:40:58"}
{"level":"info","message":{"body":"","method":"GET","params":{},"query":{},"url":"/profile/id_person/1c2d67b4-d013-4cc1-8d04-4b74394460ee"},"timestamp":"2024-07-02 00:41:02"}
{"level":"info","message":{"body":"","method":"GET","params":{},"query":{},"url":"/person/personId/getPerson/1c2d67b4-d013-4cc1-8d04-4b74394460ee"},"timestamp":"2024-07-02 00:41:02"}
{"level":"info","message":{"body":"","method":"GET","params":{"id_person":"1c2d67b4-d013-4cc1-8d04-4b74394460ee"},"query":{},"url":"/profile/id_person/1c2d67b4-d013-4cc1-8d04-4b74394460ee"},"timestamp":"2024-07-02 00:41:02"}
{"level":"info","message":{"body":"","method":"GET","params":{},"query":{},"url":"/profile/id_person/1c2d67b4-d013-4cc1-8d04-4b74394460ee"},"timestamp":"2024-07-02 00:41:02"}
{"level":"info","message":{"body":"","method":"GET","params":{"id_person":"1c2d67b4-d013-4cc1-8d04-4b74394460ee"},"query":{},"url":"/profile/id_person/1c2d67b4-d013-4cc1-8d04-4b74394460ee"},"timestamp":"2024-07-02 00:41:02"}
{"level":"info","message":{"body":"","method":"GET","params":{"id_person":"1c2d67b4-d013-4cc1-8d04-4b74394460ee"},"query":{},"url":"/person/personId/getPerson/1c2d67b4-d013-4cc1-8d04-4b74394460ee"},"timestamp":"2024-07-02 00:41:02"}
{"level":"info","message":{"body":"","method":"GET","params":{},"query":{},"url":"/person/personId/getPerson/1c2d67b4-d013-4cc1-8d04-4b74394460ee"},"timestamp":"2024-07-02 00:41:02"}
{"level":"info","message":{"body":"","method":"GET","params":{"id_person":"1c2d67b4-d013-4cc1-8d04-4b74394460ee"},"query":{},"url":"/person/personId/getPerson/1c2d67b4-d013-4cc1-8d04-4b74394460ee"},"timestamp":"2024-07-02 00:41:02"}
{"level":"info","message":{"body":"","method":"GET","params":{},"query":{},"url":"/interest"},"timestamp":"2024-07-02 00:41:14"}
{"level":"info","message":{"body":"","method":"GET","params":{},"query":{},"url":"/person/personId/getPerson/1c2d67b4-d013-4cc1-8d04-4b74394460ee"},"timestamp":"2024-07-02 00:41:14"}
{"level":"info","message":{"body":"","method":"GET","params":{},"query":{},"url":"/interest"},"timestamp":"2024-07-02 00:41:15"}
{"level":"info","message":{"body":"","method":"GET","params":{"id_person":"1c2d67b4-d013-4cc1-8d04-4b74394460ee"},"query":{},"url":"/person/personId/getPerson/1c2d67b4-d013-4cc1-8d04-4b74394460ee"},"timestamp":"2024-07-02 00:41:15"}
{"level":"info","message":{"body":"","method":"GET","params":{},"query":{},"url":"/interest"},"timestamp":"2024-07-02 00:41:15"}
{"level":"info","message":{"body":"","method":"GET","params":{},"query":{},"url":"/person/personId/getPerson/1c2d67b4-d013-4cc1-8d04-4b74394460ee"},"timestamp":"2024-07-02 00:41:15"}
{"level":"info","message":{"body":"","method":"GET","params":{},"query":{},"url":"/interest"},"timestamp":"2024-07-02 00:41:15"}
{"level":"info","message":{"body":"","method":"GET","params":{"id_person":"1c2d67b4-d013-4cc1-8d04-4b74394460ee"},"query":{},"url":"/person/personId/getPerson/1c2d67b4-d013-4cc1-8d04-4b74394460ee"},"timestamp":"2024-07-02 00:41:15"}
{"level":"info","message":{"body":"","method":"GET","params":{},"query":{},"url":"/profile/id_person/1c2d67b4-d013-4cc1-8d04-4b74394460ee"},"timestamp":"2024-07-02 00:41:29"}
{"level":"info","message":{"body":"","method":"GET","params":{},"query":{},"url":"/person/personId/getPerson/1c2d67b4-d013-4cc1-8d04-4b74394460ee"},"timestamp":"2024-07-02 00:41:29"}
{"level":"info","message":{"body":"","method":"GET","params":{"id_person":"1c2d67b4-d013-4cc1-8d04-4b74394460ee"},"query":{},"url":"/profile/id_person/1c2d67b4-d013-4cc1-8d04-4b74394460ee"},"timestamp":"2024-07-02 00:41:30"}
{"level":"info","message":{"body":"","method":"GET","params":{"id_person":"1c2d67b4-d013-4cc1-8d04-4b74394460ee"},"query":{},"url":"/person/personId/getPerson/1c2d67b4-d013-4cc1-8d04-4b74394460ee"},"timestamp":"2024-07-02 00:41:30"}
{"level":"info","message":{"body":"","method":"GET","params":{},"query":{},"url":"/profile/id_person/1c2d67b4-d013-4cc1-8d04-4b74394460ee"},"timestamp":"2024-07-02 00:41:30"}
{"level":"info","message":{"body":"","method":"GET","params":{},"query":{},"url":"/person/personId/getPerson/1c2d67b4-d013-4cc1-8d04-4b74394460ee"},"timestamp":"2024-07-02 00:41:30"}
{"level":"info","message":{"body":"","method":"GET","params":{"id_person":"1c2d67b4-d013-4cc1-8d04-4b74394460ee"},"query":{},"url":"/person/personId/getPerson/1c2d67b4-d013-4cc1-8d04-4b74394460ee"},"timestamp":"2024-07-02 00:41:30"}
{"level":"info","message":{"body":"","method":"GET","params":{"id_person":"1c2d67b4-d013-4cc1-8d04-4b74394460ee"},"query":{},"url":"/profile/id_person/1c2d67b4-d013-4cc1-8d04-4b74394460ee"},"timestamp":"2024-07-02 00:41:30"}
{"level":"info","message":{"body":"","method":"GET","params":{},"query":{},"url":"/person/personId/getPerson/1c2d67b4-d013-4cc1-8d04-4b74394460ee"},"timestamp":"2024-07-02 00:41:32"}
{"level":"info","message":{"body":"","method":"GET","params":{},"query":{},"url":"/interest"},"timestamp":"2024-07-02 00:41:32"}
{"level":"info","message":{"body":"","method":"GET","params":{},"query":{},"url":"/interest"},"timestamp":"2024-07-02 00:41:32"}
{"level":"info","message":{"body":"","method":"GET","params":{"id_person":"1c2d67b4-d013-4cc1-8d04-4b74394460ee"},"query":{},"url":"/person/personId/getPerson/1c2d67b4-d013-4cc1-8d04-4b74394460ee"},"timestamp":"2024-07-02 00:41:32"}
{"level":"info","message":{"body":"","method":"GET","params":{},"query":{},"url":"/interest"},"timestamp":"2024-07-02 00:41:32"}
{"level":"info","message":{"body":"","method":"GET","params":{},"query":{},"url":"/person/personId/getPerson/1c2d67b4-d013-4cc1-8d04-4b74394460ee"},"timestamp":"2024-07-02 00:41:32"}
{"level":"info","message":{"body":"","method":"GET","params":{},"query":{},"url":"/interest"},"timestamp":"2024-07-02 00:41:32"}
{"level":"info","message":{"body":"","method":"GET","params":{"id_person":"1c2d67b4-d013-4cc1-8d04-4b74394460ee"},"query":{},"url":"/person/personId/getPerson/1c2d67b4-d013-4cc1-8d04-4b74394460ee"},"timestamp":"2024-07-02 00:41:32"}
{"level":"info","message":{"body":"","method":"DELETE","params":{},"query":"","url":"/person/personId/removeInterest/1c2d67b4-d013-4cc1-8d04-4b74394460ee"},"timestamp":"2024-07-02 00:41:33"}
{"level":"info","message":{"body":"","method":"DELETE","params":{"id_person":"1c2d67b4-d013-4cc1-8d04-4b74394460ee"},"query":"","url":"/person/personId/removeInterest/1c2d67b4-d013-4cc1-8d04-4b74394460ee"},"timestamp":"2024-07-02 00:41:34"}
{"level":"info","message":{"body":"","method":"GET","params":{},"query":{},"url":"/person/personId/getPerson/1c2d67b4-d013-4cc1-8d04-4b74394460ee"},"timestamp":"2024-07-02 00:41:34"}
{"level":"info","message":{"body":"","method":"GET","params":{"id_person":"1c2d67b4-d013-4cc1-8d04-4b74394460ee"},"query":{},"url":"/person/personId/getPerson/1c2d67b4-d013-4cc1-8d04-4b74394460ee"},"timestamp":"2024-07-02 00:41:34"}
{"level":"info","message":{"body":"","method":"DELETE","params":{},"query":"","url":"/person/personId/removeInterest/1c2d67b4-d013-4cc1-8d04-4b74394460ee"},"timestamp":"2024-07-02 00:41:34"}
{"level":"info","message":{"body":"","method":"DELETE","params":{"id_person":"1c2d67b4-d013-4cc1-8d04-4b74394460ee"},"query":"","url":"/person/personId/removeInterest/1c2d67b4-d013-4cc1-8d04-4b74394460ee"},"timestamp":"2024-07-02 00:41:34"}
{"level":"info","message":{"body":"","method":"GET","params":{},"query":{},"url":"/person/personId/getPerson/1c2d67b4-d013-4cc1-8d04-4b74394460ee"},"timestamp":"2024-07-02 00:41:34"}
{"level":"info","message":{"body":"","method":"GET","params":{"id_person":"1c2d67b4-d013-4cc1-8d04-4b74394460ee"},"query":{},"url":"/person/personId/getPerson/1c2d67b4-d013-4cc1-8d04-4b74394460ee"},"timestamp":"2024-07-02 00:41:35"}
{"level":"info","message":{"body":"","method":"DELETE","params":{},"query":"","url":"/person/personId/removeInterest/1c2d67b4-d013-4cc1-8d04-4b74394460ee"},"timestamp":"2024-07-02 00:41:36"}
{"level":"info","message":{"body":"","method":"DELETE","params":{"id_person":"1c2d67b4-d013-4cc1-8d04-4b74394460ee"},"query":"","url":"/person/personId/removeInterest/1c2d67b4-d013-4cc1-8d04-4b74394460ee"},"timestamp":"2024-07-02 00:41:36"}
{"level":"info","message":{"body":"","method":"GET","params":{},"query":{},"url":"/person/personId/getPerson/1c2d67b4-d013-4cc1-8d04-4b74394460ee"},"timestamp":"2024-07-02 00:41:36"}
{"level":"info","message":{"body":"","method":"GET","params":{"id_person":"1c2d67b4-d013-4cc1-8d04-4b74394460ee"},"query":{},"url":"/person/personId/getPerson/1c2d67b4-d013-4cc1-8d04-4b74394460ee"},"timestamp":"2024-07-02 00:41:36"}
{"level":"info","message":{"body":"","method":"DELETE","params":{},"query":"","url":"/person/personId/removeInterest/1c2d67b4-d013-4cc1-8d04-4b74394460ee"},"timestamp":"2024-07-02 00:41:37"}
{"level":"info","message":{"body":"","method":"DELETE","params":{"id_person":"1c2d67b4-d013-4cc1-8d04-4b74394460ee"},"query":"","url":"/person/personId/removeInterest/1c2d67b4-d013-4cc1-8d04-4b74394460ee"},"timestamp":"2024-07-02 00:41:37"}
{"level":"info","message":{"body":"","method":"GET","params":{},"query":{},"url":"/person/personId/getPerson/1c2d67b4-d013-4cc1-8d04-4b74394460ee"},"timestamp":"2024-07-02 00:41:37"}
{"level":"info","message":{"body":"","method":"GET","params":{"id_person":"1c2d67b4-d013-4cc1-8d04-4b74394460ee"},"query":{},"url":"/person/personId/getPerson/1c2d67b4-d013-4cc1-8d04-4b74394460ee"},"timestamp":"2024-07-02 00:41:37"}
{"level":"info","message":{"body":"","method":"GET","params":{},"query":{},"url":"/profile/id_person/1c2d67b4-d013-4cc1-8d04-4b74394460ee"},"timestamp":"2024-07-02 00:41:49"}
{"level":"info","message":{"body":"","method":"GET","params":{},"query":{},"url":"/person/personId/getPerson/1c2d67b4-d013-4cc1-8d04-4b74394460ee"},"timestamp":"2024-07-02 00:41:49"}
{"level":"info","message":{"body":"","method":"GET","params":{"id_person":"1c2d67b4-d013-4cc1-8d04-4b74394460ee"},"query":{},"url":"/profile/id_person/1c2d67b4-d013-4cc1-8d04-4b74394460ee"},"timestamp":"2024-07-02 00:41:50"}
{"level":"info","message":{"body":"","method":"GET","params":{},"query":{},"url":"/profile/id_person/1c2d67b4-d013-4cc1-8d04-4b74394460ee"},"timestamp":"2024-07-02 00:41:50"}
{"level":"info","message":{"body":"","method":"GET","params":{"id_person":"1c2d67b4-d013-4cc1-8d04-4b74394460ee"},"query":{},"url":"/person/personId/getPerson/1c2d67b4-d013-4cc1-8d04-4b74394460ee"},"timestamp":"2024-07-02 00:41:50"}
{"level":"info","message":{"body":"","method":"GET","params":{},"query":{},"url":"/person/personId/getPerson/1c2d67b4-d013-4cc1-8d04-4b74394460ee"},"timestamp":"2024-07-02 00:41:50"}
{"level":"info","message":{"body":"","method":"GET","params":{"id_person":"1c2d67b4-d013-4cc1-8d04-4b74394460ee"},"query":{},"url":"/profile/id_person/1c2d67b4-d013-4cc1-8d04-4b74394460ee"},"timestamp":"2024-07-02 00:41:50"}
{"level":"info","message":{"body":"","method":"GET","params":{"id_person":"1c2d67b4-d013-4cc1-8d04-4b74394460ee"},"query":{},"url":"/person/personId/getPerson/1c2d67b4-d013-4cc1-8d04-4b74394460ee"},"timestamp":"2024-07-02 00:41:50"}
{"level":"info","message":{"body":"","method":"GET","params":{},"query":{},"url":"/person/personId/getPerson/1c2d67b4-d013-4cc1-8d04-4b74394460ee"},"timestamp":"2024-07-02 00:41:54"}
{"level":"info","message":{"body":"","method":"GET","params":{},"query":{},"url":"/interest"},"timestamp":"2024-07-02 00:41:54"}
{"level":"info","message":{"body":"","method":"GET","params":{},"query":{},"url":"/interest"},"timestamp":"2024-07-02 00:41:54"}
{"level":"info","message":{"body":"","method":"GET","params":{"id_person":"1c2d67b4-d013-4cc1-8d04-4b74394460ee"},"query":{},"url":"/person/personId/getPerson/1c2d67b4-d013-4cc1-8d04-4b74394460ee"},"timestamp":"2024-07-02 00:41:54"}
{"level":"info","message":{"body":"","method":"GET","params":{},"query":{},"url":"/interest"},"timestamp":"2024-07-02 00:41:54"}
{"level":"info","message":{"body":"","method":"GET","params":{},"query":{},"url":"/person/personId/getPerson/1c2d67b4-d013-4cc1-8d04-4b74394460ee"},"timestamp":"2024-07-02 00:41:54"}
{"level":"info","message":{"body":"","method":"GET","params":{"id_person":"1c2d67b4-d013-4cc1-8d04-4b74394460ee"},"query":{},"url":"/person/personId/getPerson/1c2d67b4-d013-4cc1-8d04-4b74394460ee"},"timestamp":"2024-07-02 00:41:54"}
{"level":"info","message":{"body":"","method":"GET","params":{},"query":{},"url":"/interest"},"timestamp":"2024-07-02 00:41:54"}
{"level":"info","message":{"body":"","method":"GET","params":{},"query":{},"url":"/topic"},"timestamp":"2024-07-02 00:43:17"}
{"level":"info","message":{"body":"","method":"GET","params":{},"query":{},"url":"/interest"},"timestamp":"2024-07-02 00:43:17"}
{"level":"info","message":{"body":"","method":"GET","params":{},"query":{},"url":"/topic"},"timestamp":"2024-07-02 00:43:17"}
{"level":"info","message":{"body":"","method":"GET","params":{},"query":{},"url":"/interest"},"timestamp":"2024-07-02 00:43:17"}
{"level":"info","message":{"body":"","method":"GET","params":{},"query":{},"url":"/topic"},"timestamp":"2024-07-02 00:43:17"}
{"level":"info","message":{"body":"","method":"GET","params":{},"query":{},"url":"/interest"},"timestamp":"2024-07-02 00:43:17"}
{"level":"info","message":{"body":"","method":"GET","params":{},"query":{},"url":"/topic"},"timestamp":"2024-07-02 00:43:17"}
{"level":"info","message":{"body":"","method":"GET","params":{},"query":{},"url":"/interest"},"timestamp":"2024-07-02 00:43:17"}
{"level":"info","message":{"body":"","method":"GET","params":{},"query":{},"url":"/topic"},"timestamp":"2024-07-02 00:43:17"}
{"level":"info","message":{"body":"","method":"GET","params":{},"query":{},"url":"/topic"},"timestamp":"2024-07-02 00:43:18"}
{"level":"info","message":{"body":"","method":"GET","params":{},"query":{},"url":"/topic"},"timestamp":"2024-07-02 00:43:18"}
{"level":"info","message":{"body":"","method":"GET","params":{},"query":{},"url":"/topic"},"timestamp":"2024-07-02 00:43:18"}
{"level":"info","message":{"body":"","method":"GET","params":{},"query":{},"url":"/topic"},"timestamp":"2024-07-02 00:43:18"}
{"level":"info","message":{"body":"","method":"GET","params":{},"query":{},"url":"/topic"},"timestamp":"2024-07-02 00:43:18"}
{"level":"info","message":{"body":"","method":"GET","params":{},"query":{},"url":"/topic"},"timestamp":"2024-07-02 00:43:18"}
{"level":"info","message":{"body":"","method":"GET","params":{},"query":{},"url":"/topic"},"timestamp":"2024-07-02 00:43:18"}
{"level":"info","message":{"body":"","method":"GET","params":{},"query":{},"url":"/message_topic"},"timestamp":"2024-07-02 00:43:22"}
{"level":"info","message":{"body":"","method":"GET","params":{},"query":{},"url":"/topic/id/5fe42d34-dcd8-4485-b31c-05045cefbee7"},"timestamp":"2024-07-02 00:43:22"}
{"level":"info","message":{"body":"","method":"GET","params":{},"query":{},"url":"/message_topic"},"timestamp":"2024-07-02 00:43:22"}
{"level":"info","message":{"body":"","method":"GET","params":{},"query":{},"url":"/message_topic"},"timestamp":"2024-07-02 00:43:22"}
{"level":"info","message":{"body":"","method":"GET","params":{"id":"5fe42d34-dcd8-4485-b31c-05045cefbee7"},"query":{},"url":"/topic/id/5fe42d34-dcd8-4485-b31c-05045cefbee7"},"timestamp":"2024-07-02 00:43:22"}
{"level":"info","message":{"body":"","method":"GET","params":{},"query":{},"url":"/topic/id/5fe42d34-dcd8-4485-b31c-05045cefbee7"},"timestamp":"2024-07-02 00:43:22"}
{"level":"info","message":{"body":"","method":"GET","params":{},"query":{},"url":"/message_topic"},"timestamp":"2024-07-02 00:43:22"}
{"level":"info","message":{"body":"","method":"GET","params":{"id":"5fe42d34-dcd8-4485-b31c-05045cefbee7"},"query":{},"url":"/topic/id/5fe42d34-dcd8-4485-b31c-05045cefbee7"},"timestamp":"2024-07-02 00:43:22"}
{"level":"info","message":{"body":"","method":"GET","params":{},"query":{},"url":"/message_topic"},"timestamp":"2024-07-02 00:44:06"}
{"level":"info","message":{"body":"","method":"GET","params":{},"query":{},"url":"/message_topic"},"timestamp":"2024-07-02 00:44:07"}
{"level":"info","message":{"body":"","method":"GET","params":{},"query":{},"url":"/message_topic"},"timestamp":"2024-07-02 00:44:07"}
{"level":"info","message":{"body":"","method":"GET","params":{},"query":{},"url":"/message_topic"},"timestamp":"2024-07-02 00:44:07"}
{"level":"info","message":{"body":{"content":"hola","id_person":"1c2d67b4-d013-4cc1-8d04-4b74394460ee","id_topic":"5fe42d34-dcd8-4485-b31c-05045cefbee7"},"method":"POST","params":"","query":"","url":"/message_topic"},"timestamp":"2024-07-02 00:44:34"}
{"level":"info","message":{"body":{"content":"hola","id_person":"1c2d67b4-d013-4cc1-8d04-4b74394460ee","id_topic":"5fe42d34-dcd8-4485-b31c-05045cefbee7"},"method":"POST","params":"","query":"","url":"/message_topic"},"timestamp":"2024-07-02 00:44:35"}
{"level":"info","message":{"body":"","method":"GET","params":{},"query":{},"url":"/message_topic"},"timestamp":"2024-07-02 00:44:35"}
{"level":"info","message":{"body":"","method":"GET","params":{},"query":{},"url":"/message_topic"},"timestamp":"2024-07-02 00:44:35"}
{"level":"info","message":{"body":"","method":"DELETE","params":{},"query":"","url":"/message_topic/id/b90afc91-b2c7-4f2f-9ed6-022b07435deb"},"timestamp":"2024-07-02 00:44:39"}
{"level":"info","message":{"body":"","method":"DELETE","params":{"id":"b90afc91-b2c7-4f2f-9ed6-022b07435deb"},"query":"","url":"/message_topic/id/b90afc91-b2c7-4f2f-9ed6-022b07435deb"},"timestamp":"2024-07-02 00:44:39"}
{"level":"info","message":{"body":"","method":"GET","params":{},"query":{},"url":"/person/personId/getPerson/1c2d67b4-d013-4cc1-8d04-4b74394460ee"},"timestamp":"2024-07-02 00:44:43"}
{"level":"info","message":{"body":"","method":"GET","params":{},"query":{},"url":"/profile/id_person/1c2d67b4-d013-4cc1-8d04-4b74394460ee"},"timestamp":"2024-07-02 00:44:43"}
{"level":"info","message":{"body":"","method":"GET","params":{"id_person":"1c2d67b4-d013-4cc1-8d04-4b74394460ee"},"query":{},"url":"/person/personId/getPerson/1c2d67b4-d013-4cc1-8d04-4b74394460ee"},"timestamp":"2024-07-02 00:44:43"}
{"level":"info","message":{"body":"","method":"GET","params":{},"query":{},"url":"/person/personId/getPerson/1c2d67b4-d013-4cc1-8d04-4b74394460ee"},"timestamp":"2024-07-02 00:44:43"}
{"level":"info","message":{"body":"","method":"GET","params":{"id_person":"1c2d67b4-d013-4cc1-8d04-4b74394460ee"},"query":{},"url":"/person/personId/getPerson/1c2d67b4-d013-4cc1-8d04-4b74394460ee"},"timestamp":"2024-07-02 00:44:43"}
{"level":"info","message":{"body":"","method":"GET","params":{"id_person":"1c2d67b4-d013-4cc1-8d04-4b74394460ee"},"query":{},"url":"/profile/id_person/1c2d67b4-d013-4cc1-8d04-4b74394460ee"},"timestamp":"2024-07-02 00:44:44"}
{"level":"info","message":{"body":"","method":"GET","params":{},"query":{},"url":"/profile/id_person/1c2d67b4-d013-4cc1-8d04-4b74394460ee"},"timestamp":"2024-07-02 00:44:44"}
{"level":"info","message":{"body":"","method":"GET","params":{"id_person":"1c2d67b4-d013-4cc1-8d04-4b74394460ee"},"query":{},"url":"/profile/id_person/1c2d67b4-d013-4cc1-8d04-4b74394460ee"},"timestamp":"2024-07-02 00:44:44"}
{"level":"info","message":{"body":"","method":"GET","params":{},"query":{},"url":"/person/personId/getPerson/1c2d67b4-d013-4cc1-8d04-4b74394460ee"},"timestamp":"2024-07-02 00:44:51"}
{"level":"info","message":{"body":"","method":"GET","params":{},"query":{},"url":"/interest"},"timestamp":"2024-07-02 00:44:51"}
{"level":"info","message":{"body":"","method":"GET","params":{"id_person":"1c2d67b4-d013-4cc1-8d04-4b74394460ee"},"query":{},"url":"/person/personId/getPerson/1c2d67b4-d013-4cc1-8d04-4b74394460ee"},"timestamp":"2024-07-02 00:44:51"}
{"level":"info","message":{"body":"","method":"GET","params":{},"query":{},"url":"/person/personId/getPerson/1c2d67b4-d013-4cc1-8d04-4b74394460ee"},"timestamp":"2024-07-02 00:44:51"}
{"level":"info","message":{"body":"","method":"GET","params":{},"query":{},"url":"/interest"},"timestamp":"2024-07-02 00:44:51"}
{"level":"info","message":{"body":"","method":"GET","params":{},"query":{},"url":"/interest"},"timestamp":"2024-07-02 00:44:51"}
{"level":"info","message":{"body":"","method":"GET","params":{"id_person":"1c2d67b4-d013-4cc1-8d04-4b74394460ee"},"query":{},"url":"/person/personId/getPerson/1c2d67b4-d013-4cc1-8d04-4b74394460ee"},"timestamp":"2024-07-02 00:44:51"}
{"level":"info","message":{"body":"","method":"GET","params":{},"query":{},"url":"/interest"},"timestamp":"2024-07-02 00:44:51"}
{"level":"info","message":{"body":"","method":"GET","params":{},"query":{},"url":"/person/personId/getPerson/1c2d67b4-d013-4cc1-8d04-4b74394460ee"},"timestamp":"2024-07-02 00:50:14"}
{"level":"info","message":{"body":"","method":"GET","params":{},"query":{},"url":"/interest"},"timestamp":"2024-07-02 00:50:14"}
{"level":"info","message":{"body":"","method":"GET","params":{"id_person":"1c2d67b4-d013-4cc1-8d04-4b74394460ee"},"query":{},"url":"/person/personId/getPerson/1c2d67b4-d013-4cc1-8d04-4b74394460ee"},"timestamp":"2024-07-02 00:50:15"}
{"level":"info","message":{"body":"","method":"GET","params":{},"query":{},"url":"/interest"},"timestamp":"2024-07-02 00:50:15"}
{"level":"info","message":{"body":{"email":"camilo@boggle.cl","password":"camilo123"},"method":"POST","params":"","query":"","url":"/user/validate"},"timestamp":"2024-07-02 00:50:24"}
{"level":"info","message":{"body":{"email":"camilo@boggle.cl","password":"camilo123"},"method":"POST","params":"","query":"","url":"/user/validate"},"timestamp":"2024-07-02 00:50:24"}
{"level":"info","message":{"body":"","method":"GET","params":{},"query":{},"url":"/person/personId/getPerson/1c2d67b4-d013-4cc1-8d04-4b74394460ee"},"timestamp":"2024-07-02 00:50:24"}
{"level":"info","message":{"body":"","method":"GET","params":{},"query":{},"url":"/interest"},"timestamp":"2024-07-02 00:50:24"}
{"level":"info","message":{"body":"","method":"GET","params":{"id_person":"1c2d67b4-d013-4cc1-8d04-4b74394460ee"},"query":{},"url":"/person/personId/getPerson/1c2d67b4-d013-4cc1-8d04-4b74394460ee"},"timestamp":"2024-07-02 00:50:24"}
{"level":"info","message":{"body":"","method":"GET","params":{},"query":{},"url":"/person/personId/getPerson/1c2d67b4-d013-4cc1-8d04-4b74394460ee"},"timestamp":"2024-07-02 00:50:24"}
{"level":"info","message":{"body":"","method":"GET","params":{},"query":{},"url":"/interest"},"timestamp":"2024-07-02 00:50:24"}
{"level":"info","message":{"body":"","method":"GET","params":{},"query":{},"url":"/interest"},"timestamp":"2024-07-02 00:50:24"}
{"level":"info","message":{"body":"","method":"GET","params":{"id_person":"1c2d67b4-d013-4cc1-8d04-4b74394460ee"},"query":{},"url":"/person/personId/getPerson/1c2d67b4-d013-4cc1-8d04-4b74394460ee"},"timestamp":"2024-07-02 00:50:24"}
{"level":"info","message":{"body":"","method":"GET","params":{},"query":{},"url":"/interest"},"timestamp":"2024-07-02 00:50:24"}
{"level":"info","message":{"body":"","method":"GET","params":{},"query":{},"url":"/profile/id_person/1c2d67b4-d013-4cc1-8d04-4b74394460ee"},"timestamp":"2024-07-02 00:50:33"}
{"level":"info","message":{"body":"","method":"GET","params":{},"query":{},"url":"/person/personId/getPerson/1c2d67b4-d013-4cc1-8d04-4b74394460ee"},"timestamp":"2024-07-02 00:50:33"}
{"level":"info","message":{"body":"","method":"GET","params":{"id_person":"1c2d67b4-d013-4cc1-8d04-4b74394460ee"},"query":{},"url":"/profile/id_person/1c2d67b4-d013-4cc1-8d04-4b74394460ee"},"timestamp":"2024-07-02 00:50:33"}
{"level":"info","message":{"body":"","method":"GET","params":{"id_person":"1c2d67b4-d013-4cc1-8d04-4b74394460ee"},"query":{},"url":"/person/personId/getPerson/1c2d67b4-d013-4cc1-8d04-4b74394460ee"},"timestamp":"2024-07-02 00:50:33"}
{"level":"info","message":{"body":"","method":"GET","params":{},"query":{},"url":"/profile/id_person/1c2d67b4-d013-4cc1-8d04-4b74394460ee"},"timestamp":"2024-07-02 00:50:33"}
{"level":"info","message":{"body":"","method":"GET","params":{},"query":{},"url":"/person/personId/getPerson/1c2d67b4-d013-4cc1-8d04-4b74394460ee"},"timestamp":"2024-07-02 00:50:33"}
{"level":"info","message":{"body":"","method":"GET","params":{"id_person":"1c2d67b4-d013-4cc1-8d04-4b74394460ee"},"query":{},"url":"/profile/id_person/1c2d67b4-d013-4cc1-8d04-4b74394460ee"},"timestamp":"2024-07-02 00:50:33"}
{"level":"info","message":{"body":"","method":"GET","params":{"id_person":"1c2d67b4-d013-4cc1-8d04-4b74394460ee"},"query":{},"url":"/person/personId/getPerson/1c2d67b4-d013-4cc1-8d04-4b74394460ee"},"timestamp":"2024-07-02 00:50:33"}
{"level":"info","message":{"body":"","method":"GET","params":{},"query":{},"url":"/person/personId/getPerson/1c2d67b4-d013-4cc1-8d04-4b74394460ee"},"timestamp":"2024-07-02 00:50:36"}
{"level":"info","message":{"body":"","method":"GET","params":{},"query":{},"url":"/interest"},"timestamp":"2024-07-02 00:50:36"}
{"level":"info","message":{"body":"","method":"GET","params":{"id_person":"1c2d67b4-d013-4cc1-8d04-4b74394460ee"},"query":{},"url":"/person/personId/getPerson/1c2d67b4-d013-4cc1-8d04-4b74394460ee"},"timestamp":"2024-07-02 00:50:36"}
{"level":"info","message":{"body":"","method":"GET","params":{},"query":{},"url":"/person/personId/getPerson/1c2d67b4-d013-4cc1-8d04-4b74394460ee"},"timestamp":"2024-07-02 00:50:36"}
{"level":"info","message":{"body":"","method":"GET","params":{},"query":{},"url":"/interest"},"timestamp":"2024-07-02 00:50:36"}
{"level":"info","message":{"body":"","method":"GET","params":{},"query":{},"url":"/interest"},"timestamp":"2024-07-02 00:50:36"}
{"level":"info","message":{"body":"","method":"GET","params":{"id_person":"1c2d67b4-d013-4cc1-8d04-4b74394460ee"},"query":{},"url":"/person/personId/getPerson/1c2d67b4-d013-4cc1-8d04-4b74394460ee"},"timestamp":"2024-07-02 00:50:36"}
{"level":"info","message":{"body":"","method":"GET","params":{},"query":{},"url":"/interest"},"timestamp":"2024-07-02 00:50:36"}
{"level":"info","message":{"body":"","method":"PUT","params":{},"query":"","url":"/person/personId/interest/1c2d67b4-d013-4cc1-8d04-4b74394460ee"},"timestamp":"2024-07-02 00:50:41"}
{"level":"info","message":{"body":"","method":"PUT","params":{"id_person":"1c2d67b4-d013-4cc1-8d04-4b74394460ee"},"query":"","url":"/person/personId/interest/1c2d67b4-d013-4cc1-8d04-4b74394460ee"},"timestamp":"2024-07-02 00:50:41"}
{"level":"info","message":{"body":"","method":"GET","params":{},"query":{},"url":"/person/personId/getPerson/1c2d67b4-d013-4cc1-8d04-4b74394460ee"},"timestamp":"2024-07-02 00:50:41"}
{"level":"info","message":{"body":"","method":"GET","params":{"id_person":"1c2d67b4-d013-4cc1-8d04-4b74394460ee"},"query":{},"url":"/person/personId/getPerson/1c2d67b4-d013-4cc1-8d04-4b74394460ee"},"timestamp":"2024-07-02 00:50:41"}
{"level":"info","message":{"body":"","method":"GET","params":{},"query":{},"url":"/profile/id_person/1c2d67b4-d013-4cc1-8d04-4b74394460ee"},"timestamp":"2024-07-02 00:50:59"}
{"level":"info","message":{"body":"","method":"GET","params":{},"query":{},"url":"/person/personId/getPerson/1c2d67b4-d013-4cc1-8d04-4b74394460ee"},"timestamp":"2024-07-02 00:50:59"}
{"level":"info","message":{"body":"","method":"GET","params":{"id_person":"1c2d67b4-d013-4cc1-8d04-4b74394460ee"},"query":{},"url":"/profile/id_person/1c2d67b4-d013-4cc1-8d04-4b74394460ee"},"timestamp":"2024-07-02 00:50:59"}
{"level":"info","message":{"body":"","method":"GET","params":{"id_person":"1c2d67b4-d013-4cc1-8d04-4b74394460ee"},"query":{},"url":"/person/personId/getPerson/1c2d67b4-d013-4cc1-8d04-4b74394460ee"},"timestamp":"2024-07-02 00:50:59"}
{"level":"info","message":{"body":"","method":"GET","params":{},"query":{},"url":"/profile/id_person/1c2d67b4-d013-4cc1-8d04-4b74394460ee"},"timestamp":"2024-07-02 00:50:59"}
{"level":"info","message":{"body":"","method":"GET","params":{},"query":{},"url":"/person/personId/getPerson/1c2d67b4-d013-4cc1-8d04-4b74394460ee"},"timestamp":"2024-07-02 00:50:59"}
{"level":"info","message":{"body":"","method":"GET","params":{"id_person":"1c2d67b4-d013-4cc1-8d04-4b74394460ee"},"query":{},"url":"/profile/id_person/1c2d67b4-d013-4cc1-8d04-4b74394460ee"},"timestamp":"2024-07-02 00:50:59"}
{"level":"info","message":{"body":"","method":"GET","params":{"id_person":"1c2d67b4-d013-4cc1-8d04-4b74394460ee"},"query":{},"url":"/person/personId/getPerson/1c2d67b4-d013-4cc1-8d04-4b74394460ee"},"timestamp":"2024-07-02 00:50:59"}
{"level":"info","message":{"body":"","method":"GET","params":{},"query":{},"url":"/person/personId/getPerson/1c2d67b4-d013-4cc1-8d04-4b74394460ee"},"timestamp":"2024-07-02 00:51:03"}
{"level":"info","message":{"body":"","method":"GET","params":{},"query":{},"url":"/interest"},"timestamp":"2024-07-02 00:51:03"}
{"level":"info","message":{"body":"","method":"GET","params":{},"query":{},"url":"/interest"},"timestamp":"2024-07-02 00:51:03"}
{"level":"info","message":{"body":"","method":"GET","params":{"id_person":"1c2d67b4-d013-4cc1-8d04-4b74394460ee"},"query":{},"url":"/person/personId/getPerson/1c2d67b4-d013-4cc1-8d04-4b74394460ee"},"timestamp":"2024-07-02 00:51:03"}
{"level":"info","message":{"body":"","method":"GET","params":{},"query":{},"url":"/interest"},"timestamp":"2024-07-02 00:51:03"}
{"level":"info","message":{"body":"","method":"GET","params":{},"query":{},"url":"/person/personId/getPerson/1c2d67b4-d013-4cc1-8d04-4b74394460ee"},"timestamp":"2024-07-02 00:51:03"}
{"level":"info","message":{"body":"","method":"GET","params":{"id_person":"1c2d67b4-d013-4cc1-8d04-4b74394460ee"},"query":{},"url":"/person/personId/getPerson/1c2d67b4-d013-4cc1-8d04-4b74394460ee"},"timestamp":"2024-07-02 00:51:03"}
{"level":"info","message":{"body":"","method":"GET","params":{},"query":{},"url":"/interest"},"timestamp":"2024-07-02 00:51:03"}
{"level":"info","message":{"body":"","method":"GET","params":{},"query":{},"url":"/profile/id_person/1c2d67b4-d013-4cc1-8d04-4b74394460ee"},"timestamp":"2024-07-02 00:51:16"}
{"level":"info","message":{"body":"","method":"GET","params":{},"query":{},"url":"/person/personId/getPerson/1c2d67b4-d013-4cc1-8d04-4b74394460ee"},"timestamp":"2024-07-02 00:51:16"}
{"level":"info","message":{"body":"","method":"GET","params":{"id_person":"1c2d67b4-d013-4cc1-8d04-4b74394460ee"},"query":{},"url":"/profile/id_person/1c2d67b4-d013-4cc1-8d04-4b74394460ee"},"timestamp":"2024-07-02 00:51:16"}
{"level":"info","message":{"body":"","method":"GET","params":{},"query":{},"url":"/profile/id_person/1c2d67b4-d013-4cc1-8d04-4b74394460ee"},"timestamp":"2024-07-02 00:51:16"}
{"level":"info","message":{"body":"","method":"GET","params":{"id_person":"1c2d67b4-d013-4cc1-8d04-4b74394460ee"},"query":{},"url":"/person/personId/getPerson/1c2d67b4-d013-4cc1-8d04-4b74394460ee"},"timestamp":"2024-07-02 00:51:16"}
{"level":"info","message":{"body":"","method":"GET","params":{},"query":{},"url":"/person/personId/getPerson/1c2d67b4-d013-4cc1-8d04-4b74394460ee"},"timestamp":"2024-07-02 00:51:16"}
{"level":"info","message":{"body":"","method":"GET","params":{"id_person":"1c2d67b4-d013-4cc1-8d04-4b74394460ee"},"query":{},"url":"/profile/id_person/1c2d67b4-d013-4cc1-8d04-4b74394460ee"},"timestamp":"2024-07-02 00:51:17"}
{"level":"info","message":{"body":"","method":"GET","params":{"id_person":"1c2d67b4-d013-4cc1-8d04-4b74394460ee"},"query":{},"url":"/person/personId/getPerson/1c2d67b4-d013-4cc1-8d04-4b74394460ee"},"timestamp":"2024-07-02 00:51:17"}
{"level":"info","message":{"body":"","method":"GET","params":{},"query":{},"url":"/person/personId/getPerson/1c2d67b4-d013-4cc1-8d04-4b74394460ee"},"timestamp":"2024-07-02 00:51:21"}
{"level":"info","message":{"body":"","method":"GET","params":{},"query":{},"url":"/interest"},"timestamp":"2024-07-02 00:51:21"}
{"level":"info","message":{"body":"","method":"GET","params":{"id_person":"1c2d67b4-d013-4cc1-8d04-4b74394460ee"},"query":{},"url":"/person/personId/getPerson/1c2d67b4-d013-4cc1-8d04-4b74394460ee"},"timestamp":"2024-07-02 00:51:21"}
{"level":"info","message":{"body":"","method":"GET","params":{},"query":{},"url":"/person/personId/getPerson/1c2d67b4-d013-4cc1-8d04-4b74394460ee"},"timestamp":"2024-07-02 00:51:21"}
{"level":"info","message":{"body":"","method":"GET","params":{},"query":{},"url":"/interest"},"timestamp":"2024-07-02 00:51:21"}
{"level":"info","message":{"body":"","method":"GET","params":{},"query":{},"url":"/interest"},"timestamp":"2024-07-02 00:51:21"}
{"level":"info","message":{"body":"","method":"GET","params":{"id_person":"1c2d67b4-d013-4cc1-8d04-4b74394460ee"},"query":{},"url":"/person/personId/getPerson/1c2d67b4-d013-4cc1-8d04-4b74394460ee"},"timestamp":"2024-07-02 00:51:21"}
{"level":"info","message":{"body":"","method":"GET","params":{},"query":{},"url":"/interest"},"timestamp":"2024-07-02 00:51:21"}
{"level":"info","message":{"body":"","method":"DELETE","params":{},"query":"","url":"/person/personId/removeInterest/1c2d67b4-d013-4cc1-8d04-4b74394460ee"},"timestamp":"2024-07-02 00:51:22"}
{"level":"info","message":{"body":"","method":"DELETE","params":{"id_person":"1c2d67b4-d013-4cc1-8d04-4b74394460ee"},"query":"","url":"/person/personId/removeInterest/1c2d67b4-d013-4cc1-8d04-4b74394460ee"},"timestamp":"2024-07-02 00:51:22"}
{"level":"info","message":{"body":"","method":"GET","params":{},"query":{},"url":"/person/personId/getPerson/1c2d67b4-d013-4cc1-8d04-4b74394460ee"},"timestamp":"2024-07-02 00:51:22"}
{"level":"info","message":{"body":"","method":"GET","params":{"id_person":"1c2d67b4-d013-4cc1-8d04-4b74394460ee"},"query":{},"url":"/person/personId/getPerson/1c2d67b4-d013-4cc1-8d04-4b74394460ee"},"timestamp":"2024-07-02 00:51:22"}
{"level":"info","message":{"body":"","method":"DELETE","params":{},"query":"","url":"/person/personId/removeInterest/1c2d67b4-d013-4cc1-8d04-4b74394460ee"},"timestamp":"2024-07-02 00:51:23"}
{"level":"info","message":{"body":"","method":"DELETE","params":{"id_person":"1c2d67b4-d013-4cc1-8d04-4b74394460ee"},"query":"","url":"/person/personId/removeInterest/1c2d67b4-d013-4cc1-8d04-4b74394460ee"},"timestamp":"2024-07-02 00:51:23"}
{"level":"info","message":{"body":"","method":"GET","params":{},"query":{},"url":"/person/personId/getPerson/1c2d67b4-d013-4cc1-8d04-4b74394460ee"},"timestamp":"2024-07-02 00:51:23"}
{"level":"info","message":{"body":"","method":"GET","params":{"id_person":"1c2d67b4-d013-4cc1-8d04-4b74394460ee"},"query":{},"url":"/person/personId/getPerson/1c2d67b4-d013-4cc1-8d04-4b74394460ee"},"timestamp":"2024-07-02 00:51:23"}
{"level":"info","message":{"body":"","method":"PUT","params":{},"query":"","url":"/person/personId/interest/1c2d67b4-d013-4cc1-8d04-4b74394460ee"},"timestamp":"2024-07-02 00:51:30"}
{"level":"info","message":{"body":"","method":"PUT","params":{"id_person":"1c2d67b4-d013-4cc1-8d04-4b74394460ee"},"query":"","url":"/person/personId/interest/1c2d67b4-d013-4cc1-8d04-4b74394460ee"},"timestamp":"2024-07-02 00:51:30"}
{"level":"info","message":{"body":"","method":"PUT","params":{},"query":"","url":"/person/personId/interest/1c2d67b4-d013-4cc1-8d04-4b74394460ee"},"timestamp":"2024-07-02 00:51:30"}
{"level":"info","message":{"body":"","method":"PUT","params":{"id_person":"1c2d67b4-d013-4cc1-8d04-4b74394460ee"},"query":"","url":"/person/personId/interest/1c2d67b4-d013-4cc1-8d04-4b74394460ee"},"timestamp":"2024-07-02 00:51:30"}
{"level":"info","message":{"body":"","method":"GET","params":{},"query":{},"url":"/person/personId/getPerson/1c2d67b4-d013-4cc1-8d04-4b74394460ee"},"timestamp":"2024-07-02 00:51:30"}
{"level":"info","message":{"body":"","method":"GET","params":{"id_person":"1c2d67b4-d013-4cc1-8d04-4b74394460ee"},"query":{},"url":"/person/personId/getPerson/1c2d67b4-d013-4cc1-8d04-4b74394460ee"},"timestamp":"2024-07-02 00:51:30"}
{"level":"info","message":{"body":"","method":"GET","params":{},"query":{},"url":"/person/personId/getPerson/1c2d67b4-d013-4cc1-8d04-4b74394460ee"},"timestamp":"2024-07-02 00:51:33"}
{"level":"info","message":{"body":"","method":"GET","params":{},"query":{},"url":"/profile/id_person/1c2d67b4-d013-4cc1-8d04-4b74394460ee"},"timestamp":"2024-07-02 00:51:33"}
{"level":"info","message":{"body":"","method":"GET","params":{"id_person":"1c2d67b4-d013-4cc1-8d04-4b74394460ee"},"query":{},"url":"/person/personId/getPerson/1c2d67b4-d013-4cc1-8d04-4b74394460ee"},"timestamp":"2024-07-02 00:51:33"}
{"level":"info","message":{"body":"","method":"GET","params":{},"query":{},"url":"/person/personId/getPerson/1c2d67b4-d013-4cc1-8d04-4b74394460ee"},"timestamp":"2024-07-02 00:51:33"}
{"level":"info","message":{"body":"","method":"GET","params":{"id_person":"1c2d67b4-d013-4cc1-8d04-4b74394460ee"},"query":{},"url":"/person/personId/getPerson/1c2d67b4-d013-4cc1-8d04-4b74394460ee"},"timestamp":"2024-07-02 00:51:33"}
{"level":"info","message":{"body":"","method":"GET","params":{"id_person":"1c2d67b4-d013-4cc1-8d04-4b74394460ee"},"query":{},"url":"/profile/id_person/1c2d67b4-d013-4cc1-8d04-4b74394460ee"},"timestamp":"2024-07-02 00:51:34"}
{"level":"info","message":{"body":"","method":"GET","params":{},"query":{},"url":"/profile/id_person/1c2d67b4-d013-4cc1-8d04-4b74394460ee"},"timestamp":"2024-07-02 00:51:34"}
{"level":"info","message":{"body":"","method":"GET","params":{"id_person":"1c2d67b4-d013-4cc1-8d04-4b74394460ee"},"query":{},"url":"/profile/id_person/1c2d67b4-d013-4cc1-8d04-4b74394460ee"},"timestamp":"2024-07-02 00:51:34"}
{"level":"info","message":{"body":"","method":"PUT","params":{},"query":"","url":"/profile/id/774f4e06-1de5-4b6c-a0b4-e8431c753582"},"timestamp":"2024-07-02 00:51:45"}
{"level":"info","message":{"body":"","method":"PUT","params":{"id":"774f4e06-1de5-4b6c-a0b4-e8431c753582"},"query":"","url":"/profile/id/774f4e06-1de5-4b6c-a0b4-e8431c753582"},"timestamp":"2024-07-02 00:51:46"}
{"level":"info","message":{"body":"","method":"PUT","params":{},"query":"","url":"/user/update"},"timestamp":"2024-07-02 00:51:46"}
{"level":"error","message":{"body":"","error":"\"password\" is required","method":"PUT","params":{},"query":"","url":"/user/update"},"timestamp":"2024-07-02 00:51:46"}
{"level":"info","message":{"body":"","method":"GET","params":{},"query":{},"url":"/profile/id_person/1c2d67b4-d013-4cc1-8d04-4b74394460ee"},"timestamp":"2024-07-02 00:51:46"}
{"level":"info","message":{"body":"","method":"GET","params":{"id_person":"1c2d67b4-d013-4cc1-8d04-4b74394460ee"},"query":{},"url":"/profile/id_person/1c2d67b4-d013-4cc1-8d04-4b74394460ee"},"timestamp":"2024-07-02 00:51:46"}
{"level":"info","message":{"body":"","method":"GET","params":{},"query":{},"url":"/profile/id_person/1c2d67b4-d013-4cc1-8d04-4b74394460ee"},"timestamp":"2024-07-02 00:52:00"}
{"level":"info","message":{"body":"","method":"GET","params":{},"query":{},"url":"/person/personId/getPerson/1c2d67b4-d013-4cc1-8d04-4b74394460ee"},"timestamp":"2024-07-02 00:52:00"}
{"level":"info","message":{"body":"","method":"GET","params":{"id_person":"1c2d67b4-d013-4cc1-8d04-4b74394460ee"},"query":{},"url":"/profile/id_person/1c2d67b4-d013-4cc1-8d04-4b74394460ee"},"timestamp":"2024-07-02 00:52:01"}
{"level":"info","message":{"body":"","method":"GET","params":{},"query":{},"url":"/profile/id_person/1c2d67b4-d013-4cc1-8d04-4b74394460ee"},"timestamp":"2024-07-02 00:52:01"}
{"level":"info","message":{"body":"","method":"GET","params":{"id_person":"1c2d67b4-d013-4cc1-8d04-4b74394460ee"},"query":{},"url":"/person/personId/getPerson/1c2d67b4-d013-4cc1-8d04-4b74394460ee"},"timestamp":"2024-07-02 00:52:01"}
{"level":"info","message":{"body":"","method":"GET","params":{},"query":{},"url":"/person/personId/getPerson/1c2d67b4-d013-4cc1-8d04-4b74394460ee"},"timestamp":"2024-07-02 00:52:01"}
{"level":"info","message":{"body":"","method":"GET","params":{"id_person":"1c2d67b4-d013-4cc1-8d04-4b74394460ee"},"query":{},"url":"/profile/id_person/1c2d67b4-d013-4cc1-8d04-4b74394460ee"},"timestamp":"2024-07-02 00:52:01"}
{"level":"info","message":{"body":"","method":"GET","params":{"id_person":"1c2d67b4-d013-4cc1-8d04-4b74394460ee"},"query":{},"url":"/person/personId/getPerson/1c2d67b4-d013-4cc1-8d04-4b74394460ee"},"timestamp":"2024-07-02 00:52:01"}
