{"level":"info","message":"🚀API listening port 3000","timestamp":"2024-06-12 20:50:17"}
{"level":"info","message":"Database connected","timestamp":"2024-06-12 20:50:18","util":"database"}
{"level":"info","message":{"body":{"email":"Katherine@gmail.com","password":"nicol12345"},"method":"POST","params":"","query":"","url":"/user/validate"},"timestamp":"2024-06-12 20:53:18"}
{"level":"info","message":{"body":{"email":"Katherine@gmail.com","password":"nicol12345"},"method":"POST","params":"","query":"","url":"/user/validate"},"timestamp":"2024-06-12 20:53:19"}
{"level":"info","message":{"body":"","method":"GET","params":{},"query":{},"url":"/topic"},"timestamp":"2024-06-12 20:57:08"}
{"level":"info","message":{"body":"","method":"GET","params":{},"query":{},"url":"/interest"},"timestamp":"2024-06-12 20:57:08"}
{"level":"info","message":{"body":"","method":"GET","params":{},"query":{},"url":"/interest"},"timestamp":"2024-06-12 20:57:09"}
{"level":"info","message":{"body":"","method":"GET","params":{},"query":{},"url":"/topic"},"timestamp":"2024-06-12 20:57:09"}
{"level":"info","message":{"body":"","method":"GET","params":{},"query":{},"url":"/interest"},"timestamp":"2024-06-12 20:57:09"}
{"level":"info","message":{"body":"","method":"GET","params":{},"query":{},"url":"/topic"},"timestamp":"2024-06-12 20:57:09"}
{"level":"info","message":{"body":"","method":"GET","params":{},"query":{},"url":"/interest"},"timestamp":"2024-06-12 20:57:09"}
{"level":"info","message":{"body":"","method":"GET","params":{},"query":{},"url":"/topic"},"timestamp":"2024-06-12 20:57:09"}
{"level":"info","message":{"body":"","method":"GET","params":{},"query":{},"url":"/topic"},"timestamp":"2024-06-12 20:57:09"}
{"level":"info","message":{"body":"","method":"GET","params":{},"query":{},"url":"/topic"},"timestamp":"2024-06-12 20:57:09"}
{"level":"info","message":{"body":"","method":"GET","params":{},"query":{},"url":"/topic"},"timestamp":"2024-06-12 20:57:09"}
{"level":"info","message":{"body":"","method":"GET","params":{},"query":{},"url":"/topic"},"timestamp":"2024-06-12 20:57:09"}
{"level":"info","message":{"body":"","method":"GET","params":{},"query":{},"url":"/topic"},"timestamp":"2024-06-12 20:57:09"}
{"level":"info","message":{"body":"","method":"GET","params":{},"query":{},"url":"/topic"},"timestamp":"2024-06-12 20:57:10"}
{"level":"info","message":{"body":"","method":"GET","params":{},"query":{},"url":"/topic"},"timestamp":"2024-06-12 20:57:10"}
{"level":"info","message":{"body":"","method":"GET","params":{},"query":{},"url":"/topic"},"timestamp":"2024-06-12 20:57:10"}
{"level":"info","message":{"body":"","method":"GET","params":{},"query":{},"url":"/message_topic"},"timestamp":"2024-06-12 20:57:13"}
{"level":"info","message":{"body":"","method":"GET","params":{},"query":{},"url":"/topic/id/a4e6606d-acf0-4729-8b1b-dee1392a48ba"},"timestamp":"2024-06-12 20:57:13"}
{"level":"info","message":{"body":"","method":"GET","params":{},"query":{},"url":"/message_topic"},"timestamp":"2024-06-12 20:57:13"}
{"level":"info","message":{"body":"","method":"GET","params":{"id":"a4e6606d-acf0-4729-8b1b-dee1392a48ba"},"query":{},"url":"/topic/id/a4e6606d-acf0-4729-8b1b-dee1392a48ba"},"timestamp":"2024-06-12 20:57:13"}
{"level":"info","message":{"body":"","method":"GET","params":{},"query":{},"url":"/message_topic"},"timestamp":"2024-06-12 20:57:13"}
{"level":"info","message":{"body":"","method":"GET","params":{},"query":{},"url":"/topic/id/a4e6606d-acf0-4729-8b1b-dee1392a48ba"},"timestamp":"2024-06-12 20:57:13"}
{"level":"info","message":{"body":"","method":"GET","params":{},"query":{},"url":"/message_topic"},"timestamp":"2024-06-12 20:57:13"}
{"level":"info","message":{"body":"","method":"GET","params":{"id":"a4e6606d-acf0-4729-8b1b-dee1392a48ba"},"query":{},"url":"/topic/id/a4e6606d-acf0-4729-8b1b-dee1392a48ba"},"timestamp":"2024-06-12 20:57:13"}
{"level":"info","message":{"body":"","method":"GET","params":{},"query":{},"url":"/message_topic"},"timestamp":"2024-06-12 20:57:13"}
{"level":"info","message":{"body":"","method":"GET","params":{},"query":{},"url":"/message_topic"},"timestamp":"2024-06-12 20:57:13"}
{"level":"info","message":{"body":"","method":"GET","params":{},"query":{},"url":"/message_topic"},"timestamp":"2024-06-12 20:57:13"}
{"level":"info","message":{"body":"","method":"GET","params":{},"query":{},"url":"/message_topic"},"timestamp":"2024-06-12 20:57:14"}
{"level":"info","message":{"body":"","method":"GET","params":{},"query":{},"url":"/topic"},"timestamp":"2024-06-12 20:57:14"}
{"level":"info","message":{"body":"","method":"GET","params":{},"query":{},"url":"/interest"},"timestamp":"2024-06-12 20:57:14"}
{"level":"info","message":{"body":"","method":"GET","params":{},"query":{},"url":"/topic"},"timestamp":"2024-06-12 20:57:15"}
{"level":"info","message":{"body":"","method":"GET","params":{},"query":{},"url":"/topic"},"timestamp":"2024-06-12 20:57:15"}
{"level":"info","message":{"body":"","method":"GET","params":{},"query":{},"url":"/interest"},"timestamp":"2024-06-12 20:57:15"}
{"level":"info","message":{"body":"","method":"GET","params":{},"query":{},"url":"/interest"},"timestamp":"2024-06-12 20:57:15"}
{"level":"info","message":{"body":"","method":"GET","params":{},"query":{},"url":"/topic"},"timestamp":"2024-06-12 20:57:15"}
{"level":"info","message":{"body":"","method":"GET","params":{},"query":{},"url":"/topic"},"timestamp":"2024-06-12 20:57:15"}
{"level":"info","message":{"body":"","method":"GET","params":{},"query":{},"url":"/interest"},"timestamp":"2024-06-12 20:57:15"}
{"level":"info","message":{"body":"","method":"GET","params":{},"query":{},"url":"/topic"},"timestamp":"2024-06-12 20:57:15"}
{"level":"info","message":{"body":"","method":"GET","params":{},"query":{},"url":"/topic"},"timestamp":"2024-06-12 20:57:15"}
{"level":"info","message":{"body":"","method":"GET","params":{},"query":{},"url":"/topic"},"timestamp":"2024-06-12 20:57:15"}
{"level":"info","message":{"body":"","method":"GET","params":{},"query":{},"url":"/topic"},"timestamp":"2024-06-12 20:57:15"}
{"level":"info","message":{"body":"","method":"GET","params":{},"query":{},"url":"/topic"},"timestamp":"2024-06-12 20:57:15"}
{"level":"info","message":{"body":"","method":"GET","params":{},"query":{},"url":"/topic"},"timestamp":"2024-06-12 20:57:15"}
{"level":"info","message":{"body":"","method":"GET","params":{},"query":{},"url":"/topic"},"timestamp":"2024-06-12 20:57:15"}
{"level":"info","message":{"body":"","method":"GET","params":{},"query":{},"url":"/message_topic"},"timestamp":"2024-06-12 20:57:16"}
{"level":"info","message":{"body":"","method":"GET","params":{},"query":{},"url":"/topic/id/43f486d7-7ec9-41e5-88b6-1cd233b2685d"},"timestamp":"2024-06-12 20:57:16"}
{"level":"info","message":{"body":"","method":"GET","params":{},"query":{},"url":"/message_topic"},"timestamp":"2024-06-12 20:57:16"}
{"level":"info","message":{"body":"","method":"GET","params":{},"query":{},"url":"/message_topic"},"timestamp":"2024-06-12 20:57:16"}
{"level":"info","message":{"body":"","method":"GET","params":{"id":"43f486d7-7ec9-41e5-88b6-1cd233b2685d"},"query":{},"url":"/topic/id/43f486d7-7ec9-41e5-88b6-1cd233b2685d"},"timestamp":"2024-06-12 20:57:16"}
{"level":"info","message":{"body":"","method":"GET","params":{},"query":{},"url":"/topic/id/43f486d7-7ec9-41e5-88b6-1cd233b2685d"},"timestamp":"2024-06-12 20:57:16"}
{"level":"info","message":{"body":"","method":"GET","params":{},"query":{},"url":"/message_topic"},"timestamp":"2024-06-12 20:57:16"}
{"level":"info","message":{"body":"","method":"GET","params":{},"query":{},"url":"/message_topic"},"timestamp":"2024-06-12 20:57:16"}
{"level":"info","message":{"body":"","method":"GET","params":{"id":"43f486d7-7ec9-41e5-88b6-1cd233b2685d"},"query":{},"url":"/topic/id/43f486d7-7ec9-41e5-88b6-1cd233b2685d"},"timestamp":"2024-06-12 20:57:16"}
{"level":"info","message":{"body":"","method":"GET","params":{},"query":{},"url":"/message_topic"},"timestamp":"2024-06-12 20:57:16"}
{"level":"info","message":{"body":"","method":"GET","params":{},"query":{},"url":"/message_topic"},"timestamp":"2024-06-12 20:57:16"}
{"level":"info","message":{"body":"","method":"GET","params":{},"query":{},"url":"/message_topic"},"timestamp":"2024-06-12 20:57:16"}
{"level":"info","message":{"body":"","method":"GET","params":{},"query":{},"url":"/topic"},"timestamp":"2024-06-12 20:57:17"}
{"level":"info","message":{"body":"","method":"GET","params":{},"query":{},"url":"/interest"},"timestamp":"2024-06-12 20:57:17"}
{"level":"info","message":{"body":"","method":"GET","params":{},"query":{},"url":"/topic"},"timestamp":"2024-06-12 20:57:17"}
{"level":"info","message":{"body":"","method":"GET","params":{},"query":{},"url":"/interest"},"timestamp":"2024-06-12 20:57:17"}
{"level":"info","message":{"body":"","method":"GET","params":{},"query":{},"url":"/topic"},"timestamp":"2024-06-12 20:57:17"}
{"level":"info","message":{"body":"","method":"GET","params":{},"query":{},"url":"/interest"},"timestamp":"2024-06-12 20:57:17"}
{"level":"info","message":{"body":"","method":"GET","params":{},"query":{},"url":"/topic"},"timestamp":"2024-06-12 20:57:17"}
{"level":"info","message":{"body":"","method":"GET","params":{},"query":{},"url":"/topic"},"timestamp":"2024-06-12 20:57:17"}
{"level":"info","message":{"body":"","method":"GET","params":{},"query":{},"url":"/interest"},"timestamp":"2024-06-12 20:57:17"}
{"level":"info","message":{"body":"","method":"GET","params":{},"query":{},"url":"/topic"},"timestamp":"2024-06-12 20:57:17"}
{"level":"info","message":{"body":"","method":"GET","params":{},"query":{},"url":"/topic"},"timestamp":"2024-06-12 20:57:17"}
{"level":"info","message":{"body":"","method":"GET","params":{},"query":{},"url":"/topic"},"timestamp":"2024-06-12 20:57:17"}
{"level":"info","message":{"body":"","method":"GET","params":{},"query":{},"url":"/topic"},"timestamp":"2024-06-12 20:57:17"}
{"level":"info","message":{"body":"","method":"GET","params":{},"query":{},"url":"/message_topic"},"timestamp":"2024-06-12 20:57:17"}
{"level":"info","message":{"body":"","method":"GET","params":{},"query":{},"url":"/topic/id/ba8d45b2-464b-4520-b77f-5f8df9933685"},"timestamp":"2024-06-12 20:57:17"}
{"level":"info","message":{"body":"","method":"GET","params":{},"query":{},"url":"/topic"},"timestamp":"2024-06-12 20:57:17"}
{"level":"info","message":{"body":"","method":"GET","params":{},"query":{},"url":"/topic"},"timestamp":"2024-06-12 20:57:17"}
{"level":"info","message":{"body":"","method":"GET","params":{},"query":{},"url":"/message_topic"},"timestamp":"2024-06-12 20:57:17"}
{"level":"info","message":{"body":"","method":"GET","params":{},"query":{},"url":"/message_topic"},"timestamp":"2024-06-12 20:57:18"}
{"level":"info","message":{"body":"","method":"GET","params":{},"query":{},"url":"/topic"},"timestamp":"2024-06-12 20:57:18"}
{"level":"info","message":{"body":"","method":"GET","params":{},"query":{},"url":"/message_topic"},"timestamp":"2024-06-12 20:57:18"}
{"level":"info","message":{"body":"","method":"GET","params":{},"query":{},"url":"/message_topic"},"timestamp":"2024-06-12 20:57:18"}
{"level":"info","message":{"body":"","method":"GET","params":{},"query":{},"url":"/message_topic"},"timestamp":"2024-06-12 20:57:18"}
{"level":"info","message":{"body":"","method":"GET","params":{},"query":{},"url":"/message_topic"},"timestamp":"2024-06-12 20:57:18"}
{"level":"info","message":{"body":"","method":"GET","params":{},"query":{},"url":"/message_topic"},"timestamp":"2024-06-12 20:57:18"}
{"level":"info","message":{"body":"","method":"GET","params":{"id":"ba8d45b2-464b-4520-b77f-5f8df9933685"},"query":{},"url":"/topic/id/ba8d45b2-464b-4520-b77f-5f8df9933685"},"timestamp":"2024-06-12 20:57:18"}
{"level":"info","message":{"body":"","method":"GET","params":{},"query":{},"url":"/topic/id/ba8d45b2-464b-4520-b77f-5f8df9933685"},"timestamp":"2024-06-12 20:57:18"}
{"level":"info","message":{"body":"","method":"GET","params":{"id":"ba8d45b2-464b-4520-b77f-5f8df9933685"},"query":{},"url":"/topic/id/ba8d45b2-464b-4520-b77f-5f8df9933685"},"timestamp":"2024-06-12 20:57:18"}
{"level":"info","message":{"body":"","method":"GET","params":{},"query":{},"url":"/topic"},"timestamp":"2024-06-12 20:57:19"}
{"level":"info","message":{"body":"","method":"GET","params":{},"query":{},"url":"/interest"},"timestamp":"2024-06-12 20:57:19"}
{"level":"info","message":{"body":"","method":"GET","params":{},"query":{},"url":"/topic"},"timestamp":"2024-06-12 20:57:19"}
{"level":"info","message":{"body":"","method":"GET","params":{},"query":{},"url":"/topic"},"timestamp":"2024-06-12 20:57:19"}
{"level":"info","message":{"body":"","method":"GET","params":{},"query":{},"url":"/interest"},"timestamp":"2024-06-12 20:57:19"}
{"level":"info","message":{"body":"","method":"GET","params":{},"query":{},"url":"/interest"},"timestamp":"2024-06-12 20:57:19"}
{"level":"info","message":{"body":"","method":"GET","params":{},"query":{},"url":"/topic"},"timestamp":"2024-06-12 20:57:19"}
{"level":"info","message":{"body":"","method":"GET","params":{},"query":{},"url":"/topic"},"timestamp":"2024-06-12 20:57:19"}
{"level":"info","message":{"body":"","method":"GET","params":{},"query":{},"url":"/interest"},"timestamp":"2024-06-12 20:57:19"}
{"level":"info","message":{"body":"","method":"GET","params":{},"query":{},"url":"/topic"},"timestamp":"2024-06-12 20:57:19"}
{"level":"info","message":{"body":"","method":"GET","params":{},"query":{},"url":"/topic"},"timestamp":"2024-06-12 20:57:19"}
{"level":"info","message":{"body":"","method":"GET","params":{},"query":{},"url":"/topic"},"timestamp":"2024-06-12 20:57:19"}
{"level":"info","message":{"body":"","method":"GET","params":{},"query":{},"url":"/topic"},"timestamp":"2024-06-12 20:57:19"}
{"level":"info","message":{"body":"","method":"GET","params":{},"query":{},"url":"/topic"},"timestamp":"2024-06-12 20:57:19"}
{"level":"info","message":{"body":"","method":"GET","params":{},"query":{},"url":"/topic"},"timestamp":"2024-06-12 20:57:19"}
{"level":"info","message":{"body":"","method":"GET","params":{},"query":{},"url":"/topic"},"timestamp":"2024-06-12 20:57:19"}
{"level":"info","message":{"body":"","method":"GET","params":{},"query":{},"url":"/message_topic"},"timestamp":"2024-06-12 20:57:21"}
{"level":"info","message":{"body":"","method":"GET","params":{},"query":{},"url":"/topic/id/e3a531f8-809e-4edc-8b28-28558f5c6cb7"},"timestamp":"2024-06-12 20:57:21"}
{"level":"info","message":{"body":"","method":"GET","params":{},"query":{},"url":"/message_topic"},"timestamp":"2024-06-12 20:57:21"}
{"level":"info","message":{"body":"","method":"GET","params":{},"query":{},"url":"/message_topic"},"timestamp":"2024-06-12 20:57:21"}
{"level":"info","message":{"body":"","method":"GET","params":{"id":"e3a531f8-809e-4edc-8b28-28558f5c6cb7"},"query":{},"url":"/topic/id/e3a531f8-809e-4edc-8b28-28558f5c6cb7"},"timestamp":"2024-06-12 20:57:21"}
{"level":"info","message":{"body":"","method":"GET","params":{},"query":{},"url":"/topic/id/e3a531f8-809e-4edc-8b28-28558f5c6cb7"},"timestamp":"2024-06-12 20:57:21"}
{"level":"info","message":{"body":"","method":"GET","params":{},"query":{},"url":"/message_topic"},"timestamp":"2024-06-12 20:57:21"}
{"level":"info","message":{"body":"","method":"GET","params":{},"query":{},"url":"/message_topic"},"timestamp":"2024-06-12 20:57:21"}
{"level":"info","message":{"body":"","method":"GET","params":{"id":"e3a531f8-809e-4edc-8b28-28558f5c6cb7"},"query":{},"url":"/topic/id/e3a531f8-809e-4edc-8b28-28558f5c6cb7"},"timestamp":"2024-06-12 20:57:21"}
{"level":"info","message":{"body":"","method":"GET","params":{},"query":{},"url":"/message_topic"},"timestamp":"2024-06-12 20:57:21"}
{"level":"info","message":{"body":"","method":"GET","params":{},"query":{},"url":"/message_topic"},"timestamp":"2024-06-12 20:57:21"}
{"level":"info","message":{"body":"","method":"GET","params":{},"query":{},"url":"/message_topic"},"timestamp":"2024-06-12 20:57:21"}
{"level":"info","message":{"body":"","method":"GET","params":{},"query":{},"url":"/message_topic"},"timestamp":"2024-06-12 21:06:02"}
{"level":"info","message":{"body":"","method":"GET","params":{},"query":{},"url":"/message_topic"},"timestamp":"2024-06-12 21:06:03"}
{"level":"info","message":{"body":"","method":"GET","params":{},"query":{},"url":"/message_topic"},"timestamp":"2024-06-12 21:06:03"}
{"level":"info","message":{"body":"","method":"GET","params":{},"query":{},"url":"/message_topic"},"timestamp":"2024-06-12 21:06:03"}
{"level":"info","message":{"body":{"email":"Katherine@gmail.com","password":"nicol12345"},"method":"POST","params":"","query":"","url":"/user/validate"},"timestamp":"2024-06-12 21:06:14"}
{"level":"info","message":{"body":{"email":"Katherine@gmail.com","password":"nicol12345"},"method":"POST","params":"","query":"","url":"/user/validate"},"timestamp":"2024-06-12 21:06:14"}
{"level":"info","message":{"body":"","method":"GET","params":{},"query":{},"url":"/message_topic"},"timestamp":"2024-06-12 21:06:15"}
{"level":"info","message":{"body":"","method":"GET","params":{},"query":{},"url":"/topic/id/e3a531f8-809e-4edc-8b28-28558f5c6cb7"},"timestamp":"2024-06-12 21:06:15"}
{"level":"info","message":{"body":"","method":"GET","params":{},"query":{},"url":"/message_topic"},"timestamp":"2024-06-12 21:06:15"}
{"level":"info","message":{"body":"","method":"GET","params":{},"query":{},"url":"/message_topic"},"timestamp":"2024-06-12 21:06:15"}
{"level":"info","message":{"body":"","method":"GET","params":{},"query":{},"url":"/message_topic"},"timestamp":"2024-06-12 21:06:15"}
{"level":"info","message":{"body":"","method":"GET","params":{},"query":{},"url":"/message_topic"},"timestamp":"2024-06-12 21:06:15"}
{"level":"info","message":{"body":"","method":"GET","params":{},"query":{},"url":"/message_topic"},"timestamp":"2024-06-12 21:06:15"}
{"level":"info","message":{"body":"","method":"GET","params":{},"query":{},"url":"/message_topic"},"timestamp":"2024-06-12 21:06:15"}
{"level":"info","message":{"body":"","method":"GET","params":{},"query":{},"url":"/message_topic"},"timestamp":"2024-06-12 21:06:15"}
{"level":"info","message":{"body":"","method":"GET","params":{"id":"e3a531f8-809e-4edc-8b28-28558f5c6cb7"},"query":{},"url":"/topic/id/e3a531f8-809e-4edc-8b28-28558f5c6cb7"},"timestamp":"2024-06-12 21:06:15"}
{"level":"info","message":{"body":"","method":"GET","params":{},"query":{},"url":"/topic/id/e3a531f8-809e-4edc-8b28-28558f5c6cb7"},"timestamp":"2024-06-12 21:06:15"}
{"level":"info","message":{"body":"","method":"GET","params":{"id":"e3a531f8-809e-4edc-8b28-28558f5c6cb7"},"query":{},"url":"/topic/id/e3a531f8-809e-4edc-8b28-28558f5c6cb7"},"timestamp":"2024-06-12 21:06:15"}
{"level":"info","message":{"body":"","method":"GET","params":{},"query":{},"url":"/topic"},"timestamp":"2024-06-12 21:06:21"}
{"level":"info","message":{"body":"","method":"GET","params":{},"query":{},"url":"/interest"},"timestamp":"2024-06-12 21:06:21"}
{"level":"info","message":{"body":"","method":"GET","params":{},"query":{},"url":"/interest"},"timestamp":"2024-06-12 21:06:21"}
{"level":"info","message":{"body":"","method":"GET","params":{},"query":{},"url":"/topic"},"timestamp":"2024-06-12 21:06:21"}
{"level":"info","message":{"body":"","method":"GET","params":{},"query":{},"url":"/interest"},"timestamp":"2024-06-12 21:06:21"}
{"level":"info","message":{"body":"","method":"GET","params":{},"query":{},"url":"/topic"},"timestamp":"2024-06-12 21:06:21"}
{"level":"info","message":{"body":"","method":"GET","params":{},"query":{},"url":"/topic"},"timestamp":"2024-06-12 21:06:21"}
{"level":"info","message":{"body":"","method":"GET","params":{},"query":{},"url":"/interest"},"timestamp":"2024-06-12 21:06:21"}
{"level":"info","message":{"body":"","method":"GET","params":{},"query":{},"url":"/topic"},"timestamp":"2024-06-12 21:06:21"}
{"level":"info","message":{"body":"","method":"GET","params":{},"query":{},"url":"/topic"},"timestamp":"2024-06-12 21:06:21"}
{"level":"info","message":{"body":"","method":"GET","params":{},"query":{},"url":"/topic"},"timestamp":"2024-06-12 21:06:21"}
{"level":"info","message":{"body":"","method":"GET","params":{},"query":{},"url":"/topic"},"timestamp":"2024-06-12 21:06:21"}
{"level":"info","message":{"body":"","method":"GET","params":{},"query":{},"url":"/topic"},"timestamp":"2024-06-12 21:06:21"}
{"level":"info","message":{"body":"","method":"GET","params":{},"query":{},"url":"/topic"},"timestamp":"2024-06-12 21:06:22"}
{"level":"info","message":{"body":"","method":"GET","params":{},"query":{},"url":"/topic"},"timestamp":"2024-06-12 21:06:22"}
{"level":"info","message":{"body":"","method":"GET","params":{},"query":{},"url":"/topic"},"timestamp":"2024-06-12 21:06:22"}
{"level":"info","message":{"body":"","method":"GET","params":{},"query":{},"url":"/message_topic"},"timestamp":"2024-06-12 21:06:26"}
{"level":"info","message":{"body":"","method":"GET","params":{},"query":{},"url":"/topic/id/27b9f16f-d196-4568-8158-ecf0671ed792"},"timestamp":"2024-06-12 21:06:26"}
{"level":"info","message":{"body":"","method":"GET","params":{},"query":{},"url":"/message_topic"},"timestamp":"2024-06-12 21:06:26"}
{"level":"info","message":{"body":"","method":"GET","params":{"id":"27b9f16f-d196-4568-8158-ecf0671ed792"},"query":{},"url":"/topic/id/27b9f16f-d196-4568-8158-ecf0671ed792"},"timestamp":"2024-06-12 21:06:26"}
{"level":"info","message":{"body":"","method":"GET","params":{},"query":{},"url":"/message_topic"},"timestamp":"2024-06-12 21:06:26"}
{"level":"info","message":{"body":"","method":"GET","params":{},"query":{},"url":"/topic/id/27b9f16f-d196-4568-8158-ecf0671ed792"},"timestamp":"2024-06-12 21:06:26"}
{"level":"info","message":{"body":"","method":"GET","params":{},"query":{},"url":"/message_topic"},"timestamp":"2024-06-12 21:06:26"}
{"level":"info","message":{"body":"","method":"GET","params":{},"query":{},"url":"/message_topic"},"timestamp":"2024-06-12 21:06:26"}
{"level":"info","message":{"body":"","method":"GET","params":{"id":"27b9f16f-d196-4568-8158-ecf0671ed792"},"query":{},"url":"/topic/id/27b9f16f-d196-4568-8158-ecf0671ed792"},"timestamp":"2024-06-12 21:06:26"}
{"level":"info","message":{"body":"","method":"GET","params":{},"query":{},"url":"/message_topic"},"timestamp":"2024-06-12 21:06:26"}
{"level":"info","message":{"body":"","method":"GET","params":{},"query":{},"url":"/message_topic"},"timestamp":"2024-06-12 21:06:26"}
{"level":"info","message":{"body":"","method":"GET","params":{},"query":{},"url":"/message_topic"},"timestamp":"2024-06-12 21:06:26"}
{"level":"info","message":{"body":"","method":"GET","params":{},"query":{},"url":"/topic"},"timestamp":"2024-06-12 21:06:28"}
{"level":"info","message":{"body":"","method":"GET","params":{},"query":{},"url":"/interest"},"timestamp":"2024-06-12 21:06:28"}
{"level":"info","message":{"body":"","method":"GET","params":{},"query":{},"url":"/topic"},"timestamp":"2024-06-12 21:06:28"}
{"level":"info","message":{"body":"","method":"GET","params":{},"query":{},"url":"/topic"},"timestamp":"2024-06-12 21:06:28"}
{"level":"info","message":{"body":"","method":"GET","params":{},"query":{},"url":"/interest"},"timestamp":"2024-06-12 21:06:29"}
{"level":"info","message":{"body":"","method":"GET","params":{},"query":{},"url":"/interest"},"timestamp":"2024-06-12 21:06:29"}
{"level":"info","message":{"body":"","method":"GET","params":{},"query":{},"url":"/topic"},"timestamp":"2024-06-12 21:06:29"}
{"level":"info","message":{"body":"","method":"GET","params":{},"query":{},"url":"/topic"},"timestamp":"2024-06-12 21:06:29"}
{"level":"info","message":{"body":"","method":"GET","params":{},"query":{},"url":"/interest"},"timestamp":"2024-06-12 21:06:29"}
{"level":"info","message":{"body":"","method":"GET","params":{},"query":{},"url":"/topic"},"timestamp":"2024-06-12 21:06:29"}
{"level":"info","message":{"body":"","method":"GET","params":{},"query":{},"url":"/topic"},"timestamp":"2024-06-12 21:06:29"}
{"level":"info","message":{"body":"","method":"GET","params":{},"query":{},"url":"/topic"},"timestamp":"2024-06-12 21:06:29"}
{"level":"info","message":{"body":"","method":"GET","params":{},"query":{},"url":"/topic"},"timestamp":"2024-06-12 21:06:29"}
{"level":"info","message":{"body":"","method":"GET","params":{},"query":{},"url":"/topic"},"timestamp":"2024-06-12 21:06:29"}
{"level":"info","message":{"body":"","method":"GET","params":{},"query":{},"url":"/topic"},"timestamp":"2024-06-12 21:06:29"}
{"level":"info","message":{"body":"","method":"GET","params":{},"query":{},"url":"/topic"},"timestamp":"2024-06-12 21:06:29"}
{"level":"info","message":{"body":"","method":"GET","params":{},"query":{},"url":"/message_topic"},"timestamp":"2024-06-12 21:12:47"}
{"level":"info","message":{"body":"","method":"GET","params":{},"query":{},"url":"/topic/id/35cb64ee-0684-4430-a1d4-41bc1cd44a76"},"timestamp":"2024-06-12 21:12:47"}
{"level":"info","message":{"body":"","method":"GET","params":{"id":"35cb64ee-0684-4430-a1d4-41bc1cd44a76"},"query":{},"url":"/topic/id/35cb64ee-0684-4430-a1d4-41bc1cd44a76"},"timestamp":"2024-06-12 21:12:48"}
{"level":"info","message":{"body":"","method":"GET","params":{},"query":{},"url":"/message_topic"},"timestamp":"2024-06-12 21:12:48"}
{"level":"info","message":{"body":"","method":"GET","params":{},"query":{},"url":"/topic/id/35cb64ee-0684-4430-a1d4-41bc1cd44a76"},"timestamp":"2024-06-12 21:12:48"}
{"level":"info","message":{"body":"","method":"GET","params":{},"query":{},"url":"/message_topic"},"timestamp":"2024-06-12 21:12:48"}
{"level":"info","message":{"body":"","method":"GET","params":{},"query":{},"url":"/message_topic"},"timestamp":"2024-06-12 21:12:48"}
{"level":"info","message":{"body":"","method":"GET","params":{"id":"35cb64ee-0684-4430-a1d4-41bc1cd44a76"},"query":{},"url":"/topic/id/35cb64ee-0684-4430-a1d4-41bc1cd44a76"},"timestamp":"2024-06-12 21:12:48"}
{"level":"info","message":{"body":"","method":"GET","params":{},"query":{},"url":"/message_topic"},"timestamp":"2024-06-12 21:12:48"}
{"level":"info","message":{"body":"","method":"GET","params":{},"query":{},"url":"/message_topic"},"timestamp":"2024-06-12 21:12:48"}
{"level":"info","message":{"body":"","method":"GET","params":{},"query":{},"url":"/message_topic"},"timestamp":"2024-06-12 21:12:48"}
{"level":"info","message":{"body":"","method":"GET","params":{},"query":{},"url":"/message_topic"},"timestamp":"2024-06-12 21:12:49"}
{"level":"info","message":{"body":"","method":"GET","params":{},"query":{},"url":"/topic"},"timestamp":"2024-06-12 21:12:58"}
{"level":"info","message":{"body":"","method":"GET","params":{},"query":{},"url":"/interest"},"timestamp":"2024-06-12 21:12:58"}
{"level":"info","message":{"body":"","method":"GET","params":{},"query":{},"url":"/interest"},"timestamp":"2024-06-12 21:12:58"}
{"level":"info","message":{"body":"","method":"GET","params":{},"query":{},"url":"/topic"},"timestamp":"2024-06-12 21:12:58"}
{"level":"info","message":{"body":"","method":"GET","params":{},"query":{},"url":"/interest"},"timestamp":"2024-06-12 21:12:58"}
{"level":"info","message":{"body":"","method":"GET","params":{},"query":{},"url":"/topic"},"timestamp":"2024-06-12 21:12:58"}
{"level":"info","message":{"body":"","method":"GET","params":{},"query":{},"url":"/interest"},"timestamp":"2024-06-12 21:12:59"}
{"level":"info","message":{"body":"","method":"GET","params":{},"query":{},"url":"/topic"},"timestamp":"2024-06-12 21:12:59"}
{"level":"info","message":{"body":"","method":"GET","params":{},"query":{},"url":"/topic"},"timestamp":"2024-06-12 21:12:59"}
{"level":"info","message":{"body":"","method":"GET","params":{},"query":{},"url":"/topic"},"timestamp":"2024-06-12 21:12:59"}
{"level":"info","message":{"body":"","method":"GET","params":{},"query":{},"url":"/topic"},"timestamp":"2024-06-12 21:12:59"}
{"level":"info","message":{"body":"","method":"GET","params":{},"query":{},"url":"/topic"},"timestamp":"2024-06-12 21:12:59"}
{"level":"info","message":{"body":"","method":"GET","params":{},"query":{},"url":"/topic"},"timestamp":"2024-06-12 21:12:59"}
{"level":"info","message":{"body":"","method":"GET","params":{},"query":{},"url":"/topic"},"timestamp":"2024-06-12 21:12:59"}
{"level":"info","message":{"body":"","method":"GET","params":{},"query":{},"url":"/topic"},"timestamp":"2024-06-12 21:12:59"}
{"level":"info","message":{"body":"","method":"GET","params":{},"query":{},"url":"/topic"},"timestamp":"2024-06-12 21:12:59"}
{"level":"info","message":{"body":"","method":"GET","params":{},"query":{},"url":"/message_topic"},"timestamp":"2024-06-12 21:13:00"}
{"level":"info","message":{"body":"","method":"GET","params":{},"query":{},"url":"/topic/id/43f486d7-7ec9-41e5-88b6-1cd233b2685d"},"timestamp":"2024-06-12 21:13:00"}
{"level":"info","message":{"body":"","method":"GET","params":{},"query":{},"url":"/message_topic"},"timestamp":"2024-06-12 21:13:00"}
{"level":"info","message":{"body":"","method":"GET","params":{},"query":{},"url":"/message_topic"},"timestamp":"2024-06-12 21:13:00"}
{"level":"info","message":{"body":"","method":"GET","params":{"id":"43f486d7-7ec9-41e5-88b6-1cd233b2685d"},"query":{},"url":"/topic/id/43f486d7-7ec9-41e5-88b6-1cd233b2685d"},"timestamp":"2024-06-12 21:13:00"}
{"level":"info","message":{"body":"","method":"GET","params":{},"query":{},"url":"/topic/id/43f486d7-7ec9-41e5-88b6-1cd233b2685d"},"timestamp":"2024-06-12 21:13:00"}
{"level":"info","message":{"body":"","method":"GET","params":{},"query":{},"url":"/message_topic"},"timestamp":"2024-06-12 21:13:00"}
{"level":"info","message":{"body":"","method":"GET","params":{},"query":{},"url":"/message_topic"},"timestamp":"2024-06-12 21:13:00"}
{"level":"info","message":{"body":"","method":"GET","params":{"id":"43f486d7-7ec9-41e5-88b6-1cd233b2685d"},"query":{},"url":"/topic/id/43f486d7-7ec9-41e5-88b6-1cd233b2685d"},"timestamp":"2024-06-12 21:13:00"}
{"level":"info","message":{"body":"","method":"GET","params":{},"query":{},"url":"/message_topic"},"timestamp":"2024-06-12 21:13:00"}
{"level":"info","message":{"body":"","method":"GET","params":{},"query":{},"url":"/message_topic"},"timestamp":"2024-06-12 21:13:00"}
{"level":"info","message":{"body":"","method":"GET","params":{},"query":{},"url":"/message_topic"},"timestamp":"2024-06-12 21:13:00"}
{"level":"info","message":{"body":"","method":"GET","params":{},"query":{},"url":"/topic"},"timestamp":"2024-06-12 21:13:01"}
{"level":"info","message":{"body":"","method":"GET","params":{},"query":{},"url":"/interest"},"timestamp":"2024-06-12 21:13:01"}
{"level":"info","message":{"body":"","method":"GET","params":{},"query":{},"url":"/topic"},"timestamp":"2024-06-12 21:13:01"}
{"level":"info","message":{"body":"","method":"GET","params":{},"query":{},"url":"/topic"},"timestamp":"2024-06-12 21:13:01"}
{"level":"info","message":{"body":"","method":"GET","params":{},"query":{},"url":"/interest"},"timestamp":"2024-06-12 21:13:01"}
{"level":"info","message":{"body":"","method":"GET","params":{},"query":{},"url":"/interest"},"timestamp":"2024-06-12 21:13:01"}
{"level":"info","message":{"body":"","method":"GET","params":{},"query":{},"url":"/topic"},"timestamp":"2024-06-12 21:13:02"}
{"level":"info","message":{"body":"","method":"GET","params":{},"query":{},"url":"/topic"},"timestamp":"2024-06-12 21:13:02"}
{"level":"info","message":{"body":"","method":"GET","params":{},"query":{},"url":"/interest"},"timestamp":"2024-06-12 21:13:02"}
{"level":"info","message":{"body":"","method":"GET","params":{},"query":{},"url":"/topic"},"timestamp":"2024-06-12 21:13:02"}
{"level":"info","message":{"body":"","method":"GET","params":{},"query":{},"url":"/topic"},"timestamp":"2024-06-12 21:13:02"}
{"level":"info","message":{"body":"","method":"GET","params":{},"query":{},"url":"/topic"},"timestamp":"2024-06-12 21:13:02"}
{"level":"info","message":{"body":"","method":"GET","params":{},"query":{},"url":"/topic"},"timestamp":"2024-06-12 21:13:02"}
{"level":"info","message":{"body":"","method":"GET","params":{},"query":{},"url":"/topic"},"timestamp":"2024-06-12 21:13:02"}
{"level":"info","message":{"body":"","method":"GET","params":{},"query":{},"url":"/topic"},"timestamp":"2024-06-12 21:13:02"}
{"level":"info","message":{"body":"","method":"GET","params":{},"query":{},"url":"/topic"},"timestamp":"2024-06-12 21:13:02"}
{"level":"info","message":{"body":"","method":"GET","params":{},"query":{},"url":"/message_topic"},"timestamp":"2024-06-12 21:13:04"}
{"level":"info","message":{"body":"","method":"GET","params":{},"query":{},"url":"/topic/id/35cb64ee-0684-4430-a1d4-41bc1cd44a76"},"timestamp":"2024-06-12 21:13:04"}
{"level":"info","message":{"body":"","method":"GET","params":{},"query":{},"url":"/message_topic"},"timestamp":"2024-06-12 21:13:05"}
{"level":"info","message":{"body":"","method":"GET","params":{},"query":{},"url":"/message_topic"},"timestamp":"2024-06-12 21:13:05"}
{"level":"info","message":{"body":"","method":"GET","params":{"id":"35cb64ee-0684-4430-a1d4-41bc1cd44a76"},"query":{},"url":"/topic/id/35cb64ee-0684-4430-a1d4-41bc1cd44a76"},"timestamp":"2024-06-12 21:13:05"}
{"level":"info","message":{"body":"","method":"GET","params":{},"query":{},"url":"/topic/id/35cb64ee-0684-4430-a1d4-41bc1cd44a76"},"timestamp":"2024-06-12 21:13:05"}
{"level":"info","message":{"body":"","method":"GET","params":{},"query":{},"url":"/message_topic"},"timestamp":"2024-06-12 21:13:05"}
{"level":"info","message":{"body":"","method":"GET","params":{},"query":{},"url":"/message_topic"},"timestamp":"2024-06-12 21:13:05"}
{"level":"info","message":{"body":"","method":"GET","params":{"id":"35cb64ee-0684-4430-a1d4-41bc1cd44a76"},"query":{},"url":"/topic/id/35cb64ee-0684-4430-a1d4-41bc1cd44a76"},"timestamp":"2024-06-12 21:13:05"}
{"level":"info","message":{"body":"","method":"GET","params":{},"query":{},"url":"/message_topic"},"timestamp":"2024-06-12 21:13:05"}
{"level":"info","message":{"body":"","method":"GET","params":{},"query":{},"url":"/message_topic"},"timestamp":"2024-06-12 21:13:05"}
{"level":"info","message":{"body":"","method":"GET","params":{},"query":{},"url":"/message_topic"},"timestamp":"2024-06-12 21:13:05"}
{"level":"info","message":{"body":"","method":"GET","params":{},"query":{},"url":"/topic"},"timestamp":"2024-06-12 21:13:06"}
{"level":"info","message":{"body":"","method":"GET","params":{},"query":{},"url":"/interest"},"timestamp":"2024-06-12 21:13:06"}
{"level":"info","message":{"body":"","method":"GET","params":{},"query":{},"url":"/topic"},"timestamp":"2024-06-12 21:13:06"}
{"level":"info","message":{"body":"","method":"GET","params":{},"query":{},"url":"/interest"},"timestamp":"2024-06-12 21:13:06"}
{"level":"info","message":{"body":"","method":"GET","params":{},"query":{},"url":"/topic"},"timestamp":"2024-06-12 21:13:06"}
{"level":"info","message":{"body":"","method":"GET","params":{},"query":{},"url":"/interest"},"timestamp":"2024-06-12 21:13:06"}
{"level":"info","message":{"body":"","method":"GET","params":{},"query":{},"url":"/interest"},"timestamp":"2024-06-12 21:13:06"}
{"level":"info","message":{"body":"","method":"GET","params":{},"query":{},"url":"/topic"},"timestamp":"2024-06-12 21:13:06"}
{"level":"info","message":{"body":"","method":"GET","params":{},"query":{},"url":"/topic"},"timestamp":"2024-06-12 21:13:06"}
{"level":"info","message":{"body":"","method":"GET","params":{},"query":{},"url":"/topic"},"timestamp":"2024-06-12 21:13:06"}
{"level":"info","message":{"body":"","method":"GET","params":{},"query":{},"url":"/topic"},"timestamp":"2024-06-12 21:13:06"}
{"level":"info","message":{"body":"","method":"GET","params":{},"query":{},"url":"/topic"},"timestamp":"2024-06-12 21:13:06"}
{"level":"info","message":{"body":"","method":"GET","params":{},"query":{},"url":"/topic"},"timestamp":"2024-06-12 21:13:06"}
{"level":"info","message":{"body":"","method":"GET","params":{},"query":{},"url":"/topic"},"timestamp":"2024-06-12 21:13:06"}
{"level":"info","message":{"body":"","method":"GET","params":{},"query":{},"url":"/topic"},"timestamp":"2024-06-12 21:13:06"}
{"level":"info","message":{"body":"","method":"GET","params":{},"query":{},"url":"/topic"},"timestamp":"2024-06-12 21:13:07"}
{"level":"info","message":{"body":"","method":"GET","params":{},"query":{},"url":"/message_topic"},"timestamp":"2024-06-12 21:13:08"}
{"level":"info","message":{"body":"","method":"GET","params":{},"query":{},"url":"/topic/id/e3a531f8-809e-4edc-8b28-28558f5c6cb7"},"timestamp":"2024-06-12 21:13:08"}
{"level":"info","message":{"body":"","method":"GET","params":{},"query":{},"url":"/message_topic"},"timestamp":"2024-06-12 21:13:08"}
{"level":"info","message":{"body":"","method":"GET","params":{},"query":{},"url":"/message_topic"},"timestamp":"2024-06-12 21:13:08"}
{"level":"info","message":{"body":"","method":"GET","params":{"id":"e3a531f8-809e-4edc-8b28-28558f5c6cb7"},"query":{},"url":"/topic/id/e3a531f8-809e-4edc-8b28-28558f5c6cb7"},"timestamp":"2024-06-12 21:13:08"}
{"level":"info","message":{"body":"","method":"GET","params":{},"query":{},"url":"/topic/id/e3a531f8-809e-4edc-8b28-28558f5c6cb7"},"timestamp":"2024-06-12 21:13:08"}
{"level":"info","message":{"body":"","method":"GET","params":{},"query":{},"url":"/message_topic"},"timestamp":"2024-06-12 21:13:08"}
{"level":"info","message":{"body":"","method":"GET","params":{},"query":{},"url":"/message_topic"},"timestamp":"2024-06-12 21:13:08"}
{"level":"info","message":{"body":"","method":"GET","params":{"id":"e3a531f8-809e-4edc-8b28-28558f5c6cb7"},"query":{},"url":"/topic/id/e3a531f8-809e-4edc-8b28-28558f5c6cb7"},"timestamp":"2024-06-12 21:13:08"}
{"level":"info","message":{"body":"","method":"GET","params":{},"query":{},"url":"/message_topic"},"timestamp":"2024-06-12 21:13:08"}
{"level":"info","message":{"body":"","method":"GET","params":{},"query":{},"url":"/message_topic"},"timestamp":"2024-06-12 21:13:08"}
{"level":"info","message":{"body":"","method":"GET","params":{},"query":{},"url":"/message_topic"},"timestamp":"2024-06-12 21:13:08"}
{"level":"info","message":{"body":{"content":"f","id_person":"87be2421-5493-4961-a7ac-a66fa89c70d9","id_topic":"e3a531f8-809e-4edc-8b28-28558f5c6cb7"},"method":"POST","params":"","query":"","url":"/message_topic"},"timestamp":"2024-06-12 21:14:53"}
{"level":"info","message":{"body":{"content":"f","id_person":"87be2421-5493-4961-a7ac-a66fa89c70d9","id_topic":"e3a531f8-809e-4edc-8b28-28558f5c6cb7"},"method":"POST","params":"","query":"","url":"/message_topic"},"timestamp":"2024-06-12 21:14:53"}
{"level":"info","message":{"body":"","method":"GET","params":{},"query":{},"url":"/message_topic"},"timestamp":"2024-06-12 21:14:53"}
{"level":"info","message":{"body":"","method":"GET","params":{},"query":{},"url":"/message_topic"},"timestamp":"2024-06-12 21:14:54"}
{"level":"info","message":{"body":{"email":"Katherine@gmail.com","password":"nicol12345"},"method":"POST","params":"","query":"","url":"/user/validate"},"timestamp":"2024-06-12 21:15:08"}
{"level":"info","message":{"body":{"email":"Katherine@gmail.com","password":"nicol12345"},"method":"POST","params":"","query":"","url":"/user/validate"},"timestamp":"2024-06-12 21:15:09"}
{"level":"info","message":{"body":"","method":"GET","params":{},"query":{},"url":"/message_topic"},"timestamp":"2024-06-12 21:15:09"}
{"level":"info","message":{"body":"","method":"GET","params":{},"query":{},"url":"/topic/id/e3a531f8-809e-4edc-8b28-28558f5c6cb7"},"timestamp":"2024-06-12 21:15:09"}
{"level":"info","message":{"body":"","method":"GET","params":{},"query":{},"url":"/message_topic"},"timestamp":"2024-06-12 21:15:09"}
{"level":"info","message":{"body":"","method":"GET","params":{},"query":{},"url":"/message_topic"},"timestamp":"2024-06-12 21:15:09"}
{"level":"info","message":{"body":"","method":"GET","params":{},"query":{},"url":"/message_topic"},"timestamp":"2024-06-12 21:15:09"}
{"level":"info","message":{"body":"","method":"GET","params":{},"query":{},"url":"/message_topic"},"timestamp":"2024-06-12 21:15:09"}
{"level":"info","message":{"body":"","method":"GET","params":{},"query":{},"url":"/message_topic"},"timestamp":"2024-06-12 21:15:10"}
{"level":"info","message":{"body":"","method":"GET","params":{},"query":{},"url":"/message_topic"},"timestamp":"2024-06-12 21:15:10"}
{"level":"info","message":{"body":"","method":"GET","params":{},"query":{},"url":"/message_topic"},"timestamp":"2024-06-12 21:15:10"}
{"level":"info","message":{"body":"","method":"GET","params":{"id":"e3a531f8-809e-4edc-8b28-28558f5c6cb7"},"query":{},"url":"/topic/id/e3a531f8-809e-4edc-8b28-28558f5c6cb7"},"timestamp":"2024-06-12 21:15:10"}
{"level":"info","message":{"body":"","method":"GET","params":{},"query":{},"url":"/topic/id/e3a531f8-809e-4edc-8b28-28558f5c6cb7"},"timestamp":"2024-06-12 21:15:10"}
{"level":"info","message":{"body":"","method":"GET","params":{"id":"e3a531f8-809e-4edc-8b28-28558f5c6cb7"},"query":{},"url":"/topic/id/e3a531f8-809e-4edc-8b28-28558f5c6cb7"},"timestamp":"2024-06-12 21:15:10"}
{"level":"info","message":{"body":"","method":"GET","params":{},"query":{},"url":"/topic"},"timestamp":"2024-06-12 21:15:14"}
{"level":"info","message":{"body":"","method":"GET","params":{},"query":{},"url":"/interest"},"timestamp":"2024-06-12 21:15:14"}
{"level":"info","message":{"body":"","method":"GET","params":{},"query":{},"url":"/interest"},"timestamp":"2024-06-12 21:15:14"}
{"level":"info","message":{"body":"","method":"GET","params":{},"query":{},"url":"/topic"},"timestamp":"2024-06-12 21:15:14"}
{"level":"info","message":{"body":"","method":"GET","params":{},"query":{},"url":"/interest"},"timestamp":"2024-06-12 21:15:14"}
{"level":"info","message":{"body":"","method":"GET","params":{},"query":{},"url":"/topic"},"timestamp":"2024-06-12 21:15:14"}
{"level":"info","message":{"body":"","method":"GET","params":{},"query":{},"url":"/topic"},"timestamp":"2024-06-12 21:15:14"}
{"level":"info","message":{"body":"","method":"GET","params":{},"query":{},"url":"/interest"},"timestamp":"2024-06-12 21:15:14"}
{"level":"info","message":{"body":"","method":"GET","params":{},"query":{},"url":"/topic"},"timestamp":"2024-06-12 21:15:14"}
{"level":"info","message":{"body":"","method":"GET","params":{},"query":{},"url":"/topic"},"timestamp":"2024-06-12 21:15:14"}
{"level":"info","message":{"body":"","method":"GET","params":{},"query":{},"url":"/topic"},"timestamp":"2024-06-12 21:15:14"}
{"level":"info","message":{"body":"","method":"GET","params":{},"query":{},"url":"/topic"},"timestamp":"2024-06-12 21:15:14"}
{"level":"info","message":{"body":"","method":"GET","params":{},"query":{},"url":"/topic"},"timestamp":"2024-06-12 21:15:14"}
{"level":"info","message":{"body":"","method":"GET","params":{},"query":{},"url":"/topic"},"timestamp":"2024-06-12 21:15:14"}
{"level":"info","message":{"body":"","method":"GET","params":{},"query":{},"url":"/topic"},"timestamp":"2024-06-12 21:15:14"}
{"level":"info","message":{"body":"","method":"GET","params":{},"query":{},"url":"/topic"},"timestamp":"2024-06-12 21:15:15"}
{"level":"info","message":{"body":"","method":"GET","params":{},"query":{},"url":"/message_topic"},"timestamp":"2024-06-12 21:15:16"}
{"level":"info","message":{"body":"","method":"GET","params":{},"query":{},"url":"/topic/id/e3a531f8-809e-4edc-8b28-28558f5c6cb7"},"timestamp":"2024-06-12 21:15:16"}
{"level":"info","message":{"body":"","method":"GET","params":{},"query":{},"url":"/message_topic"},"timestamp":"2024-06-12 21:15:16"}
{"level":"info","message":{"body":"","method":"GET","params":{},"query":{},"url":"/message_topic"},"timestamp":"2024-06-12 21:15:16"}
{"level":"info","message":{"body":"","method":"GET","params":{"id":"e3a531f8-809e-4edc-8b28-28558f5c6cb7"},"query":{},"url":"/topic/id/e3a531f8-809e-4edc-8b28-28558f5c6cb7"},"timestamp":"2024-06-12 21:15:16"}
{"level":"info","message":{"body":"","method":"GET","params":{},"query":{},"url":"/topic/id/e3a531f8-809e-4edc-8b28-28558f5c6cb7"},"timestamp":"2024-06-12 21:15:16"}
{"level":"info","message":{"body":"","method":"GET","params":{},"query":{},"url":"/message_topic"},"timestamp":"2024-06-12 21:15:16"}
{"level":"info","message":{"body":"","method":"GET","params":{"id":"e3a531f8-809e-4edc-8b28-28558f5c6cb7"},"query":{},"url":"/topic/id/e3a531f8-809e-4edc-8b28-28558f5c6cb7"},"timestamp":"2024-06-12 21:15:17"}
{"level":"info","message":{"body":"","method":"GET","params":{},"query":{},"url":"/message_topic"},"timestamp":"2024-06-12 21:15:17"}
{"level":"info","message":{"body":"","method":"GET","params":{},"query":{},"url":"/message_topic"},"timestamp":"2024-06-12 21:15:17"}
{"level":"info","message":{"body":"","method":"GET","params":{},"query":{},"url":"/message_topic"},"timestamp":"2024-06-12 21:15:17"}
{"level":"info","message":{"body":"","method":"GET","params":{},"query":{},"url":"/message_topic"},"timestamp":"2024-06-12 21:15:17"}
{"level":"info","message":{"body":"","method":"GET","params":{},"query":{},"url":"/message_topic"},"timestamp":"2024-06-12 21:17:26"}
{"level":"info","message":{"body":"","method":"GET","params":{},"query":{},"url":"/message_topic"},"timestamp":"2024-06-12 21:17:27"}
{"level":"info","message":{"body":"","method":"GET","params":{},"query":{},"url":"/message_topic"},"timestamp":"2024-06-12 21:17:27"}
{"level":"info","message":{"body":"","method":"GET","params":{},"query":{},"url":"/message_topic"},"timestamp":"2024-06-12 21:17:27"}
{"level":"info","message":{"body":{"content":"Prueba de texto ","id_person":"87be2421-5493-4961-a7ac-a66fa89c70d9","id_topic":"e3a531f8-809e-4edc-8b28-28558f5c6cb7"},"method":"POST","params":"","query":"","url":"/message_topic"},"timestamp":"2024-06-12 21:18:07"}
{"level":"info","message":{"body":{"content":"Prueba de texto ","id_person":"87be2421-5493-4961-a7ac-a66fa89c70d9","id_topic":"e3a531f8-809e-4edc-8b28-28558f5c6cb7"},"method":"POST","params":"","query":"","url":"/message_topic"},"timestamp":"2024-06-12 21:18:08"}
{"level":"info","message":{"body":{"email":"Katherine@gmail.com","password":"nicol12345"},"method":"POST","params":"","query":"","url":"/user/validate"},"timestamp":"2024-06-12 21:18:17"}
{"level":"info","message":{"body":{"email":"Katherine@gmail.com","password":"nicol12345"},"method":"POST","params":"","query":"","url":"/user/validate"},"timestamp":"2024-06-12 21:18:17"}
{"level":"info","message":{"body":"","method":"GET","params":{},"query":{},"url":"/message_topic"},"timestamp":"2024-06-12 21:18:17"}
{"level":"info","message":{"body":"","method":"GET","params":{},"query":{},"url":"/topic/id/e3a531f8-809e-4edc-8b28-28558f5c6cb7"},"timestamp":"2024-06-12 21:18:17"}
{"level":"info","message":{"body":"","method":"GET","params":{},"query":{},"url":"/message_topic"},"timestamp":"2024-06-12 21:18:17"}
{"level":"info","message":{"body":"","method":"GET","params":{},"query":{},"url":"/message_topic"},"timestamp":"2024-06-12 21:18:17"}
{"level":"info","message":{"body":"","method":"GET","params":{},"query":{},"url":"/message_topic"},"timestamp":"2024-06-12 21:18:18"}
{"level":"info","message":{"body":"","method":"GET","params":{"id":"e3a531f8-809e-4edc-8b28-28558f5c6cb7"},"query":{},"url":"/topic/id/e3a531f8-809e-4edc-8b28-28558f5c6cb7"},"timestamp":"2024-06-12 21:18:18"}
{"level":"info","message":{"body":"","method":"GET","params":{},"query":{},"url":"/topic/id/e3a531f8-809e-4edc-8b28-28558f5c6cb7"},"timestamp":"2024-06-12 21:18:18"}
{"level":"info","message":{"body":"","method":"GET","params":{"id":"e3a531f8-809e-4edc-8b28-28558f5c6cb7"},"query":{},"url":"/topic/id/e3a531f8-809e-4edc-8b28-28558f5c6cb7"},"timestamp":"2024-06-12 21:18:18"}
{"level":"info","message":{"body":"","method":"GET","params":{},"query":{},"url":"/topic"},"timestamp":"2024-06-12 21:18:24"}
{"level":"info","message":{"body":"","method":"GET","params":{},"query":{},"url":"/interest"},"timestamp":"2024-06-12 21:18:24"}
{"level":"info","message":{"body":"","method":"GET","params":{},"query":{},"url":"/topic"},"timestamp":"2024-06-12 21:18:24"}
{"level":"info","message":{"body":"","method":"GET","params":{},"query":{},"url":"/topic"},"timestamp":"2024-06-12 21:18:24"}
{"level":"info","message":{"body":"","method":"GET","params":{},"query":{},"url":"/interest"},"timestamp":"2024-06-12 21:18:24"}
{"level":"info","message":{"body":"","method":"GET","params":{},"query":{},"url":"/interest"},"timestamp":"2024-06-12 21:18:24"}
{"level":"info","message":{"body":"","method":"GET","params":{},"query":{},"url":"/topic"},"timestamp":"2024-06-12 21:18:24"}
{"level":"info","message":{"body":"","method":"GET","params":{},"query":{},"url":"/topic"},"timestamp":"2024-06-12 21:18:24"}
{"level":"info","message":{"body":"","method":"GET","params":{},"query":{},"url":"/interest"},"timestamp":"2024-06-12 21:18:24"}
{"level":"info","message":{"body":"","method":"GET","params":{},"query":{},"url":"/topic"},"timestamp":"2024-06-12 21:18:24"}
{"level":"info","message":{"body":"","method":"GET","params":{},"query":{},"url":"/topic"},"timestamp":"2024-06-12 21:18:24"}
{"level":"info","message":{"body":"","method":"GET","params":{},"query":{},"url":"/topic"},"timestamp":"2024-06-12 21:18:25"}
{"level":"info","message":{"body":"","method":"GET","params":{},"query":{},"url":"/topic"},"timestamp":"2024-06-12 21:18:25"}
{"level":"info","message":{"body":"","method":"GET","params":{},"query":{},"url":"/topic"},"timestamp":"2024-06-12 21:18:25"}
{"level":"info","message":{"body":"","method":"GET","params":{},"query":{},"url":"/topic"},"timestamp":"2024-06-12 21:18:25"}
{"level":"info","message":{"body":"","method":"GET","params":{},"query":{},"url":"/topic"},"timestamp":"2024-06-12 21:18:25"}
{"level":"info","message":{"body":"","method":"GET","params":{},"query":{},"url":"/message_topic"},"timestamp":"2024-06-12 21:18:32"}
{"level":"info","message":{"body":"","method":"GET","params":{},"query":{},"url":"/topic/id/e3a531f8-809e-4edc-8b28-28558f5c6cb7"},"timestamp":"2024-06-12 21:18:32"}
{"level":"info","message":{"body":"","method":"GET","params":{},"query":{},"url":"/message_topic"},"timestamp":"2024-06-12 21:18:33"}
{"level":"info","message":{"body":"","method":"GET","params":{},"query":{},"url":"/message_topic"},"timestamp":"2024-06-12 21:18:33"}
{"level":"info","message":{"body":"","method":"GET","params":{"id":"e3a531f8-809e-4edc-8b28-28558f5c6cb7"},"query":{},"url":"/topic/id/e3a531f8-809e-4edc-8b28-28558f5c6cb7"},"timestamp":"2024-06-12 21:18:33"}
{"level":"info","message":{"body":"","method":"GET","params":{},"query":{},"url":"/topic/id/e3a531f8-809e-4edc-8b28-28558f5c6cb7"},"timestamp":"2024-06-12 21:18:33"}
{"level":"info","message":{"body":"","method":"GET","params":{},"query":{},"url":"/message_topic"},"timestamp":"2024-06-12 21:18:33"}
{"level":"info","message":{"body":"","method":"GET","params":{"id":"e3a531f8-809e-4edc-8b28-28558f5c6cb7"},"query":{},"url":"/topic/id/e3a531f8-809e-4edc-8b28-28558f5c6cb7"},"timestamp":"2024-06-12 21:18:33"}
{"level":"info","message":{"body":"","method":"GET","params":{},"query":{},"url":"/message_topic"},"timestamp":"2024-06-12 21:20:12"}
{"level":"info","message":{"body":"","method":"GET","params":{},"query":{},"url":"/message_topic"},"timestamp":"2024-06-12 21:20:13"}
{"level":"info","message":{"body":"","method":"GET","params":{},"query":{},"url":"/message_topic"},"timestamp":"2024-06-12 21:20:13"}
{"level":"info","message":{"body":"","method":"GET","params":{},"query":{},"url":"/message_topic"},"timestamp":"2024-06-12 21:20:13"}
{"level":"info","message":{"body":"","method":"GET","params":{},"query":{},"url":"/message_topic"},"timestamp":"2024-06-12 21:22:24"}
{"level":"info","message":{"body":"","method":"GET","params":{},"query":{},"url":"/message_topic"},"timestamp":"2024-06-12 21:22:25"}
{"level":"info","message":{"body":{"content":"prueba dos de mensaje con link www.google.cl","id_person":"87be2421-5493-4961-a7ac-a66fa89c70d9","id_topic":"e3a531f8-809e-4edc-8b28-28558f5c6cb7"},"method":"POST","params":"","query":"","url":"/message_topic"},"timestamp":"2024-06-12 21:23:04"}
{"level":"info","message":{"body":{"content":"prueba dos de mensaje con link www.google.cl","id_person":"87be2421-5493-4961-a7ac-a66fa89c70d9","id_topic":"e3a531f8-809e-4edc-8b28-28558f5c6cb7"},"method":"POST","params":"","query":"","url":"/message_topic"},"timestamp":"2024-06-12 21:23:05"}
{"level":"info","message":{"body":"","method":"GET","params":{},"query":{},"url":"/message_topic"},"timestamp":"2024-06-12 21:23:05"}
{"level":"info","message":{"body":"","method":"GET","params":{},"query":{},"url":"/message_topic"},"timestamp":"2024-06-12 21:23:05"}
{"level":"info","message":{"body":"","method":"GET","params":{},"query":{},"url":"/message_topic"},"timestamp":"2024-06-12 21:25:00"}
{"level":"info","message":{"body":"","method":"GET","params":{},"query":{},"url":"/message_topic"},"timestamp":"2024-06-12 21:25:01"}
{"level":"info","message":{"body":"","method":"GET","params":{},"query":{},"url":"/message_topic"},"timestamp":"2024-06-12 21:29:49"}
{"level":"info","message":{"body":"","method":"GET","params":{},"query":{},"url":"/message_topic"},"timestamp":"2024-06-12 21:29:50"}
{"level":"info","message":{"body":"","method":"GET","params":{},"query":{},"url":"/message_topic"},"timestamp":"2024-06-12 21:34:02"}
{"level":"info","message":{"body":"","method":"GET","params":{},"query":{},"url":"/message_topic"},"timestamp":"2024-06-12 21:34:02"}
{"level":"info","message":{"body":{"email":"Katherine@gmail.com","password":"nicol12345"},"method":"POST","params":"","query":"","url":"/user/validate"},"timestamp":"2024-06-12 21:35:24"}
{"level":"info","message":{"body":{"email":"Katherine@gmail.com","password":"nicol12345"},"method":"POST","params":"","query":"","url":"/user/validate"},"timestamp":"2024-06-12 21:35:25"}
{"level":"info","message":{"body":"","method":"GET","params":{},"query":{},"url":"/message_topic"},"timestamp":"2024-06-12 21:35:25"}
{"level":"info","message":{"body":"","method":"GET","params":{},"query":{},"url":"/topic/id/e3a531f8-809e-4edc-8b28-28558f5c6cb7"},"timestamp":"2024-06-12 21:35:25"}
{"level":"info","message":{"body":"","method":"GET","params":{},"query":{},"url":"/message_topic"},"timestamp":"2024-06-12 21:35:25"}
{"level":"info","message":{"body":"","method":"GET","params":{},"query":{},"url":"/message_topic"},"timestamp":"2024-06-12 21:35:25"}
{"level":"info","message":{"body":"","method":"GET","params":{},"query":{},"url":"/message_topic"},"timestamp":"2024-06-12 21:35:26"}
{"level":"info","message":{"body":"","method":"GET","params":{"id":"e3a531f8-809e-4edc-8b28-28558f5c6cb7"},"query":{},"url":"/topic/id/e3a531f8-809e-4edc-8b28-28558f5c6cb7"},"timestamp":"2024-06-12 21:35:26"}
{"level":"info","message":{"body":"","method":"GET","params":{},"query":{},"url":"/topic/id/e3a531f8-809e-4edc-8b28-28558f5c6cb7"},"timestamp":"2024-06-12 21:35:26"}
{"level":"info","message":{"body":"","method":"GET","params":{"id":"e3a531f8-809e-4edc-8b28-28558f5c6cb7"},"query":{},"url":"/topic/id/e3a531f8-809e-4edc-8b28-28558f5c6cb7"},"timestamp":"2024-06-12 21:35:26"}
{"level":"info","message":{"body":"","method":"GET","params":{},"query":{},"url":"/topic"},"timestamp":"2024-06-12 21:35:28"}
{"level":"info","message":{"body":"","method":"GET","params":{},"query":{},"url":"/interest"},"timestamp":"2024-06-12 21:35:28"}
{"level":"info","message":{"body":"","method":"GET","params":{},"query":{},"url":"/topic"},"timestamp":"2024-06-12 21:35:28"}
{"level":"info","message":{"body":"","method":"GET","params":{},"query":{},"url":"/topic"},"timestamp":"2024-06-12 21:35:28"}
{"level":"info","message":{"body":"","method":"GET","params":{},"query":{},"url":"/interest"},"timestamp":"2024-06-12 21:35:28"}
{"level":"info","message":{"body":"","method":"GET","params":{},"query":{},"url":"/interest"},"timestamp":"2024-06-12 21:35:28"}
{"level":"info","message":{"body":"","method":"GET","params":{},"query":{},"url":"/topic"},"timestamp":"2024-06-12 21:35:28"}
{"level":"info","message":{"body":"","method":"GET","params":{},"query":{},"url":"/topic"},"timestamp":"2024-06-12 21:35:28"}
{"level":"info","message":{"body":"","method":"GET","params":{},"query":{},"url":"/interest"},"timestamp":"2024-06-12 21:35:28"}
{"level":"info","message":{"body":"","method":"GET","params":{},"query":{},"url":"/topic"},"timestamp":"2024-06-12 21:35:29"}
{"level":"info","message":{"body":"","method":"GET","params":{},"query":{},"url":"/topic"},"timestamp":"2024-06-12 21:35:29"}
{"level":"info","message":{"body":"","method":"GET","params":{},"query":{},"url":"/topic"},"timestamp":"2024-06-12 21:35:29"}
{"level":"info","message":{"body":"","method":"GET","params":{},"query":{},"url":"/topic"},"timestamp":"2024-06-12 21:35:29"}
{"level":"info","message":{"body":"","method":"GET","params":{},"query":{},"url":"/topic"},"timestamp":"2024-06-12 21:35:29"}
{"level":"info","message":{"body":"","method":"GET","params":{},"query":{},"url":"/topic"},"timestamp":"2024-06-12 21:35:29"}
{"level":"info","message":{"body":"","method":"GET","params":{},"query":{},"url":"/topic"},"timestamp":"2024-06-12 21:35:29"}
{"level":"info","message":{"body":"","method":"GET","params":{},"query":{},"url":"/message_topic"},"timestamp":"2024-06-12 21:35:32"}
{"level":"info","message":{"body":"","method":"GET","params":{},"query":{},"url":"/topic/id/27b9f16f-d196-4568-8158-ecf0671ed792"},"timestamp":"2024-06-12 21:35:32"}
{"level":"info","message":{"body":"","method":"GET","params":{},"query":{},"url":"/message_topic"},"timestamp":"2024-06-12 21:35:32"}
{"level":"info","message":{"body":"","method":"GET","params":{},"query":{},"url":"/message_topic"},"timestamp":"2024-06-12 21:35:32"}
{"level":"info","message":{"body":"","method":"GET","params":{"id":"27b9f16f-d196-4568-8158-ecf0671ed792"},"query":{},"url":"/topic/id/27b9f16f-d196-4568-8158-ecf0671ed792"},"timestamp":"2024-06-12 21:35:32"}
{"level":"info","message":{"body":"","method":"GET","params":{},"query":{},"url":"/topic/id/27b9f16f-d196-4568-8158-ecf0671ed792"},"timestamp":"2024-06-12 21:35:32"}
{"level":"info","message":{"body":"","method":"GET","params":{},"query":{},"url":"/message_topic"},"timestamp":"2024-06-12 21:35:32"}
{"level":"info","message":{"body":"","method":"GET","params":{"id":"27b9f16f-d196-4568-8158-ecf0671ed792"},"query":{},"url":"/topic/id/27b9f16f-d196-4568-8158-ecf0671ed792"},"timestamp":"2024-06-12 21:35:32"}
{"level":"info","message":{"body":"","method":"GET","params":{},"query":{},"url":"/topic"},"timestamp":"2024-06-12 21:35:39"}
{"level":"info","message":{"body":"","method":"GET","params":{},"query":{},"url":"/interest"},"timestamp":"2024-06-12 21:35:39"}
{"level":"info","message":{"body":"","method":"GET","params":{},"query":{},"url":"/interest"},"timestamp":"2024-06-12 21:35:39"}
{"level":"info","message":{"body":"","method":"GET","params":{},"query":{},"url":"/topic"},"timestamp":"2024-06-12 21:35:39"}
{"level":"info","message":{"body":"","method":"GET","params":{},"query":{},"url":"/interest"},"timestamp":"2024-06-12 21:35:39"}
{"level":"info","message":{"body":"","method":"GET","params":{},"query":{},"url":"/topic"},"timestamp":"2024-06-12 21:35:39"}
{"level":"info","message":{"body":"","method":"GET","params":{},"query":{},"url":"/interest"},"timestamp":"2024-06-12 21:35:39"}
{"level":"info","message":{"body":"","method":"GET","params":{},"query":{},"url":"/topic"},"timestamp":"2024-06-12 21:35:39"}
{"level":"info","message":{"body":"","method":"GET","params":{},"query":{},"url":"/topic"},"timestamp":"2024-06-12 21:35:39"}
{"level":"info","message":{"body":"","method":"GET","params":{},"query":{},"url":"/topic"},"timestamp":"2024-06-12 21:35:39"}
{"level":"info","message":{"body":"","method":"GET","params":{},"query":{},"url":"/topic"},"timestamp":"2024-06-12 21:35:39"}
{"level":"info","message":{"body":"","method":"GET","params":{},"query":{},"url":"/topic"},"timestamp":"2024-06-12 21:35:40"}
{"level":"info","message":{"body":"","method":"GET","params":{},"query":{},"url":"/topic"},"timestamp":"2024-06-12 21:35:40"}
{"level":"info","message":{"body":"","method":"GET","params":{},"query":{},"url":"/topic"},"timestamp":"2024-06-12 21:35:40"}
{"level":"info","message":{"body":"","method":"GET","params":{},"query":{},"url":"/topic"},"timestamp":"2024-06-12 21:35:40"}
{"level":"info","message":{"body":"","method":"GET","params":{},"query":{},"url":"/topic"},"timestamp":"2024-06-12 21:35:40"}
{"level":"info","message":{"body":"","method":"GET","params":{},"query":{},"url":"/message_topic"},"timestamp":"2024-06-12 21:35:44"}
{"level":"info","message":{"body":"","method":"GET","params":{},"query":{},"url":"/topic/id/35cb64ee-0684-4430-a1d4-41bc1cd44a76"},"timestamp":"2024-06-12 21:35:44"}
{"level":"info","message":{"body":"","method":"GET","params":{},"query":{},"url":"/message_topic"},"timestamp":"2024-06-12 21:35:44"}
{"level":"info","message":{"body":"","method":"GET","params":{"id":"35cb64ee-0684-4430-a1d4-41bc1cd44a76"},"query":{},"url":"/topic/id/35cb64ee-0684-4430-a1d4-41bc1cd44a76"},"timestamp":"2024-06-12 21:35:44"}
{"level":"info","message":{"body":"","method":"GET","params":{},"query":{},"url":"/message_topic"},"timestamp":"2024-06-12 21:35:44"}
{"level":"info","message":{"body":"","method":"GET","params":{},"query":{},"url":"/topic/id/35cb64ee-0684-4430-a1d4-41bc1cd44a76"},"timestamp":"2024-06-12 21:35:44"}
{"level":"info","message":{"body":"","method":"GET","params":{},"query":{},"url":"/message_topic"},"timestamp":"2024-06-12 21:35:44"}
{"level":"info","message":{"body":"","method":"GET","params":{"id":"35cb64ee-0684-4430-a1d4-41bc1cd44a76"},"query":{},"url":"/topic/id/35cb64ee-0684-4430-a1d4-41bc1cd44a76"},"timestamp":"2024-06-12 21:35:44"}
{"level":"info","message":{"body":"","method":"GET","params":{},"query":{},"url":"/topic"},"timestamp":"2024-06-12 21:35:46"}
{"level":"info","message":{"body":"","method":"GET","params":{},"query":{},"url":"/interest"},"timestamp":"2024-06-12 21:35:46"}
{"level":"info","message":{"body":"","method":"GET","params":{},"query":{},"url":"/interest"},"timestamp":"2024-06-12 21:35:46"}
{"level":"info","message":{"body":"","method":"GET","params":{},"query":{},"url":"/topic"},"timestamp":"2024-06-12 21:35:46"}
{"level":"info","message":{"body":"","method":"GET","params":{},"query":{},"url":"/interest"},"timestamp":"2024-06-12 21:35:46"}
{"level":"info","message":{"body":"","method":"GET","params":{},"query":{},"url":"/topic"},"timestamp":"2024-06-12 21:35:46"}
{"level":"info","message":{"body":"","method":"GET","params":{},"query":{},"url":"/topic"},"timestamp":"2024-06-12 21:35:46"}
{"level":"info","message":{"body":"","method":"GET","params":{},"query":{},"url":"/topic"},"timestamp":"2024-06-12 21:35:46"}
{"level":"info","message":{"body":"","method":"GET","params":{},"query":{},"url":"/interest"},"timestamp":"2024-06-12 21:35:46"}
{"level":"info","message":{"body":"","method":"GET","params":{},"query":{},"url":"/topic"},"timestamp":"2024-06-12 21:35:47"}
{"level":"info","message":{"body":"","method":"GET","params":{},"query":{},"url":"/topic"},"timestamp":"2024-06-12 21:35:47"}
{"level":"info","message":{"body":"","method":"GET","params":{},"query":{},"url":"/topic"},"timestamp":"2024-06-12 21:35:47"}
{"level":"info","message":{"body":"","method":"GET","params":{},"query":{},"url":"/topic"},"timestamp":"2024-06-12 21:35:47"}
{"level":"info","message":{"body":"","method":"GET","params":{},"query":{},"url":"/topic"},"timestamp":"2024-06-12 21:35:47"}
{"level":"info","message":{"body":"","method":"GET","params":{},"query":{},"url":"/topic"},"timestamp":"2024-06-12 21:35:47"}
{"level":"info","message":{"body":"","method":"GET","params":{},"query":{},"url":"/topic"},"timestamp":"2024-06-12 21:35:47"}
{"level":"info","message":{"body":"","method":"GET","params":{},"query":{},"url":"/message_topic"},"timestamp":"2024-06-12 21:35:49"}
{"level":"info","message":{"body":"","method":"GET","params":{},"query":{},"url":"/topic/id/e3a531f8-809e-4edc-8b28-28558f5c6cb7"},"timestamp":"2024-06-12 21:35:49"}
{"level":"info","message":{"body":"","method":"GET","params":{},"query":{},"url":"/message_topic"},"timestamp":"2024-06-12 21:35:49"}
{"level":"info","message":{"body":"","method":"GET","params":{},"query":{},"url":"/message_topic"},"timestamp":"2024-06-12 21:35:49"}
{"level":"info","message":{"body":"","method":"GET","params":{"id":"e3a531f8-809e-4edc-8b28-28558f5c6cb7"},"query":{},"url":"/topic/id/e3a531f8-809e-4edc-8b28-28558f5c6cb7"},"timestamp":"2024-06-12 21:35:49"}
{"level":"info","message":{"body":"","method":"GET","params":{},"query":{},"url":"/topic/id/e3a531f8-809e-4edc-8b28-28558f5c6cb7"},"timestamp":"2024-06-12 21:35:49"}
{"level":"info","message":{"body":"","method":"GET","params":{},"query":{},"url":"/message_topic"},"timestamp":"2024-06-12 21:35:49"}
{"level":"info","message":{"body":"","method":"GET","params":{"id":"e3a531f8-809e-4edc-8b28-28558f5c6cb7"},"query":{},"url":"/topic/id/e3a531f8-809e-4edc-8b28-28558f5c6cb7"},"timestamp":"2024-06-12 21:35:49"}
{"level":"info","message":{"body":"","method":"GET","params":{},"query":{},"url":"/message_topic/id/f80c9bf8-92a6-4e63-b2f9-a0ea64b1cc8d"},"timestamp":"2024-06-12 21:37:43"}
{"level":"info","message":{"body":"","method":"GET","params":{"id":"f80c9bf8-92a6-4e63-b2f9-a0ea64b1cc8d"},"query":{},"url":"/message_topic/id/f80c9bf8-92a6-4e63-b2f9-a0ea64b1cc8d"},"timestamp":"2024-06-12 21:37:44"}
{"level":"info","message":{"body":"","method":"GET","params":{},"query":{},"url":"/message_topic/"},"timestamp":"2024-06-12 21:37:51"}
{"level":"info","message":{"body":"","method":"GET","params":{},"query":{},"url":"/message_topic/"},"timestamp":"2024-06-12 21:37:51"}
{"level":"info","message":{"body":"","method":"GET","params":{},"query":{},"url":"/message_topic/idPerson/64856186-6e05-4a3c-bf6a-ffe4e882d64b"},"timestamp":"2024-06-12 21:37:57"}
{"level":"info","message":{"body":"","method":"GET","params":{"id_person":"64856186-6e05-4a3c-bf6a-ffe4e882d64b"},"query":{},"url":"/message_topic/idPerson/64856186-6e05-4a3c-bf6a-ffe4e882d64b"},"timestamp":"2024-06-12 21:37:57"}
{"level":"info","message":"🚀API listening port 3000","timestamp":"2024-06-12 21:38:39"}
{"level":"info","message":"Database connected","timestamp":"2024-06-12 21:38:39","util":"database"}
{"level":"info","message":{"body":"","method":"GET","params":{},"query":{},"url":"/message_topic/"},"timestamp":"2024-06-12 21:38:47"}
{"level":"info","message":{"body":"","method":"GET","params":{},"query":{},"url":"/message_topic/"},"timestamp":"2024-06-12 21:38:47"}
{"level":"info","message":"🚀API listening port 3000","timestamp":"2024-06-12 21:39:31"}
{"level":"info","message":"Database connected","timestamp":"2024-06-12 21:39:32","util":"database"}
{"level":"info","message":{"body":"","method":"GET","params":{},"query":{},"url":"/message_topic/idPerson/64856186-6e05-4a3c-bf6a-ffe4e882d64b"},"timestamp":"2024-06-12 21:39:38"}
{"level":"info","message":{"body":"","method":"GET","params":{"id_person":"64856186-6e05-4a3c-bf6a-ffe4e882d64b"},"query":{},"url":"/message_topic/idPerson/64856186-6e05-4a3c-bf6a-ffe4e882d64b"},"timestamp":"2024-06-12 21:39:39"}
{"level":"info","message":{"body":"","method":"GET","params":{},"query":{},"url":"/message_topic/idTopic/27b9f16f-d196-4568-8158-ecf0671ed792"},"timestamp":"2024-06-12 21:39:43"}
{"level":"info","message":{"body":"","method":"GET","params":{"id_topic":"27b9f16f-d196-4568-8158-ecf0671ed792"},"query":{},"url":"/message_topic/idTopic/27b9f16f-d196-4568-8158-ecf0671ed792"},"timestamp":"2024-06-12 21:39:43"}
{"level":"info","message":{"body":"","method":"GET","params":{},"query":{},"url":"/message_topic/id/f80c9bf8-92a6-4e63-b2f9-a0ea64b1cc8d"},"timestamp":"2024-06-12 21:39:47"}
{"level":"info","message":{"body":"","method":"GET","params":{"id":"f80c9bf8-92a6-4e63-b2f9-a0ea64b1cc8d"},"query":{},"url":"/message_topic/id/f80c9bf8-92a6-4e63-b2f9-a0ea64b1cc8d"},"timestamp":"2024-06-12 21:39:47"}
{"level":"info","message":{"body":{"email":"Katherine@gmail.com","password":"nicol12345"},"method":"POST","params":"","query":"","url":"/user/validate"},"timestamp":"2024-06-12 21:40:11"}
{"level":"info","message":{"body":{"email":"Katherine@gmail.com","password":"nicol12345"},"method":"POST","params":"","query":"","url":"/user/validate"},"timestamp":"2024-06-12 21:40:12"}
{"level":"info","message":{"body":"","method":"GET","params":{},"query":{},"url":"/message_topic"},"timestamp":"2024-06-12 21:40:12"}
{"level":"info","message":{"body":"","method":"GET","params":{},"query":{},"url":"/topic/id/e3a531f8-809e-4edc-8b28-28558f5c6cb7"},"timestamp":"2024-06-12 21:40:12"}
{"level":"info","message":{"body":"","method":"GET","params":{},"query":{},"url":"/message_topic"},"timestamp":"2024-06-12 21:40:12"}
{"level":"info","message":{"body":"","method":"GET","params":{},"query":{},"url":"/message_topic"},"timestamp":"2024-06-12 21:40:12"}
{"level":"info","message":{"body":"","method":"GET","params":{},"query":{},"url":"/message_topic"},"timestamp":"2024-06-12 21:40:12"}
{"level":"info","message":{"body":"","method":"GET","params":{"id":"e3a531f8-809e-4edc-8b28-28558f5c6cb7"},"query":{},"url":"/topic/id/e3a531f8-809e-4edc-8b28-28558f5c6cb7"},"timestamp":"2024-06-12 21:40:12"}
{"level":"info","message":{"body":"","method":"GET","params":{},"query":{},"url":"/topic/id/e3a531f8-809e-4edc-8b28-28558f5c6cb7"},"timestamp":"2024-06-12 21:40:12"}
{"level":"info","message":{"body":"","method":"GET","params":{"id":"e3a531f8-809e-4edc-8b28-28558f5c6cb7"},"query":{},"url":"/topic/id/e3a531f8-809e-4edc-8b28-28558f5c6cb7"},"timestamp":"2024-06-12 21:40:13"}
{"level":"info","message":{"body":"","method":"GET","params":{},"query":{},"url":"/topic"},"timestamp":"2024-06-12 21:40:20"}
{"level":"info","message":{"body":"","method":"GET","params":{},"query":{},"url":"/interest"},"timestamp":"2024-06-12 21:40:20"}
{"level":"info","message":{"body":"","method":"GET","params":{},"query":{},"url":"/interest"},"timestamp":"2024-06-12 21:40:20"}
{"level":"info","message":{"body":"","method":"GET","params":{},"query":{},"url":"/topic"},"timestamp":"2024-06-12 21:40:20"}
{"level":"info","message":{"body":"","method":"GET","params":{},"query":{},"url":"/interest"},"timestamp":"2024-06-12 21:40:20"}
{"level":"info","message":{"body":"","method":"GET","params":{},"query":{},"url":"/topic"},"timestamp":"2024-06-12 21:40:20"}
{"level":"info","message":{"body":"","method":"GET","params":{},"query":{},"url":"/topic"},"timestamp":"2024-06-12 21:40:20"}
{"level":"info","message":{"body":"","method":"GET","params":{},"query":{},"url":"/topic"},"timestamp":"2024-06-12 21:40:20"}
{"level":"info","message":{"body":"","method":"GET","params":{},"query":{},"url":"/interest"},"timestamp":"2024-06-12 21:40:20"}
{"level":"info","message":{"body":"","method":"GET","params":{},"query":{},"url":"/topic"},"timestamp":"2024-06-12 21:40:20"}
{"level":"info","message":{"body":"","method":"GET","params":{},"query":{},"url":"/topic"},"timestamp":"2024-06-12 21:40:20"}
{"level":"info","message":{"body":"","method":"GET","params":{},"query":{},"url":"/topic"},"timestamp":"2024-06-12 21:40:20"}
{"level":"info","message":{"body":"","method":"GET","params":{},"query":{},"url":"/topic"},"timestamp":"2024-06-12 21:40:20"}
{"level":"info","message":{"body":"","method":"GET","params":{},"query":{},"url":"/topic"},"timestamp":"2024-06-12 21:40:20"}
{"level":"info","message":{"body":"","method":"GET","params":{},"query":{},"url":"/topic"},"timestamp":"2024-06-12 21:40:20"}
{"level":"info","message":{"body":"","method":"GET","params":{},"query":{},"url":"/topic"},"timestamp":"2024-06-12 21:40:21"}
{"level":"info","message":{"body":"","method":"GET","params":{},"query":{},"url":"/message_topic"},"timestamp":"2024-06-12 21:40:23"}
{"level":"info","message":{"body":"","method":"GET","params":{},"query":{},"url":"/topic/id/e3a531f8-809e-4edc-8b28-28558f5c6cb7"},"timestamp":"2024-06-12 21:40:23"}
{"level":"info","message":{"body":"","method":"GET","params":{},"query":{},"url":"/message_topic"},"timestamp":"2024-06-12 21:40:23"}
{"level":"info","message":{"body":"","method":"GET","params":{},"query":{},"url":"/message_topic"},"timestamp":"2024-06-12 21:40:23"}
{"level":"info","message":{"body":"","method":"GET","params":{"id":"e3a531f8-809e-4edc-8b28-28558f5c6cb7"},"query":{},"url":"/topic/id/e3a531f8-809e-4edc-8b28-28558f5c6cb7"},"timestamp":"2024-06-12 21:40:23"}
{"level":"info","message":{"body":"","method":"GET","params":{},"query":{},"url":"/topic/id/e3a531f8-809e-4edc-8b28-28558f5c6cb7"},"timestamp":"2024-06-12 21:40:23"}
{"level":"info","message":{"body":"","method":"GET","params":{},"query":{},"url":"/message_topic"},"timestamp":"2024-06-12 21:40:23"}
{"level":"info","message":{"body":"","method":"GET","params":{"id":"e3a531f8-809e-4edc-8b28-28558f5c6cb7"},"query":{},"url":"/topic/id/e3a531f8-809e-4edc-8b28-28558f5c6cb7"},"timestamp":"2024-06-12 21:40:23"}
{"level":"info","message":{"body":"","method":"DELETE","params":{},"query":"","url":"/message_topic/id/f606652b-694c-4d3e-b408-c12b724c25b0"},"timestamp":"2024-06-12 21:40:32"}
{"level":"info","message":{"body":"","method":"DELETE","params":{"id":"f606652b-694c-4d3e-b408-c12b724c25b0"},"query":"","url":"/message_topic/id/f606652b-694c-4d3e-b408-c12b724c25b0"},"timestamp":"2024-06-12 21:40:32"}
