{"level":"info","message":{"body":"","method":"PUT","params":{},"query":"","url":"/person/personId/64856186-6e05-4a3c-bf6a-ffe4e882d64b"},"timestamp":"2024-05-22 23:44:01"}
{"level":"error","message":{"body":"","error":"column \"group_id\" of relation \"study_group_person\" does not exist","method":"PUT","params":{},"query":"","url":"/person/personId/64856186-6e05-4a3c-bf6a-ffe4e882d64b"},"timestamp":"2024-05-22 23:44:01"}
{"level":"info","message":{"body":"","method":"PUT","params":{},"query":"","url":"/person/personId/64856186-6e05-4a3c-bf6a-ffe4e882d64b"},"timestamp":"2024-05-22 23:48:17"}
{"level":"error","message":{"body":"","error":"insert or update on table \"study_group_person\" violates foreign key constraint \"study_group_person_study_group_fk\"","method":"PUT","params":{},"query":"","url":"/person/personId/64856186-6e05-4a3c-bf6a-ffe4e882d64b"},"timestamp":"2024-05-22 23:48:18"}
{"level":"info","message":{"body":"","method":"PUT","params":{},"query":"","url":"/person/personId/64856186-6e05-4a3c-bf6a-ffe4e882d64b"},"timestamp":"2024-05-22 23:50:53"}
{"level":"error","message":{"body":"","error":"Study group with id 64856186-6e05-4a3c-bf6a-ffe4e882d64b does not exist","method":"PUT","params":{},"query":"","url":"/person/personId/64856186-6e05-4a3c-bf6a-ffe4e882d64b"},"timestamp":"2024-05-22 23:50:54"}
{"level":"info","message":{"body":"","method":"PUT","params":{},"query":"","url":"/person/personId/64856186-6e05-4a3c-bf6a-ffe4e882d64b"},"timestamp":"2024-05-22 23:53:04"}
{"level":"info","message":{"body":"","method":"PUT","params":{"personId":"64856186-6e05-4a3c-bf6a-ffe4e882d64b"},"query":"","url":"/person/personId/64856186-6e05-4a3c-bf6a-ffe4e882d64b"},"timestamp":"2024-05-22 23:53:04"}
{"level":"info","message":{"body":"","method":"PUT","params":{},"query":"","url":"/person/personId/64856186-6e05-4a3c-bf6a-ffe4e882d64b"},"timestamp":"2024-05-22 23:53:11"}
{"level":"info","message":{"body":"","method":"PUT","params":{"personId":"64856186-6e05-4a3c-bf6a-ffe4e882d64b"},"query":"","url":"/person/personId/64856186-6e05-4a3c-bf6a-ffe4e882d64b"},"timestamp":"2024-05-22 23:53:12"}
{"level":"info","message":{"body":"","method":"DELETE","params":{},"query":"","url":"/person/personId/64856186-6e05-4a3c-bf6a-ffe4e882d64b"},"timestamp":"2024-05-22 23:55:26"}
{"level":"info","message":{"body":"","method":"DELETE","params":{"personId":"64856186-6e05-4a3c-bf6a-ffe4e882d64b"},"query":"","url":"/person/personId/64856186-6e05-4a3c-bf6a-ffe4e882d64b"},"timestamp":"2024-05-22 23:55:27"}
{"level":"info","message":{"body":"","method":"PUT","params":{},"query":"","url":"/person/personId/64856186-6e05-4a3c-bf6a-ffe4e882d64b"},"timestamp":"2024-05-22 23:56:02"}
{"level":"info","message":{"body":"","method":"PUT","params":{"personId":"64856186-6e05-4a3c-bf6a-ffe4e882d64b"},"query":"","url":"/person/personId/64856186-6e05-4a3c-bf6a-ffe4e882d64b"},"timestamp":"2024-05-22 23:56:03"}
{"level":"info","message":{"body":"","method":"DELETE","params":{},"query":"","url":"/person/personId/64856186-6e05-4a3c-bf6a-ffe4e882d64b"},"timestamp":"2024-05-22 23:56:29"}
{"level":"info","message":{"body":"","method":"DELETE","params":{"personId":"64856186-6e05-4a3c-bf6a-ffe4e882d64b"},"query":"","url":"/person/personId/64856186-6e05-4a3c-bf6a-ffe4e882d64b"},"timestamp":"2024-05-22 23:56:30"}
{"level":"info","message":{"body":"","method":"DELETE","params":{},"query":"","url":"/person/personId/64856186-6e05-4a3c-bf6a-ffe4e882d64b"},"timestamp":"2024-05-22 23:56:33"}
{"level":"info","message":{"body":"","method":"DELETE","params":{"personId":"64856186-6e05-4a3c-bf6a-ffe4e882d64b"},"query":"","url":"/person/personId/64856186-6e05-4a3c-bf6a-ffe4e882d64b"},"timestamp":"2024-05-22 23:56:34"}
{"level":"info","message":{"body":"","method":"DELETE","params":{},"query":"","url":"/person/personId/64856186-6e05-4a3c-bf6a-ffe4e882d64b"},"timestamp":"2024-05-22 23:56:36"}
{"level":"info","message":{"body":"","method":"DELETE","params":{"personId":"64856186-6e05-4a3c-bf6a-ffe4e882d64b"},"query":"","url":"/person/personId/64856186-6e05-4a3c-bf6a-ffe4e882d64b"},"timestamp":"2024-05-22 23:56:36"}
{"level":"info","message":{"body":"","method":"PUT","params":{},"query":"","url":"/person/personId/64856186-6e05-4a3c-bf6a-ffe4e882d64b"},"timestamp":"2024-05-23 00:00:46"}
{"level":"info","message":{"body":"","method":"PUT","params":{"personId":"64856186-6e05-4a3c-bf6a-ffe4e882d64b"},"query":"","url":"/person/personId/64856186-6e05-4a3c-bf6a-ffe4e882d64b"},"timestamp":"2024-05-23 00:00:47"}
{"level":"info","message":{"body":"","method":"DELETE","params":{},"query":"","url":"/person/personId/64856186-6e05-4a3c-bf6a-ffe4e882d64b"},"timestamp":"2024-05-23 00:00:54"}
{"level":"info","message":{"body":"","method":"DELETE","params":{"personId":"64856186-6e05-4a3c-bf6a-ffe4e882d64b"},"query":"","url":"/person/personId/64856186-6e05-4a3c-bf6a-ffe4e882d64b"},"timestamp":"2024-05-23 00:00:54"}
{"level":"info","message":{"body":"","method":"DELETE","params":{},"query":"","url":"/person/personId/64856186-6e05-4a3c-bf6a-ffe4e882d64b"},"timestamp":"2024-05-23 00:01:04"}
{"level":"info","message":{"body":"","method":"DELETE","params":{"personId":"64856186-6e05-4a3c-bf6a-ffe4e882d64b"},"query":"","url":"/person/personId/64856186-6e05-4a3c-bf6a-ffe4e882d64b"},"timestamp":"2024-05-23 00:01:05"}
{"level":"info","message":{"body":"","method":"PUT","params":{},"query":"","url":"/person/personId/64856186-6e05-4a3c-bf6a-ffe4e882d64b"},"timestamp":"2024-05-23 00:03:17"}
{"level":"info","message":{"body":"","method":"PUT","params":{"personId":"64856186-6e05-4a3c-bf6a-ffe4e882d64b"},"query":"","url":"/person/personId/64856186-6e05-4a3c-bf6a-ffe4e882d64b"},"timestamp":"2024-05-23 00:03:18"}
{"level":"info","message":{"body":"","method":"PUT","params":{},"query":"","url":"/person/personId/64856186-6e05-4a3c-bf6a-ffe4e882d64b"},"timestamp":"2024-05-23 00:03:27"}
{"level":"info","message":{"body":"","method":"PUT","params":{"personId":"64856186-6e05-4a3c-bf6a-ffe4e882d64b"},"query":"","url":"/person/personId/64856186-6e05-4a3c-bf6a-ffe4e882d64b"},"timestamp":"2024-05-23 00:03:27"}
{"level":"info","message":{"body":"","method":"DELETE","params":{},"query":"","url":"/person/personId/64856186-6e05-4a3c-bf6a-ffe4e882d64b"},"timestamp":"2024-05-23 00:04:08"}
{"level":"info","message":{"body":"","method":"DELETE","params":{"personId":"64856186-6e05-4a3c-bf6a-ffe4e882d64b"},"query":"","url":"/person/personId/64856186-6e05-4a3c-bf6a-ffe4e882d64b"},"timestamp":"2024-05-23 00:04:08"}
{"level":"info","message":{"body":"","method":"PUT","params":{},"query":"","url":"/person/personId/64856186-6e05-4a3c-bf6a-ffe4e882d64b"},"timestamp":"2024-05-23 00:08:19"}
{"level":"info","message":{"body":"","method":"PUT","params":{"personId":"64856186-6e05-4a3c-bf6a-ffe4e882d64b"},"query":"","url":"/person/personId/64856186-6e05-4a3c-bf6a-ffe4e882d64b"},"timestamp":"2024-05-23 00:08:20"}
{"level":"info","message":{"body":"","method":"PUT","params":{},"query":"","url":"/person/personId/64856186-6e05-4a3c-bf6a-ffe4e882d64b"},"timestamp":"2024-05-23 00:08:38"}
{"level":"info","message":{"body":"","method":"PUT","params":{"personId":"64856186-6e05-4a3c-bf6a-ffe4e882d64b"},"query":"","url":"/person/personId/64856186-6e05-4a3c-bf6a-ffe4e882d64b"},"timestamp":"2024-05-23 00:08:38"}
{"level":"info","message":{"body":"","method":"DELETE","params":{},"query":"","url":"/person/personId/64856186-6e05-4a3c-bf6a-ffe4e882d64b"},"timestamp":"2024-05-23 00:09:01"}
{"level":"info","message":{"body":"","method":"DELETE","params":{"personId":"64856186-6e05-4a3c-bf6a-ffe4e882d64b"},"query":"","url":"/person/personId/64856186-6e05-4a3c-bf6a-ffe4e882d64b"},"timestamp":"2024-05-23 00:09:02"}
