{"level":"info","message":"🚀API listening port 3000","timestamp":"2024-07-04 21:47:49"}
{"level":"info","message":"Database connected","timestamp":"2024-07-04 21:47:50","util":"database"}
{"level":"info","message":{"body":{"email":"camilo@boggle.cl","password":"camilo123"},"method":"POST","params":"","query":"","url":"/user/validate"},"timestamp":"2024-07-04 22:25:02"}
{"level":"info","message":{"body":{"email":"camilo@boggle.cl","password":"camilo123"},"method":"POST","params":"","query":"","url":"/user/validate"},"timestamp":"2024-07-04 22:25:03"}
{"level":"info","message":{"body":"","method":"GET","params":{},"query":{},"url":"/interest"},"timestamp":"2024-07-04 22:26:12"}
{"level":"info","message":{"body":"","method":"GET","params":{},"query":{},"url":"/topic"},"timestamp":"2024-07-04 22:26:12"}
{"level":"info","message":{"body":"","method":"GET","params":{},"query":{},"url":"/interest"},"timestamp":"2024-07-04 22:26:13"}
{"level":"info","message":{"body":"","method":"GET","params":{},"query":{},"url":"/interest"},"timestamp":"2024-07-04 22:26:13"}
{"level":"info","message":{"body":"","method":"GET","params":{},"query":{},"url":"/topic"},"timestamp":"2024-07-04 22:26:13"}
{"level":"info","message":{"body":"","method":"GET","params":{},"query":{},"url":"/topic"},"timestamp":"2024-07-04 22:26:13"}
{"level":"info","message":{"body":"","method":"GET","params":{},"query":{},"url":"/interest"},"timestamp":"2024-07-04 22:26:13"}
{"level":"info","message":{"body":"","method":"GET","params":{},"query":{},"url":"/topic"},"timestamp":"2024-07-04 22:26:13"}
{"level":"info","message":{"body":"","method":"GET","params":{},"query":{},"url":"/topic"},"timestamp":"2024-07-04 22:26:13"}
{"level":"info","message":{"body":"","method":"GET","params":{},"query":{},"url":"/topic"},"timestamp":"2024-07-04 22:26:13"}
{"level":"info","message":{"body":"","method":"GET","params":{},"query":{},"url":"/topic"},"timestamp":"2024-07-04 22:26:13"}
{"level":"info","message":{"body":"","method":"GET","params":{},"query":{},"url":"/topic"},"timestamp":"2024-07-04 22:26:14"}
{"level":"info","message":{"body":"","method":"GET","params":{},"query":{},"url":"/topic"},"timestamp":"2024-07-04 22:26:14"}
{"level":"info","message":{"body":"","method":"GET","params":{},"query":{},"url":"/topic"},"timestamp":"2024-07-04 22:26:14"}
{"level":"info","message":{"body":"","method":"GET","params":{},"query":{},"url":"/topic"},"timestamp":"2024-07-04 22:26:14"}
{"level":"info","message":{"body":"","method":"GET","params":{},"query":{},"url":"/topic"},"timestamp":"2024-07-04 22:26:14"}
{"level":"info","message":{"body":"","method":"GET","params":{},"query":{},"url":"/profile/id_person/1c2d67b4-d013-4cc1-8d04-4b74394460ee"},"timestamp":"2024-07-04 22:26:31"}
{"level":"info","message":{"body":"","method":"GET","params":{},"query":{},"url":"/person/personId/getPerson/1c2d67b4-d013-4cc1-8d04-4b74394460ee"},"timestamp":"2024-07-04 22:26:31"}
{"level":"info","message":{"body":"","method":"GET","params":{"id_person":"1c2d67b4-d013-4cc1-8d04-4b74394460ee"},"query":{},"url":"/person/personId/getPerson/1c2d67b4-d013-4cc1-8d04-4b74394460ee"},"timestamp":"2024-07-04 22:26:32"}
{"level":"info","message":{"body":"","method":"GET","params":{},"query":{},"url":"/person/personId/getPerson/1c2d67b4-d013-4cc1-8d04-4b74394460ee"},"timestamp":"2024-07-04 22:26:32"}
{"level":"info","message":{"body":"","method":"GET","params":{"id_person":"1c2d67b4-d013-4cc1-8d04-4b74394460ee"},"query":{},"url":"/person/personId/getPerson/1c2d67b4-d013-4cc1-8d04-4b74394460ee"},"timestamp":"2024-07-04 22:26:32"}
{"level":"info","message":{"body":"","method":"GET","params":{"id_person":"1c2d67b4-d013-4cc1-8d04-4b74394460ee"},"query":{},"url":"/profile/id_person/1c2d67b4-d013-4cc1-8d04-4b74394460ee"},"timestamp":"2024-07-04 22:26:33"}
{"level":"info","message":{"body":"","method":"GET","params":{},"query":{},"url":"/profile/id_person/1c2d67b4-d013-4cc1-8d04-4b74394460ee"},"timestamp":"2024-07-04 22:26:33"}
{"level":"info","message":{"body":"","method":"GET","params":{"id_person":"1c2d67b4-d013-4cc1-8d04-4b74394460ee"},"query":{},"url":"/profile/id_person/1c2d67b4-d013-4cc1-8d04-4b74394460ee"},"timestamp":"2024-07-04 22:26:33"}
{"level":"info","message":{"body":"","method":"GET","params":{},"query":{},"url":"/person/personId/getPerson/1c2d67b4-d013-4cc1-8d04-4b74394460ee"},"timestamp":"2024-07-04 22:26:36"}
{"level":"info","message":{"body":"","method":"GET","params":{},"query":{},"url":"/interest"},"timestamp":"2024-07-04 22:26:36"}
{"level":"info","message":{"body":"","method":"GET","params":{},"query":{},"url":"/interest"},"timestamp":"2024-07-04 22:26:36"}
{"level":"info","message":{"body":"","method":"GET","params":{},"query":{},"url":"/interest"},"timestamp":"2024-07-04 22:26:36"}
{"level":"info","message":{"body":"","method":"GET","params":{"id_person":"1c2d67b4-d013-4cc1-8d04-4b74394460ee"},"query":{},"url":"/person/personId/getPerson/1c2d67b4-d013-4cc1-8d04-4b74394460ee"},"timestamp":"2024-07-04 22:26:36"}
{"level":"info","message":{"body":"","method":"GET","params":{},"query":{},"url":"/person/personId/getPerson/1c2d67b4-d013-4cc1-8d04-4b74394460ee"},"timestamp":"2024-07-04 22:26:36"}
{"level":"info","message":{"body":"","method":"GET","params":{},"query":{},"url":"/interest"},"timestamp":"2024-07-04 22:26:36"}
{"level":"info","message":{"body":"","method":"GET","params":{"id_person":"1c2d67b4-d013-4cc1-8d04-4b74394460ee"},"query":{},"url":"/person/personId/getPerson/1c2d67b4-d013-4cc1-8d04-4b74394460ee"},"timestamp":"2024-07-04 22:26:36"}
{"level":"info","message":{"body":"","method":"DELETE","params":{},"query":"","url":"/person/personId/removeInterest/1c2d67b4-d013-4cc1-8d04-4b74394460ee"},"timestamp":"2024-07-04 22:26:38"}
{"level":"info","message":{"body":"","method":"DELETE","params":{"id_person":"1c2d67b4-d013-4cc1-8d04-4b74394460ee"},"query":"","url":"/person/personId/removeInterest/1c2d67b4-d013-4cc1-8d04-4b74394460ee"},"timestamp":"2024-07-04 22:26:38"}
{"level":"info","message":{"body":"","method":"GET","params":{},"query":{},"url":"/person/personId/getPerson/1c2d67b4-d013-4cc1-8d04-4b74394460ee"},"timestamp":"2024-07-04 22:26:38"}
{"level":"info","message":{"body":"","method":"GET","params":{"id_person":"1c2d67b4-d013-4cc1-8d04-4b74394460ee"},"query":{},"url":"/person/personId/getPerson/1c2d67b4-d013-4cc1-8d04-4b74394460ee"},"timestamp":"2024-07-04 22:26:39"}
{"level":"info","message":{"body":"","method":"DELETE","params":{},"query":"","url":"/person/personId/removeInterest/1c2d67b4-d013-4cc1-8d04-4b74394460ee"},"timestamp":"2024-07-04 22:26:40"}
{"level":"info","message":{"body":"","method":"DELETE","params":{"id_person":"1c2d67b4-d013-4cc1-8d04-4b74394460ee"},"query":"","url":"/person/personId/removeInterest/1c2d67b4-d013-4cc1-8d04-4b74394460ee"},"timestamp":"2024-07-04 22:26:40"}
{"level":"info","message":{"body":"","method":"GET","params":{},"query":{},"url":"/person/personId/getPerson/1c2d67b4-d013-4cc1-8d04-4b74394460ee"},"timestamp":"2024-07-04 22:26:40"}
{"level":"info","message":{"body":"","method":"GET","params":{"id_person":"1c2d67b4-d013-4cc1-8d04-4b74394460ee"},"query":{},"url":"/person/personId/getPerson/1c2d67b4-d013-4cc1-8d04-4b74394460ee"},"timestamp":"2024-07-04 22:26:40"}
{"level":"info","message":{"body":"","method":"PUT","params":{},"query":"","url":"/person/personId/interest/1c2d67b4-d013-4cc1-8d04-4b74394460ee"},"timestamp":"2024-07-04 22:27:13"}
{"level":"info","message":{"body":"","method":"PUT","params":{"id_person":"1c2d67b4-d013-4cc1-8d04-4b74394460ee"},"query":"","url":"/person/personId/interest/1c2d67b4-d013-4cc1-8d04-4b74394460ee"},"timestamp":"2024-07-04 22:27:14"}
{"level":"info","message":{"body":"","method":"PUT","params":{},"query":"","url":"/person/personId/interest/1c2d67b4-d013-4cc1-8d04-4b74394460ee"},"timestamp":"2024-07-04 22:27:14"}
{"level":"info","message":{"body":"","method":"PUT","params":{"id_person":"1c2d67b4-d013-4cc1-8d04-4b74394460ee"},"query":"","url":"/person/personId/interest/1c2d67b4-d013-4cc1-8d04-4b74394460ee"},"timestamp":"2024-07-04 22:27:15"}
{"level":"info","message":{"body":"","method":"GET","params":{},"query":{},"url":"/person/personId/getPerson/1c2d67b4-d013-4cc1-8d04-4b74394460ee"},"timestamp":"2024-07-04 22:27:15"}
{"level":"info","message":{"body":"","method":"GET","params":{"id_person":"1c2d67b4-d013-4cc1-8d04-4b74394460ee"},"query":{},"url":"/person/personId/getPerson/1c2d67b4-d013-4cc1-8d04-4b74394460ee"},"timestamp":"2024-07-04 22:27:15"}
{"level":"info","message":{"body":"","method":"GET","params":{},"query":{},"url":"/profile/id_person/1c2d67b4-d013-4cc1-8d04-4b74394460ee"},"timestamp":"2024-07-04 22:27:33"}
{"level":"info","message":{"body":"","method":"GET","params":{},"query":{},"url":"/person/personId/getPerson/1c2d67b4-d013-4cc1-8d04-4b74394460ee"},"timestamp":"2024-07-04 22:27:33"}
{"level":"info","message":{"body":"","method":"GET","params":{"id_person":"1c2d67b4-d013-4cc1-8d04-4b74394460ee"},"query":{},"url":"/profile/id_person/1c2d67b4-d013-4cc1-8d04-4b74394460ee"},"timestamp":"2024-07-04 22:27:34"}
{"level":"info","message":{"body":"","method":"GET","params":{},"query":{},"url":"/profile/id_person/1c2d67b4-d013-4cc1-8d04-4b74394460ee"},"timestamp":"2024-07-04 22:27:34"}
{"level":"info","message":{"body":"","method":"GET","params":{"id_person":"1c2d67b4-d013-4cc1-8d04-4b74394460ee"},"query":{},"url":"/profile/id_person/1c2d67b4-d013-4cc1-8d04-4b74394460ee"},"timestamp":"2024-07-04 22:27:34"}
{"level":"info","message":{"body":"","method":"GET","params":{"id_person":"1c2d67b4-d013-4cc1-8d04-4b74394460ee"},"query":{},"url":"/person/personId/getPerson/1c2d67b4-d013-4cc1-8d04-4b74394460ee"},"timestamp":"2024-07-04 22:27:34"}
{"level":"info","message":{"body":"","method":"GET","params":{},"query":{},"url":"/person/personId/getPerson/1c2d67b4-d013-4cc1-8d04-4b74394460ee"},"timestamp":"2024-07-04 22:27:34"}
{"level":"info","message":{"body":"","method":"GET","params":{"id_person":"1c2d67b4-d013-4cc1-8d04-4b74394460ee"},"query":{},"url":"/person/personId/getPerson/1c2d67b4-d013-4cc1-8d04-4b74394460ee"},"timestamp":"2024-07-04 22:27:35"}
{"level":"info","message":{"body":"","method":"PUT","params":{},"query":"","url":"/profile/id/774f4e06-1de5-4b6c-a0b4-e8431c753582"},"timestamp":"2024-07-04 22:27:53"}
{"level":"info","message":{"body":"","method":"PUT","params":{"id":"774f4e06-1de5-4b6c-a0b4-e8431c753582"},"query":"","url":"/profile/id/774f4e06-1de5-4b6c-a0b4-e8431c753582"},"timestamp":"2024-07-04 22:27:54"}
{"level":"info","message":{"body":"","method":"PUT","params":{},"query":"","url":"/user/update"},"timestamp":"2024-07-04 22:27:54"}
{"level":"info","message":{"body":"","method":"PUT","params":{},"query":"","url":"/user/update"},"timestamp":"2024-07-04 22:27:54"}
{"level":"info","message":{"body":"","method":"GET","params":{},"query":{},"url":"/profile/id_person/undefined"},"timestamp":"2024-07-04 22:27:54"}
{"level":"error","message":{"body":"","error":"\"id_person\" must be a valid GUID","method":"GET","params":{},"query":{},"url":"/profile/id_person/undefined"},"timestamp":"2024-07-04 22:27:54"}
{"level":"info","message":{"body":"","method":"GET","params":{},"query":{},"url":"/profile/id_person/1c2d67b4-d013-4cc1-8d04-4b74394460ee"},"timestamp":"2024-07-04 22:27:54"}
{"level":"info","message":{"body":"","method":"GET","params":{},"query":{},"url":"/person/personId/getPerson/undefined"},"timestamp":"2024-07-04 22:27:54"}
{"level":"error","message":{"body":"","error":"\"id_person\" must be a valid GUID","method":"GET","params":{},"query":{},"url":"/person/personId/getPerson/undefined"},"timestamp":"2024-07-04 22:27:54"}
{"level":"info","message":{"body":"","method":"GET","params":{"id_person":"1c2d67b4-d013-4cc1-8d04-4b74394460ee"},"query":{},"url":"/profile/id_person/1c2d67b4-d013-4cc1-8d04-4b74394460ee"},"timestamp":"2024-07-04 22:27:55"}
{"level":"info","message":{"body":{"email":"camilo@boggle.cl","password":"camilo123"},"method":"POST","params":"","query":"","url":"/user/validate"},"timestamp":"2024-07-04 22:28:03"}
{"level":"info","message":{"body":{"email":"camilo@boggle.cl","password":"camilo123"},"method":"POST","params":"","query":"","url":"/user/validate"},"timestamp":"2024-07-04 22:28:03"}
{"level":"info","message":{"body":"","method":"GET","params":{},"query":{},"url":"/profile/id_person/1c2d67b4-d013-4cc1-8d04-4b74394460ee"},"timestamp":"2024-07-04 22:28:03"}
{"level":"info","message":{"body":"","method":"GET","params":{},"query":{},"url":"/person/personId/getPerson/1c2d67b4-d013-4cc1-8d04-4b74394460ee"},"timestamp":"2024-07-04 22:28:03"}
{"level":"info","message":{"body":"","method":"GET","params":{"id_person":"1c2d67b4-d013-4cc1-8d04-4b74394460ee"},"query":{},"url":"/profile/id_person/1c2d67b4-d013-4cc1-8d04-4b74394460ee"},"timestamp":"2024-07-04 22:28:03"}
{"level":"info","message":{"body":"","method":"GET","params":{},"query":{},"url":"/profile/id_person/1c2d67b4-d013-4cc1-8d04-4b74394460ee"},"timestamp":"2024-07-04 22:28:04"}
{"level":"info","message":{"body":"","method":"GET","params":{"id_person":"1c2d67b4-d013-4cc1-8d04-4b74394460ee"},"query":{},"url":"/profile/id_person/1c2d67b4-d013-4cc1-8d04-4b74394460ee"},"timestamp":"2024-07-04 22:28:04"}
{"level":"info","message":{"body":"","method":"GET","params":{"id_person":"1c2d67b4-d013-4cc1-8d04-4b74394460ee"},"query":{},"url":"/person/personId/getPerson/1c2d67b4-d013-4cc1-8d04-4b74394460ee"},"timestamp":"2024-07-04 22:28:04"}
{"level":"info","message":{"body":"","method":"GET","params":{},"query":{},"url":"/person/personId/getPerson/1c2d67b4-d013-4cc1-8d04-4b74394460ee"},"timestamp":"2024-07-04 22:28:04"}
{"level":"info","message":{"body":"","method":"GET","params":{"id_person":"1c2d67b4-d013-4cc1-8d04-4b74394460ee"},"query":{},"url":"/person/personId/getPerson/1c2d67b4-d013-4cc1-8d04-4b74394460ee"},"timestamp":"2024-07-04 22:28:04"}
{"level":"info","message":{"body":"","method":"GET","params":{},"query":{},"url":"/profile/id_person/1c2d67b4-d013-4cc1-8d04-4b74394460ee"},"timestamp":"2024-07-04 22:28:08"}
{"level":"info","message":{"body":"","method":"GET","params":{},"query":{},"url":"/person/personId/getPerson/1c2d67b4-d013-4cc1-8d04-4b74394460ee"},"timestamp":"2024-07-04 22:28:08"}
{"level":"info","message":{"body":"","method":"GET","params":{"id_person":"1c2d67b4-d013-4cc1-8d04-4b74394460ee"},"query":{},"url":"/profile/id_person/1c2d67b4-d013-4cc1-8d04-4b74394460ee"},"timestamp":"2024-07-04 22:28:08"}
{"level":"info","message":{"body":"","method":"GET","params":{"id_person":"1c2d67b4-d013-4cc1-8d04-4b74394460ee"},"query":{},"url":"/person/personId/getPerson/1c2d67b4-d013-4cc1-8d04-4b74394460ee"},"timestamp":"2024-07-04 22:28:08"}
{"level":"info","message":{"body":"","method":"GET","params":{},"query":{},"url":"/profile/id_person/1c2d67b4-d013-4cc1-8d04-4b74394460ee"},"timestamp":"2024-07-04 22:28:08"}
{"level":"info","message":{"body":"","method":"GET","params":{},"query":{},"url":"/person/personId/getPerson/1c2d67b4-d013-4cc1-8d04-4b74394460ee"},"timestamp":"2024-07-04 22:28:08"}
{"level":"info","message":{"body":"","method":"GET","params":{"id_person":"1c2d67b4-d013-4cc1-8d04-4b74394460ee"},"query":{},"url":"/profile/id_person/1c2d67b4-d013-4cc1-8d04-4b74394460ee"},"timestamp":"2024-07-04 22:28:08"}
{"level":"info","message":{"body":"","method":"GET","params":{"id_person":"1c2d67b4-d013-4cc1-8d04-4b74394460ee"},"query":{},"url":"/person/personId/getPerson/1c2d67b4-d013-4cc1-8d04-4b74394460ee"},"timestamp":"2024-07-04 22:28:08"}
{"level":"info","message":{"body":"","method":"GET","params":{},"query":{},"url":"/topic"},"timestamp":"2024-07-04 22:28:19"}
{"level":"info","message":{"body":"","method":"GET","params":{},"query":{},"url":"/interest"},"timestamp":"2024-07-04 22:28:19"}
{"level":"info","message":{"body":"","method":"GET","params":{},"query":{},"url":"/topic"},"timestamp":"2024-07-04 22:28:20"}
{"level":"info","message":{"body":"","method":"GET","params":{},"query":{},"url":"/topic"},"timestamp":"2024-07-04 22:28:20"}
{"level":"info","message":{"body":"","method":"GET","params":{},"query":{},"url":"/interest"},"timestamp":"2024-07-04 22:28:20"}
{"level":"info","message":{"body":"","method":"GET","params":{},"query":{},"url":"/interest"},"timestamp":"2024-07-04 22:28:20"}
{"level":"info","message":{"body":"","method":"GET","params":{},"query":{},"url":"/topic"},"timestamp":"2024-07-04 22:28:20"}
{"level":"info","message":{"body":"","method":"GET","params":{},"query":{},"url":"/topic"},"timestamp":"2024-07-04 22:28:20"}
{"level":"info","message":{"body":"","method":"GET","params":{},"query":{},"url":"/interest"},"timestamp":"2024-07-04 22:28:20"}
{"level":"info","message":{"body":"","method":"GET","params":{},"query":{},"url":"/topic"},"timestamp":"2024-07-04 22:28:20"}
{"level":"info","message":{"body":"","method":"GET","params":{},"query":{},"url":"/topic"},"timestamp":"2024-07-04 22:28:20"}
{"level":"info","message":{"body":"","method":"GET","params":{},"query":{},"url":"/topic"},"timestamp":"2024-07-04 22:28:20"}
{"level":"info","message":{"body":"","method":"GET","params":{},"query":{},"url":"/topic"},"timestamp":"2024-07-04 22:28:20"}
{"level":"info","message":{"body":"","method":"GET","params":{},"query":{},"url":"/topic"},"timestamp":"2024-07-04 22:28:20"}
{"level":"info","message":{"body":"","method":"GET","params":{},"query":{},"url":"/topic"},"timestamp":"2024-07-04 22:28:20"}
{"level":"info","message":{"body":"","method":"GET","params":{},"query":{},"url":"/topic"},"timestamp":"2024-07-04 22:28:20"}
{"level":"info","message":{"body":"","method":"GET","params":{},"query":{},"url":"/topic"},"timestamp":"2024-07-04 22:28:42"}
{"level":"info","message":{"body":"","method":"GET","params":{},"query":{},"url":"/interest"},"timestamp":"2024-07-04 22:28:42"}
{"level":"info","message":{"body":"","method":"GET","params":{},"query":{},"url":"/interest"},"timestamp":"2024-07-04 22:28:43"}
{"level":"info","message":{"body":"","method":"GET","params":{},"query":{},"url":"/interest"},"timestamp":"2024-07-04 22:28:43"}
{"level":"info","message":{"body":"","method":"GET","params":{},"query":{},"url":"/interest"},"timestamp":"2024-07-04 22:28:43"}
{"level":"info","message":{"body":"","method":"GET","params":{},"query":{},"url":"/topic"},"timestamp":"2024-07-04 22:28:45"}
{"level":"info","message":{"body":"","method":"GET","params":{},"query":{},"url":"/topic"},"timestamp":"2024-07-04 22:28:45"}
{"level":"info","message":{"body":"","method":"GET","params":{},"query":{},"url":"/topic"},"timestamp":"2024-07-04 22:28:45"}
{"level":"info","message":{"body":"","method":"GET","params":{},"query":{},"url":"/topic"},"timestamp":"2024-07-04 22:28:45"}
{"level":"info","message":{"body":"","method":"GET","params":{},"query":{},"url":"/topic"},"timestamp":"2024-07-04 22:28:45"}
{"level":"info","message":{"body":"","method":"GET","params":{},"query":{},"url":"/topic"},"timestamp":"2024-07-04 22:28:45"}
{"level":"info","message":{"body":"","method":"GET","params":{},"query":{},"url":"/topic"},"timestamp":"2024-07-04 22:28:46"}
{"level":"info","message":{"body":"","method":"GET","params":{},"query":{},"url":"/topic"},"timestamp":"2024-07-04 22:28:46"}
{"level":"info","message":{"body":"","method":"GET","params":{},"query":{},"url":"/topic"},"timestamp":"2024-07-04 22:28:46"}
{"level":"info","message":{"body":"","method":"GET","params":{},"query":{},"url":"/topic"},"timestamp":"2024-07-04 22:28:46"}
{"level":"info","message":{"body":"","method":"GET","params":{},"query":{},"url":"/topic"},"timestamp":"2024-07-04 22:28:46"}
{"level":"info","message":{"body":"","method":"GET","params":{},"query":{},"url":"/profile/id_person/1c2d67b4-d013-4cc1-8d04-4b74394460ee"},"timestamp":"2024-07-04 22:28:51"}
{"level":"info","message":{"body":"","method":"GET","params":{},"query":{},"url":"/person/personId/getPerson/1c2d67b4-d013-4cc1-8d04-4b74394460ee"},"timestamp":"2024-07-04 22:28:51"}
{"level":"info","message":{"body":"","method":"GET","params":{"id_person":"1c2d67b4-d013-4cc1-8d04-4b74394460ee"},"query":{},"url":"/person/personId/getPerson/1c2d67b4-d013-4cc1-8d04-4b74394460ee"},"timestamp":"2024-07-04 22:28:51"}
{"level":"info","message":{"body":"","method":"GET","params":{},"query":{},"url":"/person/personId/getPerson/1c2d67b4-d013-4cc1-8d04-4b74394460ee"},"timestamp":"2024-07-04 22:28:51"}
{"level":"info","message":{"body":"","method":"GET","params":{"id_person":"1c2d67b4-d013-4cc1-8d04-4b74394460ee"},"query":{},"url":"/person/personId/getPerson/1c2d67b4-d013-4cc1-8d04-4b74394460ee"},"timestamp":"2024-07-04 22:28:51"}
{"level":"info","message":{"body":"","method":"GET","params":{"id_person":"1c2d67b4-d013-4cc1-8d04-4b74394460ee"},"query":{},"url":"/profile/id_person/1c2d67b4-d013-4cc1-8d04-4b74394460ee"},"timestamp":"2024-07-04 22:28:52"}
{"level":"info","message":{"body":"","method":"GET","params":{},"query":{},"url":"/profile/id_person/1c2d67b4-d013-4cc1-8d04-4b74394460ee"},"timestamp":"2024-07-04 22:28:52"}
{"level":"info","message":{"body":"","method":"GET","params":{"id_person":"1c2d67b4-d013-4cc1-8d04-4b74394460ee"},"query":{},"url":"/profile/id_person/1c2d67b4-d013-4cc1-8d04-4b74394460ee"},"timestamp":"2024-07-04 22:28:52"}
{"level":"info","message":"🚀API listening port 3000","timestamp":"2024-07-04 22:34:58"}
{"level":"info","message":"Database connected","timestamp":"2024-07-04 22:34:59","util":"database"}
{"level":"info","message":{"body":{"email":"camilo@boggle.cl","password":"camilo123"},"method":"POST","params":"","query":"","url":"/user/validate"},"timestamp":"2024-07-04 22:35:11"}
{"level":"info","message":{"body":{"email":"camilo@boggle.cl","password":"camilo123"},"method":"POST","params":"","query":"","url":"/user/validate"},"timestamp":"2024-07-04 22:35:13"}
{"level":"info","message":{"body":"","method":"GET","params":{},"query":{},"url":"/topic"},"timestamp":"2024-07-04 22:35:18"}
{"level":"info","message":{"body":"","method":"GET","params":{},"query":{},"url":"/interest"},"timestamp":"2024-07-04 22:35:18"}
{"level":"info","message":{"body":"","method":"GET","params":{},"query":{},"url":"/topic"},"timestamp":"2024-07-04 22:35:18"}
{"level":"info","message":{"body":"","method":"GET","params":{},"query":{},"url":"/topic"},"timestamp":"2024-07-04 22:35:18"}
{"level":"info","message":{"body":"","method":"GET","params":{},"query":{},"url":"/topic"},"timestamp":"2024-07-04 22:35:18"}
{"level":"info","message":{"body":"","method":"GET","params":{},"query":{},"url":"/topic"},"timestamp":"2024-07-04 22:35:18"}
{"level":"info","message":{"body":"","method":"GET","params":{},"query":{},"url":"/topic"},"timestamp":"2024-07-04 22:35:19"}
{"level":"info","message":{"body":"","method":"GET","params":{},"query":{},"url":"/topic"},"timestamp":"2024-07-04 22:35:19"}
{"level":"info","message":{"body":"","method":"GET","params":{},"query":{},"url":"/interest"},"timestamp":"2024-07-04 22:35:19"}
{"level":"info","message":{"body":"","method":"GET","params":{},"query":{},"url":"/interest"},"timestamp":"2024-07-04 22:35:19"}
{"level":"info","message":{"body":"","method":"GET","params":{},"query":{},"url":"/interest"},"timestamp":"2024-07-04 22:35:19"}
{"level":"info","message":{"body":"","method":"GET","params":{},"query":{},"url":"/topic"},"timestamp":"2024-07-04 22:35:19"}
{"level":"info","message":{"body":"","method":"GET","params":{},"query":{},"url":"/topic"},"timestamp":"2024-07-04 22:35:19"}
{"level":"info","message":{"body":"","method":"GET","params":{},"query":{},"url":"/topic"},"timestamp":"2024-07-04 22:35:19"}
{"level":"info","message":{"body":"","method":"GET","params":{},"query":{},"url":"/topic"},"timestamp":"2024-07-04 22:35:19"}
{"level":"info","message":{"body":"","method":"GET","params":{},"query":{},"url":"/topic"},"timestamp":"2024-07-04 22:35:19"}
{"level":"info","message":{"body":"","method":"GET","params":{},"query":{},"url":"/profile/id_person/1c2d67b4-d013-4cc1-8d04-4b74394460ee"},"timestamp":"2024-07-04 22:35:22"}
{"level":"info","message":{"body":"","method":"GET","params":{},"query":{},"url":"/person/personId/getPerson/1c2d67b4-d013-4cc1-8d04-4b74394460ee"},"timestamp":"2024-07-04 22:35:22"}
{"level":"info","message":{"body":"","method":"GET","params":{"id_person":"1c2d67b4-d013-4cc1-8d04-4b74394460ee"},"query":{},"url":"/person/personId/getPerson/1c2d67b4-d013-4cc1-8d04-4b74394460ee"},"timestamp":"2024-07-04 22:35:22"}
{"level":"info","message":{"body":"","method":"GET","params":{},"query":{},"url":"/person/personId/getPerson/1c2d67b4-d013-4cc1-8d04-4b74394460ee"},"timestamp":"2024-07-04 22:35:22"}
{"level":"info","message":{"body":"","method":"GET","params":{"id_person":"1c2d67b4-d013-4cc1-8d04-4b74394460ee"},"query":{},"url":"/profile/id_person/1c2d67b4-d013-4cc1-8d04-4b74394460ee"},"timestamp":"2024-07-04 22:35:22"}
{"level":"info","message":{"body":"","method":"GET","params":{},"query":{},"url":"/profile/id_person/1c2d67b4-d013-4cc1-8d04-4b74394460ee"},"timestamp":"2024-07-04 22:35:22"}
{"level":"info","message":{"body":"","method":"GET","params":{"id_person":"1c2d67b4-d013-4cc1-8d04-4b74394460ee"},"query":{},"url":"/person/personId/getPerson/1c2d67b4-d013-4cc1-8d04-4b74394460ee"},"timestamp":"2024-07-04 22:35:22"}
{"level":"info","message":{"body":"","method":"GET","params":{"id_person":"1c2d67b4-d013-4cc1-8d04-4b74394460ee"},"query":{},"url":"/profile/id_person/1c2d67b4-d013-4cc1-8d04-4b74394460ee"},"timestamp":"2024-07-04 22:35:22"}
