{"level":"info","message":"🚀API listening port 3000","timestamp":"2024-06-22 19:23:08"}
{"level":"info","message":"Database connected","timestamp":"2024-06-22 19:23:08","util":"database"}
{"level":"info","message":{"body":{"email":"Katherine@gmail.com","password":"nicol12345"},"method":"POST","params":"","query":"","url":"/user/validate"},"timestamp":"2024-06-22 19:24:13"}
{"level":"info","message":{"body":{"email":"Katherine@gmail.com","password":"nicol12345"},"method":"POST","params":"","query":"","url":"/user/validate"},"timestamp":"2024-06-22 19:24:14"}
{"level":"info","message":{"body":{"email":"Katherine@gmail.com","password":"nicol12345"},"method":"POST","params":"","query":"","url":"/user/validate"},"timestamp":"2024-06-22 19:24:14"}
{"level":"info","message":{"body":{"email":"Katherine@gmail.com","password":"nicol12345"},"method":"POST","params":"","query":"","url":"/user/validate"},"timestamp":"2024-06-22 19:24:15"}
{"level":"info","message":{"body":"","method":"GET","params":{},"query":{},"url":"/topic"},"timestamp":"2024-06-22 19:32:12"}
{"level":"info","message":{"body":"","method":"GET","params":{},"query":{},"url":"/interest"},"timestamp":"2024-06-22 19:32:12"}
{"level":"info","message":{"body":"","method":"GET","params":{},"query":{},"url":"/interest"},"timestamp":"2024-06-22 19:32:13"}
{"level":"info","message":{"body":"","method":"GET","params":{},"query":{},"url":"/topic"},"timestamp":"2024-06-22 19:32:13"}
{"level":"info","message":{"body":"","method":"GET","params":{},"query":{},"url":"/interest"},"timestamp":"2024-06-22 19:32:13"}
{"level":"info","message":{"body":"","method":"GET","params":{},"query":{},"url":"/topic"},"timestamp":"2024-06-22 19:32:13"}
{"level":"info","message":{"body":"","method":"GET","params":{},"query":{},"url":"/interest"},"timestamp":"2024-06-22 19:32:13"}
{"level":"info","message":{"body":"","method":"GET","params":{},"query":{},"url":"/topic"},"timestamp":"2024-06-22 19:32:13"}
{"level":"info","message":{"body":"","method":"GET","params":{},"query":{},"url":"/topic"},"timestamp":"2024-06-22 19:32:13"}
{"level":"info","message":{"body":"","method":"GET","params":{},"query":{},"url":"/topic"},"timestamp":"2024-06-22 19:32:13"}
{"level":"info","message":{"body":"","method":"GET","params":{},"query":{},"url":"/topic"},"timestamp":"2024-06-22 19:32:13"}
{"level":"info","message":{"body":"","method":"GET","params":{},"query":{},"url":"/topic"},"timestamp":"2024-06-22 19:32:13"}
{"level":"info","message":{"body":"","method":"GET","params":{},"query":{},"url":"/topic"},"timestamp":"2024-06-22 19:32:13"}
{"level":"info","message":{"body":"","method":"GET","params":{},"query":{},"url":"/topic"},"timestamp":"2024-06-22 19:32:13"}
{"level":"info","message":{"body":"","method":"GET","params":{},"query":{},"url":"/topic"},"timestamp":"2024-06-22 19:32:13"}
{"level":"info","message":{"body":"","method":"GET","params":{},"query":{},"url":"/topic"},"timestamp":"2024-06-22 19:32:13"}
{"level":"info","message":{"body":"","method":"GET","params":{},"query":{},"url":"/message_topic"},"timestamp":"2024-06-22 19:33:30"}
{"level":"info","message":{"body":"","method":"GET","params":{},"query":{},"url":"/topic/id/e3a531f8-809e-4edc-8b28-28558f5c6cb7"},"timestamp":"2024-06-22 19:33:30"}
{"level":"info","message":{"body":"","method":"GET","params":{},"query":{},"url":"/message_topic"},"timestamp":"2024-06-22 19:33:31"}
{"level":"info","message":{"body":"","method":"GET","params":{},"query":{},"url":"/message_topic"},"timestamp":"2024-06-22 19:33:31"}
{"level":"info","message":{"body":"","method":"GET","params":{"id":"e3a531f8-809e-4edc-8b28-28558f5c6cb7"},"query":{},"url":"/topic/id/e3a531f8-809e-4edc-8b28-28558f5c6cb7"},"timestamp":"2024-06-22 19:33:31"}
{"level":"info","message":{"body":"","method":"GET","params":{},"query":{},"url":"/topic/id/e3a531f8-809e-4edc-8b28-28558f5c6cb7"},"timestamp":"2024-06-22 19:33:31"}
{"level":"info","message":{"body":"","method":"GET","params":{},"query":{},"url":"/message_topic"},"timestamp":"2024-06-22 19:33:31"}
{"level":"info","message":{"body":"","method":"GET","params":{"id":"e3a531f8-809e-4edc-8b28-28558f5c6cb7"},"query":{},"url":"/topic/id/e3a531f8-809e-4edc-8b28-28558f5c6cb7"},"timestamp":"2024-06-22 19:33:31"}
{"level":"info","message":{"body":{"content":"fszsdhfkjmg","id_person":"87be2421-5493-4961-a7ac-a66fa89c70d9","id_topic":"e3a531f8-809e-4edc-8b28-28558f5c6cb7"},"method":"POST","params":"","query":"","url":"/message_topic"},"timestamp":"2024-06-22 19:34:06"}
{"level":"info","message":{"body":{"content":"fszsdhfkjmg","id_person":"87be2421-5493-4961-a7ac-a66fa89c70d9","id_topic":"e3a531f8-809e-4edc-8b28-28558f5c6cb7"},"method":"POST","params":"","query":"","url":"/message_topic"},"timestamp":"2024-06-22 19:34:06"}
{"level":"info","message":{"body":"","method":"GET","params":{},"query":{},"url":"/message_topic"},"timestamp":"2024-06-22 19:34:06"}
{"level":"info","message":{"body":"","method":"GET","params":{},"query":{},"url":"/message_topic"},"timestamp":"2024-06-22 19:34:06"}
{"level":"info","message":{"body":"","method":"DELETE","params":{},"query":"","url":"/message_topic/id/448af673-9a90-46ae-b1a5-e0c31bbfd897"},"timestamp":"2024-06-22 19:34:12"}
{"level":"info","message":{"body":"","method":"DELETE","params":{"id":"448af673-9a90-46ae-b1a5-e0c31bbfd897"},"query":"","url":"/message_topic/id/448af673-9a90-46ae-b1a5-e0c31bbfd897"},"timestamp":"2024-06-22 19:34:12"}
{"level":"info","message":{"body":{},"method":"POST","params":"","query":"","url":"/media"},"timestamp":"2024-06-22 19:35:01"}
{"level":"info","message":{"body":{"email":"Katherine@gmail.com","password":"nicol12345"},"method":"POST","params":"","query":"","url":"/user/validate"},"timestamp":"2024-06-22 19:35:36"}
{"level":"info","message":{"body":{"email":"Katherine@gmail.com","password":"nicol12345"},"method":"POST","params":"","query":"","url":"/user/validate"},"timestamp":"2024-06-22 19:35:37"}
{"level":"info","message":{"body":"","method":"GET","params":{},"query":{},"url":"/message_topic"},"timestamp":"2024-06-22 19:35:37"}
{"level":"info","message":{"body":"","method":"GET","params":{},"query":{},"url":"/topic/id/e3a531f8-809e-4edc-8b28-28558f5c6cb7"},"timestamp":"2024-06-22 19:35:37"}
{"level":"info","message":{"body":"","method":"GET","params":{},"query":{},"url":"/message_topic"},"timestamp":"2024-06-22 19:35:37"}
{"level":"info","message":{"body":"","method":"GET","params":{},"query":{},"url":"/message_topic"},"timestamp":"2024-06-22 19:35:37"}
{"level":"info","message":{"body":"","method":"GET","params":{},"query":{},"url":"/message_topic"},"timestamp":"2024-06-22 19:35:37"}
{"level":"info","message":{"body":"","method":"GET","params":{"id":"e3a531f8-809e-4edc-8b28-28558f5c6cb7"},"query":{},"url":"/topic/id/e3a531f8-809e-4edc-8b28-28558f5c6cb7"},"timestamp":"2024-06-22 19:35:38"}
{"level":"info","message":{"body":"","method":"GET","params":{},"query":{},"url":"/topic/id/e3a531f8-809e-4edc-8b28-28558f5c6cb7"},"timestamp":"2024-06-22 19:35:38"}
{"level":"info","message":{"body":"","method":"GET","params":{"id":"e3a531f8-809e-4edc-8b28-28558f5c6cb7"},"query":{},"url":"/topic/id/e3a531f8-809e-4edc-8b28-28558f5c6cb7"},"timestamp":"2024-06-22 19:35:38"}
{"level":"info","message":{"body":"","method":"GET","params":{},"query":{},"url":"/topic"},"timestamp":"2024-06-22 19:35:46"}
{"level":"info","message":{"body":"","method":"GET","params":{},"query":{},"url":"/interest"},"timestamp":"2024-06-22 19:35:46"}
{"level":"info","message":{"body":"","method":"GET","params":{},"query":{},"url":"/topic"},"timestamp":"2024-06-22 19:35:46"}
{"level":"info","message":{"body":"","method":"GET","params":{},"query":{},"url":"/interest"},"timestamp":"2024-06-22 19:35:46"}
{"level":"info","message":{"body":"","method":"GET","params":{},"query":{},"url":"/topic"},"timestamp":"2024-06-22 19:35:46"}
{"level":"info","message":{"body":"","method":"GET","params":{},"query":{},"url":"/interest"},"timestamp":"2024-06-22 19:35:46"}
{"level":"info","message":{"body":"","method":"GET","params":{},"query":{},"url":"/topic"},"timestamp":"2024-06-22 19:35:46"}
{"level":"info","message":{"body":"","method":"GET","params":{},"query":{},"url":"/interest"},"timestamp":"2024-06-22 19:35:46"}
{"level":"info","message":{"body":"","method":"GET","params":{},"query":{},"url":"/topic"},"timestamp":"2024-06-22 19:35:46"}
{"level":"info","message":{"body":"","method":"GET","params":{},"query":{},"url":"/topic"},"timestamp":"2024-06-22 19:35:47"}
{"level":"info","message":{"body":"","method":"GET","params":{},"query":{},"url":"/topic"},"timestamp":"2024-06-22 19:35:47"}
{"level":"info","message":{"body":"","method":"GET","params":{},"query":{},"url":"/topic"},"timestamp":"2024-06-22 19:35:47"}
{"level":"info","message":{"body":"","method":"GET","params":{},"query":{},"url":"/topic"},"timestamp":"2024-06-22 19:35:47"}
{"level":"info","message":{"body":"","method":"GET","params":{},"query":{},"url":"/topic"},"timestamp":"2024-06-22 19:35:47"}
{"level":"info","message":{"body":"","method":"GET","params":{},"query":{},"url":"/topic"},"timestamp":"2024-06-22 19:35:47"}
{"level":"info","message":{"body":"","method":"GET","params":{},"query":{},"url":"/topic"},"timestamp":"2024-06-22 19:35:47"}
{"level":"info","message":{"body":"","method":"GET","params":{},"query":{},"url":"/message_topic"},"timestamp":"2024-06-22 19:36:21"}
{"level":"info","message":{"body":"","method":"GET","params":{},"query":{},"url":"/topic/id/e3a531f8-809e-4edc-8b28-28558f5c6cb7"},"timestamp":"2024-06-22 19:36:21"}
{"level":"info","message":{"body":"","method":"GET","params":{"id":"e3a531f8-809e-4edc-8b28-28558f5c6cb7"},"query":{},"url":"/topic/id/e3a531f8-809e-4edc-8b28-28558f5c6cb7"},"timestamp":"2024-06-22 19:36:21"}
{"level":"info","message":{"body":"","method":"GET","params":{},"query":{},"url":"/message_topic"},"timestamp":"2024-06-22 19:36:21"}
{"level":"info","message":{"body":"","method":"GET","params":{},"query":{},"url":"/topic/id/e3a531f8-809e-4edc-8b28-28558f5c6cb7"},"timestamp":"2024-06-22 19:36:21"}
{"level":"info","message":{"body":"","method":"GET","params":{},"query":{},"url":"/message_topic"},"timestamp":"2024-06-22 19:36:21"}
{"level":"info","message":{"body":"","method":"GET","params":{"id":"e3a531f8-809e-4edc-8b28-28558f5c6cb7"},"query":{},"url":"/topic/id/e3a531f8-809e-4edc-8b28-28558f5c6cb7"},"timestamp":"2024-06-22 19:36:22"}
{"level":"info","message":{"body":"","method":"GET","params":{},"query":{},"url":"/message_topic"},"timestamp":"2024-06-22 19:36:22"}
{"level":"info","message":{"body":"","method":"GET","params":{},"query":{},"url":"/profile/id_person/87be2421-5493-4961-a7ac-a66fa89c70d9"},"timestamp":"2024-06-22 19:37:42"}
{"level":"info","message":{"body":"","method":"GET","params":{},"query":{},"url":"/profile"},"timestamp":"2024-06-22 19:37:42"}
{"level":"info","message":{"body":"","method":"GET","params":{},"query":{},"url":"/profile"},"timestamp":"2024-06-22 19:37:42"}
{"level":"info","message":{"body":"","method":"GET","params":{"id_person":"87be2421-5493-4961-a7ac-a66fa89c70d9"},"query":{},"url":"/profile/id_person/87be2421-5493-4961-a7ac-a66fa89c70d9"},"timestamp":"2024-06-22 19:37:42"}
{"level":"info","message":{"body":"","method":"GET","params":{},"query":{},"url":"/profile"},"timestamp":"2024-06-22 19:37:42"}
{"level":"info","message":{"body":"","method":"GET","params":{},"query":{},"url":"/profile/id_person/87be2421-5493-4961-a7ac-a66fa89c70d9"},"timestamp":"2024-06-22 19:37:42"}
{"level":"info","message":{"body":"","method":"GET","params":{},"query":{},"url":"/profile"},"timestamp":"2024-06-22 19:37:43"}
{"level":"info","message":{"body":"","method":"GET","params":{"id_person":"87be2421-5493-4961-a7ac-a66fa89c70d9"},"query":{},"url":"/profile/id_person/87be2421-5493-4961-a7ac-a66fa89c70d9"},"timestamp":"2024-06-22 19:37:43"}
{"level":"info","message":{"body":"","method":"GET","params":{},"query":{},"url":"/profile"},"timestamp":"2024-06-22 19:37:43"}
{"level":"info","message":{"body":"","method":"GET","params":{},"query":{},"url":"/profile"},"timestamp":"2024-06-22 19:37:43"}
{"level":"info","message":{"body":"","method":"GET","params":{},"query":{},"url":"/profile"},"timestamp":"2024-06-22 19:37:43"}
{"level":"info","message":{"body":"","method":"GET","params":{},"query":{},"url":"/profile"},"timestamp":"2024-06-22 19:37:43"}
{"level":"info","message":{"body":"","method":"GET","params":{},"query":{},"url":"/profile"},"timestamp":"2024-06-22 19:37:43"}
{"level":"info","message":{"body":"","method":"GET","params":{},"query":{},"url":"/profile"},"timestamp":"2024-06-22 19:37:43"}
{"level":"info","message":{"body":"","method":"GET","params":{},"query":{},"url":"/profile"},"timestamp":"2024-06-22 19:37:43"}
{"level":"info","message":{"body":"","method":"GET","params":{},"query":{},"url":"/profile"},"timestamp":"2024-06-22 19:37:43"}
{"level":"info","message":{"body":"","method":"GET","params":{},"query":{},"url":"/media/search"},"timestamp":"2024-06-22 19:37:51"}
{"level":"info","message":{"body":"","method":"GET","params":{},"query":{},"url":"/media/search"},"timestamp":"2024-06-22 19:37:51"}
{"level":"info","message":{"body":"","method":"GET","params":{},"query":{},"url":"/media/search"},"timestamp":"2024-06-22 19:37:51"}
{"level":"info","message":{"body":"","method":"GET","params":{},"query":{},"url":"/uploads/media/1719079437419-Brief%20FindAMate.docx"},"timestamp":"2024-06-22 19:37:51"}
{"level":"error","message":"Incorrect api key","timestamp":"2024-06-22 19:37:51"}
{"level":"info","message":{"body":"","method":"GET","params":{},"query":{},"url":"/uploads/media/1719079619297-Copia%20de%20Product%20Backlog.xlsx"},"timestamp":"2024-06-22 19:37:51"}
{"level":"error","message":"Incorrect api key","timestamp":"2024-06-22 19:37:51"}
{"level":"info","message":{"body":"","method":"GET","params":{},"query":{},"url":"/uploads/media/1719079440363-Brief%20FindAMate.docx"},"timestamp":"2024-06-22 19:37:51"}
{"level":"error","message":"Incorrect api key","timestamp":"2024-06-22 19:37:51"}
{"level":"info","message":{"body":"","method":"GET","params":{},"query":{},"url":"/media/search"},"timestamp":"2024-06-22 19:37:51"}
{"level":"info","message":{"body":"","method":"GET","params":{},"query":{},"url":"/favicon.ico"},"timestamp":"2024-06-22 19:37:57"}
{"level":"error","message":"Incorrect api key","timestamp":"2024-06-22 19:37:57"}
{"level":"info","message":{"body":"","method":"GET","params":{},"query":{},"url":"/uploads/media/1719079437419-Brief%20FindAMate.docx"},"timestamp":"2024-06-22 19:38:23"}
{"level":"error","message":"Incorrect api key","timestamp":"2024-06-22 19:38:23"}
{"level":"info","message":{"body":"","method":"GET","params":{},"query":{},"url":"/favicon.ico"},"timestamp":"2024-06-22 19:38:23"}
{"level":"error","message":"Incorrect api key","timestamp":"2024-06-22 19:38:23"}
{"level":"info","message":{"body":"","method":"GET","params":{},"query":{},"url":"/uploads/media/1719079440363-Brief%20FindAMate.docx"},"timestamp":"2024-06-22 19:38:28"}
{"level":"error","message":"Incorrect api key","timestamp":"2024-06-22 19:38:28"}
{"level":"info","message":{"body":"","method":"GET","params":{},"query":{},"url":"/favicon.ico"},"timestamp":"2024-06-22 19:38:29"}
{"level":"error","message":"Incorrect api key","timestamp":"2024-06-22 19:38:29"}
{"level":"info","message":{"body":"","method":"GET","params":{},"query":{},"url":"/favicon.ico"},"timestamp":"2024-06-22 19:38:32"}
{"level":"error","message":"Incorrect api key","timestamp":"2024-06-22 19:38:32"}
{"level":"info","message":{"body":"","method":"GET","params":{},"query":{},"url":"/favicon.ico"},"timestamp":"2024-06-22 19:38:40"}
{"level":"error","message":"Incorrect api key","timestamp":"2024-06-22 19:38:40"}
{"level":"info","message":{"body":"","method":"GET","params":{},"query":{},"url":"/uploads/media/1719079619297-Copia%20de%20Product%20Backlog.xlsx"},"timestamp":"2024-06-22 19:38:45"}
{"level":"error","message":"Incorrect api key","timestamp":"2024-06-22 19:38:45"}
{"level":"info","message":{"body":"","method":"GET","params":{},"query":{},"url":"/favicon.ico"},"timestamp":"2024-06-22 19:38:46"}
{"level":"error","message":"Incorrect api key","timestamp":"2024-06-22 19:38:46"}
{"level":"info","message":{"body":{"email":"Katherine@gmail.com","password":"nicol12345"},"method":"POST","params":"","query":"","url":"/user/validate"},"timestamp":"2024-06-22 22:11:34"}
{"level":"info","message":{"body":{"email":"Katherine@gmail.com","password":"nicol12345"},"method":"POST","params":"","query":"","url":"/user/validate"},"timestamp":"2024-06-22 22:11:35"}
{"level":"info","message":{"body":{"email":"Katherine@gmail.com","password":"nicol12345"},"method":"POST","params":"","query":"","url":"/user/validate"},"timestamp":"2024-06-22 22:13:17"}
{"level":"info","message":{"body":{"email":"Katherine@gmail.com","password":"nicol12345"},"method":"POST","params":"","query":"","url":"/user/validate"},"timestamp":"2024-06-22 22:13:17"}
{"level":"info","message":{"body":{"email":"Katherine@gmail.com","password":"nicol12345"},"method":"POST","params":"","query":"","url":"/user/validate"},"timestamp":"2024-06-22 22:16:17"}
{"level":"info","message":{"body":{"email":"Katherine@gmail.com","password":"nicol12345"},"method":"POST","params":"","query":"","url":"/user/validate"},"timestamp":"2024-06-22 22:16:18"}
{"level":"info","message":{"body":"","method":"GET","params":{},"query":{},"url":"/profile/id_person/87be2421-5493-4961-a7ac-a66fa89c70d9"},"timestamp":"2024-06-22 22:16:34"}
{"level":"info","message":{"body":"","method":"GET","params":{},"query":{},"url":"/profile"},"timestamp":"2024-06-22 22:16:34"}
{"level":"info","message":{"body":"","method":"GET","params":{"id_person":"87be2421-5493-4961-a7ac-a66fa89c70d9"},"query":{},"url":"/profile/id_person/87be2421-5493-4961-a7ac-a66fa89c70d9"},"timestamp":"2024-06-22 22:16:35"}
{"level":"info","message":{"body":"","method":"GET","params":{},"query":{},"url":"/profile"},"timestamp":"2024-06-22 22:16:35"}
{"level":"info","message":{"body":"","method":"GET","params":{},"query":{},"url":"/profile/id_person/87be2421-5493-4961-a7ac-a66fa89c70d9"},"timestamp":"2024-06-22 22:16:35"}
{"level":"info","message":{"body":"","method":"GET","params":{},"query":{},"url":"/profile"},"timestamp":"2024-06-22 22:16:35"}
{"level":"info","message":{"body":"","method":"GET","params":{"id_person":"87be2421-5493-4961-a7ac-a66fa89c70d9"},"query":{},"url":"/profile/id_person/87be2421-5493-4961-a7ac-a66fa89c70d9"},"timestamp":"2024-06-22 22:16:35"}
{"level":"info","message":{"body":"","method":"GET","params":{},"query":{},"url":"/profile"},"timestamp":"2024-06-22 22:16:35"}
{"level":"info","message":{"body":"","method":"GET","params":{},"query":{},"url":"/profile"},"timestamp":"2024-06-22 22:16:35"}
{"level":"info","message":{"body":"","method":"GET","params":{},"query":{},"url":"/profile"},"timestamp":"2024-06-22 22:16:35"}
{"level":"info","message":{"body":"","method":"GET","params":{},"query":{},"url":"/profile"},"timestamp":"2024-06-22 22:16:36"}
{"level":"info","message":{"body":"","method":"GET","params":{},"query":{},"url":"/profile"},"timestamp":"2024-06-22 22:16:36"}
{"level":"info","message":{"body":"","method":"GET","params":{},"query":{},"url":"/profile"},"timestamp":"2024-06-22 22:16:36"}
{"level":"info","message":{"body":"","method":"GET","params":{},"query":{},"url":"/profile"},"timestamp":"2024-06-22 22:16:36"}
{"level":"info","message":{"body":"","method":"GET","params":{},"query":{},"url":"/profile"},"timestamp":"2024-06-22 22:16:36"}
{"level":"info","message":{"body":"","method":"GET","params":{},"query":{},"url":"/profile"},"timestamp":"2024-06-22 22:16:36"}
{"level":"info","message":{"body":"","method":"GET","params":{},"query":{},"url":"/topic"},"timestamp":"2024-06-22 22:16:57"}
{"level":"info","message":{"body":"","method":"GET","params":{},"query":{},"url":"/interest"},"timestamp":"2024-06-22 22:16:57"}
{"level":"info","message":{"body":"","method":"GET","params":{},"query":{},"url":"/topic"},"timestamp":"2024-06-22 22:16:57"}
{"level":"info","message":{"body":"","method":"GET","params":{},"query":{},"url":"/topic"},"timestamp":"2024-06-22 22:16:57"}
{"level":"info","message":{"body":"","method":"GET","params":{},"query":{},"url":"/interest"},"timestamp":"2024-06-22 22:16:57"}
{"level":"info","message":{"body":"","method":"GET","params":{},"query":{},"url":"/interest"},"timestamp":"2024-06-22 22:16:57"}
{"level":"info","message":{"body":"","method":"GET","params":{},"query":{},"url":"/interest"},"timestamp":"2024-06-22 22:16:57"}
{"level":"info","message":{"body":"","method":"GET","params":{},"query":{},"url":"/topic"},"timestamp":"2024-06-22 22:16:57"}
{"level":"info","message":{"body":"","method":"GET","params":{},"query":{},"url":"/topic"},"timestamp":"2024-06-22 22:16:57"}
{"level":"info","message":{"body":"","method":"GET","params":{},"query":{},"url":"/topic"},"timestamp":"2024-06-22 22:16:58"}
{"level":"info","message":{"body":"","method":"GET","params":{},"query":{},"url":"/topic"},"timestamp":"2024-06-22 22:16:58"}
{"level":"info","message":{"body":"","method":"GET","params":{},"query":{},"url":"/topic"},"timestamp":"2024-06-22 22:16:58"}
{"level":"info","message":{"body":"","method":"GET","params":{},"query":{},"url":"/topic"},"timestamp":"2024-06-22 22:16:58"}
{"level":"info","message":{"body":"","method":"GET","params":{},"query":{},"url":"/topic"},"timestamp":"2024-06-22 22:16:58"}
{"level":"info","message":{"body":"","method":"GET","params":{},"query":{},"url":"/topic"},"timestamp":"2024-06-22 22:16:58"}
{"level":"info","message":{"body":"","method":"GET","params":{},"query":{},"url":"/topic"},"timestamp":"2024-06-22 22:16:58"}
{"level":"info","message":{"body":"","method":"GET","params":{},"query":{},"url":"/message_topic"},"timestamp":"2024-06-22 22:17:58"}
{"level":"info","message":{"body":"","method":"GET","params":{},"query":{},"url":"/topic/id/e3a531f8-809e-4edc-8b28-28558f5c6cb7"},"timestamp":"2024-06-22 22:17:58"}
{"level":"info","message":{"body":"","method":"GET","params":{},"query":{},"url":"/message_topic"},"timestamp":"2024-06-22 22:17:59"}
{"level":"info","message":{"body":"","method":"GET","params":{"id":"e3a531f8-809e-4edc-8b28-28558f5c6cb7"},"query":{},"url":"/topic/id/e3a531f8-809e-4edc-8b28-28558f5c6cb7"},"timestamp":"2024-06-22 22:17:59"}
{"level":"info","message":{"body":"","method":"GET","params":{},"query":{},"url":"/message_topic"},"timestamp":"2024-06-22 22:17:59"}
{"level":"info","message":{"body":"","method":"GET","params":{},"query":{},"url":"/topic/id/e3a531f8-809e-4edc-8b28-28558f5c6cb7"},"timestamp":"2024-06-22 22:17:59"}
{"level":"info","message":{"body":"","method":"GET","params":{},"query":{},"url":"/message_topic"},"timestamp":"2024-06-22 22:17:59"}
{"level":"info","message":{"body":"","method":"GET","params":{"id":"e3a531f8-809e-4edc-8b28-28558f5c6cb7"},"query":{},"url":"/topic/id/e3a531f8-809e-4edc-8b28-28558f5c6cb7"},"timestamp":"2024-06-22 22:17:59"}
{"level":"info","message":{"body":{"email":"Katherine@gmail.com","password":"nicol12345"},"method":"POST","params":"","query":"","url":"/user/validate"},"timestamp":"2024-06-22 22:18:55"}
{"level":"info","message":{"body":{"email":"Katherine@gmail.com","password":"nicol12345"},"method":"POST","params":"","query":"","url":"/user/validate"},"timestamp":"2024-06-22 22:18:56"}
{"level":"info","message":{"body":"","method":"GET","params":{},"query":{},"url":"/message_topic"},"timestamp":"2024-06-22 22:18:56"}
{"level":"info","message":{"body":"","method":"GET","params":{},"query":{},"url":"/topic/id/e3a531f8-809e-4edc-8b28-28558f5c6cb7"},"timestamp":"2024-06-22 22:18:56"}
{"level":"info","message":{"body":"","method":"GET","params":{},"query":{},"url":"/message_topic"},"timestamp":"2024-06-22 22:18:56"}
{"level":"info","message":{"body":"","method":"GET","params":{},"query":{},"url":"/message_topic"},"timestamp":"2024-06-22 22:18:56"}
{"level":"info","message":{"body":"","method":"GET","params":{},"query":{},"url":"/message_topic"},"timestamp":"2024-06-22 22:18:56"}
{"level":"info","message":{"body":"","method":"GET","params":{"id":"e3a531f8-809e-4edc-8b28-28558f5c6cb7"},"query":{},"url":"/topic/id/e3a531f8-809e-4edc-8b28-28558f5c6cb7"},"timestamp":"2024-06-22 22:18:56"}
{"level":"info","message":{"body":"","method":"GET","params":{},"query":{},"url":"/topic/id/e3a531f8-809e-4edc-8b28-28558f5c6cb7"},"timestamp":"2024-06-22 22:18:56"}
{"level":"info","message":{"body":"","method":"GET","params":{"id":"e3a531f8-809e-4edc-8b28-28558f5c6cb7"},"query":{},"url":"/topic/id/e3a531f8-809e-4edc-8b28-28558f5c6cb7"},"timestamp":"2024-06-22 22:18:56"}
{"level":"info","message":{"body":{"email":"Katherine@gmail.com","password":"nicol12345"},"method":"POST","params":"","query":"","url":"/user/validate"},"timestamp":"2024-06-22 22:20:16"}
{"level":"info","message":{"body":{"email":"Katherine@gmail.com","password":"nicol12345"},"method":"POST","params":"","query":"","url":"/user/validate"},"timestamp":"2024-06-22 22:20:16"}
{"level":"info","message":{"body":"","method":"GET","params":{},"query":{},"url":"/topic"},"timestamp":"2024-06-22 22:20:44"}
{"level":"info","message":{"body":"","method":"GET","params":{},"query":{},"url":"/interest"},"timestamp":"2024-06-22 22:20:44"}
{"level":"info","message":{"body":"","method":"GET","params":{},"query":{},"url":"/topic"},"timestamp":"2024-06-22 22:20:45"}
{"level":"info","message":{"body":"","method":"GET","params":{},"query":{},"url":"/interest"},"timestamp":"2024-06-22 22:20:45"}
{"level":"info","message":{"body":"","method":"GET","params":{},"query":{},"url":"/topic"},"timestamp":"2024-06-22 22:20:45"}
{"level":"info","message":{"body":"","method":"GET","params":{},"query":{},"url":"/interest"},"timestamp":"2024-06-22 22:20:45"}
{"level":"info","message":{"body":"","method":"GET","params":{},"query":{},"url":"/interest"},"timestamp":"2024-06-22 22:20:45"}
{"level":"info","message":{"body":"","method":"GET","params":{},"query":{},"url":"/topic"},"timestamp":"2024-06-22 22:20:45"}
{"level":"info","message":{"body":"","method":"GET","params":{},"query":{},"url":"/topic"},"timestamp":"2024-06-22 22:20:45"}
{"level":"info","message":{"body":"","method":"GET","params":{},"query":{},"url":"/topic"},"timestamp":"2024-06-22 22:20:45"}
{"level":"info","message":{"body":"","method":"GET","params":{},"query":{},"url":"/topic"},"timestamp":"2024-06-22 22:20:45"}
{"level":"info","message":{"body":"","method":"GET","params":{},"query":{},"url":"/topic"},"timestamp":"2024-06-22 22:20:46"}
{"level":"info","message":{"body":"","method":"GET","params":{},"query":{},"url":"/topic"},"timestamp":"2024-06-22 22:20:46"}
{"level":"info","message":{"body":"","method":"GET","params":{},"query":{},"url":"/topic"},"timestamp":"2024-06-22 22:20:46"}
{"level":"info","message":{"body":"","method":"GET","params":{},"query":{},"url":"/topic"},"timestamp":"2024-06-22 22:20:46"}
{"level":"info","message":{"body":"","method":"GET","params":{},"query":{},"url":"/topic"},"timestamp":"2024-06-22 22:20:46"}
{"level":"info","message":{"body":"","method":"GET","params":{},"query":{},"url":"/topic/id/e3a531f8-809e-4edc-8b28-28558f5c6cb7"},"timestamp":"2024-06-22 22:21:11"}
{"level":"info","message":{"body":"","method":"GET","params":{},"query":{},"url":"/message_topic"},"timestamp":"2024-06-22 22:21:11"}
{"level":"info","message":{"body":"","method":"GET","params":{},"query":{},"url":"/message_topic"},"timestamp":"2024-06-22 22:21:12"}
{"level":"info","message":{"body":"","method":"GET","params":{"id":"e3a531f8-809e-4edc-8b28-28558f5c6cb7"},"query":{},"url":"/topic/id/e3a531f8-809e-4edc-8b28-28558f5c6cb7"},"timestamp":"2024-06-22 22:21:12"}
{"level":"info","message":{"body":"","method":"GET","params":{},"query":{},"url":"/message_topic"},"timestamp":"2024-06-22 22:21:12"}
{"level":"info","message":{"body":"","method":"GET","params":{},"query":{},"url":"/topic/id/e3a531f8-809e-4edc-8b28-28558f5c6cb7"},"timestamp":"2024-06-22 22:21:12"}
{"level":"info","message":{"body":"","method":"GET","params":{},"query":{},"url":"/message_topic"},"timestamp":"2024-06-22 22:21:12"}
{"level":"info","message":{"body":"","method":"GET","params":{"id":"e3a531f8-809e-4edc-8b28-28558f5c6cb7"},"query":{},"url":"/topic/id/e3a531f8-809e-4edc-8b28-28558f5c6cb7"},"timestamp":"2024-06-22 22:21:12"}
{"level":"info","message":{"body":"","method":"GET","params":{},"query":{},"url":"/profile/id_person/87be2421-5493-4961-a7ac-a66fa89c70d9"},"timestamp":"2024-06-22 22:22:08"}
{"level":"info","message":{"body":"","method":"GET","params":{},"query":{},"url":"/profile"},"timestamp":"2024-06-22 22:22:08"}
{"level":"info","message":{"body":"","method":"GET","params":{"id_person":"87be2421-5493-4961-a7ac-a66fa89c70d9"},"query":{},"url":"/profile/id_person/87be2421-5493-4961-a7ac-a66fa89c70d9"},"timestamp":"2024-06-22 22:22:09"}
{"level":"info","message":{"body":"","method":"GET","params":{},"query":{},"url":"/profile/id_person/87be2421-5493-4961-a7ac-a66fa89c70d9"},"timestamp":"2024-06-22 22:22:09"}
{"level":"info","message":{"body":"","method":"GET","params":{},"query":{},"url":"/profile"},"timestamp":"2024-06-22 22:22:09"}
{"level":"info","message":{"body":"","method":"GET","params":{},"query":{},"url":"/profile"},"timestamp":"2024-06-22 22:22:09"}
{"level":"info","message":{"body":"","method":"GET","params":{"id_person":"87be2421-5493-4961-a7ac-a66fa89c70d9"},"query":{},"url":"/profile/id_person/87be2421-5493-4961-a7ac-a66fa89c70d9"},"timestamp":"2024-06-22 22:22:09"}
{"level":"info","message":{"body":"","method":"GET","params":{},"query":{},"url":"/profile"},"timestamp":"2024-06-22 22:22:09"}
{"level":"info","message":{"body":"","method":"GET","params":{},"query":{},"url":"/profile"},"timestamp":"2024-06-22 22:22:09"}
{"level":"info","message":{"body":"","method":"GET","params":{},"query":{},"url":"/profile"},"timestamp":"2024-06-22 22:22:09"}
{"level":"info","message":{"body":"","method":"GET","params":{},"query":{},"url":"/profile"},"timestamp":"2024-06-22 22:22:09"}
{"level":"info","message":{"body":"","method":"GET","params":{},"query":{},"url":"/profile"},"timestamp":"2024-06-22 22:22:09"}
{"level":"info","message":{"body":"","method":"GET","params":{},"query":{},"url":"/profile"},"timestamp":"2024-06-22 22:22:09"}
{"level":"info","message":{"body":"","method":"GET","params":{},"query":{},"url":"/profile"},"timestamp":"2024-06-22 22:22:09"}
{"level":"info","message":{"body":"","method":"GET","params":{},"query":{},"url":"/profile"},"timestamp":"2024-06-22 22:22:09"}
{"level":"info","message":{"body":"","method":"GET","params":{},"query":{},"url":"/profile"},"timestamp":"2024-06-22 22:22:10"}
{"level":"info","message":{"body":"","method":"GET","params":{},"query":{},"url":"/topic"},"timestamp":"2024-06-22 22:22:19"}
{"level":"info","message":{"body":"","method":"GET","params":{},"query":{},"url":"/interest"},"timestamp":"2024-06-22 22:22:19"}
{"level":"info","message":{"body":"","method":"GET","params":{},"query":{},"url":"/interest"},"timestamp":"2024-06-22 22:22:19"}
{"level":"info","message":{"body":"","method":"GET","params":{},"query":{},"url":"/topic"},"timestamp":"2024-06-22 22:22:19"}
{"level":"info","message":{"body":"","method":"GET","params":{},"query":{},"url":"/interest"},"timestamp":"2024-06-22 22:22:19"}
{"level":"info","message":{"body":"","method":"GET","params":{},"query":{},"url":"/topic"},"timestamp":"2024-06-22 22:22:19"}
{"level":"info","message":{"body":"","method":"GET","params":{},"query":{},"url":"/interest"},"timestamp":"2024-06-22 22:22:19"}
{"level":"info","message":{"body":"","method":"GET","params":{},"query":{},"url":"/topic"},"timestamp":"2024-06-22 22:22:19"}
{"level":"info","message":{"body":"","method":"GET","params":{},"query":{},"url":"/topic"},"timestamp":"2024-06-22 22:22:19"}
{"level":"info","message":{"body":"","method":"GET","params":{},"query":{},"url":"/topic"},"timestamp":"2024-06-22 22:22:19"}
{"level":"info","message":{"body":"","method":"GET","params":{},"query":{},"url":"/topic"},"timestamp":"2024-06-22 22:22:19"}
{"level":"info","message":{"body":"","method":"GET","params":{},"query":{},"url":"/topic"},"timestamp":"2024-06-22 22:22:19"}
{"level":"info","message":{"body":"","method":"GET","params":{},"query":{},"url":"/topic"},"timestamp":"2024-06-22 22:22:19"}
{"level":"info","message":{"body":"","method":"GET","params":{},"query":{},"url":"/topic"},"timestamp":"2024-06-22 22:22:20"}
{"level":"info","message":{"body":"","method":"GET","params":{},"query":{},"url":"/topic"},"timestamp":"2024-06-22 22:22:20"}
{"level":"info","message":{"body":"","method":"GET","params":{},"query":{},"url":"/topic"},"timestamp":"2024-06-22 22:22:20"}
{"level":"info","message":{"body":"","method":"GET","params":{},"query":{},"url":"/topic"},"timestamp":"2024-06-22 22:22:23"}
{"level":"info","message":{"body":"","method":"GET","params":{},"query":{},"url":"/topic"},"timestamp":"2024-06-22 22:22:24"}
{"level":"info","message":{"body":{"content":"dgfdsgsdgsd","id_interest":"4e6bb772-7abb-4e7b-a6df-c55b421b3080","id_person":"87be2421-5493-4961-a7ac-a66fa89c70d9","title":"Prueba entregable"},"method":"POST","params":"","query":"","url":"/topic"},"timestamp":"2024-06-22 22:22:40"}
{"level":"info","message":{"body":{"content":"dgfdsgsdgsd","id_interest":"4e6bb772-7abb-4e7b-a6df-c55b421b3080","id_person":"87be2421-5493-4961-a7ac-a66fa89c70d9","title":"Prueba entregable"},"method":"POST","params":"","query":"","url":"/topic"},"timestamp":"2024-06-22 22:22:41"}
{"level":"info","message":{"body":"","method":"GET","params":{},"query":{},"url":"/topic"},"timestamp":"2024-06-22 22:22:41"}
{"level":"info","message":{"body":"","method":"GET","params":{},"query":{},"url":"/topic"},"timestamp":"2024-06-22 22:22:41"}
{"level":"info","message":{"body":"","method":"GET","params":{},"query":{},"url":"/topic/id/e75bfecd-828f-42e7-9b45-bc0e69f33c28"},"timestamp":"2024-06-22 22:22:55"}
{"level":"info","message":{"body":"","method":"GET","params":{},"query":{},"url":"/message_topic"},"timestamp":"2024-06-22 22:22:55"}
{"level":"info","message":{"body":"","method":"GET","params":{},"query":{},"url":"/message_topic"},"timestamp":"2024-06-22 22:22:55"}
{"level":"info","message":{"body":"","method":"GET","params":{"id":"e75bfecd-828f-42e7-9b45-bc0e69f33c28"},"query":{},"url":"/topic/id/e75bfecd-828f-42e7-9b45-bc0e69f33c28"},"timestamp":"2024-06-22 22:22:55"}
{"level":"info","message":{"body":"","method":"GET","params":{},"query":{},"url":"/message_topic"},"timestamp":"2024-06-22 22:22:55"}
{"level":"info","message":{"body":"","method":"GET","params":{},"query":{},"url":"/topic/id/e75bfecd-828f-42e7-9b45-bc0e69f33c28"},"timestamp":"2024-06-22 22:22:55"}
{"level":"info","message":{"body":"","method":"GET","params":{"id":"e75bfecd-828f-42e7-9b45-bc0e69f33c28"},"query":{},"url":"/topic/id/e75bfecd-828f-42e7-9b45-bc0e69f33c28"},"timestamp":"2024-06-22 22:22:55"}
{"level":"info","message":{"body":"","method":"GET","params":{},"query":{},"url":"/message_topic"},"timestamp":"2024-06-22 22:22:55"}
{"level":"info","message":{"body":"","method":"GET","params":{},"query":{},"url":"/topic"},"timestamp":"2024-06-22 22:22:58"}
{"level":"info","message":{"body":"","method":"GET","params":{},"query":{},"url":"/interest"},"timestamp":"2024-06-22 22:22:58"}
{"level":"info","message":{"body":"","method":"GET","params":{},"query":{},"url":"/topic"},"timestamp":"2024-06-22 22:22:58"}
{"level":"info","message":{"body":"","method":"GET","params":{},"query":{},"url":"/interest"},"timestamp":"2024-06-22 22:22:58"}
{"level":"info","message":{"body":"","method":"GET","params":{},"query":{},"url":"/topic"},"timestamp":"2024-06-22 22:22:58"}
{"level":"info","message":{"body":"","method":"GET","params":{},"query":{},"url":"/interest"},"timestamp":"2024-06-22 22:22:58"}
{"level":"info","message":{"body":"","method":"GET","params":{},"query":{},"url":"/topic"},"timestamp":"2024-06-22 22:22:58"}
{"level":"info","message":{"body":"","method":"GET","params":{},"query":{},"url":"/interest"},"timestamp":"2024-06-22 22:22:58"}
{"level":"info","message":{"body":"","method":"GET","params":{},"query":{},"url":"/topic"},"timestamp":"2024-06-22 22:22:58"}
{"level":"info","message":{"body":"","method":"GET","params":{},"query":{},"url":"/topic"},"timestamp":"2024-06-22 22:22:59"}
{"level":"info","message":{"body":"","method":"GET","params":{},"query":{},"url":"/topic"},"timestamp":"2024-06-22 22:22:59"}
{"level":"info","message":{"body":"","method":"GET","params":{},"query":{},"url":"/topic"},"timestamp":"2024-06-22 22:22:59"}
{"level":"info","message":{"body":"","method":"GET","params":{},"query":{},"url":"/topic"},"timestamp":"2024-06-22 22:22:59"}
{"level":"info","message":{"body":"","method":"GET","params":{},"query":{},"url":"/topic"},"timestamp":"2024-06-22 22:22:59"}
{"level":"info","message":{"body":"","method":"GET","params":{},"query":{},"url":"/topic"},"timestamp":"2024-06-22 22:22:59"}
{"level":"info","message":{"body":"","method":"GET","params":{},"query":{},"url":"/topic"},"timestamp":"2024-06-22 22:22:59"}
