{"level":"info","message":{"body":"","method":"GET","params":{},"query":{},"url":"/user"},"timestamp":"2024-05-28 22:23:19"}
{"level":"info","message":{"body":"","method":"GET","params":{},"query":{},"url":"/user"},"timestamp":"2024-05-28 22:23:20"}
{"level":"info","message":{"body":"","method":"GET","params":{},"query":{},"url":"/user"},"timestamp":"2024-05-28 22:23:20"}
{"level":"info","message":{"body":"","method":"GET","params":{},"query":{},"url":"/user"},"timestamp":"2024-05-28 22:23:20"}
{"level":"info","message":{"body":"","method":"GET","params":{},"query":{},"url":"/user"},"timestamp":"2024-05-28 22:23:20"}
{"level":"info","message":{"body":"","method":"GET","params":{},"query":{},"url":"/user"},"timestamp":"2024-05-28 22:23:20"}
{"level":"info","message":{"body":"","method":"GET","params":{},"query":{},"url":"/user"},"timestamp":"2024-05-28 22:23:20"}
{"level":"info","message":{"body":"","method":"GET","params":{},"query":{},"url":"/user"},"timestamp":"2024-05-28 22:23:20"}
{"level":"info","message":{"body":"","method":"GET","params":{},"query":{},"url":"/user/id/d0abaf12-9cbb-443a-b26c-28fc864881ee"},"timestamp":"2024-05-28 22:23:27"}
{"level":"info","message":{"body":"","method":"GET","params":{"id":"d0abaf12-9cbb-443a-b26c-28fc864881ee"},"query":{},"url":"/user/id/d0abaf12-9cbb-443a-b26c-28fc864881ee"},"timestamp":"2024-05-28 22:23:27"}
{"level":"info","message":{"body":"","method":"GET","params":{},"query":{},"url":"/user"},"timestamp":"2024-05-28 22:23:27"}
{"level":"info","message":{"body":"","method":"GET","params":{},"query":{},"url":"/user"},"timestamp":"2024-05-28 22:23:27"}
{"level":"info","message":{"body":"","method":"DELETE","params":{},"query":"","url":"/user/id/d0abaf12-9cbb-443a-b26c-28fc864881ee"},"timestamp":"2024-05-28 22:23:28"}
{"level":"info","message":{"body":"","method":"DELETE","params":{"id":"d0abaf12-9cbb-443a-b26c-28fc864881ee"},"query":"","url":"/user/id/d0abaf12-9cbb-443a-b26c-28fc864881ee"},"timestamp":"2024-05-28 22:23:29"}
{"level":"info","message":{"body":"","method":"GET","params":{},"query":{},"url":"/user"},"timestamp":"2024-05-28 22:23:29"}
{"level":"info","message":{"body":"","method":"GET","params":{},"query":{},"url":"/user"},"timestamp":"2024-05-28 22:23:29"}
{"level":"info","message":{"body":"","method":"GET","params":{},"query":{},"url":"/user"},"timestamp":"2024-05-28 22:26:26"}
{"level":"info","message":{"body":"","method":"GET","params":{},"query":{},"url":"/user"},"timestamp":"2024-05-28 22:26:27"}
{"level":"info","message":{"body":"","method":"GET","params":{},"query":{},"url":"/user"},"timestamp":"2024-05-28 22:26:27"}
{"level":"info","message":{"body":"","method":"GET","params":{},"query":{},"url":"/user"},"timestamp":"2024-05-28 22:26:27"}
{"level":"info","message":{"body":"","method":"GET","params":{},"query":{},"url":"/user"},"timestamp":"2024-05-28 22:26:27"}
{"level":"info","message":{"body":"","method":"GET","params":{},"query":{},"url":"/user"},"timestamp":"2024-05-28 22:26:27"}
{"level":"info","message":{"body":"","method":"GET","params":{},"query":{},"url":"/user"},"timestamp":"2024-05-28 22:26:27"}
{"level":"info","message":{"body":"","method":"GET","params":{},"query":{},"url":"/user"},"timestamp":"2024-05-28 22:26:27"}
{"level":"info","message":{"body":"","method":"GET","params":{},"query":{},"url":"/user/id/d0abaf12-9cbb-443a-b26c-28fc864881ee"},"timestamp":"2024-05-28 22:26:31"}
{"level":"info","message":{"body":"","method":"GET","params":{"id":"d0abaf12-9cbb-443a-b26c-28fc864881ee"},"query":{},"url":"/user/id/d0abaf12-9cbb-443a-b26c-28fc864881ee"},"timestamp":"2024-05-28 22:26:31"}
{"level":"info","message":{"body":"","method":"GET","params":{},"query":{},"url":"/user"},"timestamp":"2024-05-28 22:26:31"}
{"level":"info","message":{"body":"","method":"GET","params":{},"query":{},"url":"/user"},"timestamp":"2024-05-28 22:26:32"}
{"level":"info","message":{"body":"","method":"DELETE","params":{},"query":"","url":"/user/id/d0abaf12-9cbb-443a-b26c-28fc864881ee"},"timestamp":"2024-05-28 22:26:34"}
{"level":"info","message":{"body":"","method":"DELETE","params":{"id":"d0abaf12-9cbb-443a-b26c-28fc864881ee"},"query":"","url":"/user/id/d0abaf12-9cbb-443a-b26c-28fc864881ee"},"timestamp":"2024-05-28 22:26:35"}
{"level":"info","message":{"body":"","method":"GET","params":{},"query":{},"url":"/user"},"timestamp":"2024-05-28 22:26:35"}
{"level":"info","message":{"body":"","method":"GET","params":{},"query":{},"url":"/user"},"timestamp":"2024-05-28 22:26:35"}
{"level":"info","message":{"body":"","method":"GET","params":{},"query":{},"url":"/user"},"timestamp":"2024-05-28 22:29:26"}
{"level":"info","message":{"body":"","method":"GET","params":{},"query":{},"url":"/user"},"timestamp":"2024-05-28 22:29:26"}
{"level":"info","message":{"body":"","method":"GET","params":{},"query":{},"url":"/user"},"timestamp":"2024-05-28 22:29:27"}
{"level":"info","message":{"body":"","method":"GET","params":{},"query":{},"url":"/user"},"timestamp":"2024-05-28 22:29:27"}
{"level":"info","message":{"body":"","method":"GET","params":{},"query":{},"url":"/user"},"timestamp":"2024-05-28 22:29:27"}
{"level":"info","message":{"body":"","method":"GET","params":{},"query":{},"url":"/user"},"timestamp":"2024-05-28 22:29:27"}
{"level":"info","message":{"body":"","method":"GET","params":{},"query":{},"url":"/user"},"timestamp":"2024-05-28 22:29:27"}
{"level":"info","message":{"body":"","method":"GET","params":{},"query":{},"url":"/user"},"timestamp":"2024-05-28 22:29:27"}
{"level":"info","message":{"body":"","method":"GET","params":{},"query":{},"url":"/user"},"timestamp":"2024-05-28 22:29:27"}
{"level":"info","message":{"body":"","method":"GET","params":{},"query":{},"url":"/user"},"timestamp":"2024-05-28 22:29:27"}
{"level":"info","message":{"body":"","method":"GET","params":{},"query":{},"url":"/user/id/d0abaf12-9cbb-443a-b26c-28fc864881ee"},"timestamp":"2024-05-28 22:29:31"}
{"level":"info","message":{"body":"","method":"GET","params":{"id":"d0abaf12-9cbb-443a-b26c-28fc864881ee"},"query":{},"url":"/user/id/d0abaf12-9cbb-443a-b26c-28fc864881ee"},"timestamp":"2024-05-28 22:29:32"}
{"level":"info","message":{"body":"","method":"GET","params":{},"query":{},"url":"/user"},"timestamp":"2024-05-28 22:29:32"}
{"level":"info","message":{"body":"","method":"GET","params":{},"query":{},"url":"/user"},"timestamp":"2024-05-28 22:29:32"}
{"level":"info","message":{"body":"","method":"DELETE","params":{},"query":"","url":"/user/id/d0abaf12-9cbb-443a-b26c-28fc864881ee"},"timestamp":"2024-05-28 22:29:35"}
{"level":"error","message":{"body":"","error":"missing FROM-clause entry for table \"updated_user\"","method":"DELETE","params":{},"query":"","url":"/user/id/d0abaf12-9cbb-443a-b26c-28fc864881ee"},"timestamp":"2024-05-28 22:29:35"}
{"level":"info","message":{"body":"","method":"GET","params":{},"query":{},"url":"/user"},"timestamp":"2024-05-28 22:29:40"}
{"level":"info","message":{"body":"","method":"GET","params":{},"query":{},"url":"/user"},"timestamp":"2024-05-28 22:29:41"}
{"level":"info","message":{"body":"","method":"GET","params":{},"query":{},"url":"/user"},"timestamp":"2024-05-28 22:29:41"}
{"level":"info","message":{"body":"","method":"GET","params":{},"query":{},"url":"/user"},"timestamp":"2024-05-28 22:29:41"}
{"level":"info","message":{"body":"","method":"GET","params":{},"query":{},"url":"/user"},"timestamp":"2024-05-28 22:29:41"}
{"level":"info","message":{"body":"","method":"GET","params":{},"query":{},"url":"/user"},"timestamp":"2024-05-28 22:29:41"}
{"level":"info","message":{"body":"","method":"GET","params":{},"query":{},"url":"/user"},"timestamp":"2024-05-28 22:29:41"}
{"level":"info","message":{"body":"","method":"GET","params":{},"query":{},"url":"/user"},"timestamp":"2024-05-28 22:29:41"}
{"level":"info","message":{"body":"","method":"GET","params":{},"query":{},"url":"/user/id/d0abaf12-9cbb-443a-b26c-28fc864881ee"},"timestamp":"2024-05-28 22:30:08"}
{"level":"info","message":{"body":"","method":"GET","params":{"id":"d0abaf12-9cbb-443a-b26c-28fc864881ee"},"query":{},"url":"/user/id/d0abaf12-9cbb-443a-b26c-28fc864881ee"},"timestamp":"2024-05-28 22:30:08"}
{"level":"info","message":{"body":"","method":"GET","params":{},"query":{},"url":"/user"},"timestamp":"2024-05-28 22:30:08"}
{"level":"info","message":{"body":"","method":"GET","params":{},"query":{},"url":"/user"},"timestamp":"2024-05-28 22:30:09"}
{"level":"info","message":{"body":"","method":"DELETE","params":{},"query":"","url":"/user/id/d0abaf12-9cbb-443a-b26c-28fc864881ee"},"timestamp":"2024-05-28 22:30:10"}
{"level":"error","message":{"body":"","error":"missing FROM-clause entry for table \"updated_user\"","method":"DELETE","params":{},"query":"","url":"/user/id/d0abaf12-9cbb-443a-b26c-28fc864881ee"},"timestamp":"2024-05-28 22:30:11"}
{"level":"info","message":{"body":"","method":"GET","params":{},"query":{},"url":"/user/id/d0abaf12-9cbb-443a-b26c-28fc864881ee"},"timestamp":"2024-05-28 22:30:51"}
{"level":"info","message":{"body":"","method":"GET","params":{"id":"d0abaf12-9cbb-443a-b26c-28fc864881ee"},"query":{},"url":"/user/id/d0abaf12-9cbb-443a-b26c-28fc864881ee"},"timestamp":"2024-05-28 22:30:52"}
{"level":"info","message":{"body":"","method":"GET","params":{},"query":{},"url":"/user"},"timestamp":"2024-05-28 22:30:52"}
{"level":"info","message":{"body":"","method":"GET","params":{},"query":{},"url":"/user"},"timestamp":"2024-05-28 22:30:52"}
{"level":"info","message":{"body":"","method":"DELETE","params":{},"query":"","url":"/user/id/d0abaf12-9cbb-443a-b26c-28fc864881ee"},"timestamp":"2024-05-28 22:30:53"}
{"level":"info","message":{"body":"","method":"DELETE","params":{"id":"d0abaf12-9cbb-443a-b26c-28fc864881ee"},"query":"","url":"/user/id/d0abaf12-9cbb-443a-b26c-28fc864881ee"},"timestamp":"2024-05-28 22:30:53"}
{"level":"info","message":{"body":"","method":"GET","params":{},"query":{},"url":"/user"},"timestamp":"2024-05-28 22:30:53"}
{"level":"info","message":{"body":"","method":"GET","params":{},"query":{},"url":"/user"},"timestamp":"2024-05-28 22:30:54"}
{"level":"info","message":{"body":"","method":"GET","params":{},"query":{},"url":"/user"},"timestamp":"2024-05-28 22:32:27"}
{"level":"info","message":{"body":"","method":"GET","params":{},"query":{},"url":"/user"},"timestamp":"2024-05-28 22:32:28"}
{"level":"info","message":{"body":"","method":"GET","params":{},"query":{},"url":"/user"},"timestamp":"2024-05-28 22:32:28"}
{"level":"info","message":{"body":"","method":"GET","params":{},"query":{},"url":"/user"},"timestamp":"2024-05-28 22:32:28"}
{"level":"info","message":{"body":"","method":"GET","params":{},"query":{},"url":"/user"},"timestamp":"2024-05-28 22:32:28"}
{"level":"info","message":{"body":"","method":"GET","params":{},"query":{},"url":"/user"},"timestamp":"2024-05-28 22:32:28"}
{"level":"info","message":{"body":"","method":"GET","params":{},"query":{},"url":"/user"},"timestamp":"2024-05-28 22:32:28"}
{"level":"info","message":{"body":"","method":"GET","params":{},"query":{},"url":"/user"},"timestamp":"2024-05-28 22:32:28"}
{"level":"info","message":{"body":"","method":"GET","params":{},"query":{},"url":"/user/id/d0abaf12-9cbb-443a-b26c-28fc864881ee"},"timestamp":"2024-05-28 22:34:36"}
{"level":"info","message":{"body":"","method":"GET","params":{"id":"d0abaf12-9cbb-443a-b26c-28fc864881ee"},"query":{},"url":"/user/id/d0abaf12-9cbb-443a-b26c-28fc864881ee"},"timestamp":"2024-05-28 22:34:37"}
{"level":"info","message":{"body":"","method":"GET","params":{},"query":{},"url":"/user"},"timestamp":"2024-05-28 22:34:37"}
{"level":"info","message":{"body":"","method":"GET","params":{},"query":{},"url":"/user"},"timestamp":"2024-05-28 22:34:37"}
{"level":"info","message":{"body":"","method":"DELETE","params":{},"query":"","url":"/user/id/d0abaf12-9cbb-443a-b26c-28fc864881ee"},"timestamp":"2024-05-28 22:34:39"}
{"level":"error","message":{"body":"","error":"column \"person_id\" does not exist","method":"DELETE","params":{},"query":"","url":"/user/id/d0abaf12-9cbb-443a-b26c-28fc864881ee"},"timestamp":"2024-05-28 22:34:39"}
{"level":"info","message":{"body":"","method":"GET","params":{},"query":{},"url":"/user/id/d0abaf12-9cbb-443a-b26c-28fc864881ee"},"timestamp":"2024-05-28 22:35:42"}
{"level":"info","message":{"body":"","method":"GET","params":{"id":"d0abaf12-9cbb-443a-b26c-28fc864881ee"},"query":{},"url":"/user/id/d0abaf12-9cbb-443a-b26c-28fc864881ee"},"timestamp":"2024-05-28 22:35:42"}
{"level":"info","message":{"body":"","method":"GET","params":{},"query":{},"url":"/user"},"timestamp":"2024-05-28 22:35:42"}
{"level":"info","message":{"body":"","method":"GET","params":{},"query":{},"url":"/user"},"timestamp":"2024-05-28 22:35:43"}
{"level":"info","message":{"body":"","method":"DELETE","params":{},"query":"","url":"/user/id/d0abaf12-9cbb-443a-b26c-28fc864881ee"},"timestamp":"2024-05-28 22:35:44"}
{"level":"error","message":{"body":"","error":"column \"person_id\" does not exist","method":"DELETE","params":{},"query":"","url":"/user/id/d0abaf12-9cbb-443a-b26c-28fc864881ee"},"timestamp":"2024-05-28 22:35:44"}
{"level":"info","message":{"body":"","method":"GET","params":{},"query":{},"url":"/user/id/d0abaf12-9cbb-443a-b26c-28fc864881ee"},"timestamp":"2024-05-28 22:36:55"}
{"level":"info","message":{"body":"","method":"GET","params":{"id":"d0abaf12-9cbb-443a-b26c-28fc864881ee"},"query":{},"url":"/user/id/d0abaf12-9cbb-443a-b26c-28fc864881ee"},"timestamp":"2024-05-28 22:36:55"}
{"level":"info","message":{"body":"","method":"GET","params":{},"query":{},"url":"/user"},"timestamp":"2024-05-28 22:36:55"}
{"level":"info","message":{"body":"","method":"GET","params":{},"query":{},"url":"/user"},"timestamp":"2024-05-28 22:36:56"}
{"level":"info","message":{"body":"","method":"DELETE","params":{},"query":"","url":"/user/id/d0abaf12-9cbb-443a-b26c-28fc864881ee"},"timestamp":"2024-05-28 22:36:56"}
{"level":"info","message":{"body":"","method":"DELETE","params":{"id":"d0abaf12-9cbb-443a-b26c-28fc864881ee"},"query":"","url":"/user/id/d0abaf12-9cbb-443a-b26c-28fc864881ee"},"timestamp":"2024-05-28 22:36:57"}
{"level":"info","message":{"body":"","method":"GET","params":{},"query":{},"url":"/user"},"timestamp":"2024-05-28 22:36:57"}
{"level":"info","message":{"body":"","method":"GET","params":{},"query":{},"url":"/user"},"timestamp":"2024-05-28 22:36:57"}
{"level":"info","message":{"body":"","method":"GET","params":{},"query":{},"url":"/user"},"timestamp":"2024-05-28 22:37:45"}
{"level":"info","message":{"body":"","method":"GET","params":{},"query":{},"url":"/user"},"timestamp":"2024-05-28 22:37:46"}
{"level":"info","message":{"body":"","method":"GET","params":{},"query":{},"url":"/user"},"timestamp":"2024-05-28 22:37:46"}
{"level":"info","message":{"body":"","method":"GET","params":{},"query":{},"url":"/user"},"timestamp":"2024-05-28 22:37:46"}
{"level":"info","message":{"body":"","method":"GET","params":{},"query":{},"url":"/user"},"timestamp":"2024-05-28 22:37:46"}
{"level":"info","message":{"body":"","method":"GET","params":{},"query":{},"url":"/user"},"timestamp":"2024-05-28 22:37:46"}
{"level":"info","message":{"body":"","method":"GET","params":{},"query":{},"url":"/user"},"timestamp":"2024-05-28 22:37:46"}
{"level":"info","message":{"body":"","method":"GET","params":{},"query":{},"url":"/user"},"timestamp":"2024-05-28 22:37:46"}
{"level":"info","message":{"body":"","method":"DELETE","params":{},"query":"","url":"/user/id/d0abaf12-9cbb-443a-b26c-28fc864881ee"},"timestamp":"2024-05-28 22:38:19"}
{"level":"info","message":{"body":"","method":"DELETE","params":{"id":"d0abaf12-9cbb-443a-b26c-28fc864881ee"},"query":"","url":"/user/id/d0abaf12-9cbb-443a-b26c-28fc864881ee"},"timestamp":"2024-05-28 22:38:20"}
{"level":"info","message":{"body":"","method":"GET","params":{},"query":{},"url":"/user"},"timestamp":"2024-05-28 22:38:55"}
{"level":"info","message":{"body":"","method":"GET","params":{},"query":{},"url":"/user"},"timestamp":"2024-05-28 22:38:55"}
{"level":"info","message":{"body":"","method":"GET","params":{},"query":{},"url":"/user"},"timestamp":"2024-05-28 22:38:55"}
{"level":"info","message":{"body":"","method":"GET","params":{},"query":{},"url":"/user"},"timestamp":"2024-05-28 22:38:56"}
{"level":"info","message":{"body":"","method":"GET","params":{},"query":{},"url":"/user"},"timestamp":"2024-05-28 22:38:56"}
{"level":"info","message":{"body":"","method":"GET","params":{},"query":{},"url":"/user"},"timestamp":"2024-05-28 22:38:56"}
{"level":"info","message":{"body":"","method":"GET","params":{},"query":{},"url":"/user"},"timestamp":"2024-05-28 22:38:56"}
{"level":"info","message":{"body":"","method":"GET","params":{},"query":{},"url":"/user"},"timestamp":"2024-05-28 22:38:56"}
{"level":"info","message":{"body":"","method":"GET","params":{},"query":{},"url":"/user/id/fa4dbbbc-dff8-444c-abed-c6118c42d6b2"},"timestamp":"2024-05-28 22:40:56"}
{"level":"info","message":{"body":"","method":"GET","params":{"id":"fa4dbbbc-dff8-444c-abed-c6118c42d6b2"},"query":{},"url":"/user/id/fa4dbbbc-dff8-444c-abed-c6118c42d6b2"},"timestamp":"2024-05-28 22:40:57"}
{"level":"info","message":{"body":"","method":"GET","params":{},"query":{},"url":"/user"},"timestamp":"2024-05-28 22:40:57"}
{"level":"info","message":{"body":"","method":"GET","params":{},"query":{},"url":"/user"},"timestamp":"2024-05-28 22:40:57"}
{"level":"info","message":{"body":"","method":"GET","params":{},"query":{},"url":"/user"},"timestamp":"2024-05-28 22:41:00"}
{"level":"info","message":{"body":"","method":"GET","params":{},"query":{},"url":"/user"},"timestamp":"2024-05-28 22:41:00"}
{"level":"info","message":{"body":"","method":"GET","params":{},"query":{},"url":"/user/id/"},"timestamp":"2024-05-28 22:41:04"}
{"level":"error","message":{"body":"","error":"Not found","method":"GET","params":{},"query":{},"url":"/user/id/"},"timestamp":"2024-05-28 22:41:04"}
{"level":"info","message":{"body":{"email":"Eduardo@gmail.com","maternalLastName":"Astorga","name":"Eduardo","password":"eduardo123","paternalLastName":"Astorga","rut":"16788666-9"},"method":"POST","params":"","query":"","url":"/user"},"timestamp":"2024-05-28 22:41:57"}
{"level":"info","message":{"body":{"email":"Eduardo@gmail.com","maternalLastName":"Astorga","name":"Eduardo","password":"eduardo123","paternalLastName":"Astorga","rut":"16788666-9"},"method":"POST","params":"","query":"","url":"/user"},"timestamp":"2024-05-28 22:41:58"}
{"level":"info","message":{"body":"","method":"GET","params":{},"query":{},"url":"/user"},"timestamp":"2024-05-28 22:41:58"}
{"level":"info","message":{"body":"","method":"GET","params":{},"query":{},"url":"/user"},"timestamp":"2024-05-28 22:41:58"}
{"level":"info","message":{"body":"","method":"GET","params":{},"query":{},"url":"/user/id/662f1d21-8431-47b1-b0c3-9213314d53c7"},"timestamp":"2024-05-28 22:42:03"}
{"level":"info","message":{"body":"","method":"GET","params":{"id":"662f1d21-8431-47b1-b0c3-9213314d53c7"},"query":{},"url":"/user/id/662f1d21-8431-47b1-b0c3-9213314d53c7"},"timestamp":"2024-05-28 22:42:03"}
{"level":"info","message":{"body":"","method":"GET","params":{},"query":{},"url":"/user"},"timestamp":"2024-05-28 22:42:03"}
{"level":"info","message":{"body":"","method":"GET","params":{},"query":{},"url":"/user"},"timestamp":"2024-05-28 22:42:03"}
{"level":"info","message":{"body":"","method":"GET","params":{},"query":{},"url":"/user"},"timestamp":"2024-05-28 22:42:05"}
{"level":"info","message":{"body":"","method":"GET","params":{},"query":{},"url":"/user"},"timestamp":"2024-05-28 22:42:05"}
{"level":"info","message":{"body":"","method":"GET","params":{},"query":{},"url":"/user/id/662f1d21-8431-47b1-b0c3-9213314d53c7"},"timestamp":"2024-05-28 22:42:08"}
{"level":"info","message":{"body":"","method":"GET","params":{"id":"662f1d21-8431-47b1-b0c3-9213314d53c7"},"query":{},"url":"/user/id/662f1d21-8431-47b1-b0c3-9213314d53c7"},"timestamp":"2024-05-28 22:42:08"}
{"level":"info","message":{"body":"","method":"GET","params":{},"query":{},"url":"/user"},"timestamp":"2024-05-28 22:42:08"}
{"level":"info","message":{"body":"","method":"GET","params":{},"query":{},"url":"/user"},"timestamp":"2024-05-28 22:42:09"}
{"level":"info","message":{"body":"","method":"GET","params":{},"query":{},"url":"/user"},"timestamp":"2024-05-28 22:42:16"}
{"level":"info","message":{"body":"","method":"GET","params":{},"query":{},"url":"/user"},"timestamp":"2024-05-28 22:42:16"}
{"level":"info","message":{"body":"","method":"GET","params":{},"query":{},"url":"/user/id/"},"timestamp":"2024-05-28 22:42:22"}
{"level":"error","message":{"body":"","error":"Not found","method":"GET","params":{},"query":{},"url":"/user/id/"},"timestamp":"2024-05-28 22:42:22"}
{"level":"info","message":{"body":"","method":"GET","params":{},"query":{},"url":"/user/id/"},"timestamp":"2024-05-28 22:42:24"}
{"level":"error","message":{"body":"","error":"Not found","method":"GET","params":{},"query":{},"url":"/user/id/"},"timestamp":"2024-05-28 22:42:24"}
{"level":"info","message":{"body":"","method":"GET","params":{},"query":{},"url":"/user/id/662f1d21-8431-47b1-b0c3-9213314d53c7"},"timestamp":"2024-05-28 22:42:46"}
{"level":"info","message":{"body":"","method":"GET","params":{"id":"662f1d21-8431-47b1-b0c3-9213314d53c7"},"query":{},"url":"/user/id/662f1d21-8431-47b1-b0c3-9213314d53c7"},"timestamp":"2024-05-28 22:42:47"}
{"level":"info","message":{"body":"","method":"GET","params":{},"query":{},"url":"/user"},"timestamp":"2024-05-28 22:42:47"}
{"level":"info","message":{"body":"","method":"GET","params":{},"query":{},"url":"/user"},"timestamp":"2024-05-28 22:42:47"}
{"level":"info","message":{"body":{"email":"Eduardo@gmail.com","password":"eduardo123"},"method":"POST","params":"","query":"","url":"/user/validate"},"timestamp":"2024-05-28 22:43:16"}
{"level":"info","message":{"body":{"email":"Eduardo@gmail.com","password":"eduardo123"},"method":"POST","params":"","query":"","url":"/user/validate"},"timestamp":"2024-05-28 22:43:16"}
{"level":"info","message":{"body":{"email":"Eduardo@gmail.com","password":"dskljfksldjf"},"method":"POST","params":"","query":"","url":"/user/validate"},"timestamp":"2024-05-28 22:43:29"}
{"level":"info","message":{"body":{"email":"Eduardo@gmail.com","password":"dskljfksldjf"},"method":"POST","params":"","query":"","url":"/user/validate"},"timestamp":"2024-05-28 22:43:29"}
{"level":"info","message":{"body":"","method":"PUT","params":{},"query":"","url":"/user/update"},"timestamp":"2024-05-28 22:43:41"}
{"level":"info","message":{"body":"","method":"PUT","params":{},"query":"","url":"/user/update"},"timestamp":"2024-05-28 22:43:42"}
{"level":"info","message":{"body":"","method":"GET","params":{},"query":{},"url":"/user"},"timestamp":"2024-05-28 22:43:42"}
{"level":"info","message":{"body":"","method":"GET","params":{},"query":{},"url":"/user"},"timestamp":"2024-05-28 22:43:42"}
{"level":"info","message":{"body":"","method":"GET","params":{},"query":{},"url":"/user/id/662f1d21-8431-47b1-b0c3-9213314d53c7"},"timestamp":"2024-05-28 22:43:45"}
{"level":"info","message":{"body":"","method":"GET","params":{"id":"662f1d21-8431-47b1-b0c3-9213314d53c7"},"query":{},"url":"/user/id/662f1d21-8431-47b1-b0c3-9213314d53c7"},"timestamp":"2024-05-28 22:43:45"}
{"level":"info","message":{"body":"","method":"GET","params":{},"query":{},"url":"/user"},"timestamp":"2024-05-28 22:43:45"}
{"level":"info","message":{"body":"","method":"GET","params":{},"query":{},"url":"/user"},"timestamp":"2024-05-28 22:43:45"}
{"level":"info","message":{"body":{"email":"Eduardo@gmail.com","password":"eduardo123"},"method":"POST","params":"","query":"","url":"/user/validate"},"timestamp":"2024-05-28 22:43:53"}
{"level":"info","message":{"body":{"email":"Eduardo@gmail.com","password":"eduardo123"},"method":"POST","params":"","query":"","url":"/user/validate"},"timestamp":"2024-05-28 22:43:54"}
{"level":"info","message":{"body":{"email":"Eduardo@gmail.com","password":"eduardo12345"},"method":"POST","params":"","query":"","url":"/user/validate"},"timestamp":"2024-05-28 22:44:00"}
{"level":"info","message":{"body":{"email":"Eduardo@gmail.com","password":"eduardo12345"},"method":"POST","params":"","query":"","url":"/user/validate"},"timestamp":"2024-05-28 22:44:00"}
{"level":"info","message":{"body":"","method":"GET","params":{},"query":{},"url":"/user"},"timestamp":"2024-05-28 22:45:16"}
{"level":"info","message":{"body":"","method":"GET","params":{},"query":{},"url":"/user"},"timestamp":"2024-05-28 22:45:17"}
{"level":"info","message":{"body":"","method":"GET","params":{},"query":{},"url":"/user"},"timestamp":"2024-05-28 22:45:17"}
{"level":"info","message":{"body":"","method":"GET","params":{},"query":{},"url":"/user"},"timestamp":"2024-05-28 22:45:17"}
{"level":"info","message":{"body":"","method":"GET","params":{},"query":{},"url":"/user/id/662f1d21-8431-47b1-b0c3-9213314d53c7"},"timestamp":"2024-05-28 22:45:33"}
{"level":"info","message":{"body":"","method":"GET","params":{"id":"662f1d21-8431-47b1-b0c3-9213314d53c7"},"query":{},"url":"/user/id/662f1d21-8431-47b1-b0c3-9213314d53c7"},"timestamp":"2024-05-28 22:45:34"}
{"level":"info","message":{"body":"","method":"GET","params":{},"query":{},"url":"/user"},"timestamp":"2024-05-28 22:45:34"}
{"level":"info","message":{"body":"","method":"GET","params":{},"query":{},"url":"/user"},"timestamp":"2024-05-28 22:45:34"}
{"level":"info","message":{"body":"","method":"PUT","params":{},"query":"","url":"/user/rol/662f1d21-8431-47b1-b0c3-9213314d53c7"},"timestamp":"2024-05-28 22:45:38"}
{"level":"info","message":{"body":"","method":"PUT","params":{"userId":"662f1d21-8431-47b1-b0c3-9213314d53c7"},"query":"","url":"/user/rol/662f1d21-8431-47b1-b0c3-9213314d53c7"},"timestamp":"2024-05-28 22:45:38"}
{"level":"info","message":{"body":"","method":"GET","params":{},"query":{},"url":"/user"},"timestamp":"2024-05-28 22:45:41"}
{"level":"info","message":{"body":"","method":"GET","params":{},"query":{},"url":"/user"},"timestamp":"2024-05-28 22:45:41"}
{"level":"info","message":{"body":"","method":"GET","params":{},"query":{},"url":"/user/id/61618c2c-8765-45ef-bf70-7883b514ca88"},"timestamp":"2024-05-28 22:45:42"}
{"level":"info","message":{"body":"","method":"GET","params":{"id":"61618c2c-8765-45ef-bf70-7883b514ca88"},"query":{},"url":"/user/id/61618c2c-8765-45ef-bf70-7883b514ca88"},"timestamp":"2024-05-28 22:45:42"}
{"level":"info","message":{"body":"","method":"GET","params":{},"query":{},"url":"/rol/"},"timestamp":"2024-05-28 22:51:52"}
{"level":"info","message":{"body":"","method":"GET","params":{},"query":{},"url":"/rol/"},"timestamp":"2024-05-28 22:51:53"}
{"level":"info","message":{"body":"","method":"GET","params":{},"query":{},"url":"/user/id/fa4dbbbc-dff8-444c-abed-c6118c42d6b2"},"timestamp":"2024-05-28 22:53:09"}
{"level":"info","message":{"body":"","method":"GET","params":{"id":"fa4dbbbc-dff8-444c-abed-c6118c42d6b2"},"query":{},"url":"/user/id/fa4dbbbc-dff8-444c-abed-c6118c42d6b2"},"timestamp":"2024-05-28 22:53:09"}
{"level":"info","message":{"body":"","method":"GET","params":{},"query":{},"url":"/user/id/61618c2c-8765-45ef-bf70-7883b514ca88"},"timestamp":"2024-05-28 22:55:22"}
{"level":"info","message":{"body":"","method":"GET","params":{"id":"61618c2c-8765-45ef-bf70-7883b514ca88"},"query":{},"url":"/user/id/61618c2c-8765-45ef-bf70-7883b514ca88"},"timestamp":"2024-05-28 22:55:23"}
{"level":"info","message":{"body":"","method":"GET","params":{},"query":{},"url":"/user/id/fa4dbbbc-dff8-444c-abed-c6118c42d6b2"},"timestamp":"2024-05-28 22:56:14"}
{"level":"error","message":{"body":"","error":"syntax error at or near \"FROM\"","method":"GET","params":{},"query":{},"url":"/user/id/fa4dbbbc-dff8-444c-abed-c6118c42d6b2"},"timestamp":"2024-05-28 22:56:15"}
{"level":"info","message":{"body":"","method":"GET","params":{},"query":{},"url":"/user/id/fa4dbbbc-dff8-444c-abed-c6118c42d6b2"},"timestamp":"2024-05-28 22:56:36"}
{"level":"info","message":{"body":"","method":"GET","params":{"id":"fa4dbbbc-dff8-444c-abed-c6118c42d6b2"},"query":{},"url":"/user/id/fa4dbbbc-dff8-444c-abed-c6118c42d6b2"},"timestamp":"2024-05-28 22:56:37"}
{"level":"info","message":{"body":"","method":"GET","params":{},"query":{},"url":"/user"},"timestamp":"2024-05-28 23:00:04"}
{"level":"info","message":{"body":"","method":"GET","params":{},"query":{},"url":"/user"},"timestamp":"2024-05-28 23:00:05"}
{"level":"info","message":{"body":"","method":"GET","params":{},"query":{},"url":"/user"},"timestamp":"2024-05-28 23:00:05"}
{"level":"info","message":{"body":"","method":"GET","params":{},"query":{},"url":"/user"},"timestamp":"2024-05-28 23:00:05"}
{"level":"info","message":{"body":"","method":"GET","params":{},"query":{},"url":"/user"},"timestamp":"2024-05-28 23:00:05"}
{"level":"info","message":{"body":"","method":"GET","params":{},"query":{},"url":"/user"},"timestamp":"2024-05-28 23:00:05"}
{"level":"info","message":{"body":"","method":"GET","params":{},"query":{},"url":"/user"},"timestamp":"2024-05-28 23:00:05"}
{"level":"info","message":{"body":"","method":"GET","params":{},"query":{},"url":"/user"},"timestamp":"2024-05-28 23:00:05"}
{"level":"info","message":{"body":"","method":"GET","params":{},"query":{},"url":"/user/id/662f1d21-8431-47b1-b0c3-9213314d53c7"},"timestamp":"2024-05-28 23:00:10"}
{"level":"info","message":{"body":"","method":"GET","params":{"id":"662f1d21-8431-47b1-b0c3-9213314d53c7"},"query":{},"url":"/user/id/662f1d21-8431-47b1-b0c3-9213314d53c7"},"timestamp":"2024-05-28 23:00:10"}
{"level":"info","message":{"body":"","method":"GET","params":{},"query":{},"url":"/user"},"timestamp":"2024-05-28 23:00:10"}
{"level":"info","message":{"body":"","method":"GET","params":{},"query":{},"url":"/user"},"timestamp":"2024-05-28 23:00:10"}
{"level":"info","message":{"body":"","method":"GET","params":{},"query":{},"url":"/user"},"timestamp":"2024-05-28 23:00:24"}
{"level":"info","message":{"body":"","method":"GET","params":{},"query":{},"url":"/user"},"timestamp":"2024-05-28 23:00:25"}
{"level":"info","message":{"body":"","method":"GET","params":{},"query":{},"url":"/user/id/d0abaf12-9cbb-443a-b26c-28fc864881ee"},"timestamp":"2024-05-28 23:00:26"}
{"level":"info","message":{"body":"","method":"GET","params":{"id":"d0abaf12-9cbb-443a-b26c-28fc864881ee"},"query":{},"url":"/user/id/d0abaf12-9cbb-443a-b26c-28fc864881ee"},"timestamp":"2024-05-28 23:00:26"}
{"level":"info","message":{"body":"","method":"GET","params":{},"query":{},"url":"/user"},"timestamp":"2024-05-28 23:00:26"}
{"level":"info","message":{"body":"","method":"GET","params":{},"query":{},"url":"/user"},"timestamp":"2024-05-28 23:00:26"}
{"level":"info","message":{"body":"","method":"GET","params":{},"query":{},"url":"/user"},"timestamp":"2024-05-28 23:00:35"}
{"level":"info","message":{"body":"","method":"GET","params":{},"query":{},"url":"/user"},"timestamp":"2024-05-28 23:00:35"}
{"level":"info","message":{"body":"","method":"GET","params":{},"query":{},"url":"/user/id/662f1d21-8431-47b1-b0c3-9213314d53c7"},"timestamp":"2024-05-28 23:00:39"}
{"level":"info","message":{"body":"","method":"GET","params":{"id":"662f1d21-8431-47b1-b0c3-9213314d53c7"},"query":{},"url":"/user/id/662f1d21-8431-47b1-b0c3-9213314d53c7"},"timestamp":"2024-05-28 23:00:39"}
{"level":"info","message":{"body":"","method":"GET","params":{},"query":{},"url":"/user"},"timestamp":"2024-05-28 23:00:39"}
{"level":"info","message":{"body":"","method":"GET","params":{},"query":{},"url":"/user"},"timestamp":"2024-05-28 23:00:40"}
{"level":"info","message":{"body":"","method":"DELETE","params":{},"query":"","url":"/user/rol/662f1d21-8431-47b1-b0c3-9213314d53c7"},"timestamp":"2024-05-28 23:01:09"}
{"level":"info","message":{"body":"","method":"DELETE","params":{"userId":"662f1d21-8431-47b1-b0c3-9213314d53c7"},"query":"","url":"/user/rol/662f1d21-8431-47b1-b0c3-9213314d53c7"},"timestamp":"2024-05-28 23:01:10"}
{"level":"info","message":{"body":"","method":"GET","params":{},"query":{},"url":"/user"},"timestamp":"2024-05-28 23:01:11"}
{"level":"info","message":{"body":"","method":"GET","params":{},"query":{},"url":"/user"},"timestamp":"2024-05-28 23:01:11"}
{"level":"info","message":{"body":"","method":"GET","params":{},"query":{},"url":"/user"},"timestamp":"2024-05-28 23:01:12"}
{"level":"info","message":{"body":"","method":"GET","params":{},"query":{},"url":"/user"},"timestamp":"2024-05-28 23:01:12"}
{"level":"info","message":{"body":"","method":"GET","params":{},"query":{},"url":"/user/id/662f1d21-8431-47b1-b0c3-9213314d53c7"},"timestamp":"2024-05-28 23:01:17"}
{"level":"info","message":{"body":"","method":"GET","params":{"id":"662f1d21-8431-47b1-b0c3-9213314d53c7"},"query":{},"url":"/user/id/662f1d21-8431-47b1-b0c3-9213314d53c7"},"timestamp":"2024-05-28 23:01:17"}
{"level":"info","message":{"body":"","method":"GET","params":{},"query":{},"url":"/user"},"timestamp":"2024-05-28 23:01:17"}
{"level":"info","message":{"body":"","method":"GET","params":{},"query":{},"url":"/user"},"timestamp":"2024-05-28 23:01:17"}
{"level":"info","message":{"body":"","method":"GET","params":{},"query":{},"url":"/user"},"timestamp":"2024-05-28 23:01:56"}
{"level":"info","message":{"body":"","method":"GET","params":{},"query":{},"url":"/user"},"timestamp":"2024-05-28 23:01:57"}
{"level":"info","message":{"body":"","method":"GET","params":{},"query":{},"url":"/user/id/662f1d21-8431-47b1-b0c3-9213314d53c7"},"timestamp":"2024-05-28 23:02:00"}
{"level":"info","message":{"body":"","method":"GET","params":{"id":"662f1d21-8431-47b1-b0c3-9213314d53c7"},"query":{},"url":"/user/id/662f1d21-8431-47b1-b0c3-9213314d53c7"},"timestamp":"2024-05-28 23:02:00"}
{"level":"info","message":{"body":"","method":"GET","params":{},"query":{},"url":"/user"},"timestamp":"2024-05-28 23:02:00"}
{"level":"info","message":{"body":"","method":"GET","params":{},"query":{},"url":"/user"},"timestamp":"2024-05-28 23:02:00"}
{"level":"info","message":{"body":"","method":"GET","params":{},"query":{},"url":"/user"},"timestamp":"2024-05-28 23:02:33"}
{"level":"info","message":{"body":"","method":"GET","params":{},"query":{},"url":"/user"},"timestamp":"2024-05-28 23:02:34"}
{"level":"info","message":{"body":{"email":"Eduardo@gmail.com","password":"eduardo12345"},"method":"POST","params":"","query":"","url":"/user/validate"},"timestamp":"2024-05-28 23:18:20"}
{"level":"info","message":{"body":{"email":"Eduardo@gmail.com","password":"eduardo12345"},"method":"POST","params":"","query":"","url":"/user/validate"},"timestamp":"2024-05-28 23:18:21"}
{"level":"info","message":{"body":{"email":"Eduardo@gmail.com","password":"eduardo12345"},"method":"POST","params":"","query":"","url":"/user/validate"},"timestamp":"2024-05-28 23:18:35"}
{"level":"info","message":{"body":{"email":"Eduardo@gmail.com","password":"eduardo12345"},"method":"POST","params":"","query":"","url":"/user/validate"},"timestamp":"2024-05-28 23:18:36"}
{"level":"info","message":{"body":"","method":"GET","params":{},"query":{},"url":"/user"},"timestamp":"2024-05-28 23:18:36"}
{"level":"info","message":{"body":"","method":"GET","params":{},"query":{},"url":"/user"},"timestamp":"2024-05-28 23:18:36"}
{"level":"info","message":{"body":"","method":"GET","params":{},"query":{},"url":"/user"},"timestamp":"2024-05-28 23:18:36"}
{"level":"info","message":{"body":"","method":"GET","params":{},"query":{},"url":"/user"},"timestamp":"2024-05-28 23:18:36"}
{"level":"info","message":{"body":"","method":"GET","params":{},"query":{},"url":"/user"},"timestamp":"2024-05-28 23:18:36"}
{"level":"info","message":{"body":"","method":"GET","params":{},"query":{},"url":"/user"},"timestamp":"2024-05-28 23:18:36"}
{"level":"info","message":{"body":"","method":"GET","params":{},"query":{},"url":"/user"},"timestamp":"2024-05-28 23:18:36"}
{"level":"info","message":{"body":"","method":"GET","params":{},"query":{},"url":"/user"},"timestamp":"2024-05-28 23:18:36"}
{"level":"info","message":{"body":{"email":"Eduardo@gmail.com","password":"dsjakldfljksalkjfds"},"method":"POST","params":"","query":"","url":"/user/validate"},"timestamp":"2024-05-28 23:19:16"}
{"level":"info","message":{"body":{"email":"Eduardo@gmail.com","password":"dsjakldfljksalkjfds"},"method":"POST","params":"","query":"","url":"/user/validate"},"timestamp":"2024-05-28 23:19:17"}
{"level":"info","message":{"body":{"email":"Eduardo@gmail.com","password":"eduardo12345"},"method":"POST","params":"","query":"","url":"/user/validate"},"timestamp":"2024-05-28 23:19:23"}
{"level":"info","message":{"body":{"email":"Eduardo@gmail.com","password":"eduardo12345"},"method":"POST","params":"","query":"","url":"/user/validate"},"timestamp":"2024-05-28 23:19:24"}
{"level":"info","message":{"body":"","method":"GET","params":{},"query":{},"url":"/user"},"timestamp":"2024-05-28 23:19:24"}
{"level":"info","message":{"body":"","method":"GET","params":{},"query":{},"url":"/user"},"timestamp":"2024-05-28 23:19:24"}
{"level":"info","message":{"body":"","method":"GET","params":{},"query":{},"url":"/user"},"timestamp":"2024-05-28 23:19:24"}
{"level":"info","message":{"body":"","method":"GET","params":{},"query":{},"url":"/user"},"timestamp":"2024-05-28 23:19:24"}
{"level":"info","message":{"body":"","method":"GET","params":{},"query":{},"url":"/user"},"timestamp":"2024-05-28 23:19:24"}
{"level":"info","message":{"body":"","method":"GET","params":{},"query":{},"url":"/user"},"timestamp":"2024-05-28 23:19:24"}
{"level":"info","message":{"body":"","method":"GET","params":{},"query":{},"url":"/user"},"timestamp":"2024-05-28 23:19:24"}
{"level":"info","message":{"body":"","method":"GET","params":{},"query":{},"url":"/user"},"timestamp":"2024-05-28 23:19:24"}
{"level":"info","message":{"body":{"email":"Katherine@gmail.com","password":"nicol12345"},"method":"POST","params":"","query":"","url":"/user/validate"},"timestamp":"2024-05-28 23:20:08"}
{"level":"info","message":{"body":{"email":"Katherine@gmail.com","password":"nicol12345"},"method":"POST","params":"","query":"","url":"/user/validate"},"timestamp":"2024-05-28 23:20:08"}
{"level":"info","message":{"body":"","method":"GET","params":{},"query":{},"url":"/person"},"timestamp":"2024-05-28 23:20:08"}
{"level":"info","message":{"body":"","method":"GET","params":{},"query":{},"url":"/person"},"timestamp":"2024-05-28 23:20:09"}
{"level":"info","message":{"body":"","method":"GET","params":{},"query":{},"url":"/person"},"timestamp":"2024-05-28 23:20:09"}
{"level":"info","message":{"body":"","method":"GET","params":{},"query":{},"url":"/person"},"timestamp":"2024-05-28 23:20:09"}
{"level":"info","message":{"body":"","method":"GET","params":{},"query":{},"url":"/person"},"timestamp":"2024-05-28 23:20:09"}
{"level":"info","message":{"body":"","method":"GET","params":{},"query":{},"url":"/person"},"timestamp":"2024-05-28 23:20:09"}
{"level":"info","message":{"body":"","method":"GET","params":{},"query":{},"url":"/person"},"timestamp":"2024-05-28 23:20:09"}
{"level":"info","message":{"body":"","method":"GET","params":{},"query":{},"url":"/person"},"timestamp":"2024-05-28 23:20:09"}
{"level":"info","message":{"body":{"email":"Katherine@gmail.com","password":"nicol12345"},"method":"POST","params":"","query":"","url":"/user/validate"},"timestamp":"2024-05-28 23:20:55"}
{"level":"info","message":{"body":{"email":"Katherine@gmail.com","password":"nicol12345"},"method":"POST","params":"","query":"","url":"/user/validate"},"timestamp":"2024-05-28 23:20:56"}
{"level":"info","message":{"body":"","method":"GET","params":{},"query":{},"url":"/user"},"timestamp":"2024-05-28 23:20:56"}
{"level":"info","message":{"body":"","method":"GET","params":{},"query":{},"url":"/user"},"timestamp":"2024-05-28 23:20:56"}
{"level":"info","message":{"body":"","method":"GET","params":{},"query":{},"url":"/user"},"timestamp":"2024-05-28 23:20:56"}
{"level":"info","message":{"body":"","method":"GET","params":{},"query":{},"url":"/user"},"timestamp":"2024-05-28 23:20:56"}
{"level":"info","message":{"body":"","method":"GET","params":{},"query":{},"url":"/user"},"timestamp":"2024-05-28 23:20:56"}
{"level":"info","message":{"body":"","method":"GET","params":{},"query":{},"url":"/user"},"timestamp":"2024-05-28 23:20:56"}
{"level":"info","message":{"body":"","method":"GET","params":{},"query":{},"url":"/user"},"timestamp":"2024-05-28 23:20:56"}
{"level":"info","message":{"body":"","method":"GET","params":{},"query":{},"url":"/user"},"timestamp":"2024-05-28 23:20:56"}
{"level":"info","message":{"body":{"email":"Katherine@gmail.com","password":"nicol12345"},"method":"POST","params":"","query":"","url":"/user/validate"},"timestamp":"2024-05-28 23:21:09"}
{"level":"info","message":{"body":{"email":"Katherine@gmail.com","password":"nicol12345"},"method":"POST","params":"","query":"","url":"/user/validate"},"timestamp":"2024-05-28 23:21:10"}
{"level":"info","message":{"body":"","method":"GET","params":{},"query":{},"url":"/user"},"timestamp":"2024-05-28 23:21:10"}
{"level":"info","message":{"body":"","method":"GET","params":{},"query":{},"url":"/user"},"timestamp":"2024-05-28 23:21:10"}
{"level":"info","message":{"body":"","method":"GET","params":{},"query":{},"url":"/user"},"timestamp":"2024-05-28 23:21:10"}
{"level":"info","message":{"body":"","method":"GET","params":{},"query":{},"url":"/user"},"timestamp":"2024-05-28 23:21:11"}
{"level":"info","message":{"body":"","method":"GET","params":{},"query":{},"url":"/user"},"timestamp":"2024-05-28 23:21:11"}
{"level":"info","message":{"body":"","method":"GET","params":{},"query":{},"url":"/user"},"timestamp":"2024-05-28 23:21:11"}
{"level":"info","message":{"body":"","method":"GET","params":{},"query":{},"url":"/user"},"timestamp":"2024-05-28 23:21:11"}
{"level":"info","message":{"body":"","method":"GET","params":{},"query":{},"url":"/user"},"timestamp":"2024-05-28 23:21:11"}
{"level":"info","message":{"body":"","method":"GET","params":{},"query":{},"url":"/user/id/d0abaf12-9cbb-443a-b26c-28fc864881ee"},"timestamp":"2024-05-28 23:21:15"}
{"level":"info","message":{"body":"","method":"GET","params":{"id":"d0abaf12-9cbb-443a-b26c-28fc864881ee"},"query":{},"url":"/user/id/d0abaf12-9cbb-443a-b26c-28fc864881ee"},"timestamp":"2024-05-28 23:21:15"}
{"level":"info","message":{"body":"","method":"GET","params":{},"query":{},"url":"/user"},"timestamp":"2024-05-28 23:21:15"}
{"level":"info","message":{"body":"","method":"GET","params":{},"query":{},"url":"/user"},"timestamp":"2024-05-28 23:21:16"}
{"level":"info","message":{"body":"","method":"GET","params":{},"query":{},"url":"/user/id/d0abaf12-9cbb-443a-b26c-28fc864881ee"},"timestamp":"2024-05-28 23:21:21"}
{"level":"info","message":{"body":"","method":"GET","params":{"id":"d0abaf12-9cbb-443a-b26c-28fc864881ee"},"query":{},"url":"/user/id/d0abaf12-9cbb-443a-b26c-28fc864881ee"},"timestamp":"2024-05-28 23:21:22"}
{"level":"info","message":{"body":"","method":"GET","params":{},"query":{},"url":"/user"},"timestamp":"2024-05-28 23:21:22"}
{"level":"info","message":{"body":"","method":"GET","params":{},"query":{},"url":"/user"},"timestamp":"2024-05-28 23:21:22"}
{"level":"info","message":{"body":{"email":"Eduardo@gmail.com","password":"eduardo12345"},"method":"POST","params":"","query":"","url":"/user/validate"},"timestamp":"2024-05-28 23:21:40"}
{"level":"info","message":{"body":{"email":"Eduardo@gmail.com","password":"eduardo12345"},"method":"POST","params":"","query":"","url":"/user/validate"},"timestamp":"2024-05-28 23:21:41"}
{"level":"info","message":{"body":"","method":"GET","params":{},"query":{},"url":"/user"},"timestamp":"2024-05-28 23:21:41"}
{"level":"info","message":{"body":"","method":"GET","params":{},"query":{},"url":"/user"},"timestamp":"2024-05-28 23:21:41"}
{"level":"info","message":{"body":"","method":"GET","params":{},"query":{},"url":"/user"},"timestamp":"2024-05-28 23:21:41"}
{"level":"info","message":{"body":"","method":"GET","params":{},"query":{},"url":"/user"},"timestamp":"2024-05-28 23:21:41"}
{"level":"info","message":{"body":"","method":"GET","params":{},"query":{},"url":"/user"},"timestamp":"2024-05-28 23:21:41"}
{"level":"info","message":{"body":"","method":"GET","params":{},"query":{},"url":"/user"},"timestamp":"2024-05-28 23:21:41"}
{"level":"info","message":{"body":"","method":"GET","params":{},"query":{},"url":"/user"},"timestamp":"2024-05-28 23:21:41"}
{"level":"info","message":{"body":"","method":"GET","params":{},"query":{},"url":"/user"},"timestamp":"2024-05-28 23:21:42"}
{"level":"info","message":{"body":"","method":"GET","params":{},"query":{},"url":"/user/id/662f1d21-8431-47b1-b0c3-9213314d53c7"},"timestamp":"2024-05-28 23:21:44"}
{"level":"info","message":{"body":"","method":"GET","params":{"id":"662f1d21-8431-47b1-b0c3-9213314d53c7"},"query":{},"url":"/user/id/662f1d21-8431-47b1-b0c3-9213314d53c7"},"timestamp":"2024-05-28 23:21:44"}
{"level":"info","message":{"body":"","method":"GET","params":{},"query":{},"url":"/user"},"timestamp":"2024-05-28 23:21:44"}
{"level":"info","message":{"body":"","method":"GET","params":{},"query":{},"url":"/user"},"timestamp":"2024-05-28 23:21:44"}
{"level":"info","message":{"body":{"email":"Katherine@gmail.com","password":"nicol12345"},"method":"POST","params":"","query":"","url":"/user/validate"},"timestamp":"2024-05-28 23:22:39"}
{"level":"info","message":{"body":{"email":"Katherine@gmail.com","password":"nicol12345"},"method":"POST","params":"","query":"","url":"/user/validate"},"timestamp":"2024-05-28 23:22:40"}
{"level":"info","message":{"body":"","method":"GET","params":{},"query":{},"url":"/user"},"timestamp":"2024-05-28 23:22:40"}
{"level":"info","message":{"body":"","method":"GET","params":{},"query":{},"url":"/user"},"timestamp":"2024-05-28 23:22:40"}
{"level":"info","message":{"body":"","method":"GET","params":{},"query":{},"url":"/user"},"timestamp":"2024-05-28 23:22:40"}
{"level":"info","message":{"body":"","method":"GET","params":{},"query":{},"url":"/user"},"timestamp":"2024-05-28 23:22:40"}
{"level":"info","message":{"body":"","method":"GET","params":{},"query":{},"url":"/user"},"timestamp":"2024-05-28 23:22:40"}
{"level":"info","message":{"body":"","method":"GET","params":{},"query":{},"url":"/user"},"timestamp":"2024-05-28 23:22:40"}
{"level":"info","message":{"body":"","method":"GET","params":{},"query":{},"url":"/user"},"timestamp":"2024-05-28 23:22:40"}
{"level":"info","message":{"body":"","method":"GET","params":{},"query":{},"url":"/user"},"timestamp":"2024-05-28 23:22:41"}
{"level":"info","message":{"body":{"email":"Katherine@gmail.com","password":"nicol12345"},"method":"POST","params":"","query":"","url":"/user/validate"},"timestamp":"2024-05-28 23:22:59"}
{"level":"info","message":{"body":{"email":"Katherine@gmail.com","password":"nicol12345"},"method":"POST","params":"","query":"","url":"/user/validate"},"timestamp":"2024-05-28 23:23:00"}
{"level":"info","message":{"body":"","method":"GET","params":{},"query":{},"url":"/user"},"timestamp":"2024-05-28 23:23:00"}
{"level":"info","message":{"body":"","method":"GET","params":{},"query":{},"url":"/user"},"timestamp":"2024-05-28 23:23:00"}
{"level":"info","message":{"body":"","method":"GET","params":{},"query":{},"url":"/user"},"timestamp":"2024-05-28 23:23:00"}
{"level":"info","message":{"body":"","method":"GET","params":{},"query":{},"url":"/user"},"timestamp":"2024-05-28 23:23:00"}
{"level":"info","message":{"body":"","method":"GET","params":{},"query":{},"url":"/user"},"timestamp":"2024-05-28 23:23:00"}
{"level":"info","message":{"body":"","method":"GET","params":{},"query":{},"url":"/user"},"timestamp":"2024-05-28 23:23:00"}
{"level":"info","message":{"body":"","method":"GET","params":{},"query":{},"url":"/user"},"timestamp":"2024-05-28 23:23:00"}
{"level":"info","message":{"body":"","method":"GET","params":{},"query":{},"url":"/user"},"timestamp":"2024-05-28 23:23:00"}
{"level":"info","message":{"body":"","method":"GET","params":{},"query":{},"url":"/user/id/d0abaf12-9cbb-443a-b26c-28fc864881ee"},"timestamp":"2024-05-28 23:23:04"}
{"level":"info","message":{"body":"","method":"GET","params":{"id":"d0abaf12-9cbb-443a-b26c-28fc864881ee"},"query":{},"url":"/user/id/d0abaf12-9cbb-443a-b26c-28fc864881ee"},"timestamp":"2024-05-28 23:23:04"}
{"level":"info","message":{"body":"","method":"GET","params":{},"query":{},"url":"/user"},"timestamp":"2024-05-28 23:23:04"}
{"level":"info","message":{"body":"","method":"GET","params":{},"query":{},"url":"/user"},"timestamp":"2024-05-28 23:23:04"}
{"level":"info","message":{"body":"","method":"GET","params":{},"query":{},"url":"/user/id/d0abaf12-9cbb-443a-b26c-28fc864881ee"},"timestamp":"2024-05-28 23:24:45"}
{"level":"info","message":{"body":"","method":"GET","params":{"id":"d0abaf12-9cbb-443a-b26c-28fc864881ee"},"query":{},"url":"/user/id/d0abaf12-9cbb-443a-b26c-28fc864881ee"},"timestamp":"2024-05-28 23:24:45"}
{"level":"info","message":{"body":"","method":"GET","params":{},"query":{},"url":"/user"},"timestamp":"2024-05-28 23:24:45"}
{"level":"info","message":{"body":"","method":"GET","params":{},"query":{},"url":"/user"},"timestamp":"2024-05-28 23:24:46"}
{"level":"info","message":{"body":{"email":"Katherine@gmail.com","password":"nicol12345"},"method":"POST","params":"","query":"","url":"/user/validate"},"timestamp":"2024-05-28 23:26:07"}
{"level":"info","message":{"body":{"email":"Katherine@gmail.com","password":"nicol12345"},"method":"POST","params":"","query":"","url":"/user/validate"},"timestamp":"2024-05-28 23:26:08"}
{"level":"info","message":{"body":"","method":"GET","params":{},"query":{},"url":"/user"},"timestamp":"2024-05-28 23:26:08"}
{"level":"info","message":{"body":"","method":"GET","params":{},"query":{},"url":"/user"},"timestamp":"2024-05-28 23:26:08"}
{"level":"info","message":{"body":"","method":"GET","params":{},"query":{},"url":"/user"},"timestamp":"2024-05-28 23:26:08"}
{"level":"info","message":{"body":"","method":"GET","params":{},"query":{},"url":"/user"},"timestamp":"2024-05-28 23:26:08"}
{"level":"info","message":{"body":"","method":"GET","params":{},"query":{},"url":"/user"},"timestamp":"2024-05-28 23:26:08"}
{"level":"info","message":{"body":"","method":"GET","params":{},"query":{},"url":"/user"},"timestamp":"2024-05-28 23:26:08"}
{"level":"info","message":{"body":"","method":"GET","params":{},"query":{},"url":"/user"},"timestamp":"2024-05-28 23:26:08"}
{"level":"info","message":{"body":"","method":"GET","params":{},"query":{},"url":"/user"},"timestamp":"2024-05-28 23:26:09"}
{"level":"info","message":{"body":{"email":"Katherine@gmail.com","password":"nicol12345"},"method":"POST","params":"","query":"","url":"/user/validate"},"timestamp":"2024-05-28 23:30:55"}
{"level":"info","message":{"body":{"email":"Katherine@gmail.com","password":"nicol12345"},"method":"POST","params":"","query":"","url":"/user/validate"},"timestamp":"2024-05-28 23:30:56"}
{"level":"info","message":{"body":"","method":"GET","params":{},"query":{},"url":"/person"},"timestamp":"2024-05-28 23:30:56"}
{"level":"info","message":{"body":"","method":"GET","params":{},"query":{},"url":"/person"},"timestamp":"2024-05-28 23:30:56"}
{"level":"info","message":{"body":"","method":"GET","params":{},"query":{},"url":"/person"},"timestamp":"2024-05-28 23:30:56"}
{"level":"info","message":{"body":"","method":"GET","params":{},"query":{},"url":"/person"},"timestamp":"2024-05-28 23:30:56"}
{"level":"info","message":{"body":"","method":"GET","params":{},"query":{},"url":"/person"},"timestamp":"2024-05-28 23:30:56"}
{"level":"info","message":{"body":"","method":"GET","params":{},"query":{},"url":"/person"},"timestamp":"2024-05-28 23:30:56"}
{"level":"info","message":{"body":"","method":"GET","params":{},"query":{},"url":"/person"},"timestamp":"2024-05-28 23:30:56"}
{"level":"info","message":{"body":"","method":"GET","params":{},"query":{},"url":"/person"},"timestamp":"2024-05-28 23:30:57"}
{"level":"info","message":{"body":{"email":"Katherine@gmail.com","password":"nicol12345"},"method":"POST","params":"","query":"","url":"/user/validate"},"timestamp":"2024-05-28 23:31:01"}
{"level":"info","message":{"body":{"email":"Katherine@gmail.com","password":"nicol12345"},"method":"POST","params":"","query":"","url":"/user/validate"},"timestamp":"2024-05-28 23:31:02"}
{"level":"info","message":{"body":"","method":"GET","params":{},"query":{},"url":"/user"},"timestamp":"2024-05-28 23:31:02"}
{"level":"info","message":{"body":"","method":"GET","params":{},"query":{},"url":"/user"},"timestamp":"2024-05-28 23:31:02"}
{"level":"info","message":{"body":"","method":"GET","params":{},"query":{},"url":"/user"},"timestamp":"2024-05-28 23:31:02"}
{"level":"info","message":{"body":"","method":"GET","params":{},"query":{},"url":"/user"},"timestamp":"2024-05-28 23:31:02"}
{"level":"info","message":{"body":"","method":"GET","params":{},"query":{},"url":"/user"},"timestamp":"2024-05-28 23:31:02"}
{"level":"info","message":{"body":"","method":"GET","params":{},"query":{},"url":"/user"},"timestamp":"2024-05-28 23:31:02"}
{"level":"info","message":{"body":"","method":"GET","params":{},"query":{},"url":"/user"},"timestamp":"2024-05-28 23:31:02"}
{"level":"info","message":{"body":"","method":"GET","params":{},"query":{},"url":"/user"},"timestamp":"2024-05-28 23:31:02"}
{"level":"info","message":{"body":"","method":"GET","params":{},"query":{},"url":"/profile/"},"timestamp":"2024-05-28 23:31:16"}
{"level":"info","message":{"body":"","method":"GET","params":{},"query":{},"url":"/profile/"},"timestamp":"2024-05-28 23:31:17"}
{"level":"info","message":{"body":"","method":"GET","params":{},"query":{},"url":"/person/personId/getPerson/64856186-6e05-4a3c-bf6a-ffe4e882d64b"},"timestamp":"2024-05-28 23:33:01"}
{"level":"info","message":{"body":"","method":"GET","params":{"id_person":"64856186-6e05-4a3c-bf6a-ffe4e882d64b"},"query":{},"url":"/person/personId/getPerson/64856186-6e05-4a3c-bf6a-ffe4e882d64b"},"timestamp":"2024-05-28 23:33:02"}
{"level":"info","message":{"body":"","method":"GET","params":{},"query":{},"url":"/interest/"},"timestamp":"2024-05-28 23:33:41"}
{"level":"info","message":{"body":"","method":"GET","params":{},"query":{},"url":"/interest/"},"timestamp":"2024-05-28 23:33:42"}
{"level":"info","message":{"body":{"email":"Katherine@gmail.com","password":"nicol12345"},"method":"POST","params":"","query":"","url":"/user/validate"},"timestamp":"2024-05-28 23:37:32"}
{"level":"info","message":{"body":{"email":"Katherine@gmail.com","password":"nicol12345"},"method":"POST","params":"","query":"","url":"/user/validate"},"timestamp":"2024-05-28 23:37:33"}
{"level":"info","message":{"body":"","method":"GET","params":{},"query":{},"url":"/user"},"timestamp":"2024-05-28 23:37:33"}
{"level":"info","message":{"body":"","method":"GET","params":{},"query":{},"url":"/user"},"timestamp":"2024-05-28 23:37:33"}
{"level":"info","message":{"body":"","method":"GET","params":{},"query":{},"url":"/user"},"timestamp":"2024-05-28 23:37:33"}
{"level":"info","message":{"body":"","method":"GET","params":{},"query":{},"url":"/user"},"timestamp":"2024-05-28 23:37:33"}
{"level":"info","message":{"body":"","method":"GET","params":{},"query":{},"url":"/user"},"timestamp":"2024-05-28 23:37:33"}
{"level":"info","message":{"body":"","method":"GET","params":{},"query":{},"url":"/user"},"timestamp":"2024-05-28 23:37:33"}
{"level":"info","message":{"body":"","method":"GET","params":{},"query":{},"url":"/user"},"timestamp":"2024-05-28 23:37:33"}
{"level":"info","message":{"body":"","method":"GET","params":{},"query":{},"url":"/user"},"timestamp":"2024-05-28 23:37:34"}
{"level":"info","message":{"body":{"email":"Katherine@gmail.com","password":"nicol12345"},"method":"POST","params":"","query":"","url":"/user/validate"},"timestamp":"2024-05-28 23:48:12"}
{"level":"info","message":{"body":{"email":"Katherine@gmail.com","password":"nicol12345"},"method":"POST","params":"","query":"","url":"/user/validate"},"timestamp":"2024-05-28 23:48:13"}
{"level":"info","message":{"body":"","method":"GET","params":{},"query":{},"url":"/user"},"timestamp":"2024-05-28 23:48:13"}
{"level":"info","message":{"body":"","method":"GET","params":{},"query":{},"url":"/user"},"timestamp":"2024-05-28 23:48:13"}
{"level":"info","message":{"body":"","method":"GET","params":{},"query":{},"url":"/user"},"timestamp":"2024-05-28 23:48:13"}
{"level":"info","message":{"body":"","method":"GET","params":{},"query":{},"url":"/user"},"timestamp":"2024-05-28 23:48:14"}
{"level":"info","message":{"body":"","method":"GET","params":{},"query":{},"url":"/user"},"timestamp":"2024-05-28 23:48:14"}
{"level":"info","message":{"body":"","method":"GET","params":{},"query":{},"url":"/user"},"timestamp":"2024-05-28 23:48:14"}
{"level":"info","message":{"body":"","method":"GET","params":{},"query":{},"url":"/user"},"timestamp":"2024-05-28 23:48:14"}
{"level":"info","message":{"body":"","method":"GET","params":{},"query":{},"url":"/user"},"timestamp":"2024-05-28 23:48:14"}
{"level":"info","message":{"body":{"email":"Katherine@gmail.com","password":"nicol12345"},"method":"POST","params":"","query":"","url":"/user/validate"},"timestamp":"2024-05-28 23:48:18"}
{"level":"info","message":{"body":{"email":"Katherine@gmail.com","password":"nicol12345"},"method":"POST","params":"","query":"","url":"/user/validate"},"timestamp":"2024-05-28 23:48:18"}
{"level":"info","message":{"body":"","method":"GET","params":{},"query":{},"url":"/user"},"timestamp":"2024-05-28 23:48:18"}
{"level":"info","message":{"body":"","method":"GET","params":{},"query":{},"url":"/user"},"timestamp":"2024-05-28 23:48:18"}
{"level":"info","message":{"body":"","method":"GET","params":{},"query":{},"url":"/user"},"timestamp":"2024-05-28 23:48:18"}
{"level":"info","message":{"body":"","method":"GET","params":{},"query":{},"url":"/user"},"timestamp":"2024-05-28 23:48:18"}
{"level":"info","message":{"body":"","method":"GET","params":{},"query":{},"url":"/user"},"timestamp":"2024-05-28 23:48:18"}
{"level":"info","message":{"body":"","method":"GET","params":{},"query":{},"url":"/user"},"timestamp":"2024-05-28 23:48:18"}
{"level":"info","message":{"body":"","method":"GET","params":{},"query":{},"url":"/user"},"timestamp":"2024-05-28 23:48:18"}
{"level":"info","message":{"body":"","method":"GET","params":{},"query":{},"url":"/user"},"timestamp":"2024-05-28 23:48:19"}
{"level":"info","message":{"body":{"email":"Katherine@gmail.com","password":"nicol12345"},"method":"POST","params":"","query":"","url":"/user/validate"},"timestamp":"2024-05-28 23:51:04"}
{"level":"info","message":{"body":{"email":"Katherine@gmail.com","password":"nicol12345"},"method":"POST","params":"","query":"","url":"/user/validate"},"timestamp":"2024-05-28 23:51:05"}
{"level":"info","message":{"body":"","method":"GET","params":{},"query":{},"url":"/user"},"timestamp":"2024-05-28 23:51:05"}
{"level":"info","message":{"body":"","method":"GET","params":{},"query":{},"url":"/user"},"timestamp":"2024-05-28 23:51:05"}
{"level":"info","message":{"body":"","method":"GET","params":{},"query":{},"url":"/user"},"timestamp":"2024-05-28 23:51:05"}
{"level":"info","message":{"body":"","method":"GET","params":{},"query":{},"url":"/user"},"timestamp":"2024-05-28 23:51:05"}
{"level":"info","message":{"body":"","method":"GET","params":{},"query":{},"url":"/user"},"timestamp":"2024-05-28 23:51:05"}
{"level":"info","message":{"body":"","method":"GET","params":{},"query":{},"url":"/user"},"timestamp":"2024-05-28 23:51:05"}
{"level":"info","message":{"body":"","method":"GET","params":{},"query":{},"url":"/user"},"timestamp":"2024-05-28 23:51:05"}
{"level":"info","message":{"body":"","method":"GET","params":{},"query":{},"url":"/user"},"timestamp":"2024-05-28 23:51:05"}
{"level":"info","message":{"body":{"email":"Katherine@gmail.com","password":"nicol12345"},"method":"POST","params":"","query":"","url":"/user/validate"},"timestamp":"2024-05-28 23:51:50"}
{"level":"info","message":{"body":{"email":"Katherine@gmail.com","password":"nicol12345"},"method":"POST","params":"","query":"","url":"/user/validate"},"timestamp":"2024-05-28 23:51:51"}
{"level":"info","message":{"body":"","method":"GET","params":{},"query":{},"url":"/user"},"timestamp":"2024-05-28 23:51:51"}
{"level":"info","message":{"body":"","method":"GET","params":{},"query":{},"url":"/user"},"timestamp":"2024-05-28 23:51:51"}
{"level":"info","message":{"body":"","method":"GET","params":{},"query":{},"url":"/user"},"timestamp":"2024-05-28 23:51:51"}
{"level":"info","message":{"body":"","method":"GET","params":{},"query":{},"url":"/user"},"timestamp":"2024-05-28 23:51:51"}
{"level":"info","message":{"body":"","method":"GET","params":{},"query":{},"url":"/user"},"timestamp":"2024-05-28 23:51:51"}
{"level":"info","message":{"body":"","method":"GET","params":{},"query":{},"url":"/user"},"timestamp":"2024-05-28 23:51:52"}
{"level":"info","message":{"body":"","method":"GET","params":{},"query":{},"url":"/user"},"timestamp":"2024-05-28 23:51:52"}
{"level":"info","message":{"body":"","method":"GET","params":{},"query":{},"url":"/user"},"timestamp":"2024-05-28 23:51:52"}
